Microsoft (R) Test Execution Command Line Tool Version 14.0.25420.1
Copyright (c) Microsoft Corporation.  All rights reserved.

Starting test execution, please wait...
Passed   Invoke_CorrectArguemnts_CorrectReturnValueAndType
Passed   Invoke_NonNullableArgumentIsNull_ThrowsArgumentNullException
Passed   Invoke_RequiredArgumentIsMissing_ThrowsArgumentException
Passed   Invoke_OptionalArgumentIsMissing_ValidExecution
Passed   Invoke_CorrectArguments_ValidExecution
Passed   Invoke_CorrectArguemnts_CorrectReturnValueAndType
Passed   Invoke_NonNullableArgumentIsNull_ThrowsArgumentNullException
Passed   Invoke_RequiredArgumentIsMissing_ThrowsArgumentException
Passed   Invoke_OptionalArgumentIsMissing_ValidExecution
Passed   Invoke_CorrectArguments_ValidExecution
Passed   Invoke_ActivityIsCancelled_ActivityCancels
Passed   Invoke_CorrectArguemnts_CorrectReturnValueAndType
Passed   Invoke_NonNullableArgumentIsNull_ThrowsArgumentNullException
Passed   Invoke_RequiredArgumentIsMissing_ThrowsArgumentException
Passed   Invoke_OptionalArgumentIsMissing_ValidExecution
Passed   Invoke_CorrectArguments_ValidExecution
Passed   Invoke_EncryptionCertificatesSet_Success
Passed   Invoke_SignatureCertificatesSet_Success
Passed   Invoke_CorrectArguemnts_CorrectReturnValueAndType
Passed   Invoke_NonNullableArgumentIsNull_ThrowsArgumentNullException
Passed   Invoke_RequiredArgumentIsMissing_ThrowsArgumentException
Passed   Invoke_OptionalArgumentIsMissing_ValidExecution
Passed   Invoke_CorrectArguments_ValidExecution
Passed   Invoke_ActivityIsCancelled_ActivityCancels
Passed   Invoke_NonNullableArgumentIsNull_ThrowsArgumentNullException
Passed   Invoke_RequiredArgumentIsMissing_ThrowsArgumentException
Passed   Invoke_OptionalArgumentIsMissing_ValidExecution
Passed   Invoke_CorrectArguments_ValidExecution
Passed   Invoke_CloseStreamsIsTrue_StreamsAreClosed
Passed   Invoke_CloseStreamsIsTrueOptionalStreamsAreNull_NoError
Failed   Invoke_ActivityIsCancelled_ActivityCancels
Standard Output Messages:
   

Debug Trace:
0: WorkflowInstance "SendAS2MessageActivity" is Started
   1: Activity [null] "null" scheduled child activity [1] "SendAS2MessageActivity"
   2: Activity [1] "SendAS2MessageActivity" is Executing
   {
       Arguments
           DataStream: 
           MDNStream: 
           Message: Mock<iCore.Public.AS2.IAS2Message:678c>.Object
           CloseStreams: False
           FullMessageData: 
           Url: url
   }
   3: Activity [1] "SendAS2MessageActivity" is Faulted
   {
       Arguments
           DataStream: 
           MDNStream: 
           Message: Mock<iCore.Public.AS2.IAS2Message:678c>.Object
           CloseStreams: False
           FullMessageData: 
           Url: url
   }
   4: Fault source [1] "SendAS2MessageActivity"
   5: WorkflowInstance "SendAS2MessageActivity" Unhandled Exception Source "SendAS2MessageActivity" Exception <System.ArgumentNullException: Value cannot be null.
   Parameter name: DataStream was null (Nothing in Visual Basic) or empty.
      at iCore.Workflow.Activities.AS2.SendAS2MessageActivity.BeginExecute(AsyncCodeActivityContext context, AsyncCallback callback, Object state)
      at System.Activities.AsyncCodeActivity.InternalExecute(ActivityInstance instance, ActivityExecutor executor, BookmarkManager bookmarkManager)
      at System.Activities.ActivityInstance.Execute(ActivityExecutor executor, BookmarkManager bookmarkManager)
      at System.Activities.Runtime.ActivityExecutor.ExecuteActivityWorkItem.ExecuteBody(ActivityExecutor executor, BookmarkManager bookmarkManager, Location resultLocation)>
   6: WorkflowInstance Aborted [SendAS2MessageActivity] Reason "Value cannot be null.
   Parameter name: DataStream was null (Nothing in Visual Basic) or empty."

Passed   Invoke_NonNullableArgumentIsNull_ThrowsArgumentNullException
Passed   Invoke_RequiredArgumentIsMissing_ThrowsArgumentException
Failed   Invoke_OptionalArgumentIsMissing_ValidExecution
Standard Output Messages:
   

Debug Trace:
Test of optional argument MDNStream failed. System.ArgumentNullException: Value cannot be null.
   Parameter name: DataStream was null (Nothing in Visual Basic) or empty.
      at UnitTests.iCore.Workflow.Activities.ActivityStandardTestsBase`1.WaitForCompletion() in F:\ETWork\Main\Common\ActivityStandardTestsBase.cs:line 50
      at UnitTests.iCore.Workflow.Activities.ActivityStandardTestsBase`1.Invoke_OptionalArgumentIsMissing_ValidExecution() in F:\ETWork\Main\Common\ActivityStandardTestsBase.cs:line 274
   Test of optional argument FullMessageData failed. System.ArgumentNullException: Value cannot be null.
   Parameter name: DataStream was null (Nothing in Visual Basic) or empty.
      at UnitTests.iCore.Workflow.Activities.ActivityStandardTestsBase`1.WaitForCompletion() in F:\ETWork\Main\Common\ActivityStandardTestsBase.cs:line 50
      at UnitTests.iCore.Workflow.Activities.ActivityStandardTestsBase`1.Invoke_OptionalArgumentIsMissing_ValidExecution() in F:\ETWork\Main\Common\ActivityStandardTestsBase.cs:line 274
   0: WorkflowInstance "SendAS2MessageActivity" is Started
   1: Activity [null] "null" scheduled child activity [1] "SendAS2MessageActivity"
   2: Activity [1] "SendAS2MessageActivity" is Executing
   {
       Arguments
           DataStream: 
           MDNStream: 
           Message: Mock<iCore.Public.AS2.IAS2Message:1762>.Object
           CloseStreams: False
           FullMessageData: 
           Url: url
   }
   3: Activity [1] "SendAS2MessageActivity" is Faulted
   {
       Arguments
           DataStream: 
           MDNStream: 
           Message: Mock<iCore.Public.AS2.IAS2Message:1762>.Object
           CloseStreams: False
           FullMessageData: 
           Url: url
   }
   4: Fault source [1] "SendAS2MessageActivity"
   5: WorkflowInstance "SendAS2MessageActivity" Unhandled Exception Source "SendAS2MessageActivity" Exception <System.ArgumentNullException: Value cannot be null.
   Parameter name: DataStream was null (Nothing in Visual Basic) or empty.
      at UnitTests.iCore.Workflow.Activities.ActivityStandardTestsBase`1.WaitForCompletion() in F:\ETWork\Main\Common\ActivityStandardTestsBase.cs:line 50
      at UnitTests.iCore.Workflow.Activities.ActivityStandardTestsBase`1.Invoke_OptionalArgumentIsMissing_ValidExecution() in F:\ETWork\Main\Common\ActivityStandardTestsBase.cs:line 274>
   6: WorkflowInstance Aborted [SendAS2MessageActivity] Reason "Value cannot be null.
   Parameter name: DataStream was null (Nothing in Visual Basic) or empty."

Failed   Invoke_CorrectArguments_ValidExecution
Standard Output Messages:
   

Debug Trace:
0: WorkflowInstance "SendAS2MessageActivity" is Started
   1: Activity [null] "null" scheduled child activity [1] "SendAS2MessageActivity"
   2: Activity [1] "SendAS2MessageActivity" is Executing
   {
       Arguments
           DataStream: 
           MDNStream: 
           Message: Mock<iCore.Public.AS2.IAS2Message:85c7>.Object
           CloseStreams: False
           FullMessageData: 
           Url: url
   }
   3: Activity [1] "SendAS2MessageActivity" is Faulted
   {
       Arguments
           DataStream: 
           MDNStream: 
           Message: Mock<iCore.Public.AS2.IAS2Message:85c7>.Object
           CloseStreams: False
           FullMessageData: 
           Url: url
   }
   4: Fault source [1] "SendAS2MessageActivity"
   5: WorkflowInstance "SendAS2MessageActivity" Unhandled Exception Source "SendAS2MessageActivity" Exception <System.ArgumentNullException: Value cannot be null.
   Parameter name: DataStream was null (Nothing in Visual Basic) or empty.
      at UnitTests.iCore.Workflow.Activities.ActivityStandardTestsBase`1.WaitForCompletion() in F:\ETWork\Main\Common\ActivityStandardTestsBase.cs:line 50
      at UnitTests.iCore.Workflow.Activities.ActivityStandardTestsBase`1.Invoke_CorrectArguments_ValidExecution() in F:\ETWork\Main\Common\ActivityStandardTestsBase.cs:line 302>
   6: WorkflowInstance Aborted [SendAS2MessageActivity] Reason "Value cannot be null.
   Parameter name: DataStream was null (Nothing in Visual Basic) or empty."

Passed   Invoke_ImplementationThrows_Throws
Passed   Invoke_SourceIsEmpty_Throws
Passed   Invoke_SourceIsAtEnd_Throws
Passed   Invoke_ContentIsReadOnly_Throws
Passed   Invoke_CloseStreamsIsFalse_StreamsAreNotClosed
Passed   Invoke_CloseStreamsIsTrue_StreamsAreClosed
Passed   Invoke_ActivityIsCancelled_ActivityCancels
Passed   Invoke_CorrectArguemnts_CorrectReturnValueAndType
Passed   Invoke_NonNullableArgumentIsNull_ThrowsArgumentNullException
Passed   Invoke_RequiredArgumentIsMissing_ThrowsArgumentException
Passed   Invoke_OptionalArgumentIsMissing_ValidExecution
Passed   Invoke_CorrectArguments_ValidExecution
Results File: F:\ETWork\Main\TestResults\bacemi_ICSWS068 2016-08-04 09_57_51.trx

Total tests: 47. Passed: 44. Failed: 3. Skipped: 0.
Test execution time: 35,2112 Seconds
