<?xml version="1.0" encoding="UTF-8"?>
<TestRun id="7f90f523-ed79-44b7-ade2-b6038a533e3c" name="bacemi@ICSWS068 2016-08-04 09:57:51" runUser="ICORE\bacemi" xmlns="http://microsoft.com/schemas/VisualStudio/TeamTest/2010">
  <Times creation="2016-08-04T09:57:51.5844840+02:00" queuing="2016-08-04T09:57:51.5844840+02:00" start="2016-08-04T09:57:50.5782425+02:00" finish="2016-08-04T09:58:24.3338461+02:00" />
  <TestSettings name="default" id="4dc789d2-e47d-49da-b2f8-37019fdb5535">
    <Execution>
      <TestTypeSpecific />
    </Execution>
    <Deployment runDeploymentRoot="bacemi_ICSWS068 2016-08-04 09_57_51" />
    <Properties />
  </TestSettings>
  <Results>
    <UnitTestResult executionId="406fe50a-3558-47e3-a5cf-217e832b260a" testId="95a87abb-4629-7e3b-9210-713e042ea33d" testName="Invoke_CorrectArguemnts_CorrectReturnValueAndType" computerName="ICSWS068" duration="00:00:00.5337094" startTime="2016-08-04T09:57:50.5782425+02:00" endTime="2016-08-04T09:57:51.3514997+02:00" testType="13cdc9d9-ddb5-4fa4-a97d-d965ccfc6d4b" outcome="Passed" testListId="8c84fa94-04c1-424b-9868-57a2d4851a1d" relativeResultsDirectory="406fe50a-3558-47e3-a5cf-217e832b260a">
      <Output>
        <StdOut>Debug Trace:
0: WorkflowInstance "CreateAS2MDNActivity" is Started
1: Activity [null] "null" scheduled child activity [1] "CreateAS2MDNActivity"
2: Activity [1] "CreateAS2MDNActivity" is Executing
{
    Arguments
        SigningEnabled: True
        IncludeChain: True
        SigningEncoding: Base64
        Message: Mock&lt;iCore.Public.AS2.IAS2Message:591b&gt;.Object
        TextEncoding: Bit8
        ContentType: application/xml
        Subject: subject
        SigningTime: 2016-06-15 14:41:00
        ReportEncoding: Base64
        SignatureCertificates: System.Collections.Generic.List`1[iCore.Public.Crypto.X509Certificates.ICertificate]
        Text: test text
        DigestAlgorithm: SHA256
        MessageID: &lt;123@1233&gt;
        SendingMode: SentManually
        ReportingUA: user agent; version 1.0
        Date: 2016-06-03 10:37:00
        TextCharset: ansi
        ActionMode: Manual
        ReportCharset: ascii
}
3: Activity [1] "CreateAS2MDNActivity" is Closed
{
    Arguments
        SigningEnabled: True
        IncludeChain: True
        SigningEncoding: Base64
        Message: Mock&lt;iCore.Public.AS2.IAS2Message:591b&gt;.Object
        TextEncoding: Bit8
        ContentType: application/xml
        Subject: subject
        SigningTime: 2016-06-15 14:41:00
        ReportEncoding: Base64
        SignatureCertificates: System.Collections.Generic.List`1[iCore.Public.Crypto.X509Certificates.ICertificate]
        Text: test text
        DigestAlgorithm: SHA256
        Result: iCore.Public.AS2.Implementation.AS2MDN
        MessageID: &lt;123@1233&gt;
        SendingMode: SentManually
        ReportingUA: user agent; version 1.0
        Date: 2016-06-03 10:37:00
        TextCharset: ansi
        ActionMode: Manual
        ReportCharset: ascii
}
4: WorkflowInstance "CreateAS2MDNActivity" is Completed</StdOut>
      </Output>
    </UnitTestResult>
    <UnitTestResult executionId="94fd0eea-1774-4b70-9af0-0e0cf3ab1e27" testId="476b19d2-489b-8968-5e38-ec6e23e25988" testName="Invoke_NonNullableArgumentIsNull_ThrowsArgumentNullException" computerName="ICSWS068" duration="00:00:00.0160497" startTime="2016-08-04T09:57:51.3560058+02:00" endTime="2016-08-04T09:57:51.3740281+02:00" testType="13cdc9d9-ddb5-4fa4-a97d-d965ccfc6d4b" outcome="Passed" testListId="8c84fa94-04c1-424b-9868-57a2d4851a1d" relativeResultsDirectory="94fd0eea-1774-4b70-9af0-0e0cf3ab1e27">
      <Output>
        <StdOut>Debug Trace:
0: WorkflowInstance "CreateAS2MDNActivity" is Started
1: Activity [null] "null" scheduled child activity [1] "CreateAS2MDNActivity"
2: Activity [1] "CreateAS2MDNActivity" is Executing
{
    Arguments
        SigningEnabled: True
        IncludeChain: True
        SigningEncoding: Base64
        Message: 
        TextEncoding: Bit8
        ContentType: application/xml
        Subject: subject
        SigningTime: 2016-06-15 14:41:00
        ReportEncoding: Base64
        SignatureCertificates: System.Collections.Generic.List`1[iCore.Public.Crypto.X509Certificates.ICertificate]
        Text: test text
        DigestAlgorithm: SHA256
        MessageID: &lt;123@1233&gt;
        SendingMode: SentManually
        ReportingUA: user agent; version 1.0
        Date: 2016-06-03 10:37:00
        TextCharset: ansi
        ActionMode: Manual
        ReportCharset: ascii
}
3: Activity [1] "CreateAS2MDNActivity" is Faulted
{
    Arguments
        SigningEnabled: True
        IncludeChain: True
        SigningEncoding: Base64
        Message: 
        TextEncoding: Bit8
        ContentType: application/xml
        Subject: subject
        SigningTime: 2016-06-15 14:41:00
        ReportEncoding: Base64
        SignatureCertificates: System.Collections.Generic.List`1[iCore.Public.Crypto.X509Certificates.ICertificate]
        Text: test text
        DigestAlgorithm: SHA256
        Result: 
        MessageID: &lt;123@1233&gt;
        SendingMode: SentManually
        ReportingUA: user agent; version 1.0
        Date: 2016-06-03 10:37:00
        TextCharset: ansi
        ActionMode: Manual
        ReportCharset: ascii
}
4: Fault source [1] "CreateAS2MDNActivity"
5: WorkflowInstance "CreateAS2MDNActivity" Unhandled Exception Source "CreateAS2MDNActivity" Exception &lt;System.ArgumentNullException: Message is null
Parameter name: Message
   at UnitTests.iCore.Workflow.Activities.ActivityStandardTestsBase`1.WaitForException() in F:\ETWork\Main\Common\ActivityStandardTestsBase.cs:line 100
   at UnitTests.iCore.Workflow.Activities.ActivityStandardTestsBase`1.Invoke_NonNullableArgumentIsNull_ThrowsArgumentNullException() in F:\ETWork\Main\Common\ActivityStandardTestsBase.cs:line 222&gt;</StdOut>
      </Output>
    </UnitTestResult>
    <UnitTestResult executionId="da62b81b-9f45-4ad7-9226-b29cfdf87fd5" testId="2646a552-c7ef-98a1-7652-6b4fa20b26e2" testName="Invoke_RequiredArgumentIsMissing_ThrowsArgumentException" computerName="ICSWS068" duration="00:00:00.0153694" startTime="2016-08-04T09:57:51.3770301+02:00" endTime="2016-08-04T09:57:51.3943893+02:00" testType="13cdc9d9-ddb5-4fa4-a97d-d965ccfc6d4b" outcome="Passed" testListId="8c84fa94-04c1-424b-9868-57a2d4851a1d" relativeResultsDirectory="da62b81b-9f45-4ad7-9226-b29cfdf87fd5" />
    <UnitTestResult executionId="dcccd462-70b7-4487-b754-7d5c3b2ec87d" testId="20c4048c-94d0-b38e-c464-96a265482902" testName="Invoke_OptionalArgumentIsMissing_ValidExecution" computerName="ICSWS068" duration="00:00:00.0272990" startTime="2016-08-04T09:57:51.3968922+02:00" endTime="2016-08-04T09:57:51.4260070+02:00" testType="13cdc9d9-ddb5-4fa4-a97d-d965ccfc6d4b" outcome="Passed" testListId="8c84fa94-04c1-424b-9868-57a2d4851a1d" relativeResultsDirectory="dcccd462-70b7-4487-b754-7d5c3b2ec87d">
      <Output>
        <StdOut>Debug Trace:
0: WorkflowInstance "CreateAS2MDNActivity" is Started
1: Activity [null] "null" scheduled child activity [1] "CreateAS2MDNActivity"
2: Activity [1] "CreateAS2MDNActivity" is Executing
{
    Arguments
        SigningEnabled: True
        IncludeChain: True
        SigningEncoding: Base64
        Message: Mock&lt;iCore.Public.AS2.IAS2Message:1b4d&gt;.Object
        TextEncoding: Bit8
        ContentType: application/xml
        Subject: subject
        SigningTime: 2016-06-15 14:41:00
        ReportEncoding: Base64
        SignatureCertificates: System.Collections.Generic.List`1[iCore.Public.Crypto.X509Certificates.ICertificate]
        Text: test text
        DigestAlgorithm: SHA256
        MessageID: &lt;123@1233&gt;
        SendingMode: SentManually
        ReportingUA: user agent; version 1.0
        Date: 
        TextCharset: ansi
        ActionMode: Manual
        ReportCharset: ascii
}
3: Activity [1] "CreateAS2MDNActivity" is Closed
{
    Arguments
        SigningEnabled: True
        IncludeChain: True
        SigningEncoding: Base64
        Message: Mock&lt;iCore.Public.AS2.IAS2Message:1b4d&gt;.Object
        TextEncoding: Bit8
        ContentType: application/xml
        Subject: subject
        SigningTime: 2016-06-15 14:41:00
        ReportEncoding: Base64
        SignatureCertificates: System.Collections.Generic.List`1[iCore.Public.Crypto.X509Certificates.ICertificate]
        Text: test text
        DigestAlgorithm: SHA256
        Result: iCore.Public.AS2.Implementation.AS2MDN
        MessageID: &lt;123@1233&gt;
        SendingMode: SentManually
        ReportingUA: user agent; version 1.0
        Date: 
        TextCharset: ansi
        ActionMode: Manual
        ReportCharset: ascii
}
4: WorkflowInstance "CreateAS2MDNActivity" is Completed</StdOut>
      </Output>
    </UnitTestResult>
    <UnitTestResult executionId="c7c70106-fe43-4851-95e6-24763c29d706" testId="02ab8db2-bd2f-3d62-ea71-a6ba122f5e29" testName="Invoke_CorrectArguments_ValidExecution" computerName="ICSWS068" duration="00:00:00.0140791" startTime="2016-08-04T09:57:51.4310107+02:00" endTime="2016-08-04T09:57:51.4465230+02:00" testType="13cdc9d9-ddb5-4fa4-a97d-d965ccfc6d4b" outcome="Passed" testListId="8c84fa94-04c1-424b-9868-57a2d4851a1d" relativeResultsDirectory="c7c70106-fe43-4851-95e6-24763c29d706">
      <Output>
        <StdOut>Debug Trace:
0: WorkflowInstance "CreateAS2MDNActivity" is Started
1: Activity [null] "null" scheduled child activity [1] "CreateAS2MDNActivity"
2: Activity [1] "CreateAS2MDNActivity" is Executing
{
    Arguments
        SigningEnabled: True
        IncludeChain: True
        SigningEncoding: Base64
        Message: Mock&lt;iCore.Public.AS2.IAS2Message:2884&gt;.Object
        TextEncoding: Bit8
        ContentType: application/xml
        Subject: subject
        SigningTime: 2016-06-15 14:41:00
        ReportEncoding: Base64
        SignatureCertificates: System.Collections.Generic.List`1[iCore.Public.Crypto.X509Certificates.ICertificate]
        Text: test text
        DigestAlgorithm: SHA256
        MessageID: &lt;123@1233&gt;
        SendingMode: SentManually
        ReportingUA: user agent; version 1.0
        Date: 2016-06-03 10:37:00
        TextCharset: ansi
        ActionMode: Manual
        ReportCharset: ascii
}
3: Activity [1] "CreateAS2MDNActivity" is Closed
{
    Arguments
        SigningEnabled: True
        IncludeChain: True
        SigningEncoding: Base64
        Message: Mock&lt;iCore.Public.AS2.IAS2Message:2884&gt;.Object
        TextEncoding: Bit8
        ContentType: application/xml
        Subject: subject
        SigningTime: 2016-06-15 14:41:00
        ReportEncoding: Base64
        SignatureCertificates: System.Collections.Generic.List`1[iCore.Public.Crypto.X509Certificates.ICertificate]
        Text: test text
        DigestAlgorithm: SHA256
        Result: iCore.Public.AS2.Implementation.AS2MDN
        MessageID: &lt;123@1233&gt;
        SendingMode: SentManually
        ReportingUA: user agent; version 1.0
        Date: 2016-06-03 10:37:00
        TextCharset: ansi
        ActionMode: Manual
        ReportCharset: ascii
}
4: WorkflowInstance "CreateAS2MDNActivity" is Completed</StdOut>
      </Output>
    </UnitTestResult>
    <UnitTestResult executionId="2617e5e6-e080-4596-a7b0-e319662488a4" testId="74829c55-4771-9790-8b17-70e498057dba" testName="Invoke_CorrectArguemnts_CorrectReturnValueAndType" computerName="ICSWS068" duration="00:00:00.0516061" startTime="2016-08-04T09:57:51.4505247+02:00" endTime="2016-08-04T09:57:51.5039968+02:00" testType="13cdc9d9-ddb5-4fa4-a97d-d965ccfc6d4b" outcome="Passed" testListId="8c84fa94-04c1-424b-9868-57a2d4851a1d" relativeResultsDirectory="2617e5e6-e080-4596-a7b0-e319662488a4">
      <Output>
        <StdOut>Debug Trace:
0: WorkflowInstance "CreateAS2MessageActivity" is Started
1: Activity [null] "null" scheduled child activity [1] "CreateAS2MessageActivity"
2: Activity [1] "CreateAS2MessageActivity" is Executing
{
    Arguments
        DataEncoding: Auto
        ContentType: application/xml
        Subject: subject
        FileName: filename.xml
        AS2To: to
        MessageConfiguration: Mock&lt;iCore.Public.AS2.IAS2MessageConfiguration:894b&gt;.Object
        Version: Version11
        AS2From: from
        MessageID: &lt;123@1233&gt;
        FileModified: 2016-06-03 10:11:00
        Date: 2016-06-03 10:37:00
        FileCreated: 2016-06-02 10:37:00
}
3: Activity [1] "CreateAS2MessageActivity" is Closed
{
    Arguments
        DataEncoding: Auto
        ContentType: application/xml
        Subject: subject
        FileName: filename.xml
        AS2To: to
        MessageConfiguration: Mock&lt;iCore.Public.AS2.IAS2MessageConfiguration:894b&gt;.Object
        Version: Version11
        Result: iCore.Public.AS2.Implementation.AS2Message
        AS2From: from
        MessageID: &lt;123@1233&gt;
        FileModified: 2016-06-03 10:11:00
        Date: 2016-06-03 10:37:00
        FileCreated: 2016-06-02 10:37:00
}
4: WorkflowInstance "CreateAS2MessageActivity" is Completed</StdOut>
      </Output>
    </UnitTestResult>
    <UnitTestResult executionId="62e664a1-2e26-4c44-a3da-933fd18d43fd" testId="aa351d2b-c0cb-5f79-b97a-ced359eef688" testName="Invoke_NonNullableArgumentIsNull_ThrowsArgumentNullException" computerName="ICSWS068" duration="00:00:00.0104305" startTime="2016-08-04T09:57:51.5069991+02:00" endTime="2016-08-04T09:57:51.5195077+02:00" testType="13cdc9d9-ddb5-4fa4-a97d-d965ccfc6d4b" outcome="Passed" testListId="8c84fa94-04c1-424b-9868-57a2d4851a1d" relativeResultsDirectory="62e664a1-2e26-4c44-a3da-933fd18d43fd">
      <Output>
        <StdOut>Debug Trace:
0: WorkflowInstance "CreateAS2MessageActivity" is Started
1: Activity [null] "null" scheduled child activity [1] "CreateAS2MessageActivity"
2: Activity [1] "CreateAS2MessageActivity" is Executing
{
    Arguments
        DataEncoding: Auto
        ContentType: 
        Subject: subject
        FileName: filename.xml
        AS2To: to
        MessageConfiguration: Mock&lt;iCore.Public.AS2.IAS2MessageConfiguration:d596&gt;.Object
        Version: Version11
        AS2From: from
        MessageID: &lt;123@1233&gt;
        FileModified: 2016-06-03 10:11:00
        Date: 2016-06-03 10:37:00
        FileCreated: 2016-06-02 10:37:00
}
3: Activity [1] "CreateAS2MessageActivity" is Faulted
{
    Arguments
        DataEncoding: Auto
        ContentType: 
        Subject: subject
        FileName: filename.xml
        AS2To: to
        MessageConfiguration: Mock&lt;iCore.Public.AS2.IAS2MessageConfiguration:d596&gt;.Object
        Version: Version11
        Result: 
        AS2From: from
        MessageID: &lt;123@1233&gt;
        FileModified: 2016-06-03 10:11:00
        Date: 2016-06-03 10:37:00
        FileCreated: 2016-06-02 10:37:00
}
4: Fault source [1] "CreateAS2MessageActivity"
5: WorkflowInstance "CreateAS2MessageActivity" Unhandled Exception Source "CreateAS2MessageActivity" Exception &lt;System.ArgumentNullException: Value cannot be null.
Parameter name: ContentType was null (Nothing in Visual Basic) or empty.
   at UnitTests.iCore.Workflow.Activities.ActivityStandardTestsBase`1.WaitForException() in F:\ETWork\Main\Common\ActivityStandardTestsBase.cs:line 100
   at UnitTests.iCore.Workflow.Activities.ActivityStandardTestsBase`1.Invoke_NonNullableArgumentIsNull_ThrowsArgumentNullException() in F:\ETWork\Main\Common\ActivityStandardTestsBase.cs:line 222&gt;
6: WorkflowInstance Aborted [CreateAS2MessageActivity] Reason "Value cannot be null.
Parameter name: ContentType was null (Nothing in Visual Basic) or empty."</StdOut>
      </Output>
    </UnitTestResult>
    <UnitTestResult executionId="2225d0c7-da9d-4bee-be9d-4ae35100e6c0" testId="3fdf048d-f27a-87c2-ae8d-9881a2e1ac9d" testName="Invoke_RequiredArgumentIsMissing_ThrowsArgumentException" computerName="ICSWS068" duration="00:00:00.0083329" startTime="2016-08-04T09:57:51.5225103+02:00" endTime="2016-08-04T09:57:51.5325172+02:00" testType="13cdc9d9-ddb5-4fa4-a97d-d965ccfc6d4b" outcome="Passed" testListId="8c84fa94-04c1-424b-9868-57a2d4851a1d" relativeResultsDirectory="2225d0c7-da9d-4bee-be9d-4ae35100e6c0" />
    <UnitTestResult executionId="e5da514f-48b7-4d69-988c-fbe04127e776" testId="e04b9c4f-f787-afec-8407-b1abce1f3890" testName="Invoke_OptionalArgumentIsMissing_ValidExecution" computerName="ICSWS068" duration="00:00:00.0097751" startTime="2016-08-04T09:57:51.5355198+02:00" endTime="2016-08-04T09:57:51.5465275+02:00" testType="13cdc9d9-ddb5-4fa4-a97d-d965ccfc6d4b" outcome="Passed" testListId="8c84fa94-04c1-424b-9868-57a2d4851a1d" relativeResultsDirectory="e5da514f-48b7-4d69-988c-fbe04127e776">
      <Output>
        <StdOut>Debug Trace:
0: WorkflowInstance "CreateAS2MessageActivity" is Started
1: Activity [null] "null" scheduled child activity [1] "CreateAS2MessageActivity"
2: Activity [1] "CreateAS2MessageActivity" is Executing
{
    Arguments
        DataEncoding: Auto
        ContentType: application/xml
        Subject: subject
        FileName: filename.xml
        AS2To: to
        MessageConfiguration: Mock&lt;iCore.Public.AS2.IAS2MessageConfiguration:885c&gt;.Object
        Version: Version11
        AS2From: from
        MessageID: 
        FileModified: 2016-06-03 10:11:00
        Date: 2016-06-03 10:37:00
        FileCreated: 2016-06-02 10:37:00
}
3: Activity [1] "CreateAS2MessageActivity" is Closed
{
    Arguments
        DataEncoding: Auto
        ContentType: application/xml
        Subject: subject
        FileName: filename.xml
        AS2To: to
        MessageConfiguration: Mock&lt;iCore.Public.AS2.IAS2MessageConfiguration:885c&gt;.Object
        Version: Version11
        Result: iCore.Public.AS2.Implementation.AS2Message
        AS2From: from
        MessageID: 
        FileModified: 2016-06-03 10:11:00
        Date: 2016-06-03 10:37:00
        FileCreated: 2016-06-02 10:37:00
}
4: WorkflowInstance "CreateAS2MessageActivity" is Completed</StdOut>
      </Output>
    </UnitTestResult>
    <UnitTestResult executionId="09a74297-09a2-4a51-a174-a2ec61addcb8" testId="1b33f8d3-85ff-3dae-7b5c-cba2a6219033" testName="Invoke_CorrectArguments_ValidExecution" computerName="ICSWS068" duration="00:00:00.0085487" startTime="2016-08-04T09:57:51.5495295+02:00" endTime="2016-08-04T09:57:51.5595367+02:00" testType="13cdc9d9-ddb5-4fa4-a97d-d965ccfc6d4b" outcome="Passed" testListId="8c84fa94-04c1-424b-9868-57a2d4851a1d" relativeResultsDirectory="09a74297-09a2-4a51-a174-a2ec61addcb8">
      <Output>
        <StdOut>Debug Trace:
0: WorkflowInstance "CreateAS2MessageActivity" is Started
1: Activity [null] "null" scheduled child activity [1] "CreateAS2MessageActivity"
2: Activity [1] "CreateAS2MessageActivity" is Executing
{
    Arguments
        DataEncoding: Auto
        ContentType: application/xml
        Subject: subject
        FileName: filename.xml
        AS2To: to
        MessageConfiguration: Mock&lt;iCore.Public.AS2.IAS2MessageConfiguration:ddaa&gt;.Object
        Version: Version11
        AS2From: from
        MessageID: &lt;123@1233&gt;
        FileModified: 2016-06-03 10:11:00
        Date: 2016-06-03 10:37:00
        FileCreated: 2016-06-02 10:37:00
}
3: Activity [1] "CreateAS2MessageActivity" is Closed
{
    Arguments
        DataEncoding: Auto
        ContentType: application/xml
        Subject: subject
        FileName: filename.xml
        AS2To: to
        MessageConfiguration: Mock&lt;iCore.Public.AS2.IAS2MessageConfiguration:ddaa&gt;.Object
        Version: Version11
        Result: iCore.Public.AS2.Implementation.AS2Message
        AS2From: from
        MessageID: &lt;123@1233&gt;
        FileModified: 2016-06-03 10:11:00
        Date: 2016-06-03 10:37:00
        FileCreated: 2016-06-02 10:37:00
}
4: WorkflowInstance "CreateAS2MessageActivity" is Completed</StdOut>
      </Output>
    </UnitTestResult>
    <UnitTestResult executionId="f5779b9a-3843-471e-90f6-8f493fa94f49" testId="e94a7ca0-0497-7f88-bbe5-3ec7c0beed03" testName="Invoke_ActivityIsCancelled_ActivityCancels" computerName="ICSWS068" duration="00:00:00.0588909" startTime="2016-08-04T09:57:51.5625390+02:00" endTime="2016-08-04T09:57:51.6230159+02:00" testType="13cdc9d9-ddb5-4fa4-a97d-d965ccfc6d4b" outcome="Passed" testListId="8c84fa94-04c1-424b-9868-57a2d4851a1d" relativeResultsDirectory="f5779b9a-3843-471e-90f6-8f493fa94f49">
      <Output>
        <StdOut>Debug Trace:
0: WorkflowInstance "LoadAS2MDNActivity" is Started
1: Activity [null] "null" scheduled child activity [1] "LoadAS2MDNActivity"
2: Activity [1] "LoadAS2MDNActivity" is Executing
{
    Arguments
        SignatureValidationCertificates: System.Collections.Generic.List`1[iCore.Public.Crypto.X509Certificates.ICertificate]
        MDNStream: Mock&lt;System.IO.Stream:1d16&gt;.Object
        CloseStream: False
}
3: Host requests cancel of activity [1] "LoadAS2MDNActivity"
4: Activity [1] "LoadAS2MDNActivity" is Canceled
{
    Arguments
        SignatureValidationCertificates: System.Collections.Generic.List`1[iCore.Public.Crypto.X509Certificates.ICertificate]
        MDNStream: Mock&lt;System.IO.Stream:1d16&gt;.Object
        CloseStream: False
        Result: iCore.Public.AS2.Implementation.AS2MDN
}
5: WorkflowInstance "LoadAS2MDNActivity" is Canceled</StdOut>
      </Output>
    </UnitTestResult>
    <UnitTestResult executionId="cdf3dc90-f9ee-4c9c-8699-2711aa42bc20" testId="0aa59835-198b-cb33-ae19-d54343bdcab7" testName="Invoke_CorrectArguemnts_CorrectReturnValueAndType" computerName="ICSWS068" duration="00:00:00.0159817" startTime="2016-08-04T09:57:51.6265182+02:00" endTime="2016-08-04T09:57:51.6445314+02:00" testType="13cdc9d9-ddb5-4fa4-a97d-d965ccfc6d4b" outcome="Passed" testListId="8c84fa94-04c1-424b-9868-57a2d4851a1d" relativeResultsDirectory="cdf3dc90-f9ee-4c9c-8699-2711aa42bc20">
      <Output>
        <StdOut>Debug Trace:
0: WorkflowInstance "LoadAS2MDNActivity" is Started
1: Activity [null] "null" scheduled child activity [1] "LoadAS2MDNActivity"
2: Activity [1] "LoadAS2MDNActivity" is Executing
{
    Arguments
        SignatureValidationCertificates: System.Collections.Generic.List`1[iCore.Public.Crypto.X509Certificates.ICertificate]
        MDNStream: Mock&lt;System.IO.Stream:91c9&gt;.Object
        CloseStream: False
}
3: WorkflowInstance "LoadAS2MDNActivity" is Idle
4: Activity [1] "LoadAS2MDNActivity" is Closed
{
    Arguments
        SignatureValidationCertificates: System.Collections.Generic.List`1[iCore.Public.Crypto.X509Certificates.ICertificate]
        MDNStream: Mock&lt;System.IO.Stream:91c9&gt;.Object
        CloseStream: False
        Result: iCore.Public.AS2.Implementation.AS2MDN
}
5: WorkflowInstance "LoadAS2MDNActivity" is Completed</StdOut>
      </Output>
    </UnitTestResult>
    <UnitTestResult executionId="a2c8d866-fa9a-487d-bcc4-ad94544686ca" testId="b46976b8-48c6-b38a-71c8-ba94b73fac7f" testName="Invoke_NonNullableArgumentIsNull_ThrowsArgumentNullException" computerName="ICSWS068" duration="00:00:00.0121176" startTime="2016-08-04T09:57:51.6480334+02:00" endTime="2016-08-04T09:57:51.6615440+02:00" testType="13cdc9d9-ddb5-4fa4-a97d-d965ccfc6d4b" outcome="Passed" testListId="8c84fa94-04c1-424b-9868-57a2d4851a1d" relativeResultsDirectory="a2c8d866-fa9a-487d-bcc4-ad94544686ca">
      <Output>
        <StdOut>Debug Trace:
0: WorkflowInstance "LoadAS2MDNActivity" is Started
1: Activity [null] "null" scheduled child activity [1] "LoadAS2MDNActivity"
2: Activity [1] "LoadAS2MDNActivity" is Executing
{
    Arguments
        SignatureValidationCertificates: System.Collections.Generic.List`1[iCore.Public.Crypto.X509Certificates.ICertificate]
        MDNStream: 
        CloseStream: False
}
3: Activity [1] "LoadAS2MDNActivity" is Faulted
{
    Arguments
        SignatureValidationCertificates: System.Collections.Generic.List`1[iCore.Public.Crypto.X509Certificates.ICertificate]
        MDNStream: 
        CloseStream: False
        Result: 
}
4: Fault source [1] "LoadAS2MDNActivity"
5: WorkflowInstance "LoadAS2MDNActivity" Unhandled Exception Source "LoadAS2MDNActivity" Exception &lt;System.ArgumentNullException: Value cannot be null.
Parameter name: MDNStream
   at UnitTests.iCore.Workflow.Activities.ActivityStandardTestsBase`1.WaitForException() in F:\ETWork\Main\Common\ActivityStandardTestsBase.cs:line 100
   at UnitTests.iCore.Workflow.Activities.ActivityStandardTestsBase`1.Invoke_NonNullableArgumentIsNull_ThrowsArgumentNullException() in F:\ETWork\Main\Common\ActivityStandardTestsBase.cs:line 222&gt;
6: WorkflowInstance Aborted [LoadAS2MDNActivity] Reason "Value cannot be null.
Parameter name: MDNStream"</StdOut>
      </Output>
    </UnitTestResult>
    <UnitTestResult executionId="17d4b1eb-ae99-4c43-bbf4-42819d548785" testId="7002362d-5a93-d7ee-9f22-fc14e9b49898" testName="Invoke_RequiredArgumentIsMissing_ThrowsArgumentException" computerName="ICSWS068" duration="00:00:00.0112097" startTime="2016-08-04T09:57:51.6660463+02:00" endTime="2016-08-04T09:57:51.6785739+02:00" testType="13cdc9d9-ddb5-4fa4-a97d-d965ccfc6d4b" outcome="Passed" testListId="8c84fa94-04c1-424b-9868-57a2d4851a1d" relativeResultsDirectory="17d4b1eb-ae99-4c43-bbf4-42819d548785" />
    <UnitTestResult executionId="0b49dee8-bf16-4f53-a97f-a73ae43d5d8e" testId="3daca0e7-4faf-3974-d1ce-1a3b78eb9270" testName="Invoke_OptionalArgumentIsMissing_ValidExecution" computerName="ICSWS068" duration="00:00:00.0116797" startTime="2016-08-04T09:57:51.6815616+02:00" endTime="2016-08-04T09:57:51.6945851+02:00" testType="13cdc9d9-ddb5-4fa4-a97d-d965ccfc6d4b" outcome="Passed" testListId="8c84fa94-04c1-424b-9868-57a2d4851a1d" relativeResultsDirectory="0b49dee8-bf16-4f53-a97f-a73ae43d5d8e">
      <Output>
        <StdOut>Debug Trace:
0: WorkflowInstance "LoadAS2MDNActivity" is Started
1: Activity [null] "null" scheduled child activity [1] "LoadAS2MDNActivity"
2: Activity [1] "LoadAS2MDNActivity" is Executing
{
    Arguments
        SignatureValidationCertificates: 
        MDNStream: Mock&lt;System.IO.Stream:27af&gt;.Object
        CloseStream: False
}
3: WorkflowInstance "LoadAS2MDNActivity" is Idle
4: Activity [1] "LoadAS2MDNActivity" is Closed
{
    Arguments
        SignatureValidationCertificates: 
        MDNStream: Mock&lt;System.IO.Stream:27af&gt;.Object
        CloseStream: False
        Result: iCore.Public.AS2.Implementation.AS2MDN
}
5: WorkflowInstance "LoadAS2MDNActivity" is Completed</StdOut>
      </Output>
    </UnitTestResult>
    <UnitTestResult executionId="216bb8a0-f6a0-4e58-8a3f-d277aa6c7145" testId="7363ed18-cb11-5f29-eae4-3b0a9efe77c1" testName="Invoke_CorrectArguments_ValidExecution" computerName="ICSWS068" duration="00:00:00.0122457" startTime="2016-08-04T09:57:51.6975862+02:00" endTime="2016-08-04T09:57:51.7110963+02:00" testType="13cdc9d9-ddb5-4fa4-a97d-d965ccfc6d4b" outcome="Passed" testListId="8c84fa94-04c1-424b-9868-57a2d4851a1d" relativeResultsDirectory="216bb8a0-f6a0-4e58-8a3f-d277aa6c7145">
      <Output>
        <StdOut>Debug Trace:
0: WorkflowInstance "LoadAS2MDNActivity" is Started
1: Activity [null] "null" scheduled child activity [1] "LoadAS2MDNActivity"
2: Activity [1] "LoadAS2MDNActivity" is Executing
{
    Arguments
        SignatureValidationCertificates: System.Collections.Generic.List`1[iCore.Public.Crypto.X509Certificates.ICertificate]
        MDNStream: Mock&lt;System.IO.Stream:5113&gt;.Object
        CloseStream: False
}
3: WorkflowInstance "LoadAS2MDNActivity" is Idle
4: Activity [1] "LoadAS2MDNActivity" is Closed
{
    Arguments
        SignatureValidationCertificates: System.Collections.Generic.List`1[iCore.Public.Crypto.X509Certificates.ICertificate]
        MDNStream: Mock&lt;System.IO.Stream:5113&gt;.Object
        CloseStream: False
        Result: iCore.Public.AS2.Implementation.AS2MDN
}
5: WorkflowInstance "LoadAS2MDNActivity" is Completed</StdOut>
      </Output>
    </UnitTestResult>
    <UnitTestResult executionId="0cb83ab1-5dfe-46a5-aa60-31108bb18897" testId="32a2eae1-da3e-ba23-199f-80226437f452" testName="Invoke_EncryptionCertificatesSet_Success" computerName="ICSWS068" duration="00:00:00.0439488" startTime="2016-08-04T09:57:51.7140678+02:00" endTime="2016-08-04T09:57:51.7599799+02:00" testType="13cdc9d9-ddb5-4fa4-a97d-d965ccfc6d4b" outcome="Passed" testListId="8c84fa94-04c1-424b-9868-57a2d4851a1d" relativeResultsDirectory="0cb83ab1-5dfe-46a5-aa60-31108bb18897">
      <Output>
        <StdOut>Debug Trace:
0: WorkflowInstance "CreateAS2MessageConfigurationActivity" is Started
1: Activity [null] "null" scheduled child activity [1] "CreateAS2MessageConfigurationActivity"
2: Activity [1] "CreateAS2MessageConfigurationActivity" is Executing
{
    Arguments
        CompressionEnabled: False
        MDNEnabled: False
        Encoding: Binary
        SigningEnabled: False
        URL: 
        BitsInKey: 192
        IncludeChain: False
        EncryptionEnabled: False
        SigningDigestAlgorithm: SHA1
        Algorithm: AES
        SigningEncoding: Binary
        AsyncReceipt: False
        Level: 6
        SignatureCertificates: 
        DigestAlgorithm: SHA1
        DigestAlgorithmOnly: False
        CompressionEncoding: Binary
        Charset: utf-8
        SignatureProtocolRequired: False
        DigestAlgorithmRequired: False
        HeaderEncoding: Auto
        Time: 2016-06-09 17:05:00
        SignatureProtocol: PKCS7
        EncryptionCertificates: System.Collections.Generic.List`1[iCore.Public.Crypto.X509Certificates.ICertificate]
        Signed: False
}
3: Activity [1] "CreateAS2MessageConfigurationActivity" is Closed
{
    Arguments
        CompressionEnabled: False
        MDNEnabled: False
        Encoding: Binary
        SigningEnabled: False
        URL: 
        BitsInKey: 192
        IncludeChain: False
        EncryptionEnabled: False
        SigningDigestAlgorithm: SHA1
        Algorithm: AES
        SigningEncoding: Binary
        AsyncReceipt: False
        Level: 6
        SignatureCertificates: 
        DigestAlgorithm: SHA1
        DigestAlgorithmOnly: False
        CompressionEncoding: Binary
        Result: iCore.Public.AS2.Implementation.AS2MessageConfiguration
        Charset: utf-8
        SignatureProtocolRequired: False
        DigestAlgorithmRequired: False
        HeaderEncoding: Auto
        Time: 2016-06-09 17:05:00
        SignatureProtocol: PKCS7
        EncryptionCertificates: System.Collections.Generic.List`1[iCore.Public.Crypto.X509Certificates.ICertificate]
        Signed: False
}
4: WorkflowInstance "CreateAS2MessageConfigurationActivity" is Completed</StdOut>
      </Output>
    </UnitTestResult>
    <UnitTestResult executionId="26b3d41f-b059-4998-8f7e-1f89b608a70f" testId="69d8a584-6ad2-2b9d-8104-b7e24337152d" testName="Invoke_SignatureCertificatesSet_Success" computerName="ICSWS068" duration="00:00:00.0044963" startTime="2016-08-04T09:57:51.7619798+02:00" endTime="2016-08-04T09:57:51.7686580+02:00" testType="13cdc9d9-ddb5-4fa4-a97d-d965ccfc6d4b" outcome="Passed" testListId="8c84fa94-04c1-424b-9868-57a2d4851a1d" relativeResultsDirectory="26b3d41f-b059-4998-8f7e-1f89b608a70f">
      <Output>
        <StdOut>Debug Trace:
0: WorkflowInstance "CreateAS2MessageConfigurationActivity" is Started
1: Activity [null] "null" scheduled child activity [1] "CreateAS2MessageConfigurationActivity"
2: Activity [1] "CreateAS2MessageConfigurationActivity" is Executing
{
    Arguments
        CompressionEnabled: False
        MDNEnabled: False
        Encoding: Binary
        SigningEnabled: False
        URL: 
        BitsInKey: 192
        IncludeChain: False
        EncryptionEnabled: False
        SigningDigestAlgorithm: SHA1
        Algorithm: AES
        SigningEncoding: Binary
        AsyncReceipt: False
        Level: 6
        SignatureCertificates: System.Collections.Generic.List`1[iCore.Public.Crypto.X509Certificates.ICertificate]
        DigestAlgorithm: SHA1
        DigestAlgorithmOnly: False
        CompressionEncoding: Binary
        Charset: utf-8
        SignatureProtocolRequired: False
        DigestAlgorithmRequired: False
        HeaderEncoding: Auto
        Time: 2016-06-09 17:05:00
        SignatureProtocol: PKCS7
        EncryptionCertificates: 
        Signed: False
}
3: Activity [1] "CreateAS2MessageConfigurationActivity" is Closed
{
    Arguments
        CompressionEnabled: False
        MDNEnabled: False
        Encoding: Binary
        SigningEnabled: False
        URL: 
        BitsInKey: 192
        IncludeChain: False
        EncryptionEnabled: False
        SigningDigestAlgorithm: SHA1
        Algorithm: AES
        SigningEncoding: Binary
        AsyncReceipt: False
        Level: 6
        SignatureCertificates: System.Collections.Generic.List`1[iCore.Public.Crypto.X509Certificates.ICertificate]
        DigestAlgorithm: SHA1
        DigestAlgorithmOnly: False
        CompressionEncoding: Binary
        Result: iCore.Public.AS2.Implementation.AS2MessageConfiguration
        Charset: utf-8
        SignatureProtocolRequired: False
        DigestAlgorithmRequired: False
        HeaderEncoding: Auto
        Time: 2016-06-09 17:05:00
        SignatureProtocol: PKCS7
        EncryptionCertificates: 
        Signed: False
}
4: WorkflowInstance "CreateAS2MessageConfigurationActivity" is Completed</StdOut>
      </Output>
    </UnitTestResult>
    <UnitTestResult executionId="0fe3f0c0-8e0d-4c42-9919-fb3c82a2db0f" testId="d7031355-51c6-2dd6-89d7-ae155404be56" testName="Invoke_CorrectArguemnts_CorrectReturnValueAndType" computerName="ICSWS068" duration="00:00:00.0123460" startTime="2016-08-04T09:57:51.7711597+02:00" endTime="2016-08-04T09:57:51.7848079+02:00" testType="13cdc9d9-ddb5-4fa4-a97d-d965ccfc6d4b" outcome="Passed" testListId="8c84fa94-04c1-424b-9868-57a2d4851a1d" relativeResultsDirectory="0fe3f0c0-8e0d-4c42-9919-fb3c82a2db0f">
      <Output>
        <StdOut>Debug Trace:
0: WorkflowInstance "CreateAS2MessageConfigurationActivity" is Started
1: Activity [null] "null" scheduled child activity [1] "CreateAS2MessageConfigurationActivity"
2: Activity [1] "CreateAS2MessageConfigurationActivity" is Executing
{
    Arguments
        CompressionEnabled: False
        MDNEnabled: False
        Encoding: Binary
        SigningEnabled: False
        URL: 
        BitsInKey: 192
        IncludeChain: False
        EncryptionEnabled: False
        SigningDigestAlgorithm: SHA1
        Algorithm: AES
        SigningEncoding: Binary
        AsyncReceipt: False
        Level: 6
        SignatureCertificates: 
        DigestAlgorithm: SHA1
        DigestAlgorithmOnly: False
        CompressionEncoding: Binary
        Charset: utf-8
        SignatureProtocolRequired: False
        DigestAlgorithmRequired: False
        HeaderEncoding: Auto
        Time: 2016-06-09 17:05:00
        SignatureProtocol: PKCS7
        EncryptionCertificates: 
        Signed: False
}
3: Activity [1] "CreateAS2MessageConfigurationActivity" is Closed
{
    Arguments
        CompressionEnabled: False
        MDNEnabled: False
        Encoding: Binary
        SigningEnabled: False
        URL: 
        BitsInKey: 192
        IncludeChain: False
        EncryptionEnabled: False
        SigningDigestAlgorithm: SHA1
        Algorithm: AES
        SigningEncoding: Binary
        AsyncReceipt: False
        Level: 6
        SignatureCertificates: 
        DigestAlgorithm: SHA1
        DigestAlgorithmOnly: False
        CompressionEncoding: Binary
        Result: iCore.Public.AS2.Implementation.AS2MessageConfiguration
        Charset: utf-8
        SignatureProtocolRequired: False
        DigestAlgorithmRequired: False
        HeaderEncoding: Auto
        Time: 2016-06-09 17:05:00
        SignatureProtocol: PKCS7
        EncryptionCertificates: 
        Signed: False
}
4: WorkflowInstance "CreateAS2MessageConfigurationActivity" is Completed</StdOut>
      </Output>
    </UnitTestResult>
    <UnitTestResult executionId="93565192-af2a-4a90-9084-723dae0a78bd" testId="4507dbbc-ca6b-1f4d-221f-8a7536ad7a0a" testName="Invoke_NonNullableArgumentIsNull_ThrowsArgumentNullException" computerName="ICSWS068" duration="00:00:00.0029160" startTime="2016-08-04T09:57:51.7872906+02:00" endTime="2016-08-04T09:57:51.7917937+02:00" testType="13cdc9d9-ddb5-4fa4-a97d-d965ccfc6d4b" outcome="Passed" testListId="8c84fa94-04c1-424b-9868-57a2d4851a1d" relativeResultsDirectory="93565192-af2a-4a90-9084-723dae0a78bd" />
    <UnitTestResult executionId="037ab420-02c4-406e-9e31-fecaef1b067e" testId="38d3a960-9209-c659-eb31-a505a7eda4ab" testName="Invoke_RequiredArgumentIsMissing_ThrowsArgumentException" computerName="ICSWS068" duration="00:00:00.0023574" startTime="2016-08-04T09:57:51.7944391+02:00" endTime="2016-08-04T09:57:51.7984358+02:00" testType="13cdc9d9-ddb5-4fa4-a97d-d965ccfc6d4b" outcome="Passed" testListId="8c84fa94-04c1-424b-9868-57a2d4851a1d" relativeResultsDirectory="037ab420-02c4-406e-9e31-fecaef1b067e" />
    <UnitTestResult executionId="51d0482e-0405-4744-b851-ef638957325b" testId="3bda1163-9d48-6734-005c-533e80b3451d" testName="Invoke_OptionalArgumentIsMissing_ValidExecution" computerName="ICSWS068" duration="00:00:00.0038245" startTime="2016-08-04T09:57:51.8009419+02:00" endTime="2016-08-04T09:57:51.8063137+02:00" testType="13cdc9d9-ddb5-4fa4-a97d-d965ccfc6d4b" outcome="Passed" testListId="8c84fa94-04c1-424b-9868-57a2d4851a1d" relativeResultsDirectory="51d0482e-0405-4744-b851-ef638957325b">
      <Output>
        <StdOut>Debug Trace:
0: WorkflowInstance "CreateAS2MessageConfigurationActivity" is Started
1: Activity [null] "null" scheduled child activity [1] "CreateAS2MessageConfigurationActivity"
2: Activity [1] "CreateAS2MessageConfigurationActivity" is Executing
{
    Arguments
        CompressionEnabled: False
        MDNEnabled: False
        Encoding: Binary
        SigningEnabled: False
        URL: 
        BitsInKey: 192
        IncludeChain: False
        EncryptionEnabled: False
        SigningDigestAlgorithm: SHA1
        Algorithm: AES
        SigningEncoding: Binary
        AsyncReceipt: False
        Level: 6
        SignatureCertificates: 
        DigestAlgorithm: SHA1
        DigestAlgorithmOnly: False
        CompressionEncoding: Binary
        Charset: utf-8
        SignatureProtocolRequired: False
        DigestAlgorithmRequired: False
        HeaderEncoding: Auto
        Time: 2016-06-09 17:05:00
        SignatureProtocol: PKCS7
        EncryptionCertificates: 
        Signed: False
}
3: Activity [1] "CreateAS2MessageConfigurationActivity" is Closed
{
    Arguments
        CompressionEnabled: False
        MDNEnabled: False
        Encoding: Binary
        SigningEnabled: False
        URL: 
        BitsInKey: 192
        IncludeChain: False
        EncryptionEnabled: False
        SigningDigestAlgorithm: SHA1
        Algorithm: AES
        SigningEncoding: Binary
        AsyncReceipt: False
        Level: 6
        SignatureCertificates: 
        DigestAlgorithm: SHA1
        DigestAlgorithmOnly: False
        CompressionEncoding: Binary
        Result: iCore.Public.AS2.Implementation.AS2MessageConfiguration
        Charset: utf-8
        SignatureProtocolRequired: False
        DigestAlgorithmRequired: False
        HeaderEncoding: Auto
        Time: 2016-06-09 17:05:00
        SignatureProtocol: PKCS7
        EncryptionCertificates: 
        Signed: False
}
4: WorkflowInstance "CreateAS2MessageConfigurationActivity" is Completed</StdOut>
      </Output>
    </UnitTestResult>
    <UnitTestResult executionId="76bcc765-7600-4945-8167-cdd83f8e328a" testId="2b0c27a0-0d46-98e9-1b36-64d985f02baa" testName="Invoke_CorrectArguments_ValidExecution" computerName="ICSWS068" duration="00:00:00.0031034" startTime="2016-08-04T09:57:51.8103154+02:00" endTime="2016-08-04T09:57:51.8143182+02:00" testType="13cdc9d9-ddb5-4fa4-a97d-d965ccfc6d4b" outcome="Passed" testListId="8c84fa94-04c1-424b-9868-57a2d4851a1d" relativeResultsDirectory="76bcc765-7600-4945-8167-cdd83f8e328a">
      <Output>
        <StdOut>Debug Trace:
0: WorkflowInstance "CreateAS2MessageConfigurationActivity" is Started
1: Activity [null] "null" scheduled child activity [1] "CreateAS2MessageConfigurationActivity"
2: Activity [1] "CreateAS2MessageConfigurationActivity" is Executing
{
    Arguments
        CompressionEnabled: False
        MDNEnabled: False
        Encoding: Binary
        SigningEnabled: False
        URL: 
        BitsInKey: 192
        IncludeChain: False
        EncryptionEnabled: False
        SigningDigestAlgorithm: SHA1
        Algorithm: AES
        SigningEncoding: Binary
        AsyncReceipt: False
        Level: 6
        SignatureCertificates: 
        DigestAlgorithm: SHA1
        DigestAlgorithmOnly: False
        CompressionEncoding: Binary
        Charset: utf-8
        SignatureProtocolRequired: False
        DigestAlgorithmRequired: False
        HeaderEncoding: Auto
        Time: 2016-06-09 17:05:00
        SignatureProtocol: PKCS7
        EncryptionCertificates: 
        Signed: False
}
3: Activity [1] "CreateAS2MessageConfigurationActivity" is Closed
{
    Arguments
        CompressionEnabled: False
        MDNEnabled: False
        Encoding: Binary
        SigningEnabled: False
        URL: 
        BitsInKey: 192
        IncludeChain: False
        EncryptionEnabled: False
        SigningDigestAlgorithm: SHA1
        Algorithm: AES
        SigningEncoding: Binary
        AsyncReceipt: False
        Level: 6
        SignatureCertificates: 
        DigestAlgorithm: SHA1
        DigestAlgorithmOnly: False
        CompressionEncoding: Binary
        Result: iCore.Public.AS2.Implementation.AS2MessageConfiguration
        Charset: utf-8
        SignatureProtocolRequired: False
        DigestAlgorithmRequired: False
        HeaderEncoding: Auto
        Time: 2016-06-09 17:05:00
        SignatureProtocol: PKCS7
        EncryptionCertificates: 
        Signed: False
}
4: WorkflowInstance "CreateAS2MessageConfigurationActivity" is Completed</StdOut>
      </Output>
    </UnitTestResult>
    <UnitTestResult executionId="5a711d39-fcbf-477d-9db0-69600e488a54" testId="23444824-7223-f56f-dec3-17a25cf8e0f1" testName="Invoke_ActivityIsCancelled_ActivityCancels" computerName="ICSWS068" duration="00:00:01.0397257" startTime="2016-08-04T09:57:51.8168396+02:00" endTime="2016-08-04T09:57:52.8584844+02:00" testType="13cdc9d9-ddb5-4fa4-a97d-d965ccfc6d4b" outcome="Passed" testListId="8c84fa94-04c1-424b-9868-57a2d4851a1d" relativeResultsDirectory="5a711d39-fcbf-477d-9db0-69600e488a54">
      <Output>
        <StdOut>Debug Trace:
0: WorkflowInstance "SendAS2MDNActivity" is Started
1: Activity [null] "null" scheduled child activity [1] "SendAS2MDNActivity"
2: Activity [1] "SendAS2MDNActivity" is Executing
{
    Arguments
        Url: url
        MDN: Mock&lt;iCore.Public.AS2.IAS2MDN:10bd&gt;.Object
}
3: Host requests cancel of activity [1] "SendAS2MDNActivity"
4: WorkflowInstance "SendAS2MDNActivity" is Idle
5: Activity [1] "SendAS2MDNActivity" is Canceled
{
    Arguments
        Url: url
        MDN: Mock&lt;iCore.Public.AS2.IAS2MDN:10bd&gt;.Object
}
6: WorkflowInstance "SendAS2MDNActivity" is Canceled</StdOut>
      </Output>
    </UnitTestResult>
    <UnitTestResult executionId="a460e171-df70-4cc4-bc43-e982559fdf65" testId="d4590e66-bfab-4a29-9a45-506e04adcf0f" testName="Invoke_NonNullableArgumentIsNull_ThrowsArgumentNullException" computerName="ICSWS068" duration="00:00:00.0030266" startTime="2016-08-04T09:57:52.8615025+02:00" endTime="2016-08-04T09:57:52.8668748+02:00" testType="13cdc9d9-ddb5-4fa4-a97d-d965ccfc6d4b" outcome="Passed" testListId="8c84fa94-04c1-424b-9868-57a2d4851a1d" relativeResultsDirectory="a460e171-df70-4cc4-bc43-e982559fdf65">
      <Output>
        <StdOut>Debug Trace:
0: WorkflowInstance "SendAS2MDNActivity" is Started
1: Activity [null] "null" scheduled child activity [1] "SendAS2MDNActivity"
2: Activity [1] "SendAS2MDNActivity" is Executing
{
    Arguments
        Url: 
        MDN: Mock&lt;iCore.Public.AS2.IAS2MDN:f70b&gt;.Object
}
3: Activity [1] "SendAS2MDNActivity" is Faulted
{
    Arguments
        Url: 
        MDN: Mock&lt;iCore.Public.AS2.IAS2MDN:f70b&gt;.Object
}
4: Fault source [1] "SendAS2MDNActivity"
5: WorkflowInstance "SendAS2MDNActivity" Unhandled Exception Source "SendAS2MDNActivity" Exception &lt;System.ArgumentNullException: Url is null or empty.
Parameter name: Url
   at UnitTests.iCore.Workflow.Activities.ActivityStandardTestsBase`1.WaitForException() in F:\ETWork\Main\Common\ActivityStandardTestsBase.cs:line 100
   at UnitTests.iCore.Workflow.Activities.ActivityStandardTestsBase`1.Invoke_NonNullableArgumentIsNull_ThrowsArgumentNullException() in F:\ETWork\Main\Common\ActivityStandardTestsBase.cs:line 222&gt;
6: WorkflowInstance Aborted [SendAS2MDNActivity] Reason "Url is null or empty.
Parameter name: Url"</StdOut>
      </Output>
    </UnitTestResult>
    <UnitTestResult executionId="6c4a347b-01e3-4cb0-a2a7-72fc2219097d" testId="d7a682ff-c7fa-6251-cb8f-d2ddacda0914" testName="Invoke_RequiredArgumentIsMissing_ThrowsArgumentException" computerName="ICSWS068" duration="00:00:00.0019028" startTime="2016-08-04T09:57:52.8698771+02:00" endTime="2016-08-04T09:57:52.8733624+02:00" testType="13cdc9d9-ddb5-4fa4-a97d-d965ccfc6d4b" outcome="Passed" testListId="8c84fa94-04c1-424b-9868-57a2d4851a1d" relativeResultsDirectory="6c4a347b-01e3-4cb0-a2a7-72fc2219097d" />
    <UnitTestResult executionId="c0fa88da-435a-436d-aac6-df24646218cc" testId="2f181860-9ebd-b225-1113-1ac6010d8b51" testName="Invoke_OptionalArgumentIsMissing_ValidExecution" computerName="ICSWS068" duration="00:00:00.0004791" startTime="2016-08-04T09:57:52.8773667+02:00" endTime="2016-08-04T09:57:52.8793673+02:00" testType="13cdc9d9-ddb5-4fa4-a97d-d965ccfc6d4b" outcome="Passed" testListId="8c84fa94-04c1-424b-9868-57a2d4851a1d" relativeResultsDirectory="c0fa88da-435a-436d-aac6-df24646218cc" />
    <UnitTestResult executionId="eebe2bbb-c8bf-4804-8953-03adf4305b39" testId="02ece4b5-cda5-aa8e-6f13-432dc91482d4" testName="Invoke_CorrectArguments_ValidExecution" computerName="ICSWS068" duration="00:00:00.0039386" startTime="2016-08-04T09:57:52.8818687+02:00" endTime="2016-08-04T09:57:52.8875085+02:00" testType="13cdc9d9-ddb5-4fa4-a97d-d965ccfc6d4b" outcome="Passed" testListId="8c84fa94-04c1-424b-9868-57a2d4851a1d" relativeResultsDirectory="eebe2bbb-c8bf-4804-8953-03adf4305b39">
      <Output>
        <StdOut>Debug Trace:
0: WorkflowInstance "SendAS2MDNActivity" is Started
1: Activity [null] "null" scheduled child activity [1] "SendAS2MDNActivity"
2: Activity [1] "SendAS2MDNActivity" is Executing
{
    Arguments
        Url: url
        MDN: Mock&lt;iCore.Public.AS2.IAS2MDN:fb90&gt;.Object
}
3: WorkflowInstance "SendAS2MDNActivity" is Idle
4: Activity [1] "SendAS2MDNActivity" is Closed
{
    Arguments
        Url: url
        MDN: Mock&lt;iCore.Public.AS2.IAS2MDN:fb90&gt;.Object
}
5: WorkflowInstance "SendAS2MDNActivity" is Completed</StdOut>
      </Output>
    </UnitTestResult>
    <UnitTestResult executionId="06e1e55a-43a9-4708-8e91-c4f247141cbd" testId="167cfec4-212d-4272-be6e-dde25d19eba2" testName="Invoke_CloseStreamsIsTrue_StreamsAreClosed" computerName="ICSWS068" duration="00:00:00.0101622" startTime="2016-08-04T09:57:52.8910111+02:00" endTime="2016-08-04T09:57:52.9029405+02:00" testType="13cdc9d9-ddb5-4fa4-a97d-d965ccfc6d4b" outcome="Passed" testListId="8c84fa94-04c1-424b-9868-57a2d4851a1d" relativeResultsDirectory="06e1e55a-43a9-4708-8e91-c4f247141cbd">
      <Output>
        <StdOut>Debug Trace:
0: WorkflowInstance "SendAS2MessageActivity" is Started
1: Activity [null] "null" scheduled child activity [1] "SendAS2MessageActivity"
2: Activity [1] "SendAS2MessageActivity" is Executing
{
    Arguments
        DataStream: Mock&lt;System.IO.Stream:ed97&gt;.Object
        MDNStream: Mock&lt;System.IO.Stream:6332&gt;.Object
        Message: Mock&lt;iCore.Public.AS2.IAS2Message:275c&gt;.Object
        CloseStreams: True
        FullMessageData: Mock&lt;System.IO.Stream:4938&gt;.Object
        Url: url
}
3: WorkflowInstance "SendAS2MessageActivity" is Idle
4: Activity [1] "SendAS2MessageActivity" is Closed
{
    Arguments
        DataStream: Mock&lt;System.IO.Stream:ed97&gt;.Object
        MDNStream: Mock&lt;System.IO.Stream:6332&gt;.Object
        Message: Mock&lt;iCore.Public.AS2.IAS2Message:275c&gt;.Object
        CloseStreams: True
        FullMessageData: Mock&lt;System.IO.Stream:4938&gt;.Object
        Url: url
}
5: WorkflowInstance "SendAS2MessageActivity" is Completed</StdOut>
      </Output>
    </UnitTestResult>
    <UnitTestResult executionId="65b64ad1-11a1-4ea4-8f31-abf7dc5cde95" testId="b03ce0d0-6489-cea2-6a7f-5c8038b7f34a" testName="Invoke_CloseStreamsIsTrueOptionalStreamsAreNull_NoError" computerName="ICSWS068" duration="00:00:00.0035418" startTime="2016-08-04T09:57:52.9059425+02:00" endTime="2016-08-04T09:57:52.9109468+02:00" testType="13cdc9d9-ddb5-4fa4-a97d-d965ccfc6d4b" outcome="Passed" testListId="8c84fa94-04c1-424b-9868-57a2d4851a1d" relativeResultsDirectory="65b64ad1-11a1-4ea4-8f31-abf7dc5cde95">
      <Output>
        <StdOut>Debug Trace:
0: WorkflowInstance "SendAS2MessageActivity" is Started
1: Activity [null] "null" scheduled child activity [1] "SendAS2MessageActivity"
2: Activity [1] "SendAS2MessageActivity" is Executing
{
    Arguments
        DataStream: Mock&lt;System.IO.Stream:ebc4&gt;.Object
        MDNStream: 
        Message: Mock&lt;iCore.Public.AS2.IAS2Message:4fd6&gt;.Object
        CloseStreams: True
        FullMessageData: 
        Url: url
}
3: WorkflowInstance "SendAS2MessageActivity" is Idle
4: Activity [1] "SendAS2MessageActivity" is Closed
{
    Arguments
        DataStream: Mock&lt;System.IO.Stream:ebc4&gt;.Object
        MDNStream: 
        Message: Mock&lt;iCore.Public.AS2.IAS2Message:4fd6&gt;.Object
        CloseStreams: True
        FullMessageData: 
        Url: url
}
5: WorkflowInstance "SendAS2MessageActivity" is Completed</StdOut>
      </Output>
    </UnitTestResult>
    <UnitTestResult executionId="03e587fa-9010-44f4-a9c6-adfad5bfa10f" testId="f6849e34-ce44-0e6a-19ef-29d4361bfedb" testName="Invoke_ActivityIsCancelled_ActivityCancels" computerName="ICSWS068" duration="00:00:00.0260996" startTime="2016-08-04T09:57:52.9139482+02:00" endTime="2016-08-04T09:57:52.9418366+02:00" testType="13cdc9d9-ddb5-4fa4-a97d-d965ccfc6d4b" outcome="Failed" testListId="8c84fa94-04c1-424b-9868-57a2d4851a1d" relativeResultsDirectory="03e587fa-9010-44f4-a9c6-adfad5bfa10f">
      <Output>
        <StdOut>Debug Trace:
0: WorkflowInstance "SendAS2MessageActivity" is Started
1: Activity [null] "null" scheduled child activity [1] "SendAS2MessageActivity"
2: Activity [1] "SendAS2MessageActivity" is Executing
{
    Arguments
        DataStream: 
        MDNStream: 
        Message: Mock&lt;iCore.Public.AS2.IAS2Message:678c&gt;.Object
        CloseStreams: False
        FullMessageData: 
        Url: url
}
3: Activity [1] "SendAS2MessageActivity" is Faulted
{
    Arguments
        DataStream: 
        MDNStream: 
        Message: Mock&lt;iCore.Public.AS2.IAS2Message:678c&gt;.Object
        CloseStreams: False
        FullMessageData: 
        Url: url
}
4: Fault source [1] "SendAS2MessageActivity"
5: WorkflowInstance "SendAS2MessageActivity" Unhandled Exception Source "SendAS2MessageActivity" Exception &lt;System.ArgumentNullException: Value cannot be null.
Parameter name: DataStream was null (Nothing in Visual Basic) or empty.
   at iCore.Workflow.Activities.AS2.SendAS2MessageActivity.BeginExecute(AsyncCodeActivityContext context, AsyncCallback callback, Object state)
   at System.Activities.AsyncCodeActivity.InternalExecute(ActivityInstance instance, ActivityExecutor executor, BookmarkManager bookmarkManager)
   at System.Activities.ActivityInstance.Execute(ActivityExecutor executor, BookmarkManager bookmarkManager)
   at System.Activities.Runtime.ActivityExecutor.ExecuteActivityWorkItem.ExecuteBody(ActivityExecutor executor, BookmarkManager bookmarkManager, Location resultLocation)&gt;
6: WorkflowInstance Aborted [SendAS2MessageActivity] Reason "Value cannot be null.
Parameter name: DataStream was null (Nothing in Visual Basic) or empty."</StdOut>
        <ErrorInfo>
          <Message>Test method UnitTests.iCore.Workflow.Activities.AS2.SendAS2MessageActivityTests.Invoke_ActivityIsCancelled_ActivityCancels threw exception: 
System.AggregateException: One or more errors occurred. ---&gt; System.Activities.WorkflowApplicationAbortedException: The operation could not be performed because WorkflowApplication 70a40c43-1390-4700-9b5f-468094972ba8 is aborted.</Message>
          <StackTrace>    at System.Activities.WorkflowApplication.ThrowIfAborted()
   at System.Activities.WorkflowApplication.Cancel(TimeSpan timeout)
   at System.Activities.WorkflowApplication.Cancel()
   at Microsoft.Activities.UnitTesting.WorkflowApplicationTest`1.&lt;CancelAsync&gt;b__2()
   at System.Threading.Tasks.Task.InnerInvoke()
   at System.Threading.Tasks.Task.Execute()
 --- End of inner exception stack trace ---
    at System.Threading.Tasks.Task.ThrowIfExceptional(Boolean includeTaskCanceledExceptions)
   at System.Threading.Tasks.Task.Wait(Int32 millisecondsTimeout, CancellationToken cancellationToken)
   at System.Threading.Tasks.Task.Wait()
   at UnitTests.iCore.Workflow.Activities.AsyncCodeActivityStandardTestsBase`1.Invoke_ActivityIsCancelled_ActivityCancels() in F:\ETWork\Main\Common\ActivityStandardTestsBase.cs:line 387
</StackTrace>
        </ErrorInfo>
      </Output>
    </UnitTestResult>
    <UnitTestResult executionId="74516ad2-1707-42ad-be7a-95ad10931767" testId="4b59f432-b333-6fd2-f9bb-48cc26eb7fba" testName="Invoke_NonNullableArgumentIsNull_ThrowsArgumentNullException" computerName="ICSWS068" duration="00:00:00.0037497" startTime="2016-08-04T09:57:52.9448374+02:00" endTime="2016-08-04T09:57:52.9498576+02:00" testType="13cdc9d9-ddb5-4fa4-a97d-d965ccfc6d4b" outcome="Passed" testListId="8c84fa94-04c1-424b-9868-57a2d4851a1d" relativeResultsDirectory="74516ad2-1707-42ad-be7a-95ad10931767">
      <Output>
        <StdOut>Debug Trace:
0: WorkflowInstance "SendAS2MessageActivity" is Started
1: Activity [null] "null" scheduled child activity [1] "SendAS2MessageActivity"
2: Activity [1] "SendAS2MessageActivity" is Executing
{
    Arguments
        DataStream: 
        MDNStream: 
        Message: Mock&lt;iCore.Public.AS2.IAS2Message:20d4&gt;.Object
        CloseStreams: False
        FullMessageData: 
        Url: 
}
3: Activity [1] "SendAS2MessageActivity" is Faulted
{
    Arguments
        DataStream: 
        MDNStream: 
        Message: Mock&lt;iCore.Public.AS2.IAS2Message:20d4&gt;.Object
        CloseStreams: False
        FullMessageData: 
        Url: 
}
4: Fault source [1] "SendAS2MessageActivity"
5: WorkflowInstance "SendAS2MessageActivity" Unhandled Exception Source "SendAS2MessageActivity" Exception &lt;System.ArgumentNullException: Url is null or empty.
Parameter name: Url
   at UnitTests.iCore.Workflow.Activities.ActivityStandardTestsBase`1.WaitForException() in F:\ETWork\Main\Common\ActivityStandardTestsBase.cs:line 100
   at UnitTests.iCore.Workflow.Activities.ActivityStandardTestsBase`1.Invoke_NonNullableArgumentIsNull_ThrowsArgumentNullException() in F:\ETWork\Main\Common\ActivityStandardTestsBase.cs:line 222&gt;
6: WorkflowInstance Aborted [SendAS2MessageActivity] Reason "Url is null or empty.
Parameter name: Url"</StdOut>
      </Output>
    </UnitTestResult>
    <UnitTestResult executionId="abfcc144-7e22-4a07-884b-a2f7d99147c7" testId="1864723f-9bf0-2290-0bfd-e2a81ad545d0" testName="Invoke_RequiredArgumentIsMissing_ThrowsArgumentException" computerName="ICSWS068" duration="00:00:00.0028453" startTime="2016-08-04T09:57:52.9523429+02:00" endTime="2016-08-04T09:57:52.9563633+02:00" testType="13cdc9d9-ddb5-4fa4-a97d-d965ccfc6d4b" outcome="Passed" testListId="8c84fa94-04c1-424b-9868-57a2d4851a1d" relativeResultsDirectory="abfcc144-7e22-4a07-884b-a2f7d99147c7" />
    <UnitTestResult executionId="e9481708-4e57-477b-8860-0d462c8d078c" testId="73f65d07-4919-4447-bd78-644b372d5314" testName="Invoke_OptionalArgumentIsMissing_ValidExecution" computerName="ICSWS068" duration="00:00:20.0091590" startTime="2016-08-04T09:57:52.9593480+02:00" endTime="2016-08-04T09:58:12.9698493+02:00" testType="13cdc9d9-ddb5-4fa4-a97d-d965ccfc6d4b" outcome="Failed" testListId="8c84fa94-04c1-424b-9868-57a2d4851a1d" relativeResultsDirectory="e9481708-4e57-477b-8860-0d462c8d078c">
      <Output>
        <StdOut>Debug Trace:
Test of optional argument MDNStream failed. System.ArgumentNullException: Value cannot be null.
Parameter name: DataStream was null (Nothing in Visual Basic) or empty.
   at UnitTests.iCore.Workflow.Activities.ActivityStandardTestsBase`1.WaitForCompletion() in F:\ETWork\Main\Common\ActivityStandardTestsBase.cs:line 50
   at UnitTests.iCore.Workflow.Activities.ActivityStandardTestsBase`1.Invoke_OptionalArgumentIsMissing_ValidExecution() in F:\ETWork\Main\Common\ActivityStandardTestsBase.cs:line 274
Test of optional argument FullMessageData failed. System.ArgumentNullException: Value cannot be null.
Parameter name: DataStream was null (Nothing in Visual Basic) or empty.
   at UnitTests.iCore.Workflow.Activities.ActivityStandardTestsBase`1.WaitForCompletion() in F:\ETWork\Main\Common\ActivityStandardTestsBase.cs:line 50
   at UnitTests.iCore.Workflow.Activities.ActivityStandardTestsBase`1.Invoke_OptionalArgumentIsMissing_ValidExecution() in F:\ETWork\Main\Common\ActivityStandardTestsBase.cs:line 274
0: WorkflowInstance "SendAS2MessageActivity" is Started
1: Activity [null] "null" scheduled child activity [1] "SendAS2MessageActivity"
2: Activity [1] "SendAS2MessageActivity" is Executing
{
    Arguments
        DataStream: 
        MDNStream: 
        Message: Mock&lt;iCore.Public.AS2.IAS2Message:1762&gt;.Object
        CloseStreams: False
        FullMessageData: 
        Url: url
}
3: Activity [1] "SendAS2MessageActivity" is Faulted
{
    Arguments
        DataStream: 
        MDNStream: 
        Message: Mock&lt;iCore.Public.AS2.IAS2Message:1762&gt;.Object
        CloseStreams: False
        FullMessageData: 
        Url: url
}
4: Fault source [1] "SendAS2MessageActivity"
5: WorkflowInstance "SendAS2MessageActivity" Unhandled Exception Source "SendAS2MessageActivity" Exception &lt;System.ArgumentNullException: Value cannot be null.
Parameter name: DataStream was null (Nothing in Visual Basic) or empty.
   at UnitTests.iCore.Workflow.Activities.ActivityStandardTestsBase`1.WaitForCompletion() in F:\ETWork\Main\Common\ActivityStandardTestsBase.cs:line 50
   at UnitTests.iCore.Workflow.Activities.ActivityStandardTestsBase`1.Invoke_OptionalArgumentIsMissing_ValidExecution() in F:\ETWork\Main\Common\ActivityStandardTestsBase.cs:line 274&gt;
6: WorkflowInstance Aborted [SendAS2MessageActivity] Reason "Value cannot be null.
Parameter name: DataStream was null (Nothing in Visual Basic) or empty."</StdOut>
        <ErrorInfo>
          <Message>Assert.AreEqual failed. Expected:&lt;0&gt;. Actual:&lt;2&gt;. Test of optional arguments failed, see output for details.</Message>
          <StackTrace>   at UnitTests.iCore.Workflow.Activities.ActivityStandardTestsBase`1.Invoke_OptionalArgumentIsMissing_ValidExecution() in F:\ETWork\Main\Common\ActivityStandardTestsBase.cs:line 260
</StackTrace>
        </ErrorInfo>
      </Output>
    </UnitTestResult>
    <UnitTestResult executionId="14cc5e86-4434-4c9c-9f5f-34e0ed117415" testId="3edec32c-7a84-e233-2c4d-422c7627b1d9" testName="Invoke_CorrectArguments_ValidExecution" computerName="ICSWS068" duration="00:00:10.0050227" startTime="2016-08-04T09:58:12.9780495+02:00" endTime="2016-08-04T09:58:22.9850828+02:00" testType="13cdc9d9-ddb5-4fa4-a97d-d965ccfc6d4b" outcome="Failed" testListId="8c84fa94-04c1-424b-9868-57a2d4851a1d" relativeResultsDirectory="14cc5e86-4434-4c9c-9f5f-34e0ed117415">
      <Output>
        <StdOut>Debug Trace:
0: WorkflowInstance "SendAS2MessageActivity" is Started
1: Activity [null] "null" scheduled child activity [1] "SendAS2MessageActivity"
2: Activity [1] "SendAS2MessageActivity" is Executing
{
    Arguments
        DataStream: 
        MDNStream: 
        Message: Mock&lt;iCore.Public.AS2.IAS2Message:85c7&gt;.Object
        CloseStreams: False
        FullMessageData: 
        Url: url
}
3: Activity [1] "SendAS2MessageActivity" is Faulted
{
    Arguments
        DataStream: 
        MDNStream: 
        Message: Mock&lt;iCore.Public.AS2.IAS2Message:85c7&gt;.Object
        CloseStreams: False
        FullMessageData: 
        Url: url
}
4: Fault source [1] "SendAS2MessageActivity"
5: WorkflowInstance "SendAS2MessageActivity" Unhandled Exception Source "SendAS2MessageActivity" Exception &lt;System.ArgumentNullException: Value cannot be null.
Parameter name: DataStream was null (Nothing in Visual Basic) or empty.
   at UnitTests.iCore.Workflow.Activities.ActivityStandardTestsBase`1.WaitForCompletion() in F:\ETWork\Main\Common\ActivityStandardTestsBase.cs:line 50
   at UnitTests.iCore.Workflow.Activities.ActivityStandardTestsBase`1.Invoke_CorrectArguments_ValidExecution() in F:\ETWork\Main\Common\ActivityStandardTestsBase.cs:line 302&gt;
6: WorkflowInstance Aborted [SendAS2MessageActivity] Reason "Value cannot be null.
Parameter name: DataStream was null (Nothing in Visual Basic) or empty."</StdOut>
        <ErrorInfo>
          <Message>Test method UnitTests.iCore.Workflow.Activities.AS2.SendAS2MessageActivityTests.Invoke_CorrectArguments_ValidExecution threw exception: 
System.ArgumentNullException: Value cannot be null.
Parameter name: DataStream was null (Nothing in Visual Basic) or empty.</Message>
          <StackTrace>    at UnitTests.iCore.Workflow.Activities.ActivityStandardTestsBase`1.WaitForCompletion() in F:\ETWork\Main\Common\ActivityStandardTestsBase.cs:line 50
   at UnitTests.iCore.Workflow.Activities.ActivityStandardTestsBase`1.Invoke_CorrectArguments_ValidExecution() in F:\ETWork\Main\Common\ActivityStandardTestsBase.cs:line 302
</StackTrace>
        </ErrorInfo>
      </Output>
    </UnitTestResult>
    <UnitTestResult executionId="1aaaa326-8c12-437d-9f24-750abbcf9b15" testId="ca536697-c6b0-8b43-fa9b-e7a5bdd8cf93" testName="Invoke_ImplementationThrows_Throws" computerName="ICSWS068" duration="00:00:00.0366636" startTime="2016-08-04T09:58:22.9875830+02:00" endTime="2016-08-04T09:58:23.0258478+02:00" testType="13cdc9d9-ddb5-4fa4-a97d-d965ccfc6d4b" outcome="Passed" testListId="8c84fa94-04c1-424b-9868-57a2d4851a1d" relativeResultsDirectory="1aaaa326-8c12-437d-9f24-750abbcf9b15">
      <Output>
        <StdOut>Debug Trace:
0: WorkflowInstance "LoadAS2MessageActivity" is Started
1: Activity [null] "null" scheduled child activity [1] "LoadAS2MessageActivity"
2: Activity [1] "LoadAS2MessageActivity" is Executing
{
    Arguments
        SignatureCertificates: System.Collections.Generic.List`1[iCore.Public.Crypto.X509Certificates.ICertificate]
        CloseStreams: False
        Content: Mock&lt;System.IO.Stream:5d7c&gt;.Object
        Source: Mock&lt;System.IO.Stream:4643&gt;.Object
        EncryptionCertificates: System.Collections.Generic.List`1[iCore.Public.Crypto.X509Certificates.ICertificate]
}
3: WorkflowInstance "LoadAS2MessageActivity" is Idle
4: Activity [1] "LoadAS2MessageActivity" is Faulted
{
    Arguments
        SignatureCertificates: System.Collections.Generic.List`1[iCore.Public.Crypto.X509Certificates.ICertificate]
        CloseStreams: False
        Content: Mock&lt;System.IO.Stream:5d7c&gt;.Object
        Result: 
        Source: Mock&lt;System.IO.Stream:4643&gt;.Object
        EncryptionCertificates: System.Collections.Generic.List`1[iCore.Public.Crypto.X509Certificates.ICertificate]
}
5: Fault source [1] "LoadAS2MessageActivity"
6: WorkflowInstance "LoadAS2MessageActivity" Unhandled Exception Source "LoadAS2MessageActivity" Exception &lt;Testing.Common.TestException: Test exception
   at UnitTests.iCore.Workflow.Activities.AS2.LoadAS2MessageActivityTests.&lt;&gt;c__DisplayClass26_0.&lt;SetupMocks&gt;b__2() in F:\ETWork\Main\Common\Assemblies\UnitTests.iCore.Workflow.Activities.AS2\LoadAS2MessageActivityTests.cs:line 114   at UnitTests.iCore.Workflow.Activities.AS2.LoadAS2MessageActivityTests.&lt;&gt;c__DisplayClass26_0.&lt;SetupMocks&gt;b__2() in F:\ETWork\Main\Common\Assemblies\UnitTests.iCore.Workflow.Activities.AS2\LoadAS2MessageActivityTests.cs:line 114   at UnitTests.iCore.Workflow.Activities.ActivityStandardTestsBase`1.WaitForException() in F:\ETWork\Main\Common\ActivityStandardTestsBase.cs:line 100
   at UnitTests.iCore.Workflow.Activities.AS2.LoadAS2MessageActivityTests.&lt;Invoke_ImplementationThrows_Throws&gt;b__27_0() in F:\ETWork\Main\Common\Assemblies\UnitTests.iCore.Workflow.Activities.AS2\LoadAS2MessageActivityTests.cs:line 144
   at Testing.Common.Asserts.ExceptionAssert.Throws[T](Action func) in F:\ETWork\Main\Testing\Assemblies\Testing.Common\Asserts\ExceptionAssert.cs:line 57&gt;
7: WorkflowInstance Aborted [LoadAS2MessageActivity] Reason "Test exception"</StdOut>
      </Output>
    </UnitTestResult>
    <UnitTestResult executionId="39898626-aa6f-47f9-8f0d-540047ffe401" testId="79aca43e-a255-631a-7ec4-c9d9b39aa184" testName="Invoke_SourceIsEmpty_Throws" computerName="ICSWS068" duration="00:00:00.0050356" startTime="2016-08-04T09:58:23.0288659+02:00" endTime="2016-08-04T09:58:23.0351377+02:00" testType="13cdc9d9-ddb5-4fa4-a97d-d965ccfc6d4b" outcome="Passed" testListId="8c84fa94-04c1-424b-9868-57a2d4851a1d" relativeResultsDirectory="39898626-aa6f-47f9-8f0d-540047ffe401">
      <Output>
        <StdOut>Debug Trace:
0: WorkflowInstance "LoadAS2MessageActivity" is Started
1: Activity [null] "null" scheduled child activity [1] "LoadAS2MessageActivity"
2: Activity [1] "LoadAS2MessageActivity" is Executing
{
    Arguments
        SignatureCertificates: System.Collections.Generic.List`1[iCore.Public.Crypto.X509Certificates.ICertificate]
        CloseStreams: False
        Content: Mock&lt;System.IO.Stream:64c6&gt;.Object
        Source: Mock&lt;System.IO.Stream:37aa&gt;.Object
        EncryptionCertificates: System.Collections.Generic.List`1[iCore.Public.Crypto.X509Certificates.ICertificate]
}
3: Activity [1] "LoadAS2MessageActivity" is Faulted
{
    Arguments
        SignatureCertificates: System.Collections.Generic.List`1[iCore.Public.Crypto.X509Certificates.ICertificate]
        CloseStreams: False
        Content: Mock&lt;System.IO.Stream:64c6&gt;.Object
        Result: 
        Source: Mock&lt;System.IO.Stream:37aa&gt;.Object
        EncryptionCertificates: System.Collections.Generic.List`1[iCore.Public.Crypto.X509Certificates.ICertificate]
}
4: Fault source [1] "LoadAS2MessageActivity"
5: WorkflowInstance "LoadAS2MessageActivity" Unhandled Exception Source "LoadAS2MessageActivity" Exception &lt;System.ArgumentException: Source contains no more data to read.
Parameter name: Source
   at UnitTests.iCore.Workflow.Activities.ActivityStandardTestsBase`1.WaitForException() in F:\ETWork\Main\Common\ActivityStandardTestsBase.cs:line 100
   at UnitTests.iCore.Workflow.Activities.AS2.LoadAS2MessageActivityTests.&lt;Invoke_SourceIsEmpty_Throws&gt;b__28_0() in F:\ETWork\Main\Common\Assemblies\UnitTests.iCore.Workflow.Activities.AS2\LoadAS2MessageActivityTests.cs:line 163
   at Testing.Common.Asserts.ExceptionAssert.Throws[T](Action func) in F:\ETWork\Main\Testing\Assemblies\Testing.Common\Asserts\ExceptionAssert.cs:line 57&gt;
6: WorkflowInstance Aborted [LoadAS2MessageActivity] Reason "Source contains no more data to read.
Parameter name: Source"</StdOut>
      </Output>
    </UnitTestResult>
    <UnitTestResult executionId="b867faf5-33d3-44e3-bbb4-dd7d48f8e4a9" testId="b0dfa7ca-21ad-bff9-754b-ed5c4836cd4c" testName="Invoke_SourceIsAtEnd_Throws" computerName="ICSWS068" duration="00:00:00.0050078" startTime="2016-08-04T09:58:23.0381402+02:00" endTime="2016-08-04T09:58:23.0445431+02:00" testType="13cdc9d9-ddb5-4fa4-a97d-d965ccfc6d4b" outcome="Passed" testListId="8c84fa94-04c1-424b-9868-57a2d4851a1d" relativeResultsDirectory="b867faf5-33d3-44e3-bbb4-dd7d48f8e4a9">
      <Output>
        <StdOut>Debug Trace:
0: WorkflowInstance "LoadAS2MessageActivity" is Started
1: Activity [null] "null" scheduled child activity [1] "LoadAS2MessageActivity"
2: Activity [1] "LoadAS2MessageActivity" is Executing
{
    Arguments
        SignatureCertificates: System.Collections.Generic.List`1[iCore.Public.Crypto.X509Certificates.ICertificate]
        CloseStreams: False
        Content: Mock&lt;System.IO.Stream:23e9&gt;.Object
        Source: Mock&lt;System.IO.Stream:ce95&gt;.Object
        EncryptionCertificates: System.Collections.Generic.List`1[iCore.Public.Crypto.X509Certificates.ICertificate]
}
3: Activity [1] "LoadAS2MessageActivity" is Faulted
{
    Arguments
        SignatureCertificates: System.Collections.Generic.List`1[iCore.Public.Crypto.X509Certificates.ICertificate]
        CloseStreams: False
        Content: Mock&lt;System.IO.Stream:23e9&gt;.Object
        Result: 
        Source: Mock&lt;System.IO.Stream:ce95&gt;.Object
        EncryptionCertificates: System.Collections.Generic.List`1[iCore.Public.Crypto.X509Certificates.ICertificate]
}
4: Fault source [1] "LoadAS2MessageActivity"
5: WorkflowInstance "LoadAS2MessageActivity" Unhandled Exception Source "LoadAS2MessageActivity" Exception &lt;System.ArgumentException: Source contains no more data to read.
Parameter name: Source
   at UnitTests.iCore.Workflow.Activities.ActivityStandardTestsBase`1.WaitForException() in F:\ETWork\Main\Common\ActivityStandardTestsBase.cs:line 100
   at UnitTests.iCore.Workflow.Activities.AS2.LoadAS2MessageActivityTests.&lt;Invoke_SourceIsAtEnd_Throws&gt;b__29_0() in F:\ETWork\Main\Common\Assemblies\UnitTests.iCore.Workflow.Activities.AS2\LoadAS2MessageActivityTests.cs:line 182
   at Testing.Common.Asserts.ExceptionAssert.Throws[T](Action func) in F:\ETWork\Main\Testing\Assemblies\Testing.Common\Asserts\ExceptionAssert.cs:line 57&gt;
6: WorkflowInstance Aborted [LoadAS2MessageActivity] Reason "Source contains no more data to read.
Parameter name: Source"</StdOut>
      </Output>
    </UnitTestResult>
    <UnitTestResult executionId="68caffed-216f-4703-8d5d-41ca2f20540f" testId="75819078-f885-d892-43bf-64a8672b97af" testName="Invoke_ContentIsReadOnly_Throws" computerName="ICSWS068" duration="00:00:00.0049649" startTime="2016-08-04T09:58:23.0470284+02:00" endTime="2016-08-04T09:58:23.0535321+02:00" testType="13cdc9d9-ddb5-4fa4-a97d-d965ccfc6d4b" outcome="Passed" testListId="8c84fa94-04c1-424b-9868-57a2d4851a1d" relativeResultsDirectory="68caffed-216f-4703-8d5d-41ca2f20540f">
      <Output>
        <StdOut>Debug Trace:
0: WorkflowInstance "LoadAS2MessageActivity" is Started
1: Activity [null] "null" scheduled child activity [1] "LoadAS2MessageActivity"
2: Activity [1] "LoadAS2MessageActivity" is Executing
{
    Arguments
        SignatureCertificates: System.Collections.Generic.List`1[iCore.Public.Crypto.X509Certificates.ICertificate]
        CloseStreams: False
        Content: Mock&lt;System.IO.Stream:b445&gt;.Object
        Source: Mock&lt;System.IO.Stream:d09e&gt;.Object
        EncryptionCertificates: System.Collections.Generic.List`1[iCore.Public.Crypto.X509Certificates.ICertificate]
}
3: Activity [1] "LoadAS2MessageActivity" is Faulted
{
    Arguments
        SignatureCertificates: System.Collections.Generic.List`1[iCore.Public.Crypto.X509Certificates.ICertificate]
        CloseStreams: False
        Content: Mock&lt;System.IO.Stream:b445&gt;.Object
        Result: 
        Source: Mock&lt;System.IO.Stream:d09e&gt;.Object
        EncryptionCertificates: System.Collections.Generic.List`1[iCore.Public.Crypto.X509Certificates.ICertificate]
}
4: Fault source [1] "LoadAS2MessageActivity"
5: WorkflowInstance "LoadAS2MessageActivity" Unhandled Exception Source "LoadAS2MessageActivity" Exception &lt;System.ArgumentException: Content is read only.
Parameter name: Content
   at UnitTests.iCore.Workflow.Activities.ActivityStandardTestsBase`1.WaitForException() in F:\ETWork\Main\Common\ActivityStandardTestsBase.cs:line 100
   at UnitTests.iCore.Workflow.Activities.AS2.LoadAS2MessageActivityTests.&lt;Invoke_ContentIsReadOnly_Throws&gt;b__30_0() in F:\ETWork\Main\Common\Assemblies\UnitTests.iCore.Workflow.Activities.AS2\LoadAS2MessageActivityTests.cs:line 201
   at Testing.Common.Asserts.ExceptionAssert.Throws[T](Action func) in F:\ETWork\Main\Testing\Assemblies\Testing.Common\Asserts\ExceptionAssert.cs:line 57&gt;
6: WorkflowInstance Aborted [LoadAS2MessageActivity] Reason "Content is read only.
Parameter name: Content"</StdOut>
      </Output>
    </UnitTestResult>
    <UnitTestResult executionId="8649ec14-befa-4f2a-bc89-e5886d186865" testId="a7d730b1-bb1d-a50d-4407-16b4fc1b24a1" testName="Invoke_CloseStreamsIsFalse_StreamsAreNotClosed" computerName="ICSWS068" duration="00:00:00.0060130" startTime="2016-08-04T09:58:23.0565350+02:00" endTime="2016-08-04T09:58:23.0635389+02:00" testType="13cdc9d9-ddb5-4fa4-a97d-d965ccfc6d4b" outcome="Passed" testListId="8c84fa94-04c1-424b-9868-57a2d4851a1d" relativeResultsDirectory="8649ec14-befa-4f2a-bc89-e5886d186865">
      <Output>
        <StdOut>Debug Trace:
0: WorkflowInstance "LoadAS2MessageActivity" is Started
1: Activity [null] "null" scheduled child activity [1] "LoadAS2MessageActivity"
2: Activity [1] "LoadAS2MessageActivity" is Executing
{
    Arguments
        SignatureCertificates: System.Collections.Generic.List`1[iCore.Public.Crypto.X509Certificates.ICertificate]
        CloseStreams: False
        Content: Mock&lt;System.IO.Stream:fb28&gt;.Object
        Source: Mock&lt;System.IO.Stream:7a7a&gt;.Object
        EncryptionCertificates: System.Collections.Generic.List`1[iCore.Public.Crypto.X509Certificates.ICertificate]
}
3: WorkflowInstance "LoadAS2MessageActivity" is Idle
4: Activity [1] "LoadAS2MessageActivity" is Closed
{
    Arguments
        SignatureCertificates: System.Collections.Generic.List`1[iCore.Public.Crypto.X509Certificates.ICertificate]
        CloseStreams: False
        Content: Mock&lt;System.IO.Stream:fb28&gt;.Object
        Result: iCore.Public.AS2.Implementation.AS2Message
        Source: Mock&lt;System.IO.Stream:7a7a&gt;.Object
        EncryptionCertificates: System.Collections.Generic.List`1[iCore.Public.Crypto.X509Certificates.ICertificate]
}
5: WorkflowInstance "LoadAS2MessageActivity" is Completed</StdOut>
      </Output>
    </UnitTestResult>
    <UnitTestResult executionId="1e2800d4-1e50-4938-88f0-e69f2fbe592d" testId="d19ce3b0-11bd-67b9-c727-7d3ac46edd59" testName="Invoke_CloseStreamsIsTrue_StreamsAreClosed" computerName="ICSWS068" duration="00:00:00.0057277" startTime="2016-08-04T09:58:23.0665582+02:00" endTime="2016-08-04T09:58:23.0735693+02:00" testType="13cdc9d9-ddb5-4fa4-a97d-d965ccfc6d4b" outcome="Passed" testListId="8c84fa94-04c1-424b-9868-57a2d4851a1d" relativeResultsDirectory="1e2800d4-1e50-4938-88f0-e69f2fbe592d">
      <Output>
        <StdOut>Debug Trace:
0: WorkflowInstance "LoadAS2MessageActivity" is Started
1: Activity [null] "null" scheduled child activity [1] "LoadAS2MessageActivity"
2: Activity [1] "LoadAS2MessageActivity" is Executing
{
    Arguments
        SignatureCertificates: System.Collections.Generic.List`1[iCore.Public.Crypto.X509Certificates.ICertificate]
        CloseStreams: True
        Content: Mock&lt;System.IO.Stream:dfc1&gt;.Object
        Source: Mock&lt;System.IO.Stream:d5f2&gt;.Object
        EncryptionCertificates: System.Collections.Generic.List`1[iCore.Public.Crypto.X509Certificates.ICertificate]
}
3: WorkflowInstance "LoadAS2MessageActivity" is Idle
4: Activity [1] "LoadAS2MessageActivity" is Closed
{
    Arguments
        SignatureCertificates: System.Collections.Generic.List`1[iCore.Public.Crypto.X509Certificates.ICertificate]
        CloseStreams: True
        Content: Mock&lt;System.IO.Stream:dfc1&gt;.Object
        Result: iCore.Public.AS2.Implementation.AS2Message
        Source: Mock&lt;System.IO.Stream:d5f2&gt;.Object
        EncryptionCertificates: System.Collections.Generic.List`1[iCore.Public.Crypto.X509Certificates.ICertificate]
}
5: WorkflowInstance "LoadAS2MessageActivity" is Completed</StdOut>
      </Output>
    </UnitTestResult>
    <UnitTestResult executionId="c2e8b399-3d12-4de4-bc43-8ace6577f52b" testId="47816b5b-6f24-8232-4f43-f2a73f77565d" testName="Invoke_ActivityIsCancelled_ActivityCancels" computerName="ICSWS068" duration="00:00:01.0047649" startTime="2016-08-04T09:58:23.0760716+02:00" endTime="2016-08-04T09:58:24.0822703+02:00" testType="13cdc9d9-ddb5-4fa4-a97d-d965ccfc6d4b" outcome="Passed" testListId="8c84fa94-04c1-424b-9868-57a2d4851a1d" relativeResultsDirectory="c2e8b399-3d12-4de4-bc43-8ace6577f52b">
      <Output>
        <StdOut>Debug Trace:
0: WorkflowInstance "LoadAS2MessageActivity" is Started
1: Activity [null] "null" scheduled child activity [1] "LoadAS2MessageActivity"
2: Activity [1] "LoadAS2MessageActivity" is Executing
{
    Arguments
        SignatureCertificates: System.Collections.Generic.List`1[iCore.Public.Crypto.X509Certificates.ICertificate]
        CloseStreams: False
        Content: Mock&lt;System.IO.Stream:1a70&gt;.Object
        Source: Mock&lt;System.IO.Stream:2797&gt;.Object
        EncryptionCertificates: System.Collections.Generic.List`1[iCore.Public.Crypto.X509Certificates.ICertificate]
}
3: Host requests cancel of activity [1] "LoadAS2MessageActivity"
4: WorkflowInstance "LoadAS2MessageActivity" is Idle
5: Activity [1] "LoadAS2MessageActivity" is Canceled
{
    Arguments
        SignatureCertificates: System.Collections.Generic.List`1[iCore.Public.Crypto.X509Certificates.ICertificate]
        CloseStreams: False
        Content: Mock&lt;System.IO.Stream:1a70&gt;.Object
        Result: iCore.Public.AS2.Implementation.AS2Message
        Source: Mock&lt;System.IO.Stream:2797&gt;.Object
        EncryptionCertificates: System.Collections.Generic.List`1[iCore.Public.Crypto.X509Certificates.ICertificate]
}
6: WorkflowInstance "LoadAS2MessageActivity" is Canceled</StdOut>
      </Output>
    </UnitTestResult>
    <UnitTestResult executionId="6472ba7e-3480-4241-91b1-7406676ba6be" testId="dec33155-6995-a627-eba8-987a31842078" testName="Invoke_CorrectArguemnts_CorrectReturnValueAndType" computerName="ICSWS068" duration="00:00:00.0057860" startTime="2016-08-04T09:58:24.0852755+02:00" endTime="2016-08-04T09:58:24.0917804+02:00" testType="13cdc9d9-ddb5-4fa4-a97d-d965ccfc6d4b" outcome="Passed" testListId="8c84fa94-04c1-424b-9868-57a2d4851a1d" relativeResultsDirectory="6472ba7e-3480-4241-91b1-7406676ba6be">
      <Output>
        <StdOut>Debug Trace:
0: WorkflowInstance "LoadAS2MessageActivity" is Started
1: Activity [null] "null" scheduled child activity [1] "LoadAS2MessageActivity"
2: Activity [1] "LoadAS2MessageActivity" is Executing
{
    Arguments
        SignatureCertificates: System.Collections.Generic.List`1[iCore.Public.Crypto.X509Certificates.ICertificate]
        CloseStreams: False
        Content: Mock&lt;System.IO.Stream:2288&gt;.Object
        Source: Mock&lt;System.IO.Stream:d916&gt;.Object
        EncryptionCertificates: System.Collections.Generic.List`1[iCore.Public.Crypto.X509Certificates.ICertificate]
}
3: WorkflowInstance "LoadAS2MessageActivity" is Idle
4: Activity [1] "LoadAS2MessageActivity" is Closed
{
    Arguments
        SignatureCertificates: System.Collections.Generic.List`1[iCore.Public.Crypto.X509Certificates.ICertificate]
        CloseStreams: False
        Content: Mock&lt;System.IO.Stream:2288&gt;.Object
        Result: iCore.Public.AS2.Implementation.AS2Message
        Source: Mock&lt;System.IO.Stream:d916&gt;.Object
        EncryptionCertificates: System.Collections.Generic.List`1[iCore.Public.Crypto.X509Certificates.ICertificate]
}
5: WorkflowInstance "LoadAS2MessageActivity" is Completed</StdOut>
      </Output>
    </UnitTestResult>
    <UnitTestResult executionId="b0d77d62-32e9-407f-9bfe-d1df1ddccad4" testId="b2936416-0c25-99f1-f017-4898efcf99a4" testName="Invoke_NonNullableArgumentIsNull_ThrowsArgumentNullException" computerName="ICSWS068" duration="00:00:00.0050057" startTime="2016-08-04T09:58:24.0957528+02:00" endTime="2016-08-04T09:58:24.1022579+02:00" testType="13cdc9d9-ddb5-4fa4-a97d-d965ccfc6d4b" outcome="Passed" testListId="8c84fa94-04c1-424b-9868-57a2d4851a1d" relativeResultsDirectory="b0d77d62-32e9-407f-9bfe-d1df1ddccad4">
      <Output>
        <StdOut>Debug Trace:
0: WorkflowInstance "LoadAS2MessageActivity" is Started
1: Activity [null] "null" scheduled child activity [1] "LoadAS2MessageActivity"
2: Activity [1] "LoadAS2MessageActivity" is Executing
{
    Arguments
        SignatureCertificates: System.Collections.Generic.List`1[iCore.Public.Crypto.X509Certificates.ICertificate]
        CloseStreams: False
        Content: Mock&lt;System.IO.Stream:1e95&gt;.Object
        Source: 
        EncryptionCertificates: System.Collections.Generic.List`1[iCore.Public.Crypto.X509Certificates.ICertificate]
}
3: Activity [1] "LoadAS2MessageActivity" is Faulted
{
    Arguments
        SignatureCertificates: System.Collections.Generic.List`1[iCore.Public.Crypto.X509Certificates.ICertificate]
        CloseStreams: False
        Content: Mock&lt;System.IO.Stream:1e95&gt;.Object
        Result: 
        Source: 
        EncryptionCertificates: System.Collections.Generic.List`1[iCore.Public.Crypto.X509Certificates.ICertificate]
}
4: Fault source [1] "LoadAS2MessageActivity"
5: WorkflowInstance "LoadAS2MessageActivity" Unhandled Exception Source "LoadAS2MessageActivity" Exception &lt;System.ArgumentNullException: Source
Parameter name: Source is null.
   at UnitTests.iCore.Workflow.Activities.ActivityStandardTestsBase`1.WaitForException() in F:\ETWork\Main\Common\ActivityStandardTestsBase.cs:line 100
   at UnitTests.iCore.Workflow.Activities.ActivityStandardTestsBase`1.Invoke_NonNullableArgumentIsNull_ThrowsArgumentNullException() in F:\ETWork\Main\Common\ActivityStandardTestsBase.cs:line 222&gt;
6: WorkflowInstance Aborted [LoadAS2MessageActivity] Reason "Source
Parameter name: Source is null."</StdOut>
      </Output>
    </UnitTestResult>
    <UnitTestResult executionId="4034b1c8-fb09-4a15-95eb-93cc071aee3e" testId="14e95068-51c6-1e60-e2e9-c1be60a022c6" testName="Invoke_RequiredArgumentIsMissing_ThrowsArgumentException" computerName="ICSWS068" duration="00:00:00.0043934" startTime="2016-08-04T09:58:24.1054646+02:00" endTime="2016-08-04T09:58:24.1114698+02:00" testType="13cdc9d9-ddb5-4fa4-a97d-d965ccfc6d4b" outcome="Passed" testListId="8c84fa94-04c1-424b-9868-57a2d4851a1d" relativeResultsDirectory="4034b1c8-fb09-4a15-95eb-93cc071aee3e" />
    <UnitTestResult executionId="f035f289-80b4-4152-826c-f62a564d7672" testId="fdca2018-aefc-d4d1-ab47-00443a4a2894" testName="Invoke_OptionalArgumentIsMissing_ValidExecution" computerName="ICSWS068" duration="00:00:00.0065670" startTime="2016-08-04T09:58:24.1149750+02:00" endTime="2016-08-04T09:58:24.1230013+02:00" testType="13cdc9d9-ddb5-4fa4-a97d-d965ccfc6d4b" outcome="Passed" testListId="8c84fa94-04c1-424b-9868-57a2d4851a1d" relativeResultsDirectory="f035f289-80b4-4152-826c-f62a564d7672">
      <Output>
        <StdOut>Debug Trace:
0: WorkflowInstance "LoadAS2MessageActivity" is Started
1: Activity [null] "null" scheduled child activity [1] "LoadAS2MessageActivity"
2: Activity [1] "LoadAS2MessageActivity" is Executing
{
    Arguments
        SignatureCertificates: System.Collections.Generic.List`1[iCore.Public.Crypto.X509Certificates.ICertificate]
        CloseStreams: False
        Content: Mock&lt;System.IO.Stream:02e7&gt;.Object
        Source: Mock&lt;System.IO.Stream:d516&gt;.Object
        EncryptionCertificates: 
}
3: WorkflowInstance "LoadAS2MessageActivity" is Idle
4: Activity [1] "LoadAS2MessageActivity" is Closed
{
    Arguments
        SignatureCertificates: System.Collections.Generic.List`1[iCore.Public.Crypto.X509Certificates.ICertificate]
        CloseStreams: False
        Content: Mock&lt;System.IO.Stream:02e7&gt;.Object
        Result: iCore.Public.AS2.Implementation.AS2Message
        Source: Mock&lt;System.IO.Stream:d516&gt;.Object
        EncryptionCertificates: 
}
5: WorkflowInstance "LoadAS2MessageActivity" is Completed</StdOut>
      </Output>
    </UnitTestResult>
    <UnitTestResult executionId="56adc331-b12c-4943-80c0-3879e882d535" testId="5458dd4a-43d3-cdf3-0c21-efec43d7cc68" testName="Invoke_CorrectArguments_ValidExecution" computerName="ICSWS068" duration="00:00:00.0064177" startTime="2016-08-04T09:58:24.1259868+02:00" endTime="2016-08-04T09:58:24.1340081+02:00" testType="13cdc9d9-ddb5-4fa4-a97d-d965ccfc6d4b" outcome="Passed" testListId="8c84fa94-04c1-424b-9868-57a2d4851a1d" relativeResultsDirectory="56adc331-b12c-4943-80c0-3879e882d535">
      <Output>
        <StdOut>Debug Trace:
0: WorkflowInstance "LoadAS2MessageActivity" is Started
1: Activity [null] "null" scheduled child activity [1] "LoadAS2MessageActivity"
2: Activity [1] "LoadAS2MessageActivity" is Executing
{
    Arguments
        SignatureCertificates: System.Collections.Generic.List`1[iCore.Public.Crypto.X509Certificates.ICertificate]
        CloseStreams: False
        Content: Mock&lt;System.IO.Stream:a8c3&gt;.Object
        Source: Mock&lt;System.IO.Stream:c4c3&gt;.Object
        EncryptionCertificates: System.Collections.Generic.List`1[iCore.Public.Crypto.X509Certificates.ICertificate]
}
3: WorkflowInstance "LoadAS2MessageActivity" is Idle
4: Activity [1] "LoadAS2MessageActivity" is Closed
{
    Arguments
        SignatureCertificates: System.Collections.Generic.List`1[iCore.Public.Crypto.X509Certificates.ICertificate]
        CloseStreams: False
        Content: Mock&lt;System.IO.Stream:a8c3&gt;.Object
        Result: iCore.Public.AS2.Implementation.AS2Message
        Source: Mock&lt;System.IO.Stream:c4c3&gt;.Object
        EncryptionCertificates: System.Collections.Generic.List`1[iCore.Public.Crypto.X509Certificates.ICertificate]
}
5: WorkflowInstance "LoadAS2MessageActivity" is Completed</StdOut>
      </Output>
    </UnitTestResult>
  </Results>
  <TestDefinitions>
    <UnitTest name="Invoke_CorrectArguemnts_CorrectReturnValueAndType" storage="f:\etwork\bin\tests\unittests.icore.workflow.activities.as2.dll" id="95a87abb-4629-7e3b-9210-713e042ea33d">
      <Execution id="406fe50a-3558-47e3-a5cf-217e832b260a" />
      <TestMethod codeBase="F:\ETWork\bin\Tests\UnitTests.iCore.Workflow.Activities.AS2.dll" adapterTypeName="Microsoft.VisualStudio.TestTools.TestTypes.Unit.UnitTestAdapter" className="UnitTests.iCore.Workflow.Activities.AS2.CreateAS2MDNActivityTests" name="Invoke_CorrectArguemnts_CorrectReturnValueAndType" />
    </UnitTest>
    <UnitTest name="Invoke_NonNullableArgumentIsNull_ThrowsArgumentNullException" storage="f:\etwork\bin\tests\unittests.icore.workflow.activities.as2.dll" id="476b19d2-489b-8968-5e38-ec6e23e25988">
      <Execution id="94fd0eea-1774-4b70-9af0-0e0cf3ab1e27" />
      <TestMethod codeBase="F:\ETWork\bin\Tests\UnitTests.iCore.Workflow.Activities.AS2.dll" adapterTypeName="Microsoft.VisualStudio.TestTools.TestTypes.Unit.UnitTestAdapter" className="UnitTests.iCore.Workflow.Activities.AS2.CreateAS2MDNActivityTests" name="Invoke_NonNullableArgumentIsNull_ThrowsArgumentNullException" />
    </UnitTest>
    <UnitTest name="Invoke_RequiredArgumentIsMissing_ThrowsArgumentException" storage="f:\etwork\bin\tests\unittests.icore.workflow.activities.as2.dll" id="2646a552-c7ef-98a1-7652-6b4fa20b26e2">
      <Execution id="da62b81b-9f45-4ad7-9226-b29cfdf87fd5" />
      <TestMethod codeBase="F:\ETWork\bin\Tests\UnitTests.iCore.Workflow.Activities.AS2.dll" adapterTypeName="Microsoft.VisualStudio.TestTools.TestTypes.Unit.UnitTestAdapter" className="UnitTests.iCore.Workflow.Activities.AS2.CreateAS2MDNActivityTests" name="Invoke_RequiredArgumentIsMissing_ThrowsArgumentException" />
    </UnitTest>
    <UnitTest name="Invoke_OptionalArgumentIsMissing_ValidExecution" storage="f:\etwork\bin\tests\unittests.icore.workflow.activities.as2.dll" id="20c4048c-94d0-b38e-c464-96a265482902">
      <Execution id="dcccd462-70b7-4487-b754-7d5c3b2ec87d" />
      <TestMethod codeBase="F:\ETWork\bin\Tests\UnitTests.iCore.Workflow.Activities.AS2.dll" adapterTypeName="Microsoft.VisualStudio.TestTools.TestTypes.Unit.UnitTestAdapter" className="UnitTests.iCore.Workflow.Activities.AS2.CreateAS2MDNActivityTests" name="Invoke_OptionalArgumentIsMissing_ValidExecution" />
    </UnitTest>
    <UnitTest name="Invoke_CorrectArguments_ValidExecution" storage="f:\etwork\bin\tests\unittests.icore.workflow.activities.as2.dll" id="02ab8db2-bd2f-3d62-ea71-a6ba122f5e29">
      <Execution id="c7c70106-fe43-4851-95e6-24763c29d706" />
      <TestMethod codeBase="F:\ETWork\bin\Tests\UnitTests.iCore.Workflow.Activities.AS2.dll" adapterTypeName="Microsoft.VisualStudio.TestTools.TestTypes.Unit.UnitTestAdapter" className="UnitTests.iCore.Workflow.Activities.AS2.CreateAS2MDNActivityTests" name="Invoke_CorrectArguments_ValidExecution" />
    </UnitTest>
    <UnitTest name="Invoke_CorrectArguemnts_CorrectReturnValueAndType" storage="f:\etwork\bin\tests\unittests.icore.workflow.activities.as2.dll" id="74829c55-4771-9790-8b17-70e498057dba">
      <Execution id="2617e5e6-e080-4596-a7b0-e319662488a4" />
      <TestMethod codeBase="F:\ETWork\bin\Tests\UnitTests.iCore.Workflow.Activities.AS2.dll" adapterTypeName="Microsoft.VisualStudio.TestTools.TestTypes.Unit.UnitTestAdapter" className="UnitTests.iCore.Workflow.Activities.AS2.CreateAS2MessageActivityTests" name="Invoke_CorrectArguemnts_CorrectReturnValueAndType" />
    </UnitTest>
    <UnitTest name="Invoke_NonNullableArgumentIsNull_ThrowsArgumentNullException" storage="f:\etwork\bin\tests\unittests.icore.workflow.activities.as2.dll" id="aa351d2b-c0cb-5f79-b97a-ced359eef688">
      <Execution id="62e664a1-2e26-4c44-a3da-933fd18d43fd" />
      <TestMethod codeBase="F:\ETWork\bin\Tests\UnitTests.iCore.Workflow.Activities.AS2.dll" adapterTypeName="Microsoft.VisualStudio.TestTools.TestTypes.Unit.UnitTestAdapter" className="UnitTests.iCore.Workflow.Activities.AS2.CreateAS2MessageActivityTests" name="Invoke_NonNullableArgumentIsNull_ThrowsArgumentNullException" />
    </UnitTest>
    <UnitTest name="Invoke_RequiredArgumentIsMissing_ThrowsArgumentException" storage="f:\etwork\bin\tests\unittests.icore.workflow.activities.as2.dll" id="3fdf048d-f27a-87c2-ae8d-9881a2e1ac9d">
      <Execution id="2225d0c7-da9d-4bee-be9d-4ae35100e6c0" />
      <TestMethod codeBase="F:\ETWork\bin\Tests\UnitTests.iCore.Workflow.Activities.AS2.dll" adapterTypeName="Microsoft.VisualStudio.TestTools.TestTypes.Unit.UnitTestAdapter" className="UnitTests.iCore.Workflow.Activities.AS2.CreateAS2MessageActivityTests" name="Invoke_RequiredArgumentIsMissing_ThrowsArgumentException" />
    </UnitTest>
    <UnitTest name="Invoke_OptionalArgumentIsMissing_ValidExecution" storage="f:\etwork\bin\tests\unittests.icore.workflow.activities.as2.dll" id="e04b9c4f-f787-afec-8407-b1abce1f3890">
      <Execution id="e5da514f-48b7-4d69-988c-fbe04127e776" />
      <TestMethod codeBase="F:\ETWork\bin\Tests\UnitTests.iCore.Workflow.Activities.AS2.dll" adapterTypeName="Microsoft.VisualStudio.TestTools.TestTypes.Unit.UnitTestAdapter" className="UnitTests.iCore.Workflow.Activities.AS2.CreateAS2MessageActivityTests" name="Invoke_OptionalArgumentIsMissing_ValidExecution" />
    </UnitTest>
    <UnitTest name="Invoke_CorrectArguments_ValidExecution" storage="f:\etwork\bin\tests\unittests.icore.workflow.activities.as2.dll" id="1b33f8d3-85ff-3dae-7b5c-cba2a6219033">
      <Execution id="09a74297-09a2-4a51-a174-a2ec61addcb8" />
      <TestMethod codeBase="F:\ETWork\bin\Tests\UnitTests.iCore.Workflow.Activities.AS2.dll" adapterTypeName="Microsoft.VisualStudio.TestTools.TestTypes.Unit.UnitTestAdapter" className="UnitTests.iCore.Workflow.Activities.AS2.CreateAS2MessageActivityTests" name="Invoke_CorrectArguments_ValidExecution" />
    </UnitTest>
    <UnitTest name="Invoke_ActivityIsCancelled_ActivityCancels" storage="f:\etwork\bin\tests\unittests.icore.workflow.activities.as2.dll" id="e94a7ca0-0497-7f88-bbe5-3ec7c0beed03">
      <Execution id="f5779b9a-3843-471e-90f6-8f493fa94f49" />
      <TestMethod codeBase="F:\ETWork\bin\Tests\UnitTests.iCore.Workflow.Activities.AS2.dll" adapterTypeName="Microsoft.VisualStudio.TestTools.TestTypes.Unit.UnitTestAdapter" className="UnitTests.iCore.Workflow.Activities.AS2.LoadAS2MDNActivityTests" name="Invoke_ActivityIsCancelled_ActivityCancels" />
    </UnitTest>
    <UnitTest name="Invoke_CorrectArguemnts_CorrectReturnValueAndType" storage="f:\etwork\bin\tests\unittests.icore.workflow.activities.as2.dll" id="0aa59835-198b-cb33-ae19-d54343bdcab7">
      <Execution id="cdf3dc90-f9ee-4c9c-8699-2711aa42bc20" />
      <TestMethod codeBase="F:\ETWork\bin\Tests\UnitTests.iCore.Workflow.Activities.AS2.dll" adapterTypeName="Microsoft.VisualStudio.TestTools.TestTypes.Unit.UnitTestAdapter" className="UnitTests.iCore.Workflow.Activities.AS2.LoadAS2MDNActivityTests" name="Invoke_CorrectArguemnts_CorrectReturnValueAndType" />
    </UnitTest>
    <UnitTest name="Invoke_NonNullableArgumentIsNull_ThrowsArgumentNullException" storage="f:\etwork\bin\tests\unittests.icore.workflow.activities.as2.dll" id="b46976b8-48c6-b38a-71c8-ba94b73fac7f">
      <Execution id="a2c8d866-fa9a-487d-bcc4-ad94544686ca" />
      <TestMethod codeBase="F:\ETWork\bin\Tests\UnitTests.iCore.Workflow.Activities.AS2.dll" adapterTypeName="Microsoft.VisualStudio.TestTools.TestTypes.Unit.UnitTestAdapter" className="UnitTests.iCore.Workflow.Activities.AS2.LoadAS2MDNActivityTests" name="Invoke_NonNullableArgumentIsNull_ThrowsArgumentNullException" />
    </UnitTest>
    <UnitTest name="Invoke_RequiredArgumentIsMissing_ThrowsArgumentException" storage="f:\etwork\bin\tests\unittests.icore.workflow.activities.as2.dll" id="7002362d-5a93-d7ee-9f22-fc14e9b49898">
      <Execution id="17d4b1eb-ae99-4c43-bbf4-42819d548785" />
      <TestMethod codeBase="F:\ETWork\bin\Tests\UnitTests.iCore.Workflow.Activities.AS2.dll" adapterTypeName="Microsoft.VisualStudio.TestTools.TestTypes.Unit.UnitTestAdapter" className="UnitTests.iCore.Workflow.Activities.AS2.LoadAS2MDNActivityTests" name="Invoke_RequiredArgumentIsMissing_ThrowsArgumentException" />
    </UnitTest>
    <UnitTest name="Invoke_OptionalArgumentIsMissing_ValidExecution" storage="f:\etwork\bin\tests\unittests.icore.workflow.activities.as2.dll" id="3daca0e7-4faf-3974-d1ce-1a3b78eb9270">
      <Execution id="0b49dee8-bf16-4f53-a97f-a73ae43d5d8e" />
      <TestMethod codeBase="F:\ETWork\bin\Tests\UnitTests.iCore.Workflow.Activities.AS2.dll" adapterTypeName="Microsoft.VisualStudio.TestTools.TestTypes.Unit.UnitTestAdapter" className="UnitTests.iCore.Workflow.Activities.AS2.LoadAS2MDNActivityTests" name="Invoke_OptionalArgumentIsMissing_ValidExecution" />
    </UnitTest>
    <UnitTest name="Invoke_CorrectArguments_ValidExecution" storage="f:\etwork\bin\tests\unittests.icore.workflow.activities.as2.dll" id="7363ed18-cb11-5f29-eae4-3b0a9efe77c1">
      <Execution id="216bb8a0-f6a0-4e58-8a3f-d277aa6c7145" />
      <TestMethod codeBase="F:\ETWork\bin\Tests\UnitTests.iCore.Workflow.Activities.AS2.dll" adapterTypeName="Microsoft.VisualStudio.TestTools.TestTypes.Unit.UnitTestAdapter" className="UnitTests.iCore.Workflow.Activities.AS2.LoadAS2MDNActivityTests" name="Invoke_CorrectArguments_ValidExecution" />
    </UnitTest>
    <UnitTest name="Invoke_EncryptionCertificatesSet_Success" storage="f:\etwork\bin\tests\unittests.icore.workflow.activities.as2.dll" id="32a2eae1-da3e-ba23-199f-80226437f452">
      <TestCategory>
        <TestCategoryItem TestCategory="AS2" />
      </TestCategory>
      <Execution id="0cb83ab1-5dfe-46a5-aa60-31108bb18897" />
      <TestMethod codeBase="F:\ETWork\bin\Tests\UnitTests.iCore.Workflow.Activities.AS2.dll" adapterTypeName="Microsoft.VisualStudio.TestTools.TestTypes.Unit.UnitTestAdapter" className="UnitTests.iCore.Workflow.Activities.AS2.CreateAS2MessageConfigurationActivityTests" name="Invoke_EncryptionCertificatesSet_Success" />
    </UnitTest>
    <UnitTest name="Invoke_SignatureCertificatesSet_Success" storage="f:\etwork\bin\tests\unittests.icore.workflow.activities.as2.dll" id="69d8a584-6ad2-2b9d-8104-b7e24337152d">
      <TestCategory>
        <TestCategoryItem TestCategory="AS2" />
      </TestCategory>
      <Execution id="26b3d41f-b059-4998-8f7e-1f89b608a70f" />
      <TestMethod codeBase="F:\ETWork\bin\Tests\UnitTests.iCore.Workflow.Activities.AS2.dll" adapterTypeName="Microsoft.VisualStudio.TestTools.TestTypes.Unit.UnitTestAdapter" className="UnitTests.iCore.Workflow.Activities.AS2.CreateAS2MessageConfigurationActivityTests" name="Invoke_SignatureCertificatesSet_Success" />
    </UnitTest>
    <UnitTest name="Invoke_CorrectArguemnts_CorrectReturnValueAndType" storage="f:\etwork\bin\tests\unittests.icore.workflow.activities.as2.dll" id="d7031355-51c6-2dd6-89d7-ae155404be56">
      <Execution id="0fe3f0c0-8e0d-4c42-9919-fb3c82a2db0f" />
      <TestMethod codeBase="F:\ETWork\bin\Tests\UnitTests.iCore.Workflow.Activities.AS2.dll" adapterTypeName="Microsoft.VisualStudio.TestTools.TestTypes.Unit.UnitTestAdapter" className="UnitTests.iCore.Workflow.Activities.AS2.CreateAS2MessageConfigurationActivityTests" name="Invoke_CorrectArguemnts_CorrectReturnValueAndType" />
    </UnitTest>
    <UnitTest name="Invoke_NonNullableArgumentIsNull_ThrowsArgumentNullException" storage="f:\etwork\bin\tests\unittests.icore.workflow.activities.as2.dll" id="4507dbbc-ca6b-1f4d-221f-8a7536ad7a0a">
      <Execution id="93565192-af2a-4a90-9084-723dae0a78bd" />
      <TestMethod codeBase="F:\ETWork\bin\Tests\UnitTests.iCore.Workflow.Activities.AS2.dll" adapterTypeName="Microsoft.VisualStudio.TestTools.TestTypes.Unit.UnitTestAdapter" className="UnitTests.iCore.Workflow.Activities.AS2.CreateAS2MessageConfigurationActivityTests" name="Invoke_NonNullableArgumentIsNull_ThrowsArgumentNullException" />
    </UnitTest>
    <UnitTest name="Invoke_RequiredArgumentIsMissing_ThrowsArgumentException" storage="f:\etwork\bin\tests\unittests.icore.workflow.activities.as2.dll" id="38d3a960-9209-c659-eb31-a505a7eda4ab">
      <Execution id="037ab420-02c4-406e-9e31-fecaef1b067e" />
      <TestMethod codeBase="F:\ETWork\bin\Tests\UnitTests.iCore.Workflow.Activities.AS2.dll" adapterTypeName="Microsoft.VisualStudio.TestTools.TestTypes.Unit.UnitTestAdapter" className="UnitTests.iCore.Workflow.Activities.AS2.CreateAS2MessageConfigurationActivityTests" name="Invoke_RequiredArgumentIsMissing_ThrowsArgumentException" />
    </UnitTest>
    <UnitTest name="Invoke_OptionalArgumentIsMissing_ValidExecution" storage="f:\etwork\bin\tests\unittests.icore.workflow.activities.as2.dll" id="3bda1163-9d48-6734-005c-533e80b3451d">
      <Execution id="51d0482e-0405-4744-b851-ef638957325b" />
      <TestMethod codeBase="F:\ETWork\bin\Tests\UnitTests.iCore.Workflow.Activities.AS2.dll" adapterTypeName="Microsoft.VisualStudio.TestTools.TestTypes.Unit.UnitTestAdapter" className="UnitTests.iCore.Workflow.Activities.AS2.CreateAS2MessageConfigurationActivityTests" name="Invoke_OptionalArgumentIsMissing_ValidExecution" />
    </UnitTest>
    <UnitTest name="Invoke_CorrectArguments_ValidExecution" storage="f:\etwork\bin\tests\unittests.icore.workflow.activities.as2.dll" id="2b0c27a0-0d46-98e9-1b36-64d985f02baa">
      <Execution id="76bcc765-7600-4945-8167-cdd83f8e328a" />
      <TestMethod codeBase="F:\ETWork\bin\Tests\UnitTests.iCore.Workflow.Activities.AS2.dll" adapterTypeName="Microsoft.VisualStudio.TestTools.TestTypes.Unit.UnitTestAdapter" className="UnitTests.iCore.Workflow.Activities.AS2.CreateAS2MessageConfigurationActivityTests" name="Invoke_CorrectArguments_ValidExecution" />
    </UnitTest>
    <UnitTest name="Invoke_ActivityIsCancelled_ActivityCancels" storage="f:\etwork\bin\tests\unittests.icore.workflow.activities.as2.dll" id="23444824-7223-f56f-dec3-17a25cf8e0f1">
      <Execution id="5a711d39-fcbf-477d-9db0-69600e488a54" />
      <TestMethod codeBase="F:\ETWork\bin\Tests\UnitTests.iCore.Workflow.Activities.AS2.dll" adapterTypeName="Microsoft.VisualStudio.TestTools.TestTypes.Unit.UnitTestAdapter" className="UnitTests.iCore.Workflow.Activities.AS2.SendAS2MDNActivityTests" name="Invoke_ActivityIsCancelled_ActivityCancels" />
    </UnitTest>
    <UnitTest name="Invoke_NonNullableArgumentIsNull_ThrowsArgumentNullException" storage="f:\etwork\bin\tests\unittests.icore.workflow.activities.as2.dll" id="d4590e66-bfab-4a29-9a45-506e04adcf0f">
      <Execution id="a460e171-df70-4cc4-bc43-e982559fdf65" />
      <TestMethod codeBase="F:\ETWork\bin\Tests\UnitTests.iCore.Workflow.Activities.AS2.dll" adapterTypeName="Microsoft.VisualStudio.TestTools.TestTypes.Unit.UnitTestAdapter" className="UnitTests.iCore.Workflow.Activities.AS2.SendAS2MDNActivityTests" name="Invoke_NonNullableArgumentIsNull_ThrowsArgumentNullException" />
    </UnitTest>
    <UnitTest name="Invoke_RequiredArgumentIsMissing_ThrowsArgumentException" storage="f:\etwork\bin\tests\unittests.icore.workflow.activities.as2.dll" id="d7a682ff-c7fa-6251-cb8f-d2ddacda0914">
      <Execution id="6c4a347b-01e3-4cb0-a2a7-72fc2219097d" />
      <TestMethod codeBase="F:\ETWork\bin\Tests\UnitTests.iCore.Workflow.Activities.AS2.dll" adapterTypeName="Microsoft.VisualStudio.TestTools.TestTypes.Unit.UnitTestAdapter" className="UnitTests.iCore.Workflow.Activities.AS2.SendAS2MDNActivityTests" name="Invoke_RequiredArgumentIsMissing_ThrowsArgumentException" />
    </UnitTest>
    <UnitTest name="Invoke_OptionalArgumentIsMissing_ValidExecution" storage="f:\etwork\bin\tests\unittests.icore.workflow.activities.as2.dll" id="2f181860-9ebd-b225-1113-1ac6010d8b51">
      <Execution id="c0fa88da-435a-436d-aac6-df24646218cc" />
      <TestMethod codeBase="F:\ETWork\bin\Tests\UnitTests.iCore.Workflow.Activities.AS2.dll" adapterTypeName="Microsoft.VisualStudio.TestTools.TestTypes.Unit.UnitTestAdapter" className="UnitTests.iCore.Workflow.Activities.AS2.SendAS2MDNActivityTests" name="Invoke_OptionalArgumentIsMissing_ValidExecution" />
    </UnitTest>
    <UnitTest name="Invoke_CorrectArguments_ValidExecution" storage="f:\etwork\bin\tests\unittests.icore.workflow.activities.as2.dll" id="02ece4b5-cda5-aa8e-6f13-432dc91482d4">
      <Execution id="eebe2bbb-c8bf-4804-8953-03adf4305b39" />
      <TestMethod codeBase="F:\ETWork\bin\Tests\UnitTests.iCore.Workflow.Activities.AS2.dll" adapterTypeName="Microsoft.VisualStudio.TestTools.TestTypes.Unit.UnitTestAdapter" className="UnitTests.iCore.Workflow.Activities.AS2.SendAS2MDNActivityTests" name="Invoke_CorrectArguments_ValidExecution" />
    </UnitTest>
    <UnitTest name="Invoke_CloseStreamsIsTrue_StreamsAreClosed" storage="f:\etwork\bin\tests\unittests.icore.workflow.activities.as2.dll" id="167cfec4-212d-4272-be6e-dde25d19eba2">
      <TestCategory>
        <TestCategoryItem TestCategory="AS2" />
      </TestCategory>
      <Execution id="06e1e55a-43a9-4708-8e91-c4f247141cbd" />
      <TestMethod codeBase="F:\ETWork\bin\Tests\UnitTests.iCore.Workflow.Activities.AS2.dll" adapterTypeName="Microsoft.VisualStudio.TestTools.TestTypes.Unit.UnitTestAdapter" className="UnitTests.iCore.Workflow.Activities.AS2.SendAS2MessageActivityTests" name="Invoke_CloseStreamsIsTrue_StreamsAreClosed" />
    </UnitTest>
    <UnitTest name="Invoke_CloseStreamsIsTrueOptionalStreamsAreNull_NoError" storage="f:\etwork\bin\tests\unittests.icore.workflow.activities.as2.dll" id="b03ce0d0-6489-cea2-6a7f-5c8038b7f34a">
      <TestCategory>
        <TestCategoryItem TestCategory="AS2" />
      </TestCategory>
      <Execution id="65b64ad1-11a1-4ea4-8f31-abf7dc5cde95" />
      <TestMethod codeBase="F:\ETWork\bin\Tests\UnitTests.iCore.Workflow.Activities.AS2.dll" adapterTypeName="Microsoft.VisualStudio.TestTools.TestTypes.Unit.UnitTestAdapter" className="UnitTests.iCore.Workflow.Activities.AS2.SendAS2MessageActivityTests" name="Invoke_CloseStreamsIsTrueOptionalStreamsAreNull_NoError" />
    </UnitTest>
    <UnitTest name="Invoke_ActivityIsCancelled_ActivityCancels" storage="f:\etwork\bin\tests\unittests.icore.workflow.activities.as2.dll" id="f6849e34-ce44-0e6a-19ef-29d4361bfedb">
      <Execution id="03e587fa-9010-44f4-a9c6-adfad5bfa10f" />
      <TestMethod codeBase="F:\ETWork\bin\Tests\UnitTests.iCore.Workflow.Activities.AS2.dll" adapterTypeName="Microsoft.VisualStudio.TestTools.TestTypes.Unit.UnitTestAdapter" className="UnitTests.iCore.Workflow.Activities.AS2.SendAS2MessageActivityTests" name="Invoke_ActivityIsCancelled_ActivityCancels" />
    </UnitTest>
    <UnitTest name="Invoke_NonNullableArgumentIsNull_ThrowsArgumentNullException" storage="f:\etwork\bin\tests\unittests.icore.workflow.activities.as2.dll" id="4b59f432-b333-6fd2-f9bb-48cc26eb7fba">
      <Execution id="74516ad2-1707-42ad-be7a-95ad10931767" />
      <TestMethod codeBase="F:\ETWork\bin\Tests\UnitTests.iCore.Workflow.Activities.AS2.dll" adapterTypeName="Microsoft.VisualStudio.TestTools.TestTypes.Unit.UnitTestAdapter" className="UnitTests.iCore.Workflow.Activities.AS2.SendAS2MessageActivityTests" name="Invoke_NonNullableArgumentIsNull_ThrowsArgumentNullException" />
    </UnitTest>
    <UnitTest name="Invoke_RequiredArgumentIsMissing_ThrowsArgumentException" storage="f:\etwork\bin\tests\unittests.icore.workflow.activities.as2.dll" id="1864723f-9bf0-2290-0bfd-e2a81ad545d0">
      <Execution id="abfcc144-7e22-4a07-884b-a2f7d99147c7" />
      <TestMethod codeBase="F:\ETWork\bin\Tests\UnitTests.iCore.Workflow.Activities.AS2.dll" adapterTypeName="Microsoft.VisualStudio.TestTools.TestTypes.Unit.UnitTestAdapter" className="UnitTests.iCore.Workflow.Activities.AS2.SendAS2MessageActivityTests" name="Invoke_RequiredArgumentIsMissing_ThrowsArgumentException" />
    </UnitTest>
    <UnitTest name="Invoke_OptionalArgumentIsMissing_ValidExecution" storage="f:\etwork\bin\tests\unittests.icore.workflow.activities.as2.dll" id="73f65d07-4919-4447-bd78-644b372d5314">
      <Execution id="e9481708-4e57-477b-8860-0d462c8d078c" />
      <TestMethod codeBase="F:\ETWork\bin\Tests\UnitTests.iCore.Workflow.Activities.AS2.dll" adapterTypeName="Microsoft.VisualStudio.TestTools.TestTypes.Unit.UnitTestAdapter" className="UnitTests.iCore.Workflow.Activities.AS2.SendAS2MessageActivityTests" name="Invoke_OptionalArgumentIsMissing_ValidExecution" />
    </UnitTest>
    <UnitTest name="Invoke_CorrectArguments_ValidExecution" storage="f:\etwork\bin\tests\unittests.icore.workflow.activities.as2.dll" id="3edec32c-7a84-e233-2c4d-422c7627b1d9">
      <Execution id="14cc5e86-4434-4c9c-9f5f-34e0ed117415" />
      <TestMethod codeBase="F:\ETWork\bin\Tests\UnitTests.iCore.Workflow.Activities.AS2.dll" adapterTypeName="Microsoft.VisualStudio.TestTools.TestTypes.Unit.UnitTestAdapter" className="UnitTests.iCore.Workflow.Activities.AS2.SendAS2MessageActivityTests" name="Invoke_CorrectArguments_ValidExecution" />
    </UnitTest>
    <UnitTest name="Invoke_ImplementationThrows_Throws" storage="f:\etwork\bin\tests\unittests.icore.workflow.activities.as2.dll" id="ca536697-c6b0-8b43-fa9b-e7a5bdd8cf93">
      <Execution id="1aaaa326-8c12-437d-9f24-750abbcf9b15" />
      <TestMethod codeBase="F:\ETWork\bin\Tests\UnitTests.iCore.Workflow.Activities.AS2.dll" adapterTypeName="Microsoft.VisualStudio.TestTools.TestTypes.Unit.UnitTestAdapter" className="UnitTests.iCore.Workflow.Activities.AS2.LoadAS2MessageActivityTests" name="Invoke_ImplementationThrows_Throws" />
    </UnitTest>
    <UnitTest name="Invoke_SourceIsEmpty_Throws" storage="f:\etwork\bin\tests\unittests.icore.workflow.activities.as2.dll" id="79aca43e-a255-631a-7ec4-c9d9b39aa184">
      <Execution id="39898626-aa6f-47f9-8f0d-540047ffe401" />
      <TestMethod codeBase="F:\ETWork\bin\Tests\UnitTests.iCore.Workflow.Activities.AS2.dll" adapterTypeName="Microsoft.VisualStudio.TestTools.TestTypes.Unit.UnitTestAdapter" className="UnitTests.iCore.Workflow.Activities.AS2.LoadAS2MessageActivityTests" name="Invoke_SourceIsEmpty_Throws" />
    </UnitTest>
    <UnitTest name="Invoke_SourceIsAtEnd_Throws" storage="f:\etwork\bin\tests\unittests.icore.workflow.activities.as2.dll" id="b0dfa7ca-21ad-bff9-754b-ed5c4836cd4c">
      <Execution id="b867faf5-33d3-44e3-bbb4-dd7d48f8e4a9" />
      <TestMethod codeBase="F:\ETWork\bin\Tests\UnitTests.iCore.Workflow.Activities.AS2.dll" adapterTypeName="Microsoft.VisualStudio.TestTools.TestTypes.Unit.UnitTestAdapter" className="UnitTests.iCore.Workflow.Activities.AS2.LoadAS2MessageActivityTests" name="Invoke_SourceIsAtEnd_Throws" />
    </UnitTest>
    <UnitTest name="Invoke_ContentIsReadOnly_Throws" storage="f:\etwork\bin\tests\unittests.icore.workflow.activities.as2.dll" id="75819078-f885-d892-43bf-64a8672b97af">
      <Execution id="68caffed-216f-4703-8d5d-41ca2f20540f" />
      <TestMethod codeBase="F:\ETWork\bin\Tests\UnitTests.iCore.Workflow.Activities.AS2.dll" adapterTypeName="Microsoft.VisualStudio.TestTools.TestTypes.Unit.UnitTestAdapter" className="UnitTests.iCore.Workflow.Activities.AS2.LoadAS2MessageActivityTests" name="Invoke_ContentIsReadOnly_Throws" />
    </UnitTest>
    <UnitTest name="Invoke_CloseStreamsIsFalse_StreamsAreNotClosed" storage="f:\etwork\bin\tests\unittests.icore.workflow.activities.as2.dll" id="a7d730b1-bb1d-a50d-4407-16b4fc1b24a1">
      <Execution id="8649ec14-befa-4f2a-bc89-e5886d186865" />
      <TestMethod codeBase="F:\ETWork\bin\Tests\UnitTests.iCore.Workflow.Activities.AS2.dll" adapterTypeName="Microsoft.VisualStudio.TestTools.TestTypes.Unit.UnitTestAdapter" className="UnitTests.iCore.Workflow.Activities.AS2.LoadAS2MessageActivityTests" name="Invoke_CloseStreamsIsFalse_StreamsAreNotClosed" />
    </UnitTest>
    <UnitTest name="Invoke_CloseStreamsIsTrue_StreamsAreClosed" storage="f:\etwork\bin\tests\unittests.icore.workflow.activities.as2.dll" id="d19ce3b0-11bd-67b9-c727-7d3ac46edd59">
      <Execution id="1e2800d4-1e50-4938-88f0-e69f2fbe592d" />
      <TestMethod codeBase="F:\ETWork\bin\Tests\UnitTests.iCore.Workflow.Activities.AS2.dll" adapterTypeName="Microsoft.VisualStudio.TestTools.TestTypes.Unit.UnitTestAdapter" className="UnitTests.iCore.Workflow.Activities.AS2.LoadAS2MessageActivityTests" name="Invoke_CloseStreamsIsTrue_StreamsAreClosed" />
    </UnitTest>
    <UnitTest name="Invoke_ActivityIsCancelled_ActivityCancels" storage="f:\etwork\bin\tests\unittests.icore.workflow.activities.as2.dll" id="47816b5b-6f24-8232-4f43-f2a73f77565d">
      <Execution id="c2e8b399-3d12-4de4-bc43-8ace6577f52b" />
      <TestMethod codeBase="F:\ETWork\bin\Tests\UnitTests.iCore.Workflow.Activities.AS2.dll" adapterTypeName="Microsoft.VisualStudio.TestTools.TestTypes.Unit.UnitTestAdapter" className="UnitTests.iCore.Workflow.Activities.AS2.LoadAS2MessageActivityTests" name="Invoke_ActivityIsCancelled_ActivityCancels" />
    </UnitTest>
    <UnitTest name="Invoke_CorrectArguemnts_CorrectReturnValueAndType" storage="f:\etwork\bin\tests\unittests.icore.workflow.activities.as2.dll" id="dec33155-6995-a627-eba8-987a31842078">
      <Execution id="6472ba7e-3480-4241-91b1-7406676ba6be" />
      <TestMethod codeBase="F:\ETWork\bin\Tests\UnitTests.iCore.Workflow.Activities.AS2.dll" adapterTypeName="Microsoft.VisualStudio.TestTools.TestTypes.Unit.UnitTestAdapter" className="UnitTests.iCore.Workflow.Activities.AS2.LoadAS2MessageActivityTests" name="Invoke_CorrectArguemnts_CorrectReturnValueAndType" />
    </UnitTest>
    <UnitTest name="Invoke_NonNullableArgumentIsNull_ThrowsArgumentNullException" storage="f:\etwork\bin\tests\unittests.icore.workflow.activities.as2.dll" id="b2936416-0c25-99f1-f017-4898efcf99a4">
      <Execution id="b0d77d62-32e9-407f-9bfe-d1df1ddccad4" />
      <TestMethod codeBase="F:\ETWork\bin\Tests\UnitTests.iCore.Workflow.Activities.AS2.dll" adapterTypeName="Microsoft.VisualStudio.TestTools.TestTypes.Unit.UnitTestAdapter" className="UnitTests.iCore.Workflow.Activities.AS2.LoadAS2MessageActivityTests" name="Invoke_NonNullableArgumentIsNull_ThrowsArgumentNullException" />
    </UnitTest>
    <UnitTest name="Invoke_RequiredArgumentIsMissing_ThrowsArgumentException" storage="f:\etwork\bin\tests\unittests.icore.workflow.activities.as2.dll" id="14e95068-51c6-1e60-e2e9-c1be60a022c6">
      <Execution id="4034b1c8-fb09-4a15-95eb-93cc071aee3e" />
      <TestMethod codeBase="F:\ETWork\bin\Tests\UnitTests.iCore.Workflow.Activities.AS2.dll" adapterTypeName="Microsoft.VisualStudio.TestTools.TestTypes.Unit.UnitTestAdapter" className="UnitTests.iCore.Workflow.Activities.AS2.LoadAS2MessageActivityTests" name="Invoke_RequiredArgumentIsMissing_ThrowsArgumentException" />
    </UnitTest>
    <UnitTest name="Invoke_OptionalArgumentIsMissing_ValidExecution" storage="f:\etwork\bin\tests\unittests.icore.workflow.activities.as2.dll" id="fdca2018-aefc-d4d1-ab47-00443a4a2894">
      <Execution id="f035f289-80b4-4152-826c-f62a564d7672" />
      <TestMethod codeBase="F:\ETWork\bin\Tests\UnitTests.iCore.Workflow.Activities.AS2.dll" adapterTypeName="Microsoft.VisualStudio.TestTools.TestTypes.Unit.UnitTestAdapter" className="UnitTests.iCore.Workflow.Activities.AS2.LoadAS2MessageActivityTests" name="Invoke_OptionalArgumentIsMissing_ValidExecution" />
    </UnitTest>
    <UnitTest name="Invoke_CorrectArguments_ValidExecution" storage="f:\etwork\bin\tests\unittests.icore.workflow.activities.as2.dll" id="5458dd4a-43d3-cdf3-0c21-efec43d7cc68">
      <Execution id="56adc331-b12c-4943-80c0-3879e882d535" />
      <TestMethod codeBase="F:\ETWork\bin\Tests\UnitTests.iCore.Workflow.Activities.AS2.dll" adapterTypeName="Microsoft.VisualStudio.TestTools.TestTypes.Unit.UnitTestAdapter" className="UnitTests.iCore.Workflow.Activities.AS2.LoadAS2MessageActivityTests" name="Invoke_CorrectArguments_ValidExecution" />
    </UnitTest>
  </TestDefinitions>
  <TestEntries>
    <TestEntry testId="95a87abb-4629-7e3b-9210-713e042ea33d" executionId="406fe50a-3558-47e3-a5cf-217e832b260a" testListId="8c84fa94-04c1-424b-9868-57a2d4851a1d" />
    <TestEntry testId="476b19d2-489b-8968-5e38-ec6e23e25988" executionId="94fd0eea-1774-4b70-9af0-0e0cf3ab1e27" testListId="8c84fa94-04c1-424b-9868-57a2d4851a1d" />
    <TestEntry testId="2646a552-c7ef-98a1-7652-6b4fa20b26e2" executionId="da62b81b-9f45-4ad7-9226-b29cfdf87fd5" testListId="8c84fa94-04c1-424b-9868-57a2d4851a1d" />
    <TestEntry testId="20c4048c-94d0-b38e-c464-96a265482902" executionId="dcccd462-70b7-4487-b754-7d5c3b2ec87d" testListId="8c84fa94-04c1-424b-9868-57a2d4851a1d" />
    <TestEntry testId="02ab8db2-bd2f-3d62-ea71-a6ba122f5e29" executionId="c7c70106-fe43-4851-95e6-24763c29d706" testListId="8c84fa94-04c1-424b-9868-57a2d4851a1d" />
    <TestEntry testId="74829c55-4771-9790-8b17-70e498057dba" executionId="2617e5e6-e080-4596-a7b0-e319662488a4" testListId="8c84fa94-04c1-424b-9868-57a2d4851a1d" />
    <TestEntry testId="aa351d2b-c0cb-5f79-b97a-ced359eef688" executionId="62e664a1-2e26-4c44-a3da-933fd18d43fd" testListId="8c84fa94-04c1-424b-9868-57a2d4851a1d" />
    <TestEntry testId="3fdf048d-f27a-87c2-ae8d-9881a2e1ac9d" executionId="2225d0c7-da9d-4bee-be9d-4ae35100e6c0" testListId="8c84fa94-04c1-424b-9868-57a2d4851a1d" />
    <TestEntry testId="e04b9c4f-f787-afec-8407-b1abce1f3890" executionId="e5da514f-48b7-4d69-988c-fbe04127e776" testListId="8c84fa94-04c1-424b-9868-57a2d4851a1d" />
    <TestEntry testId="1b33f8d3-85ff-3dae-7b5c-cba2a6219033" executionId="09a74297-09a2-4a51-a174-a2ec61addcb8" testListId="8c84fa94-04c1-424b-9868-57a2d4851a1d" />
    <TestEntry testId="e94a7ca0-0497-7f88-bbe5-3ec7c0beed03" executionId="f5779b9a-3843-471e-90f6-8f493fa94f49" testListId="8c84fa94-04c1-424b-9868-57a2d4851a1d" />
    <TestEntry testId="0aa59835-198b-cb33-ae19-d54343bdcab7" executionId="cdf3dc90-f9ee-4c9c-8699-2711aa42bc20" testListId="8c84fa94-04c1-424b-9868-57a2d4851a1d" />
    <TestEntry testId="b46976b8-48c6-b38a-71c8-ba94b73fac7f" executionId="a2c8d866-fa9a-487d-bcc4-ad94544686ca" testListId="8c84fa94-04c1-424b-9868-57a2d4851a1d" />
    <TestEntry testId="7002362d-5a93-d7ee-9f22-fc14e9b49898" executionId="17d4b1eb-ae99-4c43-bbf4-42819d548785" testListId="8c84fa94-04c1-424b-9868-57a2d4851a1d" />
    <TestEntry testId="3daca0e7-4faf-3974-d1ce-1a3b78eb9270" executionId="0b49dee8-bf16-4f53-a97f-a73ae43d5d8e" testListId="8c84fa94-04c1-424b-9868-57a2d4851a1d" />
    <TestEntry testId="7363ed18-cb11-5f29-eae4-3b0a9efe77c1" executionId="216bb8a0-f6a0-4e58-8a3f-d277aa6c7145" testListId="8c84fa94-04c1-424b-9868-57a2d4851a1d" />
    <TestEntry testId="32a2eae1-da3e-ba23-199f-80226437f452" executionId="0cb83ab1-5dfe-46a5-aa60-31108bb18897" testListId="8c84fa94-04c1-424b-9868-57a2d4851a1d" />
    <TestEntry testId="69d8a584-6ad2-2b9d-8104-b7e24337152d" executionId="26b3d41f-b059-4998-8f7e-1f89b608a70f" testListId="8c84fa94-04c1-424b-9868-57a2d4851a1d" />
    <TestEntry testId="d7031355-51c6-2dd6-89d7-ae155404be56" executionId="0fe3f0c0-8e0d-4c42-9919-fb3c82a2db0f" testListId="8c84fa94-04c1-424b-9868-57a2d4851a1d" />
    <TestEntry testId="4507dbbc-ca6b-1f4d-221f-8a7536ad7a0a" executionId="93565192-af2a-4a90-9084-723dae0a78bd" testListId="8c84fa94-04c1-424b-9868-57a2d4851a1d" />
    <TestEntry testId="38d3a960-9209-c659-eb31-a505a7eda4ab" executionId="037ab420-02c4-406e-9e31-fecaef1b067e" testListId="8c84fa94-04c1-424b-9868-57a2d4851a1d" />
    <TestEntry testId="3bda1163-9d48-6734-005c-533e80b3451d" executionId="51d0482e-0405-4744-b851-ef638957325b" testListId="8c84fa94-04c1-424b-9868-57a2d4851a1d" />
    <TestEntry testId="2b0c27a0-0d46-98e9-1b36-64d985f02baa" executionId="76bcc765-7600-4945-8167-cdd83f8e328a" testListId="8c84fa94-04c1-424b-9868-57a2d4851a1d" />
    <TestEntry testId="23444824-7223-f56f-dec3-17a25cf8e0f1" executionId="5a711d39-fcbf-477d-9db0-69600e488a54" testListId="8c84fa94-04c1-424b-9868-57a2d4851a1d" />
    <TestEntry testId="d4590e66-bfab-4a29-9a45-506e04adcf0f" executionId="a460e171-df70-4cc4-bc43-e982559fdf65" testListId="8c84fa94-04c1-424b-9868-57a2d4851a1d" />
    <TestEntry testId="d7a682ff-c7fa-6251-cb8f-d2ddacda0914" executionId="6c4a347b-01e3-4cb0-a2a7-72fc2219097d" testListId="8c84fa94-04c1-424b-9868-57a2d4851a1d" />
    <TestEntry testId="2f181860-9ebd-b225-1113-1ac6010d8b51" executionId="c0fa88da-435a-436d-aac6-df24646218cc" testListId="8c84fa94-04c1-424b-9868-57a2d4851a1d" />
    <TestEntry testId="02ece4b5-cda5-aa8e-6f13-432dc91482d4" executionId="eebe2bbb-c8bf-4804-8953-03adf4305b39" testListId="8c84fa94-04c1-424b-9868-57a2d4851a1d" />
    <TestEntry testId="167cfec4-212d-4272-be6e-dde25d19eba2" executionId="06e1e55a-43a9-4708-8e91-c4f247141cbd" testListId="8c84fa94-04c1-424b-9868-57a2d4851a1d" />
    <TestEntry testId="b03ce0d0-6489-cea2-6a7f-5c8038b7f34a" executionId="65b64ad1-11a1-4ea4-8f31-abf7dc5cde95" testListId="8c84fa94-04c1-424b-9868-57a2d4851a1d" />
    <TestEntry testId="f6849e34-ce44-0e6a-19ef-29d4361bfedb" executionId="03e587fa-9010-44f4-a9c6-adfad5bfa10f" testListId="8c84fa94-04c1-424b-9868-57a2d4851a1d" />
    <TestEntry testId="4b59f432-b333-6fd2-f9bb-48cc26eb7fba" executionId="74516ad2-1707-42ad-be7a-95ad10931767" testListId="8c84fa94-04c1-424b-9868-57a2d4851a1d" />
    <TestEntry testId="1864723f-9bf0-2290-0bfd-e2a81ad545d0" executionId="abfcc144-7e22-4a07-884b-a2f7d99147c7" testListId="8c84fa94-04c1-424b-9868-57a2d4851a1d" />
    <TestEntry testId="73f65d07-4919-4447-bd78-644b372d5314" executionId="e9481708-4e57-477b-8860-0d462c8d078c" testListId="8c84fa94-04c1-424b-9868-57a2d4851a1d" />
    <TestEntry testId="3edec32c-7a84-e233-2c4d-422c7627b1d9" executionId="14cc5e86-4434-4c9c-9f5f-34e0ed117415" testListId="8c84fa94-04c1-424b-9868-57a2d4851a1d" />
    <TestEntry testId="ca536697-c6b0-8b43-fa9b-e7a5bdd8cf93" executionId="1aaaa326-8c12-437d-9f24-750abbcf9b15" testListId="8c84fa94-04c1-424b-9868-57a2d4851a1d" />
    <TestEntry testId="79aca43e-a255-631a-7ec4-c9d9b39aa184" executionId="39898626-aa6f-47f9-8f0d-540047ffe401" testListId="8c84fa94-04c1-424b-9868-57a2d4851a1d" />
    <TestEntry testId="b0dfa7ca-21ad-bff9-754b-ed5c4836cd4c" executionId="b867faf5-33d3-44e3-bbb4-dd7d48f8e4a9" testListId="8c84fa94-04c1-424b-9868-57a2d4851a1d" />
    <TestEntry testId="75819078-f885-d892-43bf-64a8672b97af" executionId="68caffed-216f-4703-8d5d-41ca2f20540f" testListId="8c84fa94-04c1-424b-9868-57a2d4851a1d" />
    <TestEntry testId="a7d730b1-bb1d-a50d-4407-16b4fc1b24a1" executionId="8649ec14-befa-4f2a-bc89-e5886d186865" testListId="8c84fa94-04c1-424b-9868-57a2d4851a1d" />
    <TestEntry testId="d19ce3b0-11bd-67b9-c727-7d3ac46edd59" executionId="1e2800d4-1e50-4938-88f0-e69f2fbe592d" testListId="8c84fa94-04c1-424b-9868-57a2d4851a1d" />
    <TestEntry testId="47816b5b-6f24-8232-4f43-f2a73f77565d" executionId="c2e8b399-3d12-4de4-bc43-8ace6577f52b" testListId="8c84fa94-04c1-424b-9868-57a2d4851a1d" />
    <TestEntry testId="dec33155-6995-a627-eba8-987a31842078" executionId="6472ba7e-3480-4241-91b1-7406676ba6be" testListId="8c84fa94-04c1-424b-9868-57a2d4851a1d" />
    <TestEntry testId="b2936416-0c25-99f1-f017-4898efcf99a4" executionId="b0d77d62-32e9-407f-9bfe-d1df1ddccad4" testListId="8c84fa94-04c1-424b-9868-57a2d4851a1d" />
    <TestEntry testId="14e95068-51c6-1e60-e2e9-c1be60a022c6" executionId="4034b1c8-fb09-4a15-95eb-93cc071aee3e" testListId="8c84fa94-04c1-424b-9868-57a2d4851a1d" />
    <TestEntry testId="fdca2018-aefc-d4d1-ab47-00443a4a2894" executionId="f035f289-80b4-4152-826c-f62a564d7672" testListId="8c84fa94-04c1-424b-9868-57a2d4851a1d" />
    <TestEntry testId="5458dd4a-43d3-cdf3-0c21-efec43d7cc68" executionId="56adc331-b12c-4943-80c0-3879e882d535" testListId="8c84fa94-04c1-424b-9868-57a2d4851a1d" />
  </TestEntries>
  <TestLists>
    <TestList name="Results Not in a List" id="8c84fa94-04c1-424b-9868-57a2d4851a1d" />
    <TestList name="All Loaded Results" id="19431567-8539-422a-85d7-44ee4e166bda" />
  </TestLists>
  <ResultSummary outcome="Failed">
    <Counters total="47" executed="47" passed="44" failed="3" error="0" timeout="0" aborted="0" inconclusive="0" passedButRunAborted="0" notRunnable="0" notExecuted="0" disconnected="0" warning="0" completed="0" inProgress="0" pending="0" />
  </ResultSummary>
</TestRun>