<?xml version="1.0" encoding="UTF-8"?>
<TestRun id="bb840577-ec55-4b31-a914-86f2ab9e3b18" name="bacemi@ICSWS068 2016-08-04 09:49:22" runUser="ICORE\bacemi" xmlns="http://microsoft.com/schemas/VisualStudio/TeamTest/2010">
  <Times creation="2016-08-04T09:49:22.5631988+02:00" queuing="2016-08-04T09:49:22.5631988+02:00" start="2016-08-04T09:49:21.0629633+02:00" finish="2016-08-04T09:51:36.8257676+02:00" />
  <TestSettings name="default" id="44768d0a-519d-4beb-bfad-207bfe685387">
    <Execution>
      <TestTypeSpecific />
    </Execution>
    <Deployment runDeploymentRoot="bacemi_ICSWS068 2016-08-04 09_49_22" />
    <Properties />
  </TestSettings>
  <Results>
    <UnitTestResult executionId="52852a24-92fd-4c6b-b7e6-b75dbbcfd30f" testId="40dbbfb7-d94c-f0c9-f9b7-d7d55f5e0174" testName="Constructor_NoArgs_Test" computerName="ICSWS068" duration="00:00:00.3581279" startTime="2016-08-04T09:49:21.0629633+02:00" endTime="2016-08-04T09:49:21.6960572+02:00" testType="13cdc9d9-ddb5-4fa4-a97d-d965ccfc6d4b" outcome="Passed" testListId="8c84fa94-04c1-424b-9868-57a2d4851a1d" relativeResultsDirectory="52852a24-92fd-4c6b-b7e6-b75dbbcfd30f">
      <Output>
        <StdOut>Debug Trace:
MultiWFInstanceBookmarkTestExtension - Constructor()</StdOut>
      </Output>
    </UnitTestResult>
    <UnitTestResult executionId="07b745e2-ca0c-4865-b64c-e4df72f5c955" testId="d2b3889c-b38e-972f-7737-182ad51bd625" testName="Execute_ContextIsNull_Throws" computerName="ICSWS068" duration="00:00:00.0281855" startTime="2016-08-04T09:49:21.6995598+02:00" endTime="2016-08-04T09:49:21.7294936+02:00" testType="13cdc9d9-ddb5-4fa4-a97d-d965ccfc6d4b" outcome="Passed" testListId="8c84fa94-04c1-424b-9868-57a2d4851a1d" relativeResultsDirectory="07b745e2-ca0c-4865-b64c-e4df72f5c955">
      <Output>
        <StdOut>Debug Trace:
MultiWFInstanceBookmarkTestExtension - Constructor()</StdOut>
      </Output>
    </UnitTestResult>
    <UnitTestResult executionId="b84e1ef9-ba53-4a9b-8dea-50ccd639ff07" testId="a2784d05-8082-083a-9c2f-80d86cacb4d6" testName="Execute_SystemCommunicationPropertyOfContextIsNull_Throws" computerName="ICSWS068" duration="00:00:00.0066370" startTime="2016-08-04T09:49:21.7324985+02:00" endTime="2016-08-04T09:49:21.7405236+02:00" testType="13cdc9d9-ddb5-4fa4-a97d-d965ccfc6d4b" outcome="Passed" testListId="8c84fa94-04c1-424b-9868-57a2d4851a1d" relativeResultsDirectory="b84e1ef9-ba53-4a9b-8dea-50ccd639ff07">
      <Output>
        <StdOut>Debug Trace:
MultiWFInstanceBookmarkTestExtension - Constructor()</StdOut>
      </Output>
    </UnitTestResult>
    <UnitTestResult executionId="49ff5adc-92b1-427b-b1a7-3020e999330b" testId="fc431ae1-630f-5fbe-b540-abc5d941ba23" testName="Execute_ConfigurationIsNull_Throws" computerName="ICSWS068" duration="00:00:00.0061678" startTime="2016-08-04T09:49:21.7435101+02:00" endTime="2016-08-04T09:49:21.7510352+02:00" testType="13cdc9d9-ddb5-4fa4-a97d-d965ccfc6d4b" outcome="Passed" testListId="8c84fa94-04c1-424b-9868-57a2d4851a1d" relativeResultsDirectory="49ff5adc-92b1-427b-b1a7-3020e999330b">
      <Output>
        <StdOut>Debug Trace:
MultiWFInstanceBookmarkTestExtension - Constructor()</StdOut>
      </Output>
    </UnitTestResult>
    <UnitTestResult executionId="393eb116-7040-4dd7-8d36-19f2168c979d" testId="21390a79-f5f0-feba-ae52-141d4d8f73cc" testName="Execute_ExtensionIsNull_Throws" computerName="ICSWS068" duration="00:00:00.0061203" startTime="2016-08-04T09:49:21.7535202+02:00" endTime="2016-08-04T09:49:21.7609324+02:00" testType="13cdc9d9-ddb5-4fa4-a97d-d965ccfc6d4b" outcome="Passed" testListId="8c84fa94-04c1-424b-9868-57a2d4851a1d" relativeResultsDirectory="393eb116-7040-4dd7-8d36-19f2168c979d">
      <Output>
        <StdOut>Debug Trace:
MultiWFInstanceBookmarkTestExtension - Constructor()</StdOut>
      </Output>
    </UnitTestResult>
    <UnitTestResult executionId="bd673e7e-9563-4fe5-be01-a889562cd323" testId="cb09afc0-830f-9c25-d178-544501da3450" testName="Execute_SystemShutdownCalled_ExecuteReturns" computerName="ICSWS068" duration="00:00:00.1932447" startTime="2016-08-04T09:49:21.7639179+02:00" endTime="2016-08-04T09:49:21.9582504+02:00" testType="13cdc9d9-ddb5-4fa4-a97d-d965ccfc6d4b" outcome="Passed" testListId="8c84fa94-04c1-424b-9868-57a2d4851a1d" relativeResultsDirectory="bd673e7e-9563-4fe5-be01-a889562cd323">
      <Output>
        <StdOut>Debug Trace:
MultiWFInstanceBookmarkTestExtension - Constructor()



TestContext Messages:
SendSystemShutdown</StdOut>
      </Output>
    </UnitTestResult>
    <UnitTestResult executionId="f7d60911-4393-4e4b-83dc-18761859c70c" testId="9117925c-15a7-fa6a-d9de-a67b1f276384" testName="Execute_SystemShutdownCalled_IsSystemShutdownInProgressIsTrue" computerName="ICSWS068" duration="00:00:00.0068675" startTime="2016-08-04T09:49:21.9617380+02:00" endTime="2016-08-04T09:49:21.9702440+02:00" testType="13cdc9d9-ddb5-4fa4-a97d-d965ccfc6d4b" outcome="Passed" testListId="8c84fa94-04c1-424b-9868-57a2d4851a1d" relativeResultsDirectory="f7d60911-4393-4e4b-83dc-18761859c70c">
      <Output>
        <StdOut>Debug Trace:
MultiWFInstanceBookmarkTestExtension - Constructor()



TestContext Messages:
SendSystemShutdown</StdOut>
      </Output>
    </UnitTestResult>
    <UnitTestResult executionId="dc05d7d8-6a12-419a-973b-5a7a01ce2024" testId="77efbe9e-6f0c-1e99-d2fa-e6b84724f37f" testName="Execute_NoHostsLoadedSystemShutdownCalled_OnCompletedEventRaised" computerName="ICSWS068" duration="00:00:00.0069232" startTime="2016-08-04T09:49:21.9727607+02:00" endTime="2016-08-04T09:49:21.9808896+02:00" testType="13cdc9d9-ddb5-4fa4-a97d-d965ccfc6d4b" outcome="Passed" testListId="8c84fa94-04c1-424b-9868-57a2d4851a1d" relativeResultsDirectory="dc05d7d8-6a12-419a-973b-5a7a01ce2024">
      <Output>
        <StdOut>Debug Trace:
MultiWFInstanceBookmarkTestExtension - Constructor()



TestContext Messages:
SendSystemShutdown</StdOut>
      </Output>
    </UnitTestResult>
    <UnitTestResult executionId="ea33ec98-2c53-4fba-8578-206c82a89a8c" testId="7d81dc93-bcaa-0e12-4755-1b62171e82a0" testName="Execute_SingleHostSystemShutdownCalled_WaitsOnRunningHostBeforeClosedCorrectly" computerName="ICSWS068" duration="00:00:00.5404706" startTime="2016-08-04T09:49:21.9838940+02:00" endTime="2016-08-04T09:49:22.5256437+02:00" testType="13cdc9d9-ddb5-4fa4-a97d-d965ccfc6d4b" outcome="Passed" testListId="8c84fa94-04c1-424b-9868-57a2d4851a1d" relativeResultsDirectory="ea33ec98-2c53-4fba-8578-206c82a89a8c">
      <Output>
        <StdOut>Debug Trace:
MultiWFInstanceBookmarkTestExtension - Constructor()



TestContext Messages:
SendExecuteJob
SendSystemShutdown</StdOut>
      </Output>
    </UnitTestResult>
    <UnitTestResult executionId="c72a32a9-1878-4291-9641-8ebf93b712a1" testId="7a7ebebf-f7f7-ad8f-5db7-8f5f97e965a0" testName="ExecuteJobRequest_CorrectWFSentToHost" computerName="ICSWS068" duration="00:00:00.5104739" startTime="2016-08-04T09:49:22.5326635+02:00" endTime="2016-08-04T09:49:23.0442572+02:00" testType="13cdc9d9-ddb5-4fa4-a97d-d965ccfc6d4b" outcome="Passed" testListId="8c84fa94-04c1-424b-9868-57a2d4851a1d" relativeResultsDirectory="c72a32a9-1878-4291-9641-8ebf93b712a1">
      <Output>
        <StdOut>Debug Trace:
MultiWFInstanceBookmarkTestExtension - Constructor()



TestContext Messages:
SendExecuteJob</StdOut>
      </Output>
    </UnitTestResult>
    <UnitTestResult executionId="b1406bf8-1701-4bc4-80d7-0ff9f601d91f" testId="1f61905a-9b21-5e7f-d13d-4d2be17e5298" testName="ExecuteJobRequest_V2ArgumentsInWF_CorrectArgumentsSentToHost" computerName="ICSWS068" duration="00:00:00.5106900" startTime="2016-08-04T09:49:23.0472606+02:00" endTime="2016-08-04T09:49:23.5593290+02:00" testType="13cdc9d9-ddb5-4fa4-a97d-d965ccfc6d4b" outcome="Passed" testListId="8c84fa94-04c1-424b-9868-57a2d4851a1d" relativeResultsDirectory="b1406bf8-1701-4bc4-80d7-0ff9f601d91f">
      <Output>
        <StdOut>Debug Trace:
MultiWFInstanceBookmarkTestExtension - Constructor()



TestContext Messages:
SendExecuteJob</StdOut>
      </Output>
    </UnitTestResult>
    <UnitTestResult executionId="11a260ad-2c4d-421b-974f-710825e45d0e" testId="13bd2833-1b69-4640-bb6f-84ca92bf5106" testName="ExecuteJobRequest_ComponentIsScriptOrAF_CorrectWFIsSentToHost" computerName="ICSWS068" duration="00:00:00.5093411" startTime="2016-08-04T09:49:23.5618170+02:00" endTime="2016-08-04T09:49:24.0724986+02:00" testType="13cdc9d9-ddb5-4fa4-a97d-d965ccfc6d4b" outcome="Passed" testListId="8c84fa94-04c1-424b-9868-57a2d4851a1d" relativeResultsDirectory="11a260ad-2c4d-421b-974f-710825e45d0e">
      <Output>
        <StdOut>Debug Trace:
MultiWFInstanceBookmarkTestExtension - Constructor()



TestContext Messages:
SendExecuteJob</StdOut>
      </Output>
    </UnitTestResult>
    <UnitTestResult executionId="32f55cf9-f0a3-4d34-ae07-7bdb3a189cc9" testId="bb05f1db-9402-cd5c-a24a-6b30225d6702" testName="ExecuteJobRequest_ComponentIsScriptOrAF_CorrectArgumentsSentToHost" computerName="ICSWS068" duration="00:00:00.5080587" startTime="2016-08-04T09:49:24.0754994+02:00" endTime="2016-08-04T09:49:24.5852224+02:00" testType="13cdc9d9-ddb5-4fa4-a97d-d965ccfc6d4b" outcome="Passed" testListId="8c84fa94-04c1-424b-9868-57a2d4851a1d" relativeResultsDirectory="32f55cf9-f0a3-4d34-ae07-7bdb3a189cc9">
      <Output>
        <StdOut>Debug Trace:
MultiWFInstanceBookmarkTestExtension - Constructor()



TestContext Messages:
SendExecuteJob</StdOut>
      </Output>
    </UnitTestResult>
    <UnitTestResult executionId="176989c2-0611-4b61-9888-a383f4217e47" testId="cf45d7ad-ddc2-7e7a-944f-22be46719912" testName="ExecuteJobRequest_NonExistingWorkflow_ReportsFailure" computerName="ICSWS068" duration="00:00:00.5151676" startTime="2016-08-04T09:49:24.5877244+02:00" endTime="2016-08-04T09:49:25.1042728+02:00" testType="13cdc9d9-ddb5-4fa4-a97d-d965ccfc6d4b" outcome="Passed" testListId="8c84fa94-04c1-424b-9868-57a2d4851a1d" relativeResultsDirectory="176989c2-0611-4b61-9888-a383f4217e47">
      <Output>
        <StdOut>Debug Trace:
MultiWFInstanceBookmarkTestExtension - Constructor()



TestContext Messages:
SendExecuteJob
SendSystemShutdown</StdOut>
      </Output>
    </UnitTestResult>
    <UnitTestResult executionId="70bf4d2e-6ea2-4cdd-818b-83958c5767f5" testId="70fb0713-607a-e60f-0dc1-40802bce115e" testName="Constructor_ValidArgsAllSet_Success" computerName="ICSWS068" duration="00:00:00.0444276" startTime="2016-08-04T09:49:25.1072590+02:00" endTime="2016-08-04T09:49:25.1530491+02:00" testType="13cdc9d9-ddb5-4fa4-a97d-d965ccfc6d4b" outcome="Passed" testListId="8c84fa94-04c1-424b-9868-57a2d4851a1d" relativeResultsDirectory="70bf4d2e-6ea2-4cdd-818b-83958c5767f5" />
    <UnitTestResult executionId="c107ef61-7291-49b5-a003-d10c6fda9167" testId="f49e00b8-b7f2-30b4-28db-30985dc488a0" testName="Constructor_ValidArgsNameNotSet_Success" computerName="ICSWS068" duration="00:00:00.0024471" startTime="2016-08-04T09:49:25.1555359+02:00" endTime="2016-08-04T09:49:25.1595399+02:00" testType="13cdc9d9-ddb5-4fa4-a97d-d965ccfc6d4b" outcome="Passed" testListId="8c84fa94-04c1-424b-9868-57a2d4851a1d" relativeResultsDirectory="c107ef61-7291-49b5-a003-d10c6fda9167" />
    <UnitTestResult executionId="6e4b92c6-2d6c-4d2d-9d64-4d7b6b298986" testId="a60c5f0d-2d83-f074-e8ae-900c44064c21" testName="Constructor_ValidArgsnameNotSet_Success" computerName="ICSWS068" duration="00:00:00.0023697" startTime="2016-08-04T09:49:25.1622235+02:00" endTime="2016-08-04T09:49:25.1657439+02:00" testType="13cdc9d9-ddb5-4fa4-a97d-d965ccfc6d4b" outcome="Passed" testListId="8c84fa94-04c1-424b-9868-57a2d4851a1d" relativeResultsDirectory="6e4b92c6-2d6c-4d2d-9d64-4d7b6b298986" />
    <UnitTestResult executionId="c784f7a5-a499-47b7-81ae-8bcfee023d2f" testId="7cfac6a4-26ff-27a1-a4bd-4b19934e8fe5" testName="Constructor_WorkflowNotSet_Throw" computerName="ICSWS068" duration="00:00:00.0151052" startTime="2016-08-04T09:49:25.1687283+02:00" endTime="2016-08-04T09:49:25.1847433+02:00" testType="13cdc9d9-ddb5-4fa4-a97d-d965ccfc6d4b" outcome="Passed" testListId="8c84fa94-04c1-424b-9868-57a2d4851a1d" relativeResultsDirectory="c784f7a5-a499-47b7-81ae-8bcfee023d2f" />
    <UnitTestResult executionId="785d0b8f-ae65-42e5-80a8-ac3a9af7d6e1" testId="c7b8b8cd-5850-54d3-2d75-eef4d34ed5d0" testName="Constructor_ExtensionsNotSet_Success" computerName="ICSWS068" duration="00:00:00.0024011" startTime="2016-08-04T09:49:25.1877453+02:00" endTime="2016-08-04T09:49:25.1912646+02:00" testType="13cdc9d9-ddb5-4fa4-a97d-d965ccfc6d4b" outcome="Passed" testListId="8c84fa94-04c1-424b-9868-57a2d4851a1d" relativeResultsDirectory="785d0b8f-ae65-42e5-80a8-ac3a9af7d6e1" />
    <UnitTestResult executionId="cb865335-391f-403c-b734-a19d3240674b" testId="a2bc052e-c280-ecb8-a301-db16d528847a" testName="Constructor_ValidArgs_hostNameIsCorrect" computerName="ICSWS068" duration="00:00:00.0024105" startTime="2016-08-04T09:49:25.1942502+02:00" endTime="2016-08-04T09:49:25.1982528+02:00" testType="13cdc9d9-ddb5-4fa4-a97d-d965ccfc6d4b" outcome="Passed" testListId="8c84fa94-04c1-424b-9868-57a2d4851a1d" relativeResultsDirectory="cb865335-391f-403c-b734-a19d3240674b" />
    <UnitTestResult executionId="4881a0be-501d-409d-80fb-c2d5ac0739dd" testId="acf4b030-4dc9-725d-42de-1356280a6284" testName="Constructor_ValidArgs_StateIsCreated" computerName="ICSWS068" duration="00:00:00.0031981" startTime="2016-08-04T09:49:25.2007733+02:00" endTime="2016-08-04T09:49:25.2052767+02:00" testType="13cdc9d9-ddb5-4fa4-a97d-d965ccfc6d4b" outcome="Passed" testListId="8c84fa94-04c1-424b-9868-57a2d4851a1d" relativeResultsDirectory="4881a0be-501d-409d-80fb-c2d5ac0739dd" />
    <UnitTestResult executionId="35a9e934-1dd5-4701-9723-508e0cafc219" testId="d124b3fd-1eac-c138-fd5a-e6c6e6ce45fe" testName="StartWorkflowInstance_ValidArgsHostNotOpened_Throws" computerName="ICSWS068" duration="00:00:00.0795603" startTime="2016-08-04T09:49:25.2077793+02:00" endTime="2016-08-04T09:49:25.2895735+02:00" testType="13cdc9d9-ddb5-4fa4-a97d-d965ccfc6d4b" outcome="Passed" testListId="8c84fa94-04c1-424b-9868-57a2d4851a1d" relativeResultsDirectory="35a9e934-1dd5-4701-9723-508e0cafc219" />
    <UnitTestResult executionId="f1d9ed0e-419e-43f2-9c2a-de24ca04eb78" testId="ee6c2228-a099-44b7-d187-b591b6cb088f" testName="StartWorkflowInstance_ValidArgs_EventAllWorkflowsClosedInvoked" computerName="ICSWS068" duration="00:00:00.0680060" startTime="2016-08-04T09:49:25.2920752+02:00" endTime="2016-08-04T09:49:25.3617652+02:00" testType="13cdc9d9-ddb5-4fa4-a97d-d965ccfc6d4b" outcome="Passed" testListId="8c84fa94-04c1-424b-9868-57a2d4851a1d" relativeResultsDirectory="f1d9ed0e-419e-43f2-9c2a-de24ca04eb78">
      <Output>
        <StdOut>Debug Trace:
OnAllWorkflowsClosed();</StdOut>
      </Output>
    </UnitTestResult>
    <UnitTestResult executionId="7d73a2eb-66c4-47dc-aba1-d253be88cd07" testId="4c4ec716-c12e-88d1-1773-ec646d1b2309" testName="StartWorkflowInstance_OneInstanceValidArgsGuidSupplied_EventAllWorkflowsClosedInvoked" computerName="ICSWS068" duration="00:00:00.0087220" startTime="2016-08-04T09:49:25.3642670+02:00" endTime="2016-08-04T09:49:25.3837801+02:00" testType="13cdc9d9-ddb5-4fa4-a97d-d965ccfc6d4b" outcome="Passed" testListId="8c84fa94-04c1-424b-9868-57a2d4851a1d" relativeResultsDirectory="7d73a2eb-66c4-47dc-aba1-d253be88cd07">
      <Output>
        <StdOut>Debug Trace:
OnAllWorkflowsClosed();</StdOut>
      </Output>
    </UnitTestResult>
    <UnitTestResult executionId="ff80be2f-e746-45c0-b786-c3cdc86c2c8d" testId="2c25ed93-473e-de09-7ac4-ac600ac06db4" testName="StartWorkflowInstance_ThreeInstancesValidArgsGuidSupplied_EventAllWorkflowsClosedInvoked" computerName="ICSWS068" duration="00:00:00.0129829" startTime="2016-08-04T09:49:25.3867815+02:00" endTime="2016-08-04T09:49:25.4009652+02:00" testType="13cdc9d9-ddb5-4fa4-a97d-d965ccfc6d4b" outcome="Passed" testListId="8c84fa94-04c1-424b-9868-57a2d4851a1d" relativeResultsDirectory="ff80be2f-e746-45c0-b786-c3cdc86c2c8d">
      <Output>
        <StdOut>Debug Trace:
OnAllWorkflowsClosed();
OnAllWorkflowsClosed();
OnAllWorkflowsClosed();</StdOut>
      </Output>
    </UnitTestResult>
    <UnitTestResult executionId="ae48d92e-6d86-42b9-9461-4ccfe77d481d" testId="88aa156a-b912-8a1b-e347-5d591a5f9f18" testName="StartWorkflowInstance_ValidArgsGuidSupplied_ReportsCompletedOK" computerName="ICSWS068" duration="00:00:00.0140773" startTime="2016-08-04T09:49:25.4039669+02:00" endTime="2016-08-04T09:49:25.4194739+02:00" testType="13cdc9d9-ddb5-4fa4-a97d-d965ccfc6d4b" outcome="Passed" testListId="8c84fa94-04c1-424b-9868-57a2d4851a1d" relativeResultsDirectory="ae48d92e-6d86-42b9-9461-4ccfe77d481d">
      <Output>
        <StdOut>Debug Trace:
OnAllWorkflowsClosed();</StdOut>
      </Output>
    </UnitTestResult>
    <UnitTestResult executionId="32b7b41e-328d-4151-90e8-76b69f3cd5f3" testId="6049efbe-01d3-a48b-2d84-f43871b05149" testName="StartWorkflowInstance_InArgumentMissing_Throws" computerName="ICSWS068" duration="00:00:00.0184989" startTime="2016-08-04T09:49:25.4225803+02:00" endTime="2016-08-04T09:49:25.4425944+02:00" testType="13cdc9d9-ddb5-4fa4-a97d-d965ccfc6d4b" outcome="Passed" testListId="8c84fa94-04c1-424b-9868-57a2d4851a1d" relativeResultsDirectory="32b7b41e-328d-4151-90e8-76b69f3cd5f3" />
    <UnitTestResult executionId="127becd3-1d3d-455c-9ebb-0a13f61f0646" testId="a649bc1d-688d-9633-96c4-4ca94229c8db" testName="StartWorkflowInstance_ExtraInArgumentSupplied_Throws" computerName="ICSWS068" duration="00:00:00.0076311" startTime="2016-08-04T09:49:25.4455999+02:00" endTime="2016-08-04T09:49:25.4546071+02:00" testType="13cdc9d9-ddb5-4fa4-a97d-d965ccfc6d4b" outcome="Passed" testListId="8c84fa94-04c1-424b-9868-57a2d4851a1d" relativeResultsDirectory="127becd3-1d3d-455c-9ebb-0a13f61f0646" />
    <UnitTestResult executionId="42bb6677-438e-49ef-bb7b-6272e4e221ef" testId="a58a29c1-dea5-9fbf-341e-771913f9e68d" testName="StartWorkflowInstance_ActivityExecutionThrows_ErrorIsReported" computerName="ICSWS068" duration="00:00:00.0107598" startTime="2016-08-04T09:49:25.4576097+02:00" endTime="2016-08-04T09:49:25.4696218+02:00" testType="13cdc9d9-ddb5-4fa4-a97d-d965ccfc6d4b" outcome="Passed" testListId="8c84fa94-04c1-424b-9868-57a2d4851a1d" relativeResultsDirectory="42bb6677-438e-49ef-bb7b-6272e4e221ef">
      <Output>
        <StdOut>Debug Trace:
WorkflowInstanceUnhandledExceptionRecord { InstanceId = 14945f69-d059-4e19-9a72-78fefeade368, RecordNumber = 3, EventTime = 2016-08-04 07:49:25, ActivityDefinitionId = ThrowExceptionInExecuteTestActivity, FaultSource { Name=ThrowExceptionInExecuteTestActivity, ActivityId = 1, ActivityInstanceId = 1, TypeName=Testing.Common.Mocks.Workflow.ThrowExceptionInExecuteTestActivity }, UnhandledException = Testing.Common.TestException: Thrown by ActivityWithExceptionInExecute.
   at Testing.Common.Mocks.Workflow.ThrowExceptionInExecuteTestActivity.Execute(NativeActivityContext context) in F:\ETWork\Main\Testing\Assemblies\Testing.Common.Mocks\Workflow\TestActivities.cs:line 98
   at System.Activities.NativeActivity.InternalExecute(ActivityInstance instance, ActivityExecutor executor, BookmarkManager bookmarkManager)
   at System.Activities.ActivityInstance.Execute(ActivityExecutor executor, BookmarkManager bookmarkManager)
   at System.Activities.Runtime.ActivityExecutor.ExecuteActivityWorkItem.ExecuteBody(ActivityExecutor executor, BookmarkManager bookmarkManager, Location resultLocation) } 
OnAllWorkflowsClosed();</StdOut>
      </Output>
    </UnitTestResult>
    <UnitTestResult executionId="7bbb9ec8-d981-4040-b97f-8bbb0f66506a" testId="53a35152-ff91-efef-0eb9-011d4a1e7ef6" testName="StartWorkflowInstance_ActivityThrowsInCacheMetaData_Throws" computerName="ICSWS068" duration="00:00:00.0030110" startTime="2016-08-04T09:49:25.4726238+02:00" endTime="2016-08-04T09:49:25.4771275+02:00" testType="13cdc9d9-ddb5-4fa4-a97d-d965ccfc6d4b" outcome="Passed" testListId="8c84fa94-04c1-424b-9868-57a2d4851a1d" relativeResultsDirectory="7bbb9ec8-d981-4040-b97f-8bbb0f66506a" />
    <UnitTestResult executionId="325988bc-5a6c-4bbd-8b8f-b351a9c49c85" testId="24806717-43eb-88f3-267c-699c6f622bb0" testName="StartWorkflowInstance_ActivityThrowsInBookmarkResume_ErrorIsReported" computerName="ICSWS068" duration="00:00:00.0138307" startTime="2016-08-04T09:49:25.4801292+02:00" endTime="2016-08-04T09:49:25.4951398+02:00" testType="13cdc9d9-ddb5-4fa4-a97d-d965ccfc6d4b" outcome="Passed" testListId="8c84fa94-04c1-424b-9868-57a2d4851a1d" relativeResultsDirectory="325988bc-5a6c-4bbd-8b8f-b351a9c49c85">
      <Output>
        <StdOut>Debug Trace:
MultiWFInstanceBookmarkTestExtension - Constructor()
Request Service - Id:[63e67926-f801-4501-9277-632fd785dd72] Bm:[testRequest 1ee94f12-83a4-4a58-8964-454ae192cdaa] Job:[2]
Resume bookmark - Id:[63e67926-f801-4501-9277-632fd785dd72] Bm:[testRequest 1ee94f12-83a4-4a58-8964-454ae192cdaa] Job:[2]
End Resume bookmark - Id:[63e67926-f801-4501-9277-632fd785dd72] Bm:[testRequest 1ee94f12-83a4-4a58-8964-454ae192cdaa] Job:[2]
WorkflowInstanceUnhandledExceptionRecord { InstanceId = 63e67926-f801-4501-9277-632fd785dd72, RecordNumber = 4, EventTime = 2016-08-04 07:49:25, ActivityDefinitionId = ThrowOnBookmarkresumeTestActivity, FaultSource { Name=ThrowOnBookmarkresumeTestActivity, ActivityId = 1, ActivityInstanceId = 1, TypeName=Testing.Common.Mocks.Workflow.ThrowOnBookmarkresumeTestActivity }, UnhandledException = Testing.Common.TestException: Exception thrown from ThrowOnBookmarkresumeTestActivity.
   at Testing.Common.Mocks.Workflow.ThrowOnBookmarkresumeTestActivity.OnResumeBookMark(NativeActivityContext context, Bookmark bookmark, Object value) in F:\ETWork\Main\Testing\Assemblies\Testing.Common.Mocks\Workflow\TestActivities.cs:line 191
   at System.Activities.Runtime.BookmarkCallbackWrapper.Invoke(NativeActivityContext context, Bookmark bookmark, Object value)
   at System.Activities.Runtime.BookmarkWorkItem.Execute(ActivityExecutor executor, BookmarkManager bookmarkManager) } 
OnAllWorkflowsClosed();</StdOut>
      </Output>
    </UnitTestResult>
    <UnitTestResult executionId="0b6805bb-6dc5-4df9-b3ee-ef49dbc3344d" testId="934d40bd-446c-b236-4078-fc02ca4d9bb0" testName="StartWorkflowInstance_ActivityThrowsInCanInduceIdle_ErrorIsReported" computerName="ICSWS068" duration="00:00:00.0077945" startTime="2016-08-04T09:49:25.4981421+02:00" endTime="2016-08-04T09:49:25.5071484+02:00" testType="13cdc9d9-ddb5-4fa4-a97d-d965ccfc6d4b" outcome="Passed" testListId="8c84fa94-04c1-424b-9868-57a2d4851a1d" relativeResultsDirectory="0b6805bb-6dc5-4df9-b3ee-ef49dbc3344d">
      <Output>
        <StdOut>Debug Trace:
MultiWFInstanceBookmarkTestExtension - Constructor()
WorkflowInstanceUnhandledExceptionRecord { InstanceId = 2458dbe5-c28d-4fec-9c69-83c2a331b770, RecordNumber = 3, EventTime = 2016-08-04 07:49:25, ActivityDefinitionId = ThrowInCancelOnIdlePropertyTestActivity, FaultSource { Name=ThrowInCancelOnIdlePropertyTestActivity, ActivityId = 1, ActivityInstanceId = 1, TypeName=Testing.Common.Mocks.Workflow.ThrowInCancelOnIdlePropertyTestActivity }, UnhandledException = Testing.Common.TestException: Thrown from CanInduceIdle property: CanIncludeIdle is null.
   at Testing.Common.Mocks.Workflow.BookmarkTestActivityBase.get_CanInduceIdle() in F:\ETWork\Main\Testing\Assemblies\Testing.Common.Mocks\Workflow\TestActivities.cs:line 116
   at System.Activities.NativeActivity`1.get_InternalCanInduceIdle()
   at System.Activities.NativeActivityContext.ThrowIfCanInduceIdleNotSet()
   at System.Activities.NativeActivityContext.CreateBookmark(String name, BookmarkCallback callback, BookmarkOptions options)
   at System.Activities.NativeActivityContext.CreateBookmark(String name, BookmarkCallback callback)
   at Testing.Common.Mocks.Workflow.BookmarkTestActivityBase.Execute(NativeActivityContext context) in F:\ETWork\Main\Testing\Assemblies\Testing.Common.Mocks\Workflow\TestActivities.cs:line 126
   at System.Activities.NativeActivity`1.InternalExecute(ActivityInstance instance, ActivityExecutor executor, BookmarkManager bookmarkManager)
   at System.Activities.ActivityInstance.Execute(ActivityExecutor executor, BookmarkManager bookmarkManager)
   at System.Activities.Runtime.ActivityExecutor.ExecuteActivityWorkItem.ExecuteBody(ActivityExecutor executor, BookmarkManager bookmarkManager, Location resultLocation) } 
OnAllWorkflowsClosed();</StdOut>
      </Output>
    </UnitTestResult>
    <UnitTestResult executionId="40814668-a369-43e0-b7b9-c0ab32b125e9" testId="61960d17-a38e-adf7-5727-d969f56891d2" testName="StartWorkflowInstance_CanInduceIdleIsFalseAndCreateBookmark_ReportsError" computerName="ICSWS068" duration="00:00:00.0078578" startTime="2016-08-04T09:49:25.5096504+02:00" endTime="2016-08-04T09:49:25.5186570+02:00" testType="13cdc9d9-ddb5-4fa4-a97d-d965ccfc6d4b" outcome="Passed" testListId="8c84fa94-04c1-424b-9868-57a2d4851a1d" relativeResultsDirectory="40814668-a369-43e0-b7b9-c0ab32b125e9">
      <Output>
        <StdOut>Debug Trace:
MultiWFInstanceBookmarkTestExtension - Constructor()
WorkflowInstanceUnhandledExceptionRecord { InstanceId = aabeda1c-9278-42b3-ba73-48135a0aadc7, RecordNumber = 3, EventTime = 2016-08-04 07:49:25, ActivityDefinitionId = InduceIdleIsFalseAndOnBookmarkResumeTestActivity, FaultSource { Name=InduceIdleIsFalseAndOnBookmarkResumeTestActivity, ActivityId = 1, ActivityInstanceId = 1, TypeName=Testing.Common.Mocks.Workflow.InduceIdleIsFalseAndOnBookmarkResumeTestActivity }, UnhandledException = System.InvalidOperationException: Activity 'Testing.Common.Mocks.Workflow.InduceIdleIsFalseAndOnBookmarkResumeTestActivity' is invalid. NativeActivity derived activities that do asynchronous operations by calling one of the CreateBookmark overloads defined on System.Activities.NativeActivityContext must override the CanInduceIdle property and return true.
   at System.Activities.NativeActivityContext.ThrowIfCanInduceIdleNotSet()
   at System.Activities.NativeActivityContext.CreateBookmark(String name, BookmarkCallback callback, BookmarkOptions options)
   at System.Activities.NativeActivityContext.CreateBookmark(String name, BookmarkCallback callback)
   at Testing.Common.Mocks.Workflow.BookmarkTestActivityBase.Execute(NativeActivityContext context) in F:\ETWork\Main\Testing\Assemblies\Testing.Common.Mocks\Workflow\TestActivities.cs:line 126
   at System.Activities.NativeActivity`1.InternalExecute(ActivityInstance instance, ActivityExecutor executor, BookmarkManager bookmarkManager)
   at System.Activities.ActivityInstance.Execute(ActivityExecutor executor, BookmarkManager bookmarkManager)
   at System.Activities.Runtime.ActivityExecutor.ExecuteActivityWorkItem.ExecuteBody(ActivityExecutor executor, BookmarkManager bookmarkManager, Location resultLocation) } 
OnAllWorkflowsClosed();</StdOut>
      </Output>
    </UnitTestResult>
    <UnitTestResult executionId="3b53ccdf-9ab4-4d13-b774-796410d7ee38" testId="28bf0e85-e4d8-f8d4-f271-ea9c2e1f7568" testName="StartWorkflowInstance_RequiredExtensionIsMissing_ErrorIsReported" computerName="ICSWS068" duration="00:00:00.0042823" startTime="2016-08-04T09:49:25.5216590+02:00" endTime="2016-08-04T09:49:25.5276633+02:00" testType="13cdc9d9-ddb5-4fa4-a97d-d965ccfc6d4b" outcome="Passed" testListId="8c84fa94-04c1-424b-9868-57a2d4851a1d" relativeResultsDirectory="3b53ccdf-9ab4-4d13-b774-796410d7ee38" />
    <UnitTestResult executionId="c95b0a9c-7beb-46df-a33d-4164e8e7b96b" testId="0caf5b1e-ce18-4594-1af5-c5ddffa3fc8e" testName="StartWorkflowInstance_ExecutionOK_ReturnsExpectedResult" computerName="ICSWS068" duration="00:00:00.0067828" startTime="2016-08-04T09:49:25.5301647+02:00" endTime="2016-08-04T09:49:25.5381707+02:00" testType="13cdc9d9-ddb5-4fa4-a97d-d965ccfc6d4b" outcome="Passed" testListId="8c84fa94-04c1-424b-9868-57a2d4851a1d" relativeResultsDirectory="c95b0a9c-7beb-46df-a33d-4164e8e7b96b">
      <Output>
        <StdOut>Debug Trace:
MultiWFInstanceBookmarkTestExtension - Constructor()
BookmarkTestActivity::Execute() - Start Activity instance: [1]
Request Service - Id:[acc20ae1-ec3f-4401-be96-861e97f9dad8] Bm:[testRequest 7b7728f1-bdb4-4fc7-a7d7-92ab3f9682e4] Job:[2]
BookmarkTestActivity::Execute() - End Activity instance: [1]
Resume bookmark - Id:[acc20ae1-ec3f-4401-be96-861e97f9dad8] Bm:[testRequest 7b7728f1-bdb4-4fc7-a7d7-92ab3f9682e4] Job:[2]
End Resume bookmark - Id:[acc20ae1-ec3f-4401-be96-861e97f9dad8] Bm:[testRequest 7b7728f1-bdb4-4fc7-a7d7-92ab3f9682e4] Job:[2]
OnAllWorkflowsClosed();</StdOut>
      </Output>
    </UnitTestResult>
    <UnitTestResult executionId="3d2dc1c3-dc5b-478b-937b-e9de5c056696" testId="d3f80df8-0e87-06f0-83cc-9ee102864585" testName="StopWorkflows_ActivityThrowsInCancel_ErrorIsReported" computerName="ICSWS068" duration="00:00:00.0233586" startTime="2016-08-04T09:49:25.5411730+02:00" endTime="2016-08-04T09:49:25.5656937+02:00" testType="13cdc9d9-ddb5-4fa4-a97d-d965ccfc6d4b" outcome="Passed" testListId="8c84fa94-04c1-424b-9868-57a2d4851a1d" relativeResultsDirectory="3d2dc1c3-dc5b-478b-937b-e9de5c056696">
      <Output>
        <StdOut>Debug Trace:
MultiWFInstanceBookmarkTestExtension - Constructor()
Request Service - Id:[edbd2698-f7bc-4ebc-8b01-3d5e9de4bd67] Bm:[testRequest 938072b3-a3b2-4688-9a4c-954dbf1c4fdc] Job:[2]
WorkflowInstanceAbortedRecord { InstanceId = edbd2698-f7bc-4ebc-8b01-3d5e9de4bd67, RecordNumber = 4, EventTime = 2016-08-04 07:49:25, ActivityDefinitionId = ThrowOnCancelTestActivity, Reason = The activity 'ThrowOnCancelTestActivity' with ID 1 threw or propagated an exception while being canceled. InnerException Message: Exception thrown from ThrowOnCancelTestActivity. } 
OnAllWorkflowsClosed();</StdOut>
      </Output>
    </UnitTestResult>
    <UnitTestResult executionId="1e8043ab-758c-4fb3-9df7-ece3355a3d2d" testId="346716ea-8a9e-f318-09d2-61d5c046bcbf" testName="ShutDownScenario_WorkflowsIdle_WorkflowsCompleteAnd" computerName="ICSWS068" duration="00:00:00.0151304" startTime="2016-08-04T09:49:25.5686957+02:00" endTime="2016-08-04T09:49:25.5850383+02:00" testType="13cdc9d9-ddb5-4fa4-a97d-d965ccfc6d4b" outcome="Passed" testListId="8c84fa94-04c1-424b-9868-57a2d4851a1d" relativeResultsDirectory="1e8043ab-758c-4fb3-9df7-ece3355a3d2d">
      <Output>
        <StdOut>Debug Trace:
MultiWFInstanceBookmarkTestExtension - Constructor()
Request Service - Id:[4906c690-23be-4813-bc9e-45f04e49d912] Bm:[testRequest 10b79221-1588-437d-a2e8-326e21656cf5] Job:[2]
Request Service - Id:[02bc862a-efc0-4aeb-ae4a-b464493067d5] Bm:[testRequest 6207c331-e579-450a-9687-2f12096a4809] Job:[2]
Request Service - Id:[f23e8da0-1f4d-4a0a-bacf-f5908c8b0a7a] Bm:[testRequest f4aedd1b-a54b-4a92-a5ea-7260a457ccdb] Job:[2]
WorkflowInstanceAbortedRecord { InstanceId = 02bc862a-efc0-4aeb-ae4a-b464493067d5, RecordNumber = 4, EventTime = 2016-08-04 07:49:25, ActivityDefinitionId = ThrowOnCancelTestActivity, Reason = The activity 'ThrowOnCancelTestActivity' with ID 1 threw or propagated an exception while being canceled. InnerException Message: Exception thrown from ThrowOnCancelTestActivity. } 
WorkflowInstanceAbortedRecord { InstanceId = 4906c690-23be-4813-bc9e-45f04e49d912, RecordNumber = 4, EventTime = 2016-08-04 07:49:25, ActivityDefinitionId = ThrowOnCancelTestActivity, Reason = The activity 'ThrowOnCancelTestActivity' with ID 1 threw or propagated an exception while being canceled. InnerException Message: Exception thrown from ThrowOnCancelTestActivity. } 
WorkflowInstanceAbortedRecord { InstanceId = f23e8da0-1f4d-4a0a-bacf-f5908c8b0a7a, RecordNumber = 4, EventTime = 2016-08-04 07:49:25, ActivityDefinitionId = ThrowOnCancelTestActivity, Reason = The activity 'ThrowOnCancelTestActivity' with ID 1 threw or propagated an exception while being canceled. InnerException Message: Exception thrown from ThrowOnCancelTestActivity. } 
OnAllWorkflowsClosed();</StdOut>
      </Output>
    </UnitTestResult>
    <UnitTestResult executionId="5be0f875-9d54-4a5f-b8e6-0f54d0f46d8f" testId="bcf57670-39e3-72c6-fb1d-13718b7ab097" testName="RequestAndResponseThroughNotificationListenerAreSendCorrectly" computerName="ICSWS068" duration="00:00:00.1542650" startTime="2016-08-04T09:49:25.5880385+02:00" endTime="2016-08-04T09:49:25.7438435+02:00" testType="13cdc9d9-ddb5-4fa4-a97d-d965ccfc6d4b" outcome="Passed" testListId="8c84fa94-04c1-424b-9868-57a2d4851a1d" relativeResultsDirectory="5be0f875-9d54-4a5f-b8e6-0f54d0f46d8f" />
    <UnitTestResult executionId="ab101303-be9c-434d-8134-3bd380d458ec" testId="e750b2fe-dd0b-f17a-909c-c8b5d5a384a9" testName="WaitForConnection_CloseIsCalled_ThrowsIOException" computerName="ICSWS068" duration="00:00:00.1043075" startTime="2016-08-04T09:49:25.7463605+02:00" endTime="2016-08-04T09:49:25.8519839+02:00" testType="13cdc9d9-ddb5-4fa4-a97d-d965ccfc6d4b" outcome="Passed" testListId="8c84fa94-04c1-424b-9868-57a2d4851a1d" relativeResultsDirectory="ab101303-be9c-434d-8134-3bd380d458ec" />
    <UnitTestResult executionId="bd45d248-1565-45dc-bf8d-ca9294f29da7" testId="73f12589-8bbd-7e04-ad95-337aca834e89" testName="BeginWaitForConnection_CloseIsCalled_EndWaitForConnectionThrowsIOException" computerName="ICSWS068" duration="00:00:00.0018896" startTime="2016-08-04T09:49:25.8549874+02:00" endTime="2016-08-04T09:49:25.8583627+02:00" testType="13cdc9d9-ddb5-4fa4-a97d-d965ccfc6d4b" outcome="Passed" testListId="8c84fa94-04c1-424b-9868-57a2d4851a1d" relativeResultsDirectory="bd45d248-1565-45dc-bf8d-ca9294f29da7" />
    <UnitTestResult executionId="1ba214a6-8b14-48c0-8975-4bfcc73f73ac" testId="0b4b676c-c44c-b049-87d7-de926f084aaf" testName="BeginWaitForConnection_CloseIsCalled_AsyncCallbackIsCalled" computerName="ICSWS068" duration="00:00:00.0013721" startTime="2016-08-04T09:49:25.8608694+02:00" endTime="2016-08-04T09:49:25.8638714+02:00" testType="13cdc9d9-ddb5-4fa4-a97d-d965ccfc6d4b" outcome="Passed" testListId="8c84fa94-04c1-424b-9868-57a2d4851a1d" relativeResultsDirectory="1ba214a6-8b14-48c0-8975-4bfcc73f73ac" />
    <UnitTestResult executionId="c693c02a-3ac4-40e8-8abf-a29ada993fa9" testId="f583be48-fafb-ac82-1630-6d7859d1cd97" testName="BeginWaitForConnection_CloseIsCalled_AsyncCallbackIsCalledWithCorrectState" computerName="ICSWS068" duration="00:00:00.0012791" startTime="2016-08-04T09:49:25.8663728+02:00" endTime="2016-08-04T09:49:25.8688912+02:00" testType="13cdc9d9-ddb5-4fa4-a97d-d965ccfc6d4b" outcome="Passed" testListId="8c84fa94-04c1-424b-9868-57a2d4851a1d" relativeResultsDirectory="c693c02a-3ac4-40e8-8abf-a29ada993fa9" />
    <UnitTestResult executionId="1e95f3b8-57ae-44ed-963f-53d2d00bba59" testId="505a9d98-8e45-b570-7d86-61aef9726961" testName="WaitForConnection_ConnectionArrives_ReturnsChannel" computerName="ICSWS068" duration="00:00:00.0017137" startTime="2016-08-04T09:49:25.8712686+02:00" endTime="2016-08-04T09:49:25.8742554+02:00" testType="13cdc9d9-ddb5-4fa4-a97d-d965ccfc6d4b" outcome="Passed" testListId="8c84fa94-04c1-424b-9868-57a2d4851a1d" relativeResultsDirectory="1e95f3b8-57ae-44ed-963f-53d2d00bba59" />
    <UnitTestResult executionId="ddd63a0e-8ad0-4234-a25c-45b227be669e" testId="80efd277-4ab1-9482-adaa-4dff5060287d" testName="BeginWaitForConnection_ConnectionArrives_EndWaitForConnectionReturnsConnectedChannel" computerName="ICSWS068" duration="00:00:00.0224895" startTime="2016-08-04T09:49:25.8772571+02:00" endTime="2016-08-04T09:49:25.9006658+02:00" testType="13cdc9d9-ddb5-4fa4-a97d-d965ccfc6d4b" outcome="Passed" testListId="8c84fa94-04c1-424b-9868-57a2d4851a1d" relativeResultsDirectory="ddd63a0e-8ad0-4234-a25c-45b227be669e" />
    <UnitTestResult executionId="909ea7aa-5625-4148-9238-3ed7196a8e0f" testId="fffbc1f0-c05d-bd87-42d1-d5e95e50f002" testName="Constructor_ServerIsNull_ThrowsArgumentNullException" computerName="ICSWS068" duration="00:00:00.0007202" startTime="2016-08-04T09:49:25.9036707+02:00" endTime="2016-08-04T09:49:25.9056715+02:00" testType="13cdc9d9-ddb5-4fa4-a97d-d965ccfc6d4b" outcome="Passed" testListId="8c84fa94-04c1-424b-9868-57a2d4851a1d" relativeResultsDirectory="909ea7aa-5625-4148-9238-3ed7196a8e0f" />
    <UnitTestResult executionId="ce5683a5-b9dd-4b11-b29e-765f63336308" testId="b9811614-b8c8-6d3e-0169-b6351acaa5a7" testName="EndWaitForConnection_NullArgument_ThrowsArgumentNullException" computerName="ICSWS068" duration="00:00:00.0014061" startTime="2016-08-04T09:49:25.9086727+02:00" endTime="2016-08-04T09:49:25.9111940+02:00" testType="13cdc9d9-ddb5-4fa4-a97d-d965ccfc6d4b" outcome="Passed" testListId="8c84fa94-04c1-424b-9868-57a2d4851a1d" relativeResultsDirectory="ce5683a5-b9dd-4b11-b29e-765f63336308" />
    <UnitTestResult executionId="09dfafc2-cecb-4530-a5ca-9424c28dde77" testId="2a72cb1a-92f8-fc17-ec83-9b2dcec5061d" testName="MakeEntityKey_ValidEntityTypeOfGuidId_ReturnsNonNullValue" computerName="ICSWS068" duration="00:00:00.0030181" startTime="2016-08-04T09:49:25.9141802+02:00" endTime="2016-08-04T09:49:25.9182001+02:00" testType="13cdc9d9-ddb5-4fa4-a97d-d965ccfc6d4b" outcome="Passed" testListId="8c84fa94-04c1-424b-9868-57a2d4851a1d" relativeResultsDirectory="09dfafc2-cecb-4530-a5ca-9424c28dde77" />
    <UnitTestResult executionId="5f562e96-cac6-4217-94ea-d1892b8321ec" testId="70c10748-097e-9156-a560-095038cd32e4" testName="MakeEntityKey_ValidEntityTypeOfGuidId_ReturnedKeyIsOfCorrectType" computerName="ICSWS068" duration="00:00:00.0402248" startTime="2016-08-04T09:49:25.9206950+02:00" endTime="2016-08-04T09:49:25.9622427+02:00" testType="13cdc9d9-ddb5-4fa4-a97d-d965ccfc6d4b" outcome="Passed" testListId="8c84fa94-04c1-424b-9868-57a2d4851a1d" relativeResultsDirectory="5f562e96-cac6-4217-94ea-d1892b8321ec" />
    <UnitTestResult executionId="022b2080-fd48-4fb3-9d9e-acd0d31084dd" testId="12c62d80-258c-7360-91a8-3d8017872771" testName="MakeEntityKey_ValidEntityTypeOfGuidId_ReturnedKeyHasExpectedId" computerName="ICSWS068" duration="00:00:00.0003659" startTime="2016-08-04T09:49:25.9647283+02:00" endTime="2016-08-04T09:49:25.9662462+02:00" testType="13cdc9d9-ddb5-4fa4-a97d-d965ccfc6d4b" outcome="Passed" testListId="8c84fa94-04c1-424b-9868-57a2d4851a1d" relativeResultsDirectory="022b2080-fd48-4fb3-9d9e-acd0d31084dd" />
    <UnitTestResult executionId="e6c13a41-7521-413c-b9bb-f09d5d870d7d" testId="d7b5de89-b337-e758-21fe-6e89a71d5335" testName="MakeEntityKey_ValidEntityTypeOfIntId_ReturnsNonNullValue" computerName="ICSWS068" duration="00:00:00.0004504" startTime="2016-08-04T09:49:25.9687326+02:00" endTime="2016-08-04T09:49:25.9702511+02:00" testType="13cdc9d9-ddb5-4fa4-a97d-d965ccfc6d4b" outcome="Passed" testListId="8c84fa94-04c1-424b-9868-57a2d4851a1d" relativeResultsDirectory="e6c13a41-7521-413c-b9bb-f09d5d870d7d" />
    <UnitTestResult executionId="f024fad0-5372-4ed6-95e7-bed6dd082a7e" testId="00368a14-1fdc-6648-c50a-bf98991eab08" testName="MakeEntityKey_ValidEntityTypeOfIntId_ReturnedKeyIsOfCorrectType" computerName="ICSWS068" duration="00:00:00.0002686" startTime="2016-08-04T09:49:25.9722370+02:00" endTime="2016-08-04T09:49:25.9737381+02:00" testType="13cdc9d9-ddb5-4fa4-a97d-d965ccfc6d4b" outcome="Passed" testListId="8c84fa94-04c1-424b-9868-57a2d4851a1d" relativeResultsDirectory="f024fad0-5372-4ed6-95e7-bed6dd082a7e" />
    <UnitTestResult executionId="19f58edc-82a0-4f25-8acb-63f619676575" testId="024cb555-ba60-d7f9-dd61-402999dea2cf" testName="MakeEntityKey_ValidEntityTypeOfOfIntId_ReturnedKeyHasExpectedId" computerName="ICSWS068" duration="00:00:00.0003040" startTime="2016-08-04T09:49:25.9762504+02:00" endTime="2016-08-04T09:49:25.9777583+02:00" testType="13cdc9d9-ddb5-4fa4-a97d-d965ccfc6d4b" outcome="Passed" testListId="8c84fa94-04c1-424b-9868-57a2d4851a1d" relativeResultsDirectory="19f58edc-82a0-4f25-8acb-63f619676575" />
    <UnitTestResult executionId="f99c2826-972f-4167-a6b1-11b3a491fff1" testId="4adc13b6-f1c5-c992-d950-8cc57bae4d2d" testName="MakeEntityKeyGeneric_ValidEntityTypeOfGuidId_ReturnsNonNullValue" computerName="ICSWS068" duration="00:00:00.0343276" startTime="2016-08-04T09:49:25.9802436+02:00" endTime="2016-08-04T09:49:26.0157682+02:00" testType="13cdc9d9-ddb5-4fa4-a97d-d965ccfc6d4b" outcome="Passed" testListId="8c84fa94-04c1-424b-9868-57a2d4851a1d" relativeResultsDirectory="f99c2826-972f-4167-a6b1-11b3a491fff1" />
    <UnitTestResult executionId="87590dfe-154e-49d9-9ca8-34a3a1b65805" testId="df1617ef-7d26-505a-2ff6-3391dd15d149" testName="MakeEntityKeyGeneric_ValidEntityTypeOfIntId_ReturnsNonNullValue" computerName="ICSWS068" duration="00:00:00.0059341" startTime="2016-08-04T09:49:26.0182696+02:00" endTime="2016-08-04T09:49:26.0252780+02:00" testType="13cdc9d9-ddb5-4fa4-a97d-d965ccfc6d4b" outcome="Passed" testListId="8c84fa94-04c1-424b-9868-57a2d4851a1d" relativeResultsDirectory="87590dfe-154e-49d9-9ca8-34a3a1b65805" />
    <UnitTestResult executionId="ee5ec751-f0ff-4c8b-8693-301d1a31fdf9" testId="d6da3f87-7ef7-b5b7-4032-0a321f818130" testName="MakeEntityKeyGeneric_InvalidEntityTypeOfGuidId_Throws" computerName="ICSWS068" duration="00:00:00.0006524" startTime="2016-08-04T09:49:26.0282806+02:00" endTime="2016-08-04T09:49:26.0302829+02:00" testType="13cdc9d9-ddb5-4fa4-a97d-d965ccfc6d4b" outcome="Passed" testListId="8c84fa94-04c1-424b-9868-57a2d4851a1d" relativeResultsDirectory="ee5ec751-f0ff-4c8b-8693-301d1a31fdf9" />
    <UnitTestResult executionId="b60d343f-c1dc-4bcc-b06f-8dacf2e12c92" testId="3b1e568e-067f-16d7-8800-52f43df377b4" testName="MakeEntityKeyGeneric_ValidEntityTypeOfGuidIdSupplyIntId_Success" computerName="ICSWS068" duration="00:00:00.0001633" startTime="2016-08-04T09:49:26.0322858+02:00" endTime="2016-08-04T09:49:26.0337867+02:00" testType="13cdc9d9-ddb5-4fa4-a97d-d965ccfc6d4b" outcome="Passed" testListId="8c84fa94-04c1-424b-9868-57a2d4851a1d" relativeResultsDirectory="b60d343f-c1dc-4bcc-b06f-8dacf2e12c92" />
    <UnitTestResult executionId="f4b97b51-4d3d-4dc2-9cd6-72f266aadde1" testId="b86cfe86-c04b-cc72-3bda-30202c98871b" testName="SendAndReceive_ValidMessageFromClientToServer_MessageTransmitsCorrectly" computerName="ICSWS068" duration="00:00:00.0053409" startTime="2016-08-04T09:49:26.0357884+02:00" endTime="2016-08-04T09:49:26.0422933+02:00" testType="13cdc9d9-ddb5-4fa4-a97d-d965ccfc6d4b" outcome="Passed" testListId="8c84fa94-04c1-424b-9868-57a2d4851a1d" relativeResultsDirectory="f4b97b51-4d3d-4dc2-9cd6-72f266aadde1" />
    <UnitTestResult executionId="f5a4cc7f-3317-406c-938c-c42ee20f965b" testId="22aa2f90-8ac2-9349-0e4c-5149be5fa3c1" testName="SendAndReceive_ValidMessageFromServerToClient_MessageTransmitsCorrectly" computerName="ICSWS068" duration="00:00:00.0025099" startTime="2016-08-04T09:49:26.0447944+02:00" endTime="2016-08-04T09:49:26.0487975+02:00" testType="13cdc9d9-ddb5-4fa4-a97d-d965ccfc6d4b" outcome="Passed" testListId="8c84fa94-04c1-424b-9868-57a2d4851a1d" relativeResultsDirectory="f5a4cc7f-3317-406c-938c-c42ee20f965b" />
    <UnitTestResult executionId="cd125d17-f88d-42e6-8bdc-341dde50fb53" testId="0fca123f-a9e6-df8f-ff23-5fa548180dbb" testName="DispatchWorkerStarted_BeginListenCalledOnce" computerName="ICSWS068" duration="00:00:00.0579584" startTime="2016-08-04T09:49:26.0512993+02:00" endTime="2016-08-04T09:49:26.1105660+02:00" testType="13cdc9d9-ddb5-4fa4-a97d-d965ccfc6d4b" outcome="Passed" testListId="8c84fa94-04c1-424b-9868-57a2d4851a1d" relativeResultsDirectory="cd125d17-f88d-42e6-8bdc-341dde50fb53">
      <Output>
        <StdOut>Debug Trace:
MultiWFInstanceBookmarkTestExtension - Constructor()



TestContext Messages:
About to send a system shutown message.
DispatchWorker - Completed event raised.
Waiting for dispatch worker to close...</StdOut>
      </Output>
    </UnitTestResult>
    <UnitTestResult executionId="90271a70-4223-4a0c-826f-367b695cf63e" testId="19d8245a-514c-130e-51be-9218f5869956" testName="SingleJob_CompletesSuccessfully_ReportedOK" computerName="ICSWS068" duration="00:00:00.5186535" startTime="2016-08-04T09:49:26.1135680+02:00" endTime="2016-08-04T09:49:26.6331861+02:00" testType="13cdc9d9-ddb5-4fa4-a97d-d965ccfc6d4b" outcome="Passed" testListId="8c84fa94-04c1-424b-9868-57a2d4851a1d" relativeResultsDirectory="90271a70-4223-4a0c-826f-367b695cf63e">
      <Output>
        <StdOut>Debug Trace:
MultiWFInstanceBookmarkTestExtension - Constructor()
Job 1 completed successfully at 2016-08-04 09:49:26.
OnAllWorkflowsClosed();



TestContext Messages:
About to start execution of job [1] at 09:49:26.12967.
About to send a system shutown message.
Waiting for dispatch worker to close...
DispatchWorker - Completed event raised.</StdOut>
      </Output>
    </UnitTestResult>
    <UnitTestResult executionId="8a1dc083-59ca-43e4-a9f9-2994a676b0f8" testId="6aa11ef8-3dc2-6225-514a-4b59ab70e003" testName="SingleJob_CannotChangeJobState_ReportsJobStateChangeFailedError" computerName="ICSWS068" duration="00:00:00.5177121" startTime="2016-08-04T09:49:26.6361887+02:00" endTime="2016-08-04T09:49:27.1551104+02:00" testType="13cdc9d9-ddb5-4fa4-a97d-d965ccfc6d4b" outcome="Passed" testListId="8c84fa94-04c1-424b-9868-57a2d4851a1d" relativeResultsDirectory="8a1dc083-59ca-43e4-a9f9-2994a676b0f8">
      <Output>
        <StdOut>Debug Trace:
MultiWFInstanceBookmarkTestExtension - Constructor()
Job 1 failed: Failed to change state of job to Running.
OnAllWorkflowsClosed();



TestContext Messages:
About to start execution of job [1] at 09:49:26.65182.
About to send a system shutown message.
Waiting for dispatch worker to close...
DispatchWorker - Completed event raised.</StdOut>
      </Output>
    </UnitTestResult>
    <UnitTestResult executionId="6181a250-d04e-4450-98e9-42173899ef73" testId="74ddbbd5-55f3-bdbe-aa56-04e8b767ab43" testName="SingleJob_WorkflowFailsInExecution_ReportsError" computerName="ICSWS068" duration="00:00:00.5148964" startTime="2016-08-04T09:49:27.1581124+02:00" endTime="2016-08-04T09:49:27.6744538+02:00" testType="13cdc9d9-ddb5-4fa4-a97d-d965ccfc6d4b" outcome="Passed" testListId="8c84fa94-04c1-424b-9868-57a2d4851a1d" relativeResultsDirectory="6181a250-d04e-4450-98e9-42173899ef73">
      <Output>
        <StdOut>Debug Trace:
MultiWFInstanceBookmarkTestExtension - Constructor()
WorkflowInstanceUnhandledExceptionRecord { InstanceId = 3775a793-0877-4b96-9751-7e2ab7fb9b33, RecordNumber = 3, EventTime = 2016-08-04 07:49:27, ActivityDefinitionId = ThrowExceptionInExecuteTestActivity, FaultSource { Name=ThrowExceptionInExecuteTestActivity, ActivityId = 1, ActivityInstanceId = 1, TypeName=Testing.Common.Mocks.Workflow.ThrowExceptionInExecuteTestActivity }, UnhandledException = Testing.Common.TestException: Thrown by ActivityWithExceptionInExecute.
   at Testing.Common.Mocks.Workflow.ThrowExceptionInExecuteTestActivity.Execute(NativeActivityContext context) in F:\ETWork\Main\Testing\Assemblies\Testing.Common.Mocks\Workflow\TestActivities.cs:line 98
   at System.Activities.NativeActivity.InternalExecute(ActivityInstance instance, ActivityExecutor executor, BookmarkManager bookmarkManager)
   at System.Activities.ActivityInstance.Execute(ActivityExecutor executor, BookmarkManager bookmarkManager)
   at System.Activities.Runtime.ActivityExecutor.ExecuteActivityWorkItem.ExecuteBody(ActivityExecutor executor, BookmarkManager bookmarkManager, Location resultLocation) } 
Job 1 failed: Unhandled exception generated by activity "ThrowExceptionInExecuteTestActivity" of type Testing.Common.Mocks.Workflow.ThrowExceptionInExecuteTestActivity.
OnAllWorkflowsClosed();



TestContext Messages:
About to start execution of job [1] at 09:49:27.17196.
About to send a system shutown message.
DispatchWorker - Completed event raised.
Waiting for dispatch worker to close...</StdOut>
      </Output>
    </UnitTestResult>
    <UnitTestResult executionId="20d240a2-3297-4905-9ca4-89463c27f04b" testId="3520fcf1-4ea4-a21c-c5f7-53f93ba2b815" testName="SingleJob_WorkflowWaitsOnExtensionNotify_ReportsOK" computerName="ICSWS068" duration="00:00:00.5174975" startTime="2016-08-04T09:49:27.6769725+02:00" endTime="2016-08-04T09:49:28.2054931+02:00" testType="13cdc9d9-ddb5-4fa4-a97d-d965ccfc6d4b" outcome="Passed" testListId="8c84fa94-04c1-424b-9868-57a2d4851a1d" relativeResultsDirectory="20d240a2-3297-4905-9ca4-89463c27f04b">
      <Output>
        <StdOut>Debug Trace:
MultiWFInstanceBookmarkTestExtension - Constructor()
BookmarkTestActivity::Execute() - Start Activity instance: [1]
Request Service - Id:[0602025a-fee4-439f-8e90-7d6874fc99f3] Bm:[testRequest b672b9ed-8843-48e3-9ce5-976699b51418] Job:[1]
BookmarkTestActivity::Execute() - End Activity instance: [1]
Resume bookmark - Id:[0602025a-fee4-439f-8e90-7d6874fc99f3] Bm:[testRequest b672b9ed-8843-48e3-9ce5-976699b51418] Job:[1]
End Resume bookmark - Id:[0602025a-fee4-439f-8e90-7d6874fc99f3] Bm:[testRequest b672b9ed-8843-48e3-9ce5-976699b51418] Job:[1]
Job 1 completed successfully at 2016-08-04 09:49:28.
OnAllWorkflowsClosed();



TestContext Messages:
About to start execution of job [1] at 09:49:27.70075.
About to send a system shutown message.
About to send a system shutown message.
DispatchWorker - Completed event raised.
Waiting for dispatch worker to close...</StdOut>
      </Output>
    </UnitTestResult>
    <UnitTestResult executionId="0e70c72f-c533-4d73-abb7-a34b8a2e6fd8" testId="99a9b346-b35c-f04e-684a-7d4b8e8719ea" testName="SingleJob_WorkflowWaitsOnExtensionAndFailOnResume_ReportsError" computerName="ICSWS068" duration="00:00:00.5152676" startTime="2016-08-04T09:49:28.2084963+02:00" endTime="2016-08-04T09:49:28.7258456+02:00" testType="13cdc9d9-ddb5-4fa4-a97d-d965ccfc6d4b" outcome="Passed" testListId="8c84fa94-04c1-424b-9868-57a2d4851a1d" relativeResultsDirectory="0e70c72f-c533-4d73-abb7-a34b8a2e6fd8">
      <Output>
        <StdOut>Debug Trace:
MultiWFInstanceBookmarkTestExtension - Constructor()
Request Service - Id:[6fa64f7f-56b5-4a4a-b43b-969d6887b9b5] Bm:[testRequest 3ad2738d-92b4-4c41-aae1-dffc231d012b] Job:[1]
Resume bookmark - Id:[6fa64f7f-56b5-4a4a-b43b-969d6887b9b5] Bm:[testRequest 3ad2738d-92b4-4c41-aae1-dffc231d012b] Job:[1]
End Resume bookmark - Id:[6fa64f7f-56b5-4a4a-b43b-969d6887b9b5] Bm:[testRequest 3ad2738d-92b4-4c41-aae1-dffc231d012b] Job:[1]
WorkflowInstanceUnhandledExceptionRecord { InstanceId = 6fa64f7f-56b5-4a4a-b43b-969d6887b9b5, RecordNumber = 4, EventTime = 2016-08-04 07:49:28, ActivityDefinitionId = ThrowOnBookmarkresumeTestActivity, FaultSource { Name=ThrowOnBookmarkresumeTestActivity, ActivityId = 1, ActivityInstanceId = 1, TypeName=Testing.Common.Mocks.Workflow.ThrowOnBookmarkresumeTestActivity }, UnhandledException = Testing.Common.TestException: Exception thrown from ThrowOnBookmarkresumeTestActivity.
   at Testing.Common.Mocks.Workflow.ThrowOnBookmarkresumeTestActivity.OnResumeBookMark(NativeActivityContext context, Bookmark bookmark, Object value) in F:\ETWork\Main\Testing\Assemblies\Testing.Common.Mocks\Workflow\TestActivities.cs:line 191
   at System.Activities.Runtime.BookmarkCallbackWrapper.Invoke(NativeActivityContext context, Bookmark bookmark, Object value)
   at System.Activities.Runtime.BookmarkWorkItem.Execute(ActivityExecutor executor, BookmarkManager bookmarkManager) } 
Job 1 failed: Unhandled exception generated by activity "ThrowOnBookmarkresumeTestActivity" of type Testing.Common.Mocks.Workflow.ThrowOnBookmarkresumeTestActivity.
OnAllWorkflowsClosed();
OnAllWorkflowsClosed();



TestContext Messages:
About to start execution of job [1] at 09:49:28.22261.
About to send a system shutown message.
Waiting for dispatch worker to close...
DispatchWorker - Completed event raised.</StdOut>
      </Output>
    </UnitTestResult>
    <UnitTestResult executionId="0c50871a-1511-4c6e-83cd-c431db86b004" testId="bc6aabdc-aaa5-3dc1-5a22-cdb711b66f3f" testName="SingleJob_WaitsOnExtensionAndSystemShutdown_ReportsOK" computerName="ICSWS068" duration="00:00:00.5175215" startTime="2016-08-04T09:49:28.7283649+02:00" endTime="2016-08-04T09:49:29.2470308+02:00" testType="13cdc9d9-ddb5-4fa4-a97d-d965ccfc6d4b" outcome="Passed" testListId="8c84fa94-04c1-424b-9868-57a2d4851a1d" relativeResultsDirectory="0c50871a-1511-4c6e-83cd-c431db86b004">
      <Output>
        <StdOut>Debug Trace:
MultiWFInstanceBookmarkTestExtension - Constructor()
BookmarkTestActivity::Execute() - Start Activity instance: [1]
Request Service - Id:[3ad838b8-3047-48c9-a50b-917a6344e889] Bm:[testRequest 60a73aaa-148b-473a-a3a5-d50961908305] Job:[1]
BookmarkTestActivity::Execute() - End Activity instance: [1]
Job 1 completed successfully at 2016-08-04 09:49:29.
OnAllWorkflowsClosed();



TestContext Messages:
About to start execution of job [1] at 09:49:28.74236.
About to send a system shutown message.
About to send a system shutown message.
DispatchWorker - Completed event raised.
Waiting for dispatch worker to close...</StdOut>
      </Output>
    </UnitTestResult>
    <UnitTestResult executionId="f92d8cc3-e0ee-4f18-8761-4d7f968d4695" testId="f6a93d6d-0ef3-fb05-4e4e-a87cf2a76002" testName="SingleJob_WaitsOnExtensionAndSystemShutdownWorkflowFails_ReportsError" computerName="ICSWS068" duration="00:00:00.5169242" startTime="2016-08-04T09:49:29.2495496+02:00" endTime="2016-08-04T09:49:29.7679270+02:00" testType="13cdc9d9-ddb5-4fa4-a97d-d965ccfc6d4b" outcome="Passed" testListId="8c84fa94-04c1-424b-9868-57a2d4851a1d" relativeResultsDirectory="f92d8cc3-e0ee-4f18-8761-4d7f968d4695">
      <Output>
        <StdOut>Debug Trace:
MultiWFInstanceBookmarkTestExtension - Constructor()
Request Service - Id:[b6fe3321-5def-45c4-b692-fd1fc35326a8] Bm:[testRequest ebd6b9b2-f649-4e22-8cd2-54f757ceebde] Job:[1]
WorkflowInstanceAbortedRecord { InstanceId = b6fe3321-5def-45c4-b692-fd1fc35326a8, RecordNumber = 4, EventTime = 2016-08-04 07:49:29, ActivityDefinitionId = ThrowOnCancelTestActivity, Reason = The activity 'ThrowOnCancelTestActivity' with ID 1 threw or propagated an exception while being canceled. InnerException Message: Exception thrown from ThrowOnCancelTestActivity. } 
Job 1 failed: The activity 'ThrowOnCancelTestActivity' with ID 1 threw or propagated an exception while being canceled. InnerException Message: Exception thrown from ThrowOnCancelTestActivity..
OnAllWorkflowsClosed();



TestContext Messages:
About to start execution of job [1] at 09:49:29.26348.
About to send a system shutown message.
About to send a system shutown message.
Waiting for dispatch worker to close...
DispatchWorker - Completed event raised.</StdOut>
      </Output>
    </UnitTestResult>
    <UnitTestResult executionId="bd3e2134-e328-4af0-808d-99fd6d3ef1f2" testId="2d15d58b-6bd5-7bf5-1b73-3c8980c2ef30" testName="SingleJobWF_CreatesSyncEvent_WorkflowGetNotificationOnSyncEventCompletionAndCorrectValueReturned" computerName="ICSWS068" duration="00:00:00.5177919" startTime="2016-08-04T09:49:29.7708809+02:00" endTime="2016-08-04T09:49:30.2898096+02:00" testType="13cdc9d9-ddb5-4fa4-a97d-d965ccfc6d4b" outcome="Passed" testListId="8c84fa94-04c1-424b-9868-57a2d4851a1d" relativeResultsDirectory="bd3e2134-e328-4af0-808d-99fd6d3ef1f2">
      <Output>
        <StdOut>Debug Trace:
MultiWFInstanceBookmarkTestExtension - Constructor()
Job 1 completed successfully at 2016-08-04 09:49:30.
OnAllWorkflowsClosed();



TestContext Messages:
About to start execution of job [1] at 09:49:29.78440.
[WorkerHostCommunicationFake][OnSyncEvent] - Parent Job: [1]
About to send a system shutown message.
Waiting for dispatch worker to close...
DispatchWorker - Completed event raised.</StdOut>
      </Output>
    </UnitTestResult>
    <UnitTestResult executionId="12b4535a-fe1b-4e02-8083-3ae0fe764505" testId="bb54d647-44e2-c2cf-3ebc-bf691167942d" testName="MultiJobSingleDef_AllCompletesOK_AllReportedOK" computerName="ICSWS068" duration="00:00:02.0222405" startTime="2016-08-04T09:49:30.2928145+02:00" endTime="2016-08-04T09:49:32.3161027+02:00" testType="13cdc9d9-ddb5-4fa4-a97d-d965ccfc6d4b" outcome="Passed" testListId="8c84fa94-04c1-424b-9868-57a2d4851a1d" relativeResultsDirectory="12b4535a-fe1b-4e02-8083-3ae0fe764505">
      <Output>
        <StdOut>Debug Trace:
MultiWFInstanceBookmarkTestExtension - Constructor()
Job 1 completed successfully at 2016-08-04 09:49:30.
OnAllWorkflowsClosed();
Job 2 completed successfully at 2016-08-04 09:49:30.
OnAllWorkflowsClosed();
Job 3 completed successfully at 2016-08-04 09:49:31.
OnAllWorkflowsClosed();
Waiting for all jobs to finish with timeout of 10000
Job 4 completed successfully at 2016-08-04 09:49:31.
OnAllWorkflowsClosed();



TestContext Messages:
About to start execution of job [1] at 09:49:30.30632.
About to start execution of job [2] at 09:49:30.80701.
About to start execution of job [3] at 09:49:31.30753.
About to start execution of job [4] at 09:49:31.81445.
About to send a system shutown message.
Waiting for dispatch worker to close...
DispatchWorker - Completed event raised.</StdOut>
      </Output>
    </UnitTestResult>
    <UnitTestResult executionId="b6aa4415-50af-4871-9130-aa55f81795e4" testId="199eb095-0e83-4faa-77f0-5496c621f53b" testName="MultiJobSingleDef_AllWorkflowFailsInExecution_AllReportedFail" computerName="ICSWS068" duration="00:00:02.0159365" startTime="2016-08-04T09:49:32.3191044+02:00" endTime="2016-08-04T09:49:34.3364836+02:00" testType="13cdc9d9-ddb5-4fa4-a97d-d965ccfc6d4b" outcome="Passed" testListId="8c84fa94-04c1-424b-9868-57a2d4851a1d" relativeResultsDirectory="b6aa4415-50af-4871-9130-aa55f81795e4">
      <Output>
        <StdOut>Debug Trace:
MultiWFInstanceBookmarkTestExtension - Constructor()
WorkflowInstanceUnhandledExceptionRecord { InstanceId = 46ce6c7d-b779-4425-a671-267468f1bdff, RecordNumber = 3, EventTime = 2016-08-04 07:49:32, ActivityDefinitionId = ThrowExceptionInExecuteTestActivity, FaultSource { Name=ThrowExceptionInExecuteTestActivity, ActivityId = 1, ActivityInstanceId = 1, TypeName=Testing.Common.Mocks.Workflow.ThrowExceptionInExecuteTestActivity }, UnhandledException = Testing.Common.TestException: Thrown by ActivityWithExceptionInExecute.
   at Testing.Common.Mocks.Workflow.ThrowExceptionInExecuteTestActivity.Execute(NativeActivityContext context) in F:\ETWork\Main\Testing\Assemblies\Testing.Common.Mocks\Workflow\TestActivities.cs:line 98
   at System.Activities.NativeActivity.InternalExecute(ActivityInstance instance, ActivityExecutor executor, BookmarkManager bookmarkManager)
   at System.Activities.ActivityInstance.Execute(ActivityExecutor executor, BookmarkManager bookmarkManager)
   at System.Activities.Runtime.ActivityExecutor.ExecuteActivityWorkItem.ExecuteBody(ActivityExecutor executor, BookmarkManager bookmarkManager, Location resultLocation) } 
Job 1 failed: Unhandled exception generated by activity "ThrowExceptionInExecuteTestActivity" of type Testing.Common.Mocks.Workflow.ThrowExceptionInExecuteTestActivity.
OnAllWorkflowsClosed();
WorkflowInstanceUnhandledExceptionRecord { InstanceId = 21ce239b-18b1-48bd-bd37-51e145b970c4, RecordNumber = 3, EventTime = 2016-08-04 07:49:32, ActivityDefinitionId = ThrowExceptionInExecuteTestActivity, FaultSource { Name=ThrowExceptionInExecuteTestActivity, ActivityId = 1, ActivityInstanceId = 1, TypeName=Testing.Common.Mocks.Workflow.ThrowExceptionInExecuteTestActivity }, UnhandledException = Testing.Common.TestException: Thrown by ActivityWithExceptionInExecute.
   at Testing.Common.Mocks.Workflow.ThrowExceptionInExecuteTestActivity.Execute(NativeActivityContext context) in F:\ETWork\Main\Testing\Assemblies\Testing.Common.Mocks\Workflow\TestActivities.cs:line 98
   at System.Activities.NativeActivity.InternalExecute(ActivityInstance instance, ActivityExecutor executor, BookmarkManager bookmarkManager)
   at System.Activities.ActivityInstance.Execute(ActivityExecutor executor, BookmarkManager bookmarkManager)
   at System.Activities.Runtime.ActivityExecutor.ExecuteActivityWorkItem.ExecuteBody(ActivityExecutor executor, BookmarkManager bookmarkManager, Location resultLocation) } 
Job 2 failed: Unhandled exception generated by activity "ThrowExceptionInExecuteTestActivity" of type Testing.Common.Mocks.Workflow.ThrowExceptionInExecuteTestActivity.
OnAllWorkflowsClosed();
WorkflowInstanceUnhandledExceptionRecord { InstanceId = 0156f0e6-1224-431a-9b24-f95b3023da9a, RecordNumber = 3, EventTime = 2016-08-04 07:49:33, ActivityDefinitionId = ThrowExceptionInExecuteTestActivity, FaultSource { Name=ThrowExceptionInExecuteTestActivity, ActivityId = 1, ActivityInstanceId = 1, TypeName=Testing.Common.Mocks.Workflow.ThrowExceptionInExecuteTestActivity }, UnhandledException = Testing.Common.TestException: Thrown by ActivityWithExceptionInExecute.
   at Testing.Common.Mocks.Workflow.ThrowExceptionInExecuteTestActivity.Execute(NativeActivityContext context) in F:\ETWork\Main\Testing\Assemblies\Testing.Common.Mocks\Workflow\TestActivities.cs:line 98
   at System.Activities.NativeActivity.InternalExecute(ActivityInstance instance, ActivityExecutor executor, BookmarkManager bookmarkManager)
   at System.Activities.ActivityInstance.Execute(ActivityExecutor executor, BookmarkManager bookmarkManager)
   at System.Activities.Runtime.ActivityExecutor.ExecuteActivityWorkItem.ExecuteBody(ActivityExecutor executor, BookmarkManager bookmarkManager, Location resultLocation) } 
Job 3 failed: Unhandled exception generated by activity "ThrowExceptionInExecuteTestActivity" of type Testing.Common.Mocks.Workflow.ThrowExceptionInExecuteTestActivity.
OnAllWorkflowsClosed();
Waiting for all jobs to finish with timeout of 10000
WorkflowInstanceUnhandledExceptionRecord { InstanceId = 8f86dba1-6f3c-4d55-8eb6-e78cde43fd73, RecordNumber = 3, EventTime = 2016-08-04 07:49:33, ActivityDefinitionId = ThrowExceptionInExecuteTestActivity, FaultSource { Name=ThrowExceptionInExecuteTestActivity, ActivityId = 1, ActivityInstanceId = 1, TypeName=Testing.Common.Mocks.Workflow.ThrowExceptionInExecuteTestActivity }, UnhandledException = Testing.Common.TestException: Thrown by ActivityWithExceptionInExecute.
   at Testing.Common.Mocks.Workflow.ThrowExceptionInExecuteTestActivity.Execute(NativeActivityContext context) in F:\ETWork\Main\Testing\Assemblies\Testing.Common.Mocks\Workflow\TestActivities.cs:line 98
   at System.Activities.NativeActivity.InternalExecute(ActivityInstance instance, ActivityExecutor executor, BookmarkManager bookmarkManager)
   at System.Activities.ActivityInstance.Execute(ActivityExecutor executor, BookmarkManager bookmarkManager)
   at System.Activities.Runtime.ActivityExecutor.ExecuteActivityWorkItem.ExecuteBody(ActivityExecutor executor, BookmarkManager bookmarkManager, Location resultLocation) } 
Job 4 failed: Unhandled exception generated by activity "ThrowExceptionInExecuteTestActivity" of type Testing.Common.Mocks.Workflow.ThrowExceptionInExecuteTestActivity.
OnAllWorkflowsClosed();



TestContext Messages:
About to start execution of job [1] at 09:49:32.33285.
About to start execution of job [2] at 09:49:32.83378.
About to start execution of job [3] at 09:49:33.33429.
About to start execution of job [4] at 09:49:33.83480.
About to send a system shutown message.
Waiting for dispatch worker to close...
DispatchWorker - Completed event raised.</StdOut>
      </Output>
    </UnitTestResult>
    <UnitTestResult executionId="5e49d90f-59fe-4e2f-ab10-8d76fc852969" testId="a61c81d1-fc16-65d2-8093-6b3a8b677359" testName="MultiJobSingleDef_AllWorkflowWaitsOnExtensionNotify_AllReportedOK" computerName="ICSWS068" duration="00:00:02.2333443" startTime="2016-08-04T09:49:34.3394879+02:00" endTime="2016-08-04T09:49:36.5742998+02:00" testType="13cdc9d9-ddb5-4fa4-a97d-d965ccfc6d4b" outcome="Passed" testListId="8c84fa94-04c1-424b-9868-57a2d4851a1d" relativeResultsDirectory="5e49d90f-59fe-4e2f-ab10-8d76fc852969">
      <Output>
        <StdOut>Debug Trace:
MultiWFInstanceBookmarkTestExtension - Constructor()
BookmarkTestActivity::Execute() - Start Activity instance: [1]
Request Service - Id:[89900ebc-4419-45a3-98af-26f7985521ad] Bm:[testRequest bed49754-3593-40ef-824b-8b0e249ced55] Job:[1]
BookmarkTestActivity::Execute() - End Activity instance: [1]
BookmarkTestActivity::Execute() - Start Activity instance: [1]
Request Service - Id:[71cea6d5-b641-4b93-95c2-1391c3494965] Bm:[testRequest 92073d2b-6d6e-4071-b5c1-da3fbe661544] Job:[2]
BookmarkTestActivity::Execute() - End Activity instance: [1]
BookmarkTestActivity::Execute() - Start Activity instance: [1]
Request Service - Id:[f0e2f8e0-ce5f-45c3-b99e-918389a4787a] Bm:[testRequest 41cf6be1-a3c5-47f2-b244-965584348a14] Job:[3]
BookmarkTestActivity::Execute() - End Activity instance: [1]
Resume bookmark - Id:[f0e2f8e0-ce5f-45c3-b99e-918389a4787a] Bm:[testRequest 41cf6be1-a3c5-47f2-b244-965584348a14] Job:[3]
End Resume bookmark - Id:[f0e2f8e0-ce5f-45c3-b99e-918389a4787a] Bm:[testRequest 41cf6be1-a3c5-47f2-b244-965584348a14] Job:[3]
Resume bookmark - Id:[71cea6d5-b641-4b93-95c2-1391c3494965] Bm:[testRequest 92073d2b-6d6e-4071-b5c1-da3fbe661544] Job:[2]
End Resume bookmark - Id:[71cea6d5-b641-4b93-95c2-1391c3494965] Bm:[testRequest 92073d2b-6d6e-4071-b5c1-da3fbe661544] Job:[2]
Resume bookmark - Id:[89900ebc-4419-45a3-98af-26f7985521ad] Bm:[testRequest bed49754-3593-40ef-824b-8b0e249ced55] Job:[1]
Job 3 completed successfully at 2016-08-04 09:49:35.
End Resume bookmark - Id:[89900ebc-4419-45a3-98af-26f7985521ad] Bm:[testRequest bed49754-3593-40ef-824b-8b0e249ced55] Job:[1]
Waiting for all jobs to finish with timeout of 10000
Job 2 completed successfully at 2016-08-04 09:49:35.
Job 1 completed successfully at 2016-08-04 09:49:35.
OnAllWorkflowsClosed();
BookmarkTestActivity::Execute() - Start Activity instance: [1]
Request Service - Id:[983a471f-7ec9-4d03-8f4f-5ba8890999b5] Bm:[testRequest 53753c85-d969-4718-97f2-0c04147a04ef] Job:[4]
BookmarkTestActivity::Execute() - End Activity instance: [1]
Resume bookmark - Id:[983a471f-7ec9-4d03-8f4f-5ba8890999b5] Bm:[testRequest 53753c85-d969-4718-97f2-0c04147a04ef] Job:[4]
End Resume bookmark - Id:[983a471f-7ec9-4d03-8f4f-5ba8890999b5] Bm:[testRequest 53753c85-d969-4718-97f2-0c04147a04ef] Job:[4]
Job 4 completed successfully at 2016-08-04 09:49:36.
OnAllWorkflowsClosed();
OnAllWorkflowsClosed();



TestContext Messages:
About to start execution of job [1] at 09:49:34.35350.
About to start execution of job [2] at 09:49:34.85424.
About to start execution of job [3] at 09:49:35.35478.
About to start execution of job [4] at 09:49:35.96368.
About to send a system shutown message.
Waiting for dispatch worker to close...
DispatchWorker - Completed event raised.</StdOut>
      </Output>
    </UnitTestResult>
    <UnitTestResult executionId="3eb6e8a7-4935-438c-a3f6-c542378a4fc5" testId="56cc4a55-153e-08de-505c-f0388f590bb4" testName="MultiJobSingleDef_AllWorkflowWaitsOnExtensionAndFailOnResume_AllReportsError" computerName="ICSWS068" duration="00:00:02.2273741" startTime="2016-08-04T09:49:36.5768158+02:00" endTime="2016-08-04T09:49:38.8053938+02:00" testType="13cdc9d9-ddb5-4fa4-a97d-d965ccfc6d4b" outcome="Passed" testListId="8c84fa94-04c1-424b-9868-57a2d4851a1d" relativeResultsDirectory="3eb6e8a7-4935-438c-a3f6-c542378a4fc5">
      <Output>
        <StdOut>Debug Trace:
MultiWFInstanceBookmarkTestExtension - Constructor()
Request Service - Id:[bbfb427b-f1e2-4617-a09e-cc458f59f9b4] Bm:[testRequest dc8365e8-bac2-4c9d-9a4e-762d23d78946] Job:[1]
Request Service - Id:[d9b1dbb5-8d0b-4265-bb64-89d3675c58e7] Bm:[testRequest 3bde9c4e-6c05-440b-b7cf-be0f11b2e6a4] Job:[2]
Request Service - Id:[816f7243-1040-4a75-a258-23ff52325618] Bm:[testRequest 33823fc1-f233-4662-bc43-f527957913e0] Job:[3]
Resume bookmark - Id:[816f7243-1040-4a75-a258-23ff52325618] Bm:[testRequest 33823fc1-f233-4662-bc43-f527957913e0] Job:[3]
End Resume bookmark - Id:[816f7243-1040-4a75-a258-23ff52325618] Bm:[testRequest 33823fc1-f233-4662-bc43-f527957913e0] Job:[3]
Resume bookmark - Id:[d9b1dbb5-8d0b-4265-bb64-89d3675c58e7] Bm:[testRequest 3bde9c4e-6c05-440b-b7cf-be0f11b2e6a4] Job:[2]
End Resume bookmark - Id:[d9b1dbb5-8d0b-4265-bb64-89d3675c58e7] Bm:[testRequest 3bde9c4e-6c05-440b-b7cf-be0f11b2e6a4] Job:[2]
Resume bookmark - Id:[bbfb427b-f1e2-4617-a09e-cc458f59f9b4] Bm:[testRequest dc8365e8-bac2-4c9d-9a4e-762d23d78946] Job:[1]
WorkflowInstanceUnhandledExceptionRecord { InstanceId = d9b1dbb5-8d0b-4265-bb64-89d3675c58e7, RecordNumber = 4, EventTime = 2016-08-04 07:49:38, ActivityDefinitionId = ThrowOnBookmarkresumeTestActivity, FaultSource { Name=ThrowOnBookmarkresumeTestActivity, ActivityId = 1, ActivityInstanceId = 1, TypeName=Testing.Common.Mocks.Workflow.ThrowOnBookmarkresumeTestActivity }, UnhandledException = Testing.Common.TestException: Exception thrown from ThrowOnBookmarkresumeTestActivity.
   at Testing.Common.Mocks.Workflow.ThrowOnBookmarkresumeTestActivity.OnResumeBookMark(NativeActivityContext context, Bookmark bookmark, Object value) in F:\ETWork\Main\Testing\Assemblies\Testing.Common.Mocks\Workflow\TestActivities.cs:line 191
   at System.Activities.Runtime.BookmarkCallbackWrapper.Invoke(NativeActivityContext context, Bookmark bookmark, Object value)
   at System.Activities.Runtime.BookmarkWorkItem.Execute(ActivityExecutor executor, BookmarkManager bookmarkManager) } 
End Resume bookmark - Id:[bbfb427b-f1e2-4617-a09e-cc458f59f9b4] Bm:[testRequest dc8365e8-bac2-4c9d-9a4e-762d23d78946] Job:[1]
Waiting for all jobs to finish with timeout of 10000
WorkflowInstanceUnhandledExceptionRecord { InstanceId = bbfb427b-f1e2-4617-a09e-cc458f59f9b4, RecordNumber = 4, EventTime = 2016-08-04 07:49:38, ActivityDefinitionId = ThrowOnBookmarkresumeTestActivity, FaultSource { Name=ThrowOnBookmarkresumeTestActivity, ActivityId = 1, ActivityInstanceId = 1, TypeName=Testing.Common.Mocks.Workflow.ThrowOnBookmarkresumeTestActivity }, UnhandledException = Testing.Common.TestException: Exception thrown from ThrowOnBookmarkresumeTestActivity.
   at Testing.Common.Mocks.Workflow.ThrowOnBookmarkresumeTestActivity.OnResumeBookMark(NativeActivityContext context, Bookmark bookmark, Object value) in F:\ETWork\Main\Testing\Assemblies\Testing.Common.Mocks\Workflow\TestActivities.cs:line 191
   at System.Activities.Runtime.BookmarkCallbackWrapper.Invoke(NativeActivityContext context, Bookmark bookmark, Object value)
   at System.Activities.Runtime.BookmarkWorkItem.Execute(ActivityExecutor executor, BookmarkManager bookmarkManager) } 
WorkflowInstanceUnhandledExceptionRecord { InstanceId = 816f7243-1040-4a75-a258-23ff52325618, RecordNumber = 4, EventTime = 2016-08-04 07:49:38, ActivityDefinitionId = ThrowOnBookmarkresumeTestActivity, FaultSource { Name=ThrowOnBookmarkresumeTestActivity, ActivityId = 1, ActivityInstanceId = 1, TypeName=Testing.Common.Mocks.Workflow.ThrowOnBookmarkresumeTestActivity }, UnhandledException = Testing.Common.TestException: Exception thrown from ThrowOnBookmarkresumeTestActivity.
   at Testing.Common.Mocks.Workflow.ThrowOnBookmarkresumeTestActivity.OnResumeBookMark(NativeActivityContext context, Bookmark bookmark, Object value) in F:\ETWork\Main\Testing\Assemblies\Testing.Common.Mocks\Workflow\TestActivities.cs:line 191
   at System.Activities.Runtime.BookmarkCallbackWrapper.Invoke(NativeActivityContext context, Bookmark bookmark, Object value)
   at System.Activities.Runtime.BookmarkWorkItem.Execute(ActivityExecutor executor, BookmarkManager bookmarkManager) } 
Job 2 failed: Unhandled exception generated by activity "ThrowOnBookmarkresumeTestActivity" of type Testing.Common.Mocks.Workflow.ThrowOnBookmarkresumeTestActivity.
Job 3 failed: Unhandled exception generated by activity "ThrowOnBookmarkresumeTestActivity" of type Testing.Common.Mocks.Workflow.ThrowOnBookmarkresumeTestActivity.
Job 1 failed: Unhandled exception generated by activity "ThrowOnBookmarkresumeTestActivity" of type Testing.Common.Mocks.Workflow.ThrowOnBookmarkresumeTestActivity.
OnAllWorkflowsClosed();
Request Service - Id:[66506025-d7bb-4732-9c53-407bbf9239f0] Bm:[testRequest aec22d86-6e45-47e7-b5cd-9c5ee3bdf82c] Job:[4]
Resume bookmark - Id:[66506025-d7bb-4732-9c53-407bbf9239f0] Bm:[testRequest aec22d86-6e45-47e7-b5cd-9c5ee3bdf82c] Job:[4]
End Resume bookmark - Id:[66506025-d7bb-4732-9c53-407bbf9239f0] Bm:[testRequest aec22d86-6e45-47e7-b5cd-9c5ee3bdf82c] Job:[4]
WorkflowInstanceUnhandledExceptionRecord { InstanceId = 66506025-d7bb-4732-9c53-407bbf9239f0, RecordNumber = 4, EventTime = 2016-08-04 07:49:38, ActivityDefinitionId = ThrowOnBookmarkresumeTestActivity, FaultSource { Name=ThrowOnBookmarkresumeTestActivity, ActivityId = 1, ActivityInstanceId = 1, TypeName=Testing.Common.Mocks.Workflow.ThrowOnBookmarkresumeTestActivity }, UnhandledException = Testing.Common.TestException: Exception thrown from ThrowOnBookmarkresumeTestActivity.
   at Testing.Common.Mocks.Workflow.ThrowOnBookmarkresumeTestActivity.OnResumeBookMark(NativeActivityContext context, Bookmark bookmark, Object value) in F:\ETWork\Main\Testing\Assemblies\Testing.Common.Mocks\Workflow\TestActivities.cs:line 191
   at System.Activities.Runtime.BookmarkCallbackWrapper.Invoke(NativeActivityContext context, Bookmark bookmark, Object value)
   at System.Activities.Runtime.BookmarkWorkItem.Execute(ActivityExecutor executor, BookmarkManager bookmarkManager) } 
Job 4 failed: Unhandled exception generated by activity "ThrowOnBookmarkresumeTestActivity" of type Testing.Common.Mocks.Workflow.ThrowOnBookmarkresumeTestActivity.
OnAllWorkflowsClosed();
OnAllWorkflowsClosed();



TestContext Messages:
About to start execution of job [1] at 09:49:36.59113.
About to start execution of job [2] at 09:49:37.09234.
About to start execution of job [3] at 09:49:37.59327.
About to start execution of job [4] at 09:49:38.19596.
About to send a system shutown message.
Waiting for dispatch worker to close...
DispatchWorker - Completed event raised.</StdOut>
      </Output>
    </UnitTestResult>
    <UnitTestResult executionId="af578f3e-6302-46b7-bc1c-20264cc9940e" testId="8c60e05a-7b15-9b39-211e-c8e9070aa8d8" testName="MultiJobSingleDef_AllWaitsOnExtensionAndSystemShutdown_AllReportsOK" computerName="ICSWS068" duration="00:00:01.6258260" startTime="2016-08-04T09:49:38.8083966+02:00" endTime="2016-08-04T09:49:40.4354543+02:00" testType="13cdc9d9-ddb5-4fa4-a97d-d965ccfc6d4b" outcome="Passed" testListId="8c84fa94-04c1-424b-9868-57a2d4851a1d" relativeResultsDirectory="af578f3e-6302-46b7-bc1c-20264cc9940e">
      <Output>
        <StdOut>Debug Trace:
MultiWFInstanceBookmarkTestExtension - Constructor()
BookmarkTestActivity::Execute() - Start Activity instance: [1]
Request Service - Id:[45a33b31-d430-4442-b1bd-dca9a9af3387] Bm:[testRequest 058d8d35-2a7a-4438-a3e5-a5242a4de55a] Job:[1]
BookmarkTestActivity::Execute() - End Activity instance: [1]
BookmarkTestActivity::Execute() - Start Activity instance: [1]
Request Service - Id:[f86ca8c4-5457-4687-b3be-c1e326f991d8] Bm:[testRequest 40825172-f91a-4914-a046-70acc522caa3] Job:[2]
BookmarkTestActivity::Execute() - End Activity instance: [1]
BookmarkTestActivity::Execute() - Start Activity instance: [1]
Request Service - Id:[f0c21f00-cae9-42e6-89c9-686390ce700d] Bm:[testRequest 6dc93c90-e1dd-4a1d-9c8e-e35a84131636] Job:[3]
BookmarkTestActivity::Execute() - End Activity instance: [1]
Waiting for all jobs to finish with timeout of 10000
Job 1 completed successfully at 2016-08-04 09:49:40.
Job 2 completed successfully at 2016-08-04 09:49:40.
Job 3 completed successfully at 2016-08-04 09:49:40.
OnAllWorkflowsClosed();



TestContext Messages:
About to start execution of job [1] at 09:49:38.82205.
About to start execution of job [2] at 09:49:39.32315.
About to start execution of job [3] at 09:49:39.82402.
About to send a system shutown message.
About to send a system shutown message.
Waiting for dispatch worker to close...
DispatchWorker - Completed event raised.</StdOut>
      </Output>
    </UnitTestResult>
    <UnitTestResult executionId="645f5352-bb83-4fd7-8a0c-a424025fc087" testId="50f7f2e5-8c6a-d2ca-17de-34a563f7b012" testName="MultiJobSingleDef_AllWaitsOnExtensionAndSystemShutdownWorkflowFailsOnCancel_AllReportsError" computerName="ICSWS068" duration="00:00:01.6196772" startTime="2016-08-04T09:49:40.4394581+02:00" endTime="2016-08-04T09:49:42.0606789+02:00" testType="13cdc9d9-ddb5-4fa4-a97d-d965ccfc6d4b" outcome="Passed" testListId="8c84fa94-04c1-424b-9868-57a2d4851a1d" relativeResultsDirectory="645f5352-bb83-4fd7-8a0c-a424025fc087">
      <Output>
        <StdOut>Debug Trace:
MultiWFInstanceBookmarkTestExtension - Constructor()
Request Service - Id:[1380b872-46d4-4d10-8dc6-be6c8ba42010] Bm:[testRequest 525120a0-9832-4d48-9afe-57e9fe21c659] Job:[1]
Request Service - Id:[f3a59cb6-8b0d-4dd2-bdfc-2d28e8f07cae] Bm:[testRequest bc044aaf-6091-4a89-93e2-36c7c3c33d24] Job:[2]
Request Service - Id:[fa54df6d-e59a-47d6-bdd3-ce60e496849a] Bm:[testRequest 831e915f-1108-40de-8de3-9a74d9e97b65] Job:[3]
Waiting for all jobs to finish with timeout of 10000
WorkflowInstanceAbortedRecord { InstanceId = fa54df6d-e59a-47d6-bdd3-ce60e496849a, RecordNumber = 4, EventTime = 2016-08-04 07:49:42, ActivityDefinitionId = ThrowOnCancelTestActivity, Reason = The activity 'ThrowOnCancelTestActivity' with ID 1 threw or propagated an exception while being canceled. InnerException Message: Exception thrown from ThrowOnCancelTestActivity. } 
Job 3 failed: The activity 'ThrowOnCancelTestActivity' with ID 1 threw or propagated an exception while being canceled. InnerException Message: Exception thrown from ThrowOnCancelTestActivity..
WorkflowInstanceAbortedRecord { InstanceId = 1380b872-46d4-4d10-8dc6-be6c8ba42010, RecordNumber = 4, EventTime = 2016-08-04 07:49:42, ActivityDefinitionId = ThrowOnCancelTestActivity, Reason = The activity 'ThrowOnCancelTestActivity' with ID 1 threw or propagated an exception while being canceled. InnerException Message: Exception thrown from ThrowOnCancelTestActivity. } 
WorkflowInstanceAbortedRecord { InstanceId = f3a59cb6-8b0d-4dd2-bdfc-2d28e8f07cae, RecordNumber = 4, EventTime = 2016-08-04 07:49:42, ActivityDefinitionId = ThrowOnCancelTestActivity, Reason = The activity 'ThrowOnCancelTestActivity' with ID 1 threw or propagated an exception while being canceled. InnerException Message: Exception thrown from ThrowOnCancelTestActivity. } 
Job 1 failed: The activity 'ThrowOnCancelTestActivity' with ID 1 threw or propagated an exception while being canceled. InnerException Message: Exception thrown from ThrowOnCancelTestActivity..
Job 2 failed: The activity 'ThrowOnCancelTestActivity' with ID 1 threw or propagated an exception while being canceled. InnerException Message: Exception thrown from ThrowOnCancelTestActivity..
OnAllWorkflowsClosed();



TestContext Messages:
About to start execution of job [1] at 09:49:40.45384.
About to start execution of job [2] at 09:49:40.95471.
About to start execution of job [3] at 09:49:41.45526.
About to send a system shutown message.
About to send a system shutown message.
Waiting for dispatch worker to close...
DispatchWorker - Completed event raised.</StdOut>
      </Output>
    </UnitTestResult>
    <UnitTestResult executionId="8e2952dc-1f98-4edf-902c-670b42e8be09" testId="40669a38-1100-ac4f-edf7-f11aab9b0358" testName="MultiJobMulltiDef_MixedExecution_MixedReports" computerName="ICSWS068" duration="00:00:01.6193306" startTime="2016-08-04T09:49:42.0636817+02:00" endTime="2016-08-04T09:49:43.6840087+02:00" testType="13cdc9d9-ddb5-4fa4-a97d-d965ccfc6d4b" outcome="Passed" testListId="8c84fa94-04c1-424b-9868-57a2d4851a1d" relativeResultsDirectory="8e2952dc-1f98-4edf-902c-670b42e8be09">
      <Output>
        <StdOut>Debug Trace:
MultiWFInstanceBookmarkTestExtension - Constructor()
BookmarkTestActivity::Execute() - Start Activity instance: [1]
Request Service - Id:[69c2ec78-7db8-47a7-9ca2-79bb5823a82f] Bm:[testRequest 4922830d-e84f-494c-9b57-64533141d5aa] Job:[1]
BookmarkTestActivity::Execute() - End Activity instance: [1]
Request Service - Id:[10ace1e3-9b39-4391-b30c-ddc4d7c7d853] Bm:[testRequest 7a52884a-444d-49fe-956a-71b3f176f649] Job:[2]
Request Service - Id:[16abf7ed-3b21-4845-b20e-89dcdfadee31] Bm:[testRequest 51b28f1e-c7c0-44f1-b198-d1dd34e93c07] Job:[3]
Waiting for all jobs to finish with timeout of 10000
Job 1 completed successfully at 2016-08-04 09:49:43.
OnAllWorkflowsClosed();
WorkflowInstanceAbortedRecord { InstanceId = 16abf7ed-3b21-4845-b20e-89dcdfadee31, RecordNumber = 4, EventTime = 2016-08-04 07:49:43, ActivityDefinitionId = ThrowOnCancelTestActivity, Reason = The activity 'ThrowOnCancelTestActivity' with ID 1 threw or propagated an exception while being canceled. InnerException Message: Exception thrown from ThrowOnCancelTestActivity. } 
[...]
      <TestMethod codeBase="F:\ETWork\bin\Tests\IntgTests.iCore.Runtime.Core.dll" adapterTypeName="Microsoft.VisualStudio.TestTools.TestTypes.Unit.UnitTestAdapter" className="IntgTests.iCore.Runtime.Core.DispatchWorkerTests.DispatchWorkerTests" name="SpawnSingleWorkflows_WaitForResults_NoCreateChildJob_SpawnedFails_RootJobFails" />
    </UnitTest>
    <UnitTest name="SpawnChainOfThreeWorkflows_AllLevelsCreateChildJob_AllExecutesDifferentJobs" storage="f:\etwork\bin\tests\intgtests.icore.runtime.core.dll" id="2438eb2d-fc64-9e5c-3c3b-9c4f250db6d9">
      <Execution id="3462aa30-0d31-41d2-a48a-af691a80fe05" />
      <TestMethod codeBase="F:\ETWork\bin\Tests\IntgTests.iCore.Runtime.Core.dll" adapterTypeName="Microsoft.VisualStudio.TestTools.TestTypes.Unit.UnitTestAdapter" className="IntgTests.iCore.Runtime.Core.DispatchWorkerTests.DispatchWorkerTests" name="SpawnChainOfThreeWorkflows_AllLevelsCreateChildJob_AllExecutesDifferentJobs" />
    </UnitTest>
    <UnitTest name="SpawnChainOfThreeWorkflows_NoLevelCreatesChildJob_AllExecutesUnderSameJob" storage="f:\etwork\bin\tests\intgtests.icore.runtime.core.dll" id="799eedbd-143c-4339-4afd-a745005815ef">
      <Execution id="0c139593-ddf7-4fc8-bfd4-faa8d8ffefd1" />
      <TestMethod codeBase="F:\ETWork\bin\Tests\IntgTests.iCore.Runtime.Core.dll" adapterTypeName="Microsoft.VisualStudio.TestTools.TestTypes.Unit.UnitTestAdapter" className="IntgTests.iCore.Runtime.Core.DispatchWorkerTests.DispatchWorkerTests" name="SpawnChainOfThreeWorkflows_NoLevelCreatesChildJob_AllExecutesUnderSameJob" />
    </UnitTest>
    <UnitTest name="SpawnChainOfThreeWorkflows_FirstCreatesChildJobSecondCreatesNoChildJobThirdCreatesChildJob_ExecutesUnderCorrectJobs" storage="f:\etwork\bin\tests\intgtests.icore.runtime.core.dll" id="453dbce4-642a-49ce-b3a1-df7ad3859145">
      <Execution id="bad82e21-2885-45bc-b677-2adb569eea05" />
      <TestMethod codeBase="F:\ETWork\bin\Tests\IntgTests.iCore.Runtime.Core.dll" adapterTypeName="Microsoft.VisualStudio.TestTools.TestTypes.Unit.UnitTestAdapter" className="IntgTests.iCore.Runtime.Core.DispatchWorkerTests.DispatchWorkerTests" name="SpawnChainOfThreeWorkflows_FirstCreatesChildJobSecondCreatesNoChildJobThirdCreatesChildJob_ExecutesUnderCorrectJobs" />
    </UnitTest>
  </TestDefinitions>
  <TestEntries>
    <TestEntry testId="40dbbfb7-d94c-f0c9-f9b7-d7d55f5e0174" executionId="52852a24-92fd-4c6b-b7e6-b75dbbcfd30f" testListId="8c84fa94-04c1-424b-9868-57a2d4851a1d" />
    <TestEntry testId="d2b3889c-b38e-972f-7737-182ad51bd625" executionId="07b745e2-ca0c-4865-b64c-e4df72f5c955" testListId="8c84fa94-04c1-424b-9868-57a2d4851a1d" />
    <TestEntry testId="a2784d05-8082-083a-9c2f-80d86cacb4d6" executionId="b84e1ef9-ba53-4a9b-8dea-50ccd639ff07" testListId="8c84fa94-04c1-424b-9868-57a2d4851a1d" />
    <TestEntry testId="fc431ae1-630f-5fbe-b540-abc5d941ba23" executionId="49ff5adc-92b1-427b-b1a7-3020e999330b" testListId="8c84fa94-04c1-424b-9868-57a2d4851a1d" />
    <TestEntry testId="21390a79-f5f0-feba-ae52-141d4d8f73cc" executionId="393eb116-7040-4dd7-8d36-19f2168c979d" testListId="8c84fa94-04c1-424b-9868-57a2d4851a1d" />
    <TestEntry testId="cb09afc0-830f-9c25-d178-544501da3450" executionId="bd673e7e-9563-4fe5-be01-a889562cd323" testListId="8c84fa94-04c1-424b-9868-57a2d4851a1d" />
    <TestEntry testId="9117925c-15a7-fa6a-d9de-a67b1f276384" executionId="f7d60911-4393-4e4b-83dc-18761859c70c" testListId="8c84fa94-04c1-424b-9868-57a2d4851a1d" />
    <TestEntry testId="77efbe9e-6f0c-1e99-d2fa-e6b84724f37f" executionId="dc05d7d8-6a12-419a-973b-5a7a01ce2024" testListId="8c84fa94-04c1-424b-9868-57a2d4851a1d" />
    <TestEntry testId="7d81dc93-bcaa-0e12-4755-1b62171e82a0" executionId="ea33ec98-2c53-4fba-8578-206c82a89a8c" testListId="8c84fa94-04c1-424b-9868-57a2d4851a1d" />
    <TestEntry testId="7a7ebebf-f7f7-ad8f-5db7-8f5f97e965a0" executionId="c72a32a9-1878-4291-9641-8ebf93b712a1" testListId="8c84fa94-04c1-424b-9868-57a2d4851a1d" />
    <TestEntry testId="1f61905a-9b21-5e7f-d13d-4d2be17e5298" executionId="b1406bf8-1701-4bc4-80d7-0ff9f601d91f" testListId="8c84fa94-04c1-424b-9868-57a2d4851a1d" />
    <TestEntry testId="13bd2833-1b69-4640-bb6f-84ca92bf5106" executionId="11a260ad-2c4d-421b-974f-710825e45d0e" testListId="8c84fa94-04c1-424b-9868-57a2d4851a1d" />
    <TestEntry testId="bb05f1db-9402-cd5c-a24a-6b30225d6702" executionId="32f55cf9-f0a3-4d34-ae07-7bdb3a189cc9" testListId="8c84fa94-04c1-424b-9868-57a2d4851a1d" />
    <TestEntry testId="cf45d7ad-ddc2-7e7a-944f-22be46719912" executionId="176989c2-0611-4b61-9888-a383f4217e47" testListId="8c84fa94-04c1-424b-9868-57a2d4851a1d" />
    <TestEntry testId="70fb0713-607a-e60f-0dc1-40802bce115e" executionId="70bf4d2e-6ea2-4cdd-818b-83958c5767f5" testListId="8c84fa94-04c1-424b-9868-57a2d4851a1d" />
    <TestEntry testId="f49e00b8-b7f2-30b4-28db-30985dc488a0" executionId="c107ef61-7291-49b5-a003-d10c6fda9167" testListId="8c84fa94-04c1-424b-9868-57a2d4851a1d" />
    <TestEntry testId="a60c5f0d-2d83-f074-e8ae-900c44064c21" executionId="6e4b92c6-2d6c-4d2d-9d64-4d7b6b298986" testListId="8c84fa94-04c1-424b-9868-57a2d4851a1d" />
    <TestEntry testId="7cfac6a4-26ff-27a1-a4bd-4b19934e8fe5" executionId="c784f7a5-a499-47b7-81ae-8bcfee023d2f" testListId="8c84fa94-04c1-424b-9868-57a2d4851a1d" />
    <TestEntry testId="c7b8b8cd-5850-54d3-2d75-eef4d34ed5d0" executionId="785d0b8f-ae65-42e5-80a8-ac3a9af7d6e1" testListId="8c84fa94-04c1-424b-9868-57a2d4851a1d" />
    <TestEntry testId="a2bc052e-c280-ecb8-a301-db16d528847a" executionId="cb865335-391f-403c-b734-a19d3240674b" testListId="8c84fa94-04c1-424b-9868-57a2d4851a1d" />
    <TestEntry testId="acf4b030-4dc9-725d-42de-1356280a6284" executionId="4881a0be-501d-409d-80fb-c2d5ac0739dd" testListId="8c84fa94-04c1-424b-9868-57a2d4851a1d" />
    <TestEntry testId="d124b3fd-1eac-c138-fd5a-e6c6e6ce45fe" executionId="35a9e934-1dd5-4701-9723-508e0cafc219" testListId="8c84fa94-04c1-424b-9868-57a2d4851a1d" />
    <TestEntry testId="ee6c2228-a099-44b7-d187-b591b6cb088f" executionId="f1d9ed0e-419e-43f2-9c2a-de24ca04eb78" testListId="8c84fa94-04c1-424b-9868-57a2d4851a1d" />
    <TestEntry testId="4c4ec716-c12e-88d1-1773-ec646d1b2309" executionId="7d73a2eb-66c4-47dc-aba1-d253be88cd07" testListId="8c84fa94-04c1-424b-9868-57a2d4851a1d" />
    <TestEntry testId="2c25ed93-473e-de09-7ac4-ac600ac06db4" executionId="ff80be2f-e746-45c0-b786-c3cdc86c2c8d" testListId="8c84fa94-04c1-424b-9868-57a2d4851a1d" />
    <TestEntry testId="88aa156a-b912-8a1b-e347-5d591a5f9f18" executionId="ae48d92e-6d86-42b9-9461-4ccfe77d481d" testListId="8c84fa94-04c1-424b-9868-57a2d4851a1d" />
    <TestEntry testId="6049efbe-01d3-a48b-2d84-f43871b05149" executionId="32b7b41e-328d-4151-90e8-76b69f3cd5f3" testListId="8c84fa94-04c1-424b-9868-57a2d4851a1d" />
    <TestEntry testId="a649bc1d-688d-9633-96c4-4ca94229c8db" executionId="127becd3-1d3d-455c-9ebb-0a13f61f0646" testListId="8c84fa94-04c1-424b-9868-57a2d4851a1d" />
    <TestEntry testId="a58a29c1-dea5-9fbf-341e-771913f9e68d" executionId="42bb6677-438e-49ef-bb7b-6272e4e221ef" testListId="8c84fa94-04c1-424b-9868-57a2d4851a1d" />
    <TestEntry testId="53a35152-ff91-efef-0eb9-011d4a1e7ef6" executionId="7bbb9ec8-d981-4040-b97f-8bbb0f66506a" testListId="8c84fa94-04c1-424b-9868-57a2d4851a1d" />
    <TestEntry testId="24806717-43eb-88f3-267c-699c6f622bb0" executionId="325988bc-5a6c-4bbd-8b8f-b351a9c49c85" testListId="8c84fa94-04c1-424b-9868-57a2d4851a1d" />
    <TestEntry testId="934d40bd-446c-b236-4078-fc02ca4d9bb0" executionId="0b6805bb-6dc5-4df9-b3ee-ef49dbc3344d" testListId="8c84fa94-04c1-424b-9868-57a2d4851a1d" />
    <TestEntry testId="61960d17-a38e-adf7-5727-d969f56891d2" executionId="40814668-a369-43e0-b7b9-c0ab32b125e9" testListId="8c84fa94-04c1-424b-9868-57a2d4851a1d" />
    <TestEntry testId="28bf0e85-e4d8-f8d4-f271-ea9c2e1f7568" executionId="3b53ccdf-9ab4-4d13-b774-796410d7ee38" testListId="8c84fa94-04c1-424b-9868-57a2d4851a1d" />
    <TestEntry testId="0caf5b1e-ce18-4594-1af5-c5ddffa3fc8e" executionId="c95b0a9c-7beb-46df-a33d-4164e8e7b96b" testListId="8c84fa94-04c1-424b-9868-57a2d4851a1d" />
    <TestEntry testId="d3f80df8-0e87-06f0-83cc-9ee102864585" executionId="3d2dc1c3-dc5b-478b-937b-e9de5c056696" testListId="8c84fa94-04c1-424b-9868-57a2d4851a1d" />
    <TestEntry testId="346716ea-8a9e-f318-09d2-61d5c046bcbf" executionId="1e8043ab-758c-4fb3-9df7-ece3355a3d2d" testListId="8c84fa94-04c1-424b-9868-57a2d4851a1d" />
    <TestEntry testId="bcf57670-39e3-72c6-fb1d-13718b7ab097" executionId="5be0f875-9d54-4a5f-b8e6-0f54d0f46d8f" testListId="8c84fa94-04c1-424b-9868-57a2d4851a1d" />
    <TestEntry testId="e750b2fe-dd0b-f17a-909c-c8b5d5a384a9" executionId="ab101303-be9c-434d-8134-3bd380d458ec" testListId="8c84fa94-04c1-424b-9868-57a2d4851a1d" />
    <TestEntry testId="73f12589-8bbd-7e04-ad95-337aca834e89" executionId="bd45d248-1565-45dc-bf8d-ca9294f29da7" testListId="8c84fa94-04c1-424b-9868-57a2d4851a1d" />
    <TestEntry testId="0b4b676c-c44c-b049-87d7-de926f084aaf" executionId="1ba214a6-8b14-48c0-8975-4bfcc73f73ac" testListId="8c84fa94-04c1-424b-9868-57a2d4851a1d" />
    <TestEntry testId="f583be48-fafb-ac82-1630-6d7859d1cd97" executionId="c693c02a-3ac4-40e8-8abf-a29ada993fa9" testListId="8c84fa94-04c1-424b-9868-57a2d4851a1d" />
    <TestEntry testId="505a9d98-8e45-b570-7d86-61aef9726961" executionId="1e95f3b8-57ae-44ed-963f-53d2d00bba59" testListId="8c84fa94-04c1-424b-9868-57a2d4851a1d" />
    <TestEntry testId="80efd277-4ab1-9482-adaa-4dff5060287d" executionId="ddd63a0e-8ad0-4234-a25c-45b227be669e" testListId="8c84fa94-04c1-424b-9868-57a2d4851a1d" />
    <TestEntry testId="fffbc1f0-c05d-bd87-42d1-d5e95e50f002" executionId="909ea7aa-5625-4148-9238-3ed7196a8e0f" testListId="8c84fa94-04c1-424b-9868-57a2d4851a1d" />
    <TestEntry testId="b9811614-b8c8-6d3e-0169-b6351acaa5a7" executionId="ce5683a5-b9dd-4b11-b29e-765f63336308" testListId="8c84fa94-04c1-424b-9868-57a2d4851a1d" />
    <TestEntry testId="2a72cb1a-92f8-fc17-ec83-9b2dcec5061d" executionId="09dfafc2-cecb-4530-a5ca-9424c28dde77" testListId="8c84fa94-04c1-424b-9868-57a2d4851a1d" />
    <TestEntry testId="70c10748-097e-9156-a560-095038cd32e4" executionId="5f562e96-cac6-4217-94ea-d1892b8321ec" testListId="8c84fa94-04c1-424b-9868-57a2d4851a1d" />
    <TestEntry testId="12c62d80-258c-7360-91a8-3d8017872771" executionId="022b2080-fd48-4fb3-9d9e-acd0d31084dd" testListId="8c84fa94-04c1-424b-9868-57a2d4851a1d" />
    <TestEntry testId="d7b5de89-b337-e758-21fe-6e89a71d5335" executionId="e6c13a41-7521-413c-b9bb-f09d5d870d7d" testListId="8c84fa94-04c1-424b-9868-57a2d4851a1d" />
    <TestEntry testId="00368a14-1fdc-6648-c50a-bf98991eab08" executionId="f024fad0-5372-4ed6-95e7-bed6dd082a7e" testListId="8c84fa94-04c1-424b-9868-57a2d4851a1d" />
    <TestEntry testId="024cb555-ba60-d7f9-dd61-402999dea2cf" executionId="19f58edc-82a0-4f25-8acb-63f619676575" testListId="8c84fa94-04c1-424b-9868-57a2d4851a1d" />
    <TestEntry testId="4adc13b6-f1c5-c992-d950-8cc57bae4d2d" executionId="f99c2826-972f-4167-a6b1-11b3a491fff1" testListId="8c84fa94-04c1-424b-9868-57a2d4851a1d" />
    <TestEntry testId="df1617ef-7d26-505a-2ff6-3391dd15d149" executionId="87590dfe-154e-49d9-9ca8-34a3a1b65805" testListId="8c84fa94-04c1-424b-9868-57a2d4851a1d" />
    <TestEntry testId="d6da3f87-7ef7-b5b7-4032-0a321f818130" executionId="ee5ec751-f0ff-4c8b-8693-301d1a31fdf9" testListId="8c84fa94-04c1-424b-9868-57a2d4851a1d" />
    <TestEntry testId="3b1e568e-067f-16d7-8800-52f43df377b4" executionId="b60d343f-c1dc-4bcc-b06f-8dacf2e12c92" testListId="8c84fa94-04c1-424b-9868-57a2d4851a1d" />
    <TestEntry testId="b86cfe86-c04b-cc72-3bda-30202c98871b" executionId="f4b97b51-4d3d-4dc2-9cd6-72f266aadde1" testListId="8c84fa94-04c1-424b-9868-57a2d4851a1d" />
    <TestEntry testId="22aa2f90-8ac2-9349-0e4c-5149be5fa3c1" executionId="f5a4cc7f-3317-406c-938c-c42ee20f965b" testListId="8c84fa94-04c1-424b-9868-57a2d4851a1d" />
    <TestEntry testId="0fca123f-a9e6-df8f-ff23-5fa548180dbb" executionId="cd125d17-f88d-42e6-8bdc-341dde50fb53" testListId="8c84fa94-04c1-424b-9868-57a2d4851a1d" />
    <TestEntry testId="19d8245a-514c-130e-51be-9218f5869956" executionId="90271a70-4223-4a0c-826f-367b695cf63e" testListId="8c84fa94-04c1-424b-9868-57a2d4851a1d" />
    <TestEntry testId="6aa11ef8-3dc2-6225-514a-4b59ab70e003" executionId="8a1dc083-59ca-43e4-a9f9-2994a676b0f8" testListId="8c84fa94-04c1-424b-9868-57a2d4851a1d" />
    <TestEntry testId="74ddbbd5-55f3-bdbe-aa56-04e8b767ab43" executionId="6181a250-d04e-4450-98e9-42173899ef73" testListId="8c84fa94-04c1-424b-9868-57a2d4851a1d" />
    <TestEntry testId="3520fcf1-4ea4-a21c-c5f7-53f93ba2b815" executionId="20d240a2-3297-4905-9ca4-89463c27f04b" testListId="8c84fa94-04c1-424b-9868-57a2d4851a1d" />
    <TestEntry testId="99a9b346-b35c-f04e-684a-7d4b8e8719ea" executionId="0e70c72f-c533-4d73-abb7-a34b8a2e6fd8" testListId="8c84fa94-04c1-424b-9868-57a2d4851a1d" />
    <TestEntry testId="bc6aabdc-aaa5-3dc1-5a22-cdb711b66f3f" executionId="0c50871a-1511-4c6e-83cd-c431db86b004" testListId="8c84fa94-04c1-424b-9868-57a2d4851a1d" />
    <TestEntry testId="f6a93d6d-0ef3-fb05-4e4e-a87cf2a76002" executionId="f92d8cc3-e0ee-4f18-8761-4d7f968d4695" testListId="8c84fa94-04c1-424b-9868-57a2d4851a1d" />
    <TestEntry testId="2d15d58b-6bd5-7bf5-1b73-3c8980c2ef30" executionId="bd3e2134-e328-4af0-808d-99fd6d3ef1f2" testListId="8c84fa94-04c1-424b-9868-57a2d4851a1d" />
    <TestEntry testId="bb54d647-44e2-c2cf-3ebc-bf691167942d" executionId="12b4535a-fe1b-4e02-8083-3ae0fe764505" testListId="8c84fa94-04c1-424b-9868-57a2d4851a1d" />
    <TestEntry testId="199eb095-0e83-4faa-77f0-5496c621f53b" executionId="b6aa4415-50af-4871-9130-aa55f81795e4" testListId="8c84fa94-04c1-424b-9868-57a2d4851a1d" />
    <TestEntry testId="a61c81d1-fc16-65d2-8093-6b3a8b677359" executionId="5e49d90f-59fe-4e2f-ab10-8d76fc852969" testListId="8c84fa94-04c1-424b-9868-57a2d4851a1d" />
    <TestEntry testId="56cc4a55-153e-08de-505c-f0388f590bb4" executionId="3eb6e8a7-4935-438c-a3f6-c542378a4fc5" testListId="8c84fa94-04c1-424b-9868-57a2d4851a1d" />
    <TestEntry testId="8c60e05a-7b15-9b39-211e-c8e9070aa8d8" executionId="af578f3e-6302-46b7-bc1c-20264cc9940e" testListId="8c84fa94-04c1-424b-9868-57a2d4851a1d" />
    <TestEntry testId="50f7f2e5-8c6a-d2ca-17de-34a563f7b012" executionId="645f5352-bb83-4fd7-8a0c-a424025fc087" testListId="8c84fa94-04c1-424b-9868-57a2d4851a1d" />
    <TestEntry testId="40669a38-1100-ac4f-edf7-f11aab9b0358" executionId="8e2952dc-1f98-4edf-902c-670b42e8be09" testListId="8c84fa94-04c1-424b-9868-57a2d4851a1d" />
    <TestEntry testId="d9aaff9b-cf7c-49fc-e2f9-12c8172e129d" executionId="aa73a87d-4fb7-4ac7-a774-a55a16c87554" testListId="8c84fa94-04c1-424b-9868-57a2d4851a1d" />
    <TestEntry testId="186f992e-1ae1-07f9-43d9-47a39dea87e6" executionId="fca448d7-0913-4585-a81c-7882f9b873a5" testListId="8c84fa94-04c1-424b-9868-57a2d4851a1d" />
    <TestEntry testId="d67cabd3-a306-272c-b500-bf6f6935ebbb" executionId="60b1efc7-d1de-44c4-bff6-237037da4b84" testListId="8c84fa94-04c1-424b-9868-57a2d4851a1d" />
    <TestEntry testId="8a6cb0e9-67bb-f7dd-7fe4-ccd790564f11" executionId="42f596ee-0c4f-43cc-bf1b-474f15d8ed51" testListId="8c84fa94-04c1-424b-9868-57a2d4851a1d" />
    <TestEntry testId="0606de2e-b0ca-4b38-1359-f55194e4cefd" executionId="53ad855e-0d5f-4b7f-be23-76e85f30efee" testListId="8c84fa94-04c1-424b-9868-57a2d4851a1d" />
    <TestEntry testId="b4c836e3-dbea-6118-01c1-ae61599ce36d" executionId="51abe931-52be-437a-b1ea-c89dae9107d6" testListId="8c84fa94-04c1-424b-9868-57a2d4851a1d" />
    <TestEntry testId="bc0af622-b8a0-3f40-6afe-834d2deb688c" executionId="c12add8c-6b73-49ea-b876-f04e005d7da3" testListId="8c84fa94-04c1-424b-9868-57a2d4851a1d" />
    <TestEntry testId="a8e3ee1f-5f0e-4195-58b4-43551ac0a5e9" executionId="fafdd8a4-b21e-4dad-a7e2-6c5c37c6dc37" testListId="8c84fa94-04c1-424b-9868-57a2d4851a1d" />
    <TestEntry testId="cdcb5a8a-2273-f900-b23f-44916c352de7" executionId="158338a9-268c-4d25-820b-0ad73cb27bbc" testListId="8c84fa94-04c1-424b-9868-57a2d4851a1d" />
    <TestEntry testId="235fd42e-2e01-c674-f265-7120a0cd517e" executionId="c8c046c0-1e16-4d86-a536-eaa6560593a1" testListId="8c84fa94-04c1-424b-9868-57a2d4851a1d" />
    <TestEntry testId="8951a942-b633-5017-c20e-89855a976d79" executionId="9a19a626-6b9f-4160-9d3c-3334b5893975" testListId="8c84fa94-04c1-424b-9868-57a2d4851a1d" />
    <TestEntry testId="28d42f7a-3697-6c57-8515-3394153fc50f" executionId="1343a436-edd4-4d86-a517-382dfdd783e5" testListId="8c84fa94-04c1-424b-9868-57a2d4851a1d" />
    <TestEntry testId="08d580e9-0383-e7aa-b20a-0eb833add556" executionId="4688e205-96cb-4e38-92fa-eb6eb05c1048" testListId="8c84fa94-04c1-424b-9868-57a2d4851a1d" />
    <TestEntry testId="1f96e983-b57c-8763-700b-1442414083dc" executionId="2422cbbc-0bf2-464d-966f-05de579e3e71" testListId="8c84fa94-04c1-424b-9868-57a2d4851a1d" />
    <TestEntry testId="63e12289-d05f-346d-81e9-3e01fcc68f59" executionId="fe6da126-887a-4415-9a66-e841f2fb06db" testListId="8c84fa94-04c1-424b-9868-57a2d4851a1d" />
    <TestEntry testId="d5920fbd-fffb-e62b-334f-a744ac0e46c7" executionId="a8ae4627-6c5b-411c-9f46-40bd14fb8fcc" testListId="8c84fa94-04c1-424b-9868-57a2d4851a1d" />
    <TestEntry testId="6b944945-2ce8-0e87-5d25-2cfa5676e75d" executionId="9302ecfb-ea4b-4033-a262-ebcc04f8e324" testListId="8c84fa94-04c1-424b-9868-57a2d4851a1d" />
    <TestEntry testId="2799cbad-4ea8-dcca-2531-bf27092603f2" executionId="26dbd7b9-8ede-4da0-9598-c061a3838882" testListId="8c84fa94-04c1-424b-9868-57a2d4851a1d" />
    <TestEntry testId="1d4a0c96-c100-7a91-8123-e4c7bfbf04a5" executionId="dc8ff693-6b70-4edc-a7af-e4186216bb7f" testListId="8c84fa94-04c1-424b-9868-57a2d4851a1d" />
    <TestEntry testId="96ef0040-5fcc-1815-5bea-7021689ba5c1" executionId="86fb6a96-c569-4c30-bb34-12e6a90985e0" testListId="8c84fa94-04c1-424b-9868-57a2d4851a1d" />
    <TestEntry testId="43318e24-33ee-83d3-6249-89009787f661" executionId="1f088fa8-2f41-4043-ad30-ade0559d7383" testListId="8c84fa94-04c1-424b-9868-57a2d4851a1d" />
    <TestEntry testId="54e7a7ed-7e80-c827-e4e9-f6b858a4c25c" executionId="fb9c91da-9108-47b7-9982-dd559c8b1e08" testListId="8c84fa94-04c1-424b-9868-57a2d4851a1d" />
    <TestEntry testId="04513183-3e21-5ce4-8369-4e0338a4b6ed" executionId="d452d743-6837-499b-a2e7-2fc9cea82028" testListId="8c84fa94-04c1-424b-9868-57a2d4851a1d" />
    <TestEntry testId="dcce1838-e822-d0a4-c112-ce0d75e2a915" executionId="e4b32114-9189-4e8c-832c-813119782c6a" testListId="8c84fa94-04c1-424b-9868-57a2d4851a1d" />
    <TestEntry testId="b0d198c3-054d-cf7d-0d66-ae38e25b53b5" executionId="1c811d50-6c7d-41e6-a145-6367b238e0bc" testListId="8c84fa94-04c1-424b-9868-57a2d4851a1d" />
    <TestEntry testId="76be0642-3625-3465-03e4-1f2aa79186cc" executionId="cb4a08e8-abdb-4fc6-9390-d532a17b4fa0" testListId="8c84fa94-04c1-424b-9868-57a2d4851a1d" />
    <TestEntry testId="fcb6452f-f88e-8127-9793-fb6991c0ca7e" executionId="1078879a-bf3d-4ff5-a632-510fa18e301d" testListId="8c84fa94-04c1-424b-9868-57a2d4851a1d" />
    <TestEntry testId="2438eb2d-fc64-9e5c-3c3b-9c4f250db6d9" executionId="3462aa30-0d31-41d2-a48a-af691a80fe05" testListId="8c84fa94-04c1-424b-9868-57a2d4851a1d" />
    <TestEntry testId="799eedbd-143c-4339-4afd-a745005815ef" executionId="0c139593-ddf7-4fc8-bfd4-faa8d8ffefd1" testListId="8c84fa94-04c1-424b-9868-57a2d4851a1d" />
    <TestEntry testId="453dbce4-642a-49ce-b3a1-df7ad3859145" executionId="bad82e21-2885-45bc-b677-2adb569eea05" testListId="8c84fa94-04c1-424b-9868-57a2d4851a1d" />
  </TestEntries>
  <TestLists>
    <TestList name="Results Not in a List" id="8c84fa94-04c1-424b-9868-57a2d4851a1d" />
    <TestList name="All Loaded Results" id="19431567-8539-422a-85d7-44ee4e166bda" />
  </TestLists>
  <ResultSummary outcome="Completed">
    <Counters total="104" executed="104" passed="104" failed="0" error="0" timeout="0" aborted="0" inconclusive="0" passedButRunAborted="0" notRunnable="0" notExecuted="0" disconnected="0" warning="0" completed="0" inProgress="0" pending="0" />
  </ResultSummary>
</TestRun>