<?xml version="1.0" encoding="UTF-8"?>
<TestRun id="e6f9c06b-b662-4491-a06b-79af45bcfea3" name="bacemi@ICSWS068 2016-08-04 09:59:42" runUser="ICORE\bacemi" xmlns="http://microsoft.com/schemas/VisualStudio/TeamTest/2010">
  <Times creation="2016-08-04T09:59:42.5380273+02:00" queuing="2016-08-04T09:59:42.5380273+02:00" start="2016-08-04T09:59:37.9239135+02:00" finish="2016-08-04T10:02:51.1564159+02:00" />
  <TestSettings name="default" id="85ddcfe1-fa70-4a21-8844-5b39e9c80b1f">
    <Execution>
      <TestTypeSpecific />
    </Execution>
    <Deployment runDeploymentRoot="bacemi_ICSWS068 2016-08-04 09_59_42" />
    <Properties />
  </TestSettings>
  <Results>
    <UnitTestResult executionId="af5e7a82-89e5-48e8-8ae0-a4f982ac9290" testId="a9d60a22-36b5-6452-4651-da96fa68e22c" testName="GetCurrentSessionInfo_NoRecordExists_ReturnsNull" computerName="ICSWS068" duration="00:00:04.2571933" startTime="2016-08-04T09:59:37.9239135+02:00" endTime="2016-08-04T09:59:42.4816022+02:00" testType="13cdc9d9-ddb5-4fa4-a97d-d965ccfc6d4b" outcome="Passed" testListId="8c84fa94-04c1-424b-9868-57a2d4851a1d" relativeResultsDirectory="af5e7a82-89e5-48e8-8ae0-a4f982ac9290" />
    <UnitTestResult executionId="6f324837-7e78-40cb-85e1-68849d6a6b4b" testId="179ad3b3-aa8a-561f-626b-df9ffa321260" testName="SetCurrentSession_NoRecordExists_Succeeds" computerName="ICSWS068" duration="00:00:00.3479557" startTime="2016-08-04T09:59:42.4860505+02:00" endTime="2016-08-04T09:59:42.8355806+02:00" testType="13cdc9d9-ddb5-4fa4-a97d-d965ccfc6d4b" outcome="Passed" testListId="8c84fa94-04c1-424b-9868-57a2d4851a1d" relativeResultsDirectory="6f324837-7e78-40cb-85e1-68849d6a6b4b" />
    <UnitTestResult executionId="13060cff-d400-41b5-bc27-6ac8a1c6eb6c" testId="d90791ca-56db-2e91-7f67-1f8ffb9e89ca" testName="SetCurrentSession_PreviousRecordExists_Succeeds" computerName="ICSWS068" duration="00:00:00.3497739" startTime="2016-08-04T09:59:42.8385815+02:00" endTime="2016-08-04T09:59:43.1903989+02:00" testType="13cdc9d9-ddb5-4fa4-a97d-d965ccfc6d4b" outcome="Passed" testListId="8c84fa94-04c1-424b-9868-57a2d4851a1d" relativeResultsDirectory="13060cff-d400-41b5-bc27-6ac8a1c6eb6c" />
    <UnitTestResult executionId="ec7dc726-904b-4b3d-bff8-adab643575f6" testId="5b9bfc69-caf2-3667-f37c-ff42658ebd12" testName="TrySetSystemStartedEventCreated_NoEntryExists_ReturnsFalse" computerName="ICSWS068" duration="00:00:00.3753208" startTime="2016-08-04T09:59:43.1939012+02:00" endTime="2016-08-04T09:59:43.5710910+02:00" testType="13cdc9d9-ddb5-4fa4-a97d-d965ccfc6d4b" outcome="Passed" testListId="8c84fa94-04c1-424b-9868-57a2d4851a1d" relativeResultsDirectory="ec7dc726-904b-4b3d-bff8-adab643575f6" />
    <UnitTestResult executionId="43eea5c5-131d-49ed-b92d-97d92de4c65d" testId="2b967a1f-daa3-a943-44a2-6d06a9f98e1a" testName="TrySetSystemStartedEventCreated_PreviousEntryWithDifferentSessionIdExists_NoSystemStartedEventCreated_ReturnsFalse" computerName="ICSWS068" duration="00:00:00.3620439" startTime="2016-08-04T09:59:43.5735930+02:00" endTime="2016-08-04T09:59:43.9368786+02:00" testType="13cdc9d9-ddb5-4fa4-a97d-d965ccfc6d4b" outcome="Passed" testListId="8c84fa94-04c1-424b-9868-57a2d4851a1d" relativeResultsDirectory="43eea5c5-131d-49ed-b92d-97d92de4c65d" />
    <UnitTestResult executionId="8150b5e4-8e9c-4259-ba5e-b94a57ed7e72" testId="be9a280a-c46d-fc3a-c429-b15a917ec8c7" testName="TrySetSystemStartedEventCreated_PreviousEntryWithSameSessionIdExistsAndNoSystemStartedEventCreated_ReturnsTrue" computerName="ICSWS068" duration="00:00:00.3566253" startTime="2016-08-04T09:59:43.9398809+02:00" endTime="2016-08-04T09:59:44.2979757+02:00" testType="13cdc9d9-ddb5-4fa4-a97d-d965ccfc6d4b" outcome="Passed" testListId="8c84fa94-04c1-424b-9868-57a2d4851a1d" relativeResultsDirectory="8150b5e4-8e9c-4259-ba5e-b94a57ed7e72" />
    <UnitTestResult executionId="5fdd01c6-8707-43ad-aaf2-2b2d7fb233f8" testId="829ca298-0b6d-e2ca-4b10-59e63bcc2727" testName="TrySetSystemStartedEventCreated_PreviousEntryWithSameSessionIdExistsAndSystemStartedEventPreviouslyCreated_ReturnsTrue" computerName="ICSWS068" duration="00:00:00.3634310" startTime="2016-08-04T09:59:44.3004771+02:00" endTime="2016-08-04T09:59:44.6653557+02:00" testType="13cdc9d9-ddb5-4fa4-a97d-d965ccfc6d4b" outcome="Passed" testListId="8c84fa94-04c1-424b-9868-57a2d4851a1d" relativeResultsDirectory="5fdd01c6-8707-43ad-aaf2-2b2d7fb233f8" />
    <UnitTestResult executionId="429a8436-919a-4c68-be0c-156210fb0e44" testId="cf1ab359-beb0-9d88-0015-4bbb6f846801" testName="GetOrCreateSessionEvent_MultipleRunConcurrentlyWithFirstOneMaintainingOwnershipForEventGenerator_OnlySingleSessionEventIsCreated" computerName="ICSWS068" duration="00:00:09.5714604" startTime="2016-08-04T09:59:44.6683574+02:00" endTime="2016-08-04T09:59:54.2416036+02:00" testType="13cdc9d9-ddb5-4fa4-a97d-d965ccfc6d4b" outcome="Passed" testListId="8c84fa94-04c1-424b-9868-57a2d4851a1d" relativeResultsDirectory="429a8436-919a-4c68-be0c-156210fb0e44" />
    <UnitTestResult executionId="7ff21be2-60dd-47b6-980f-9aa0fcde96e9" testId="3d05b4c4-11c1-f62e-7c38-b85f2bdc5082" testName="WaitForUpdateOrExpiration_RecordDoesNotExist_WaitsUntilRecordIsCreated_Fake" computerName="ICSWS068" duration="00:00:03.4530958" startTime="2016-08-04T09:59:54.2446089+02:00" endTime="2016-08-04T09:59:57.6998173+02:00" testType="13cdc9d9-ddb5-4fa4-a97d-d965ccfc6d4b" outcome="Passed" testListId="8c84fa94-04c1-424b-9868-57a2d4851a1d" relativeResultsDirectory="7ff21be2-60dd-47b6-980f-9aa0fcde96e9" />
    <UnitTestResult executionId="687380bb-8e9a-4e9c-95f3-3cd3bd02823a" testId="be2f3494-99c0-7c06-f75c-d8db8f825be6" testName="WaitForUpdateOrExpiration_NonExpiredRecordExists_WaitsUntilRecordHasExpired_DatabaseTime_Real" computerName="ICSWS068" duration="00:00:05.3562951" startTime="2016-08-04T09:59:57.7028199+02:00" endTime="2016-08-04T10:00:03.0607202+02:00" testType="13cdc9d9-ddb5-4fa4-a97d-d965ccfc6d4b" outcome="Passed" testListId="8c84fa94-04c1-424b-9868-57a2d4851a1d" relativeResultsDirectory="687380bb-8e9a-4e9c-95f3-3cd3bd02823a" />
    <UnitTestResult executionId="31492cf9-ac62-4e5f-a62d-69154c60794f" testId="a2ad0936-3bd4-6578-01f5-93a1adb509e7" testName="WaitForUpdateOrExpiration_NonExpiredRecordExists_WaitsUntilRecordHasExpired_DatabaseTime_Fake" computerName="ICSWS068" duration="00:00:06.3422520" startTime="2016-08-04T10:00:03.0636656+02:00" endTime="2016-08-04T10:00:09.4076228+02:00" testType="13cdc9d9-ddb5-4fa4-a97d-d965ccfc6d4b" outcome="Passed" testListId="8c84fa94-04c1-424b-9868-57a2d4851a1d" relativeResultsDirectory="31492cf9-ac62-4e5f-a62d-69154c60794f" />
    <UnitTestResult executionId="d116c385-8de5-4273-b00a-aaa1b7331c60" testId="23de7d80-0caf-918b-1537-7aaa88f54abe" testName="WaitForUpdateOrExpiration_NonExpiredRecordExists_WaitsUntilRecordHasExpired_LocalTime_Real" computerName="ICSWS068" duration="00:00:03.3503879" startTime="2016-08-04T10:00:09.4106248+02:00" endTime="2016-08-04T10:00:12.7628619+02:00" testType="13cdc9d9-ddb5-4fa4-a97d-d965ccfc6d4b" outcome="Passed" testListId="8c84fa94-04c1-424b-9868-57a2d4851a1d" relativeResultsDirectory="d116c385-8de5-4273-b00a-aaa1b7331c60" />
    <UnitTestResult executionId="cc10030b-ab7a-4493-a389-f39f086e5507" testId="0ffaad9d-691c-7273-7ac3-f878ca3321f4" testName="WaitForUpdateOrExpiration_NonExpiredRecordExists_WaitsUntilRecordHasExpired_LocalTime_Fake" computerName="ICSWS068" duration="00:00:03.3392797" startTime="2016-08-04T10:00:12.7658669+02:00" endTime="2016-08-04T10:00:16.1065379+02:00" testType="13cdc9d9-ddb5-4fa4-a97d-d965ccfc6d4b" outcome="Passed" testListId="8c84fa94-04c1-424b-9868-57a2d4851a1d" relativeResultsDirectory="cc10030b-ab7a-4493-a389-f39f086e5507" />
    <UnitTestResult executionId="8597f999-22d0-4a8d-b64e-f970a2ab43f0" testId="3cf50c6f-04b7-0b20-0966-42b9260a43e9" testName="WaitForUpdateOrExpiration_NonExpiredRecordExists_WaitsUntilCanceled_Real" computerName="ICSWS068" duration="00:00:03.3345769" startTime="2016-08-04T10:00:16.1095399+02:00" endTime="2016-08-04T10:00:19.4455462+02:00" testType="13cdc9d9-ddb5-4fa4-a97d-d965ccfc6d4b" outcome="Passed" testListId="8c84fa94-04c1-424b-9868-57a2d4851a1d" relativeResultsDirectory="8597f999-22d0-4a8d-b64e-f970a2ab43f0" />
    <UnitTestResult executionId="451a9e00-a149-4b5d-93d2-f404652e96e4" testId="883ae7ea-78c2-4c81-c4e2-28b2b7de3c46" testName="WaitForUpdateOrExpiration_NonExpiredRecordExists_WaitsUntilCanceled_Fake" computerName="ICSWS068" duration="00:00:03.3520682" startTime="2016-08-04T10:00:19.4480476+02:00" endTime="2016-08-04T10:00:22.8019026+02:00" testType="13cdc9d9-ddb5-4fa4-a97d-d965ccfc6d4b" outcome="Passed" testListId="8c84fa94-04c1-424b-9868-57a2d4851a1d" relativeResultsDirectory="451a9e00-a149-4b5d-93d2-f404652e96e4" />
    <UnitTestResult executionId="0ec0628b-0260-4682-a06f-5722d9f6d1b8" testId="fd93b12c-dfe0-1cd8-42ee-3df2ec20c945" testName="WaitForAnyUpdateOrAllExpiration_NonExpiredRecordExists_WaitsUntilRecordIsUpdated_Real" computerName="ICSWS068" duration="00:00:04.3626126" startTime="2016-08-04T10:00:22.8044064+02:00" endTime="2016-08-04T10:00:27.1688383+02:00" testType="13cdc9d9-ddb5-4fa4-a97d-d965ccfc6d4b" outcome="Passed" testListId="8c84fa94-04c1-424b-9868-57a2d4851a1d" relativeResultsDirectory="0ec0628b-0260-4682-a06f-5722d9f6d1b8" />
    <UnitTestResult executionId="2718a19d-4c32-40e4-9010-57e0cb4c9a03" testId="64d597dc-bd59-2f20-c1a5-a155ce384d4d" testName="WaitForAnyUpdateOrAllExpiration_NonExpiredRecordExists_WaitsUntilRecordIsUpdated_Fake" computerName="ICSWS068" duration="00:00:03.4114017" startTime="2016-08-04T10:00:27.1718386+02:00" endTime="2016-08-04T10:00:30.5842755+02:00" testType="13cdc9d9-ddb5-4fa4-a97d-d965ccfc6d4b" outcome="Passed" testListId="8c84fa94-04c1-424b-9868-57a2d4851a1d" relativeResultsDirectory="2718a19d-4c32-40e4-9010-57e0cb4c9a03" />
    <UnitTestResult executionId="bfcf3918-dcaf-40aa-a46a-fca8f543168b" testId="64d2cd94-ec6e-1dc7-6f14-6b6d196cda36" testName="WaitForAnyUpdateOrAllExpiration_NoRecordUpdated_WaitsUntilAllExpired_Real" computerName="ICSWS068" duration="00:00:05.3614138" startTime="2016-08-04T10:00:30.5872608+02:00" endTime="2016-08-04T10:00:35.9498693+02:00" testType="13cdc9d9-ddb5-4fa4-a97d-d965ccfc6d4b" outcome="Passed" testListId="8c84fa94-04c1-424b-9868-57a2d4851a1d" relativeResultsDirectory="bfcf3918-dcaf-40aa-a46a-fca8f543168b" />
    <UnitTestResult executionId="212cb3d5-8e23-491e-ad64-aa82fc007fdb" testId="17eed239-1047-27cc-7a31-10726dbd3ae2" testName="WaitForAnyUpdateOrAllExpiration_NoRecordUpdated_WaitsUntilAllExpired_Fake" computerName="ICSWS068" duration="00:00:05.3566693" startTime="2016-08-04T10:00:35.9528719+02:00" endTime="2016-08-04T10:00:41.3107183+02:00" testType="13cdc9d9-ddb5-4fa4-a97d-d965ccfc6d4b" outcome="Passed" testListId="8c84fa94-04c1-424b-9868-57a2d4851a1d" relativeResultsDirectory="212cb3d5-8e23-491e-ad64-aa82fc007fdb" />
    <UnitTestResult executionId="63826d26-9106-49e2-beb4-4a6b4f6e2191" testId="7e4a0ebe-8d4a-0dfa-ddae-5389be4c1f3c" testName="DeactivateAsync_RecordExistsAndBelongsToSameServer_RecordHasExpiredAfterDeactivation_Real" computerName="ICSWS068" duration="00:00:00.3417204" startTime="2016-08-04T10:00:41.3137077+02:00" endTime="2016-08-04T10:00:41.6568341+02:00" testType="13cdc9d9-ddb5-4fa4-a97d-d965ccfc6d4b" outcome="Passed" testListId="8c84fa94-04c1-424b-9868-57a2d4851a1d" relativeResultsDirectory="63826d26-9106-49e2-beb4-4a6b4f6e2191" />
    <UnitTestResult executionId="4b77e2d2-8a7e-46fd-a192-7189190a1b26" testId="faab2510-64f9-db1f-8ab9-ef9e63937655" testName="DeactivateAsync_RecordExistsAndBelongsToSameServer_RecordHasExpiredAfterDeactivation_Fake" computerName="ICSWS068" duration="00:00:00.3336819" startTime="2016-08-04T10:00:41.6593517+02:00" endTime="2016-08-04T10:00:41.9945838+02:00" testType="13cdc9d9-ddb5-4fa4-a97d-d965ccfc6d4b" outcome="Passed" testListId="8c84fa94-04c1-424b-9868-57a2d4851a1d" relativeResultsDirectory="4b77e2d2-8a7e-46fd-a192-7189190a1b26" />
    <UnitTestResult executionId="45ad367f-0423-450e-b8a6-6abaa237155e" testId="9dac8d57-5446-708a-9728-be6b481c194a" testName="DeactivateAsync_RecordExistsAndBelongsToOtherServer_RecordIsUnaffectedByDeactivation_Real" computerName="ICSWS068" duration="00:00:00.3391284" startTime="2016-08-04T10:00:41.9971017+02:00" endTime="2016-08-04T10:00:42.3377343+02:00" testType="13cdc9d9-ddb5-4fa4-a97d-d965ccfc6d4b" outcome="Passed" testListId="8c84fa94-04c1-424b-9868-57a2d4851a1d" relativeResultsDirectory="45ad367f-0423-450e-b8a6-6abaa237155e" />
    <UnitTestResult executionId="c1b02dca-36b1-4b8f-be14-6edd2f3e9d5b" testId="fc2a5ee3-9206-06c6-95f4-05b91317cdab" testName="DeactivateAsync_RecordExistsAndBelongsToOtherServer_RecordIsUnaffectedByDeactivation_Fake" computerName="ICSWS068" duration="00:00:00.3549764" startTime="2016-08-04T10:00:42.3407369+02:00" endTime="2016-08-04T10:00:42.6971255+02:00" testType="13cdc9d9-ddb5-4fa4-a97d-d965ccfc6d4b" outcome="Passed" testListId="8c84fa94-04c1-424b-9868-57a2d4851a1d" relativeResultsDirectory="c1b02dca-36b1-4b8f-be14-6edd2f3e9d5b" />
    <UnitTestResult executionId="879404fc-4bb3-47ab-a5a1-b02e88637d4c" testId="445d681c-fe72-f826-aaf5-2a22f70773f8" testName="TryTakeOwnership_NoRecordExists_Succeeds_Real" computerName="ICSWS068" duration="00:00:00.3505809" startTime="2016-08-04T10:00:42.6996278+02:00" endTime="2016-08-04T10:00:43.0515975+02:00" testType="13cdc9d9-ddb5-4fa4-a97d-d965ccfc6d4b" outcome="Passed" testListId="8c84fa94-04c1-424b-9868-57a2d4851a1d" relativeResultsDirectory="879404fc-4bb3-47ab-a5a1-b02e88637d4c" />
    <UnitTestResult executionId="fa9d75fd-7c82-44dc-bab2-8897aaabdfaa" testId="658e31f5-fcd1-91ab-bd2a-62e0e20ee535" testName="TryTakeOwnership_NoRecordExists_Succeeds_Fake" computerName="ICSWS068" duration="00:00:00.3435749" startTime="2016-08-04T10:00:43.0550092+02:00" endTime="2016-08-04T10:00:43.3999092+02:00" testType="13cdc9d9-ddb5-4fa4-a97d-d965ccfc6d4b" outcome="Passed" testListId="8c84fa94-04c1-424b-9868-57a2d4851a1d" relativeResultsDirectory="fa9d75fd-7c82-44dc-bab2-8897aaabdfaa" />
    <UnitTestResult executionId="8ef14a4c-bc5f-4fa5-b355-7103fe2a976b" testId="ed8e542f-d78d-8a18-c654-9150193dcdbb" testName="TryTakeOwnership_RecordBelongingToLowerPriorityServer_OnlyFromLowerPrioServerIsTrue_Succeeds_Real" computerName="ICSWS068" duration="00:00:00.3389028" startTime="2016-08-04T10:00:43.4046601+02:00" endTime="2016-08-04T10:00:43.7449775+02:00" testType="13cdc9d9-ddb5-4fa4-a97d-d965ccfc6d4b" outcome="Passed" testListId="8c84fa94-04c1-424b-9868-57a2d4851a1d" relativeResultsDirectory="8ef14a4c-bc5f-4fa5-b355-7103fe2a976b" />
    <UnitTestResult executionId="38da6bfa-f805-4115-89ee-96f98588475b" testId="087a18c8-0b21-828f-eedd-4c2d4b91d600" testName="TryTakeOwnership_RecordBelongingToLowerPriorityServer_OnlyFromLowerPrioServerIsTrue_Succeeds_Fake" computerName="ICSWS068" duration="00:00:00.3321922" startTime="2016-08-04T10:00:43.7479645+02:00" endTime="2016-08-04T10:00:44.0818688+02:00" testType="13cdc9d9-ddb5-4fa4-a97d-d965ccfc6d4b" outcome="Passed" testListId="8c84fa94-04c1-424b-9868-57a2d4851a1d" relativeResultsDirectory="38da6bfa-f805-4115-89ee-96f98588475b" />
    <UnitTestResult executionId="30e6dcba-eb88-4942-bf79-6f6785fc3ce2" testId="922bbca2-ada3-1365-4df3-24c1b99d5b2a" testName="TryTakeOwnership_RecordBelongingToHigherPriorityServer_OnlyFromLowerPrioServerIsTrue_Fails_Real" computerName="ICSWS068" duration="00:00:00.3823080" startTime="2016-08-04T10:00:44.0842662+02:00" endTime="2016-08-04T10:00:44.4683106+02:00" testType="13cdc9d9-ddb5-4fa4-a97d-d965ccfc6d4b" outcome="Passed" testListId="8c84fa94-04c1-424b-9868-57a2d4851a1d" relativeResultsDirectory="30e6dcba-eb88-4942-bf79-6f6785fc3ce2" />
    <UnitTestResult executionId="ec52ae4d-4273-4e93-9065-00e14c6e6fa6" testId="02bcb6b7-d801-b3ec-7da4-2bd9d87acd32" testName="TryTakeOwnership_RecordBelongingToHigherPriorityServer_OnlyFromLowerPrioServerIsTrue_Fails_Fake" computerName="ICSWS068" duration="00:00:00.3318693" startTime="2016-08-04T10:00:44.4713126+02:00" endTime="2016-08-04T10:00:44.8042976+02:00" testType="13cdc9d9-ddb5-4fa4-a97d-d965ccfc6d4b" outcome="Passed" testListId="8c84fa94-04c1-424b-9868-57a2d4851a1d" relativeResultsDirectory="ec52ae4d-4273-4e93-9065-00e14c6e6fa6" />
    <UnitTestResult executionId="747f5b71-3411-4c29-9d34-cf616ee7057d" testId="9afb832d-154e-a64a-5763-7b7decfe9684" testName="TryTakeOwnership_RecordBelongingToHigherPriorityServer_OnlyFromLowerPrioServerIsFalse_Fails_Real" computerName="ICSWS068" duration="00:00:00.3389984" startTime="2016-08-04T10:00:44.8072996+02:00" endTime="2016-08-04T10:00:45.1473803+02:00" testType="13cdc9d9-ddb5-4fa4-a97d-d965ccfc6d4b" outcome="Passed" testListId="8c84fa94-04c1-424b-9868-57a2d4851a1d" relativeResultsDirectory="747f5b71-3411-4c29-9d34-cf616ee7057d" />
    <UnitTestResult executionId="3dec693c-de05-4e38-89bb-fc136243c769" testId="615a2d44-3c9d-fd66-e40b-2bfcac32baaf" testName="TryTakeOwnership_RecordBelongingToHigherPriorityServer_OnlyFromLowerPrioServerIsFalse_Fails_Fake" computerName="ICSWS068" duration="00:00:00.3376234" startTime="2016-08-04T10:00:45.1503829+02:00" endTime="2016-08-04T10:00:45.4894144+02:00" testType="13cdc9d9-ddb5-4fa4-a97d-d965ccfc6d4b" outcome="Passed" testListId="8c84fa94-04c1-424b-9868-57a2d4851a1d" relativeResultsDirectory="3dec693c-de05-4e38-89bb-fc136243c769" />
    <UnitTestResult executionId="75d1c595-d206-48ab-845d-14f68e9058fc" testId="9c81c5df-06fa-5388-9a5d-671e38d0e925" testName="CanActivate_NoPreviousRecord_ReturnsTrue_Real" computerName="ICSWS068" duration="00:00:00.3763333" startTime="2016-08-04T10:00:45.4919167+02:00" endTime="2016-08-04T10:00:45.8696886+02:00" testType="13cdc9d9-ddb5-4fa4-a97d-d965ccfc6d4b" outcome="Passed" testListId="8c84fa94-04c1-424b-9868-57a2d4851a1d" relativeResultsDirectory="75d1c595-d206-48ab-845d-14f68e9058fc" />
    <UnitTestResult executionId="5319f534-3f8b-4994-b03b-90f95af8e1da" testId="fe04c794-a6b7-a0b3-97bb-7ebef7a3bc08" testName="CanActivate_NoPreviousRecord_ReturnsTrue_Fake" computerName="ICSWS068" duration="00:00:00.3371181" startTime="2016-08-04T10:00:45.8731911+02:00" endTime="2016-08-04T10:00:46.2117833+02:00" testType="13cdc9d9-ddb5-4fa4-a97d-d965ccfc6d4b" outcome="Passed" testListId="8c84fa94-04c1-424b-9868-57a2d4851a1d" relativeResultsDirectory="5319f534-3f8b-4994-b03b-90f95af8e1da" />
    <UnitTestResult executionId="ab33ba52-465d-495c-a1aa-ae5f6a55e974" testId="a3c8e5f2-3940-527d-918d-f58228583a68" testName="CanActivate_RecordFromOtherServerThatExpiredInDatabaseTimeExists_ReturnsTrue_Real" computerName="ICSWS068" duration="00:00:11.3453490" startTime="2016-08-04T10:00:46.2147710+02:00" endTime="2016-08-04T10:00:57.5617234+02:00" testType="13cdc9d9-ddb5-4fa4-a97d-d965ccfc6d4b" outcome="Passed" testListId="8c84fa94-04c1-424b-9868-57a2d4851a1d" relativeResultsDirectory="ab33ba52-465d-495c-a1aa-ae5f6a55e974" />
    <UnitTestResult executionId="7a1213f4-ef0f-4273-a207-5e160a80c237" testId="dcb52540-fc55-07df-1d07-b9b9671bdfad" testName="CanActivate_RecordFromOtherServerThatExpiredInDatabaseTimeExists_ReturnsTrue_Fake" computerName="ICSWS068" duration="00:00:11.3415022" startTime="2016-08-04T10:00:57.5647304+02:00" endTime="2016-08-04T10:01:08.9078149+02:00" testType="13cdc9d9-ddb5-4fa4-a97d-d965ccfc6d4b" outcome="Passed" testListId="8c84fa94-04c1-424b-9868-57a2d4851a1d" relativeResultsDirectory="7a1213f4-ef0f-4273-a207-5e160a80c237" />
    <UnitTestResult executionId="27846bf7-1237-4052-89e0-ae45ce4beac4" testId="47e487a3-f8d3-f014-fd1a-b91b518cb7d5" testName="CanActivate_RecordFromOtherServerThatExpiredInLocalTimeExists_ReturnsTrue_Real" computerName="ICSWS068" duration="00:00:00.3411887" startTime="2016-08-04T10:01:08.9108178+02:00" endTime="2016-08-04T10:01:09.2526862+02:00" testType="13cdc9d9-ddb5-4fa4-a97d-d965ccfc6d4b" outcome="Passed" testListId="8c84fa94-04c1-424b-9868-57a2d4851a1d" relativeResultsDirectory="27846bf7-1237-4052-89e0-ae45ce4beac4" />
    <UnitTestResult executionId="109d3725-aed9-479a-b3f8-9e7087f7d703" testId="f24cf6fd-1c08-825f-66c8-e97c5d52e9ce" testName="CanActivate_RecordFromOtherServerThatExpiredInLocalTimeExists_ReturnsTrue_Fake" computerName="ICSWS068" duration="00:00:00.3351513" startTime="2016-08-04T10:01:09.2565354+02:00" endTime="2016-08-04T10:01:09.5927232+02:00" testType="13cdc9d9-ddb5-4fa4-a97d-d965ccfc6d4b" outcome="Passed" testListId="8c84fa94-04c1-424b-9868-57a2d4851a1d" relativeResultsDirectory="109d3725-aed9-479a-b3f8-9e7087f7d703" />
    <UnitTestResult executionId="c9803503-4824-4ebd-acda-0f91cfe2faab" testId="4eddb771-fdb4-94e9-11af-514eeca216dd" testName="CanActivate_CurrentRecordFromSameServerExists_ReturnsTrue_Real" computerName="ICSWS068" duration="00:00:00.3389052" startTime="2016-08-04T10:01:09.5967272+02:00" endTime="2016-08-04T10:01:09.9367736+02:00" testType="13cdc9d9-ddb5-4fa4-a97d-d965ccfc6d4b" outcome="Passed" testListId="8c84fa94-04c1-424b-9868-57a2d4851a1d" relativeResultsDirectory="c9803503-4824-4ebd-acda-0f91cfe2faab" />
    <UnitTestResult executionId="f83102a3-5727-4895-a7c5-a6afff149df4" testId="7e08c605-7da6-0416-c1d4-52fb2e7be6f0" testName="CanActivate_CurrentRecordFromSameServerExists_ReturnsTrue_Fake" computerName="ICSWS068" duration="00:00:00.3722669" startTime="2016-08-04T10:01:09.9397759+02:00" endTime="2016-08-04T10:01:10.3137080+02:00" testType="13cdc9d9-ddb5-4fa4-a97d-d965ccfc6d4b" outcome="Passed" testListId="8c84fa94-04c1-424b-9868-57a2d4851a1d" relativeResultsDirectory="f83102a3-5727-4895-a7c5-a6afff149df4" />
    <UnitTestResult executionId="d8bde832-cd7d-4e84-9cdd-9dac0daae864" testId="bd7cc6b5-55ce-e33d-ce8d-7d5d70471c32" testName="CanActivate_CurrentRecordFromOtherServerExists_ReturnsFalse_Real" computerName="ICSWS068" duration="00:00:00.3577986" startTime="2016-08-04T10:01:10.3162255+02:00" endTime="2016-08-04T10:01:10.6752790+02:00" testType="13cdc9d9-ddb5-4fa4-a97d-d965ccfc6d4b" outcome="Passed" testListId="8c84fa94-04c1-424b-9868-57a2d4851a1d" relativeResultsDirectory="d8bde832-cd7d-4e84-9cdd-9dac0daae864" />
    <UnitTestResult executionId="96e753a3-bdaa-499f-bccf-7c4f184c5c6c" testId="3b025646-7c26-a879-10c1-0f31a90e01f2" testName="CanActivate_CurrentRecordFromOtherServerExists_ReturnsFalse_Fake" computerName="ICSWS068" duration="00:00:00.3344472" startTime="2016-08-04T10:01:10.6782795+02:00" endTime="2016-08-04T10:01:11.0128929+02:00" testType="13cdc9d9-ddb5-4fa4-a97d-d965ccfc6d4b" outcome="Passed" testListId="8c84fa94-04c1-424b-9868-57a2d4851a1d" relativeResultsDirectory="96e753a3-bdaa-499f-bccf-7c4f184c5c6c" />
    <UnitTestResult executionId="e1534e0e-8e19-4464-9957-5c52f54e78af" testId="7b334820-470f-73ea-b013-d7f6fbbf720f" testName="TryActivate_NoPreviousRecordExists_ReturnsNewCreated_Real" computerName="ICSWS068" duration="00:00:00.3452001" startTime="2016-08-04T10:01:11.0167928+02:00" endTime="2016-08-04T10:01:11.3633224+02:00" testType="13cdc9d9-ddb5-4fa4-a97d-d965ccfc6d4b" outcome="Passed" testListId="8c84fa94-04c1-424b-9868-57a2d4851a1d" relativeResultsDirectory="e1534e0e-8e19-4464-9957-5c52f54e78af" />
    <UnitTestResult executionId="93ce67cf-ca6b-4211-8a38-7ad1ad54a84c" testId="0c08b04c-2888-4ed5-942e-61a9f9beb0e8" testName="TryActivate_NoPreviousRecordExists_ReturnsNewCreated_Fake" computerName="ICSWS068" duration="00:00:00.3349000" startTime="2016-08-04T10:01:11.3663247+02:00" endTime="2016-08-04T10:01:11.7025864+02:00" testType="13cdc9d9-ddb5-4fa4-a97d-d965ccfc6d4b" outcome="Passed" testListId="8c84fa94-04c1-424b-9868-57a2d4851a1d" relativeResultsDirectory="93ce67cf-ca6b-4211-8a38-7ad1ad54a84c" />
    <UnitTestResult executionId="32f191e1-29fe-4f0d-a556-ddaee234660d" testId="9fb99cdd-68cd-6b82-bd45-880aa3219117" testName="TryActivate_PreviousNonExpiredRecordFromSameServerAndSessionExists_ReturnsUpdated_Real" computerName="ICSWS068" duration="00:00:00.3406104" startTime="2016-08-04T10:01:11.7050876+02:00" endTime="2016-08-04T10:01:12.0472070+02:00" testType="13cdc9d9-ddb5-4fa4-a97d-d965ccfc6d4b" outcome="Passed" testListId="8c84fa94-04c1-424b-9868-57a2d4851a1d" relativeResultsDirectory="32f191e1-29fe-4f0d-a556-ddaee234660d" />
    <UnitTestResult executionId="62e9033b-255f-417e-a33d-0d2a52d09758" testId="65b95302-7315-d7e3-4fe2-bfdd850ef95b" testName="TryActivate_PreviousNonExpiredRecordFromSameServerAndSessionExists_ReturnsUpdated_Fake" computerName="ICSWS068" duration="00:00:00.3895190" startTime="2016-08-04T10:01:12.0502090+02:00" endTime="2016-08-04T10:01:12.4410528+02:00" testType="13cdc9d9-ddb5-4fa4-a97d-d965ccfc6d4b" outcome="Passed" testListId="8c84fa94-04c1-424b-9868-57a2d4851a1d" relativeResultsDirectory="62e9033b-255f-417e-a33d-0d2a52d09758" />
    <UnitTestResult executionId="677e8c52-ba4a-43ec-b6da-4e77d7465dcd" testId="07c4e909-324e-af09-4342-d8a740f69e63" testName="TryActivate_PreviousNonExpiredRecordFromSameServerAndDifferentSessionExists_ReturnsCreatedNew_Real" computerName="ICSWS068" duration="00:00:00.3356399" startTime="2016-08-04T10:01:12.4440536+02:00" endTime="2016-08-04T10:01:12.7809763+02:00" testType="13cdc9d9-ddb5-4fa4-a97d-d965ccfc6d4b" outcome="Passed" testListId="8c84fa94-04c1-424b-9868-57a2d4851a1d" relativeResultsDirectory="677e8c52-ba4a-43ec-b6da-4e77d7465dcd" />
    <UnitTestResult executionId="cb404cea-0afe-4229-a078-f14edf9a2d06" testId="1fe06997-1f31-1b6a-70d3-62f49b037b5d" testName="TryActivate_PreviousNonExpiredRecordFromSameServerAndDifferentSessionExists_ReturnsCreatedNew_Fake" computerName="ICSWS068" duration="00:00:00.3580965" startTime="2016-08-04T10:01:12.7842352+02:00" endTime="2016-08-04T10:01:13.1434156+02:00" testType="13cdc9d9-ddb5-4fa4-a97d-d965ccfc6d4b" outcome="Passed" testListId="8c84fa94-04c1-424b-9868-57a2d4851a1d" relativeResultsDirectory="cb404cea-0afe-4229-a078-f14edf9a2d06" />
    <UnitTestResult executionId="1d5763c2-184c-4ec7-8da1-73a402e6d7ff" testId="925f3e1f-1da8-a857-094f-847750116f7a" testName="TryActivate_PreviousDatabaseExpiredRecordFromDifferentServerAndSameSessionExists_ReturnsUpdated_Real" computerName="ICSWS068" duration="00:00:10.5405752" startTime="2016-08-04T10:01:13.1464193+02:00" endTime="2016-08-04T10:01:23.6888981+02:00" testType="13cdc9d9-ddb5-4fa4-a97d-d965ccfc6d4b" outcome="Passed" testListId="8c84fa94-04c1-424b-9868-57a2d4851a1d" relativeResultsDirectory="1d5763c2-184c-4ec7-8da1-73a402e6d7ff" />
    <UnitTestResult executionId="955e9123-9289-46df-ac4d-0322125693a8" testId="15be70d7-5a9c-f485-0e21-796067d39afb" testName="TryActivate_PreviousDatabaseExpiredRecordFromDifferentServerAndSameSessionExists_ReturnsUpdated_Fake" computerName="ICSWS068" duration="00:00:10.5357994" startTime="2016-08-04T10:01:23.6914013+02:00" endTime="2016-08-04T10:01:34.2286493+02:00" testType="13cdc9d9-ddb5-4fa4-a97d-d965ccfc6d4b" outcome="Passed" testListId="8c84fa94-04c1-424b-9868-57a2d4851a1d" relativeResultsDirectory="955e9123-9289-46df-ac4d-0322125693a8" />
    <UnitTestResult executionId="1d8e65ea-497b-46e7-a9ad-fab992189bd3" testId="cf96ec87-3c4b-e11d-ded9-f1807d4f3275" testName="TryActivate_PreviousLocallyExpiredRecordFromDifferentServerAndSameSessionExists_ReturnsUpdated_Real" computerName="ICSWS068" duration="00:00:00.3367431" startTime="2016-08-04T10:01:34.2315546+02:00" endTime="2016-08-04T10:01:34.5699157+02:00" testType="13cdc9d9-ddb5-4fa4-a97d-d965ccfc6d4b" outcome="Passed" testListId="8c84fa94-04c1-424b-9868-57a2d4851a1d" relativeResultsDirectory="1d8e65ea-497b-46e7-a9ad-fab992189bd3" />
    <UnitTestResult executionId="8acedf8e-dd1c-4826-b03f-5ff19868aa5a" testId="d561fae4-fdbd-565a-abbc-f33968285a1f" testName="TryActivate_PreviousLocallyExpiredRecordFromDifferentServerAndSameSessionExists_ReturnsUpdated_Fake" computerName="ICSWS068" duration="00:00:00.3401799" startTime="2016-08-04T10:01:34.5724180+02:00" endTime="2016-08-04T10:01:34.9143303+02:00" testType="13cdc9d9-ddb5-4fa4-a97d-d965ccfc6d4b" outcome="Passed" testListId="8c84fa94-04c1-424b-9868-57a2d4851a1d" relativeResultsDirectory="8acedf8e-dd1c-4826-b03f-5ff19868aa5a" />
    <UnitTestResult executionId="1f03df31-3bde-4884-9c37-e0b6b09b6c19" testId="b649e524-28e6-2522-531c-83341a81e887" testName="TryActivate_PreviousNonExpiredRecordFromDifferentServerAndSameSessionExists_ReturnsRefused_Real" computerName="ICSWS068" duration="00:00:00.3527380" startTime="2016-08-04T10:01:34.9173323+02:00" endTime="2016-08-04T10:01:35.2716020+02:00" testType="13cdc9d9-ddb5-4fa4-a97d-d965ccfc6d4b" outcome="Passed" testListId="8c84fa94-04c1-424b-9868-57a2d4851a1d" relativeResultsDirectory="1f03df31-3bde-4884-9c37-e0b6b09b6c19" />
    <UnitTestResult executionId="ac1af568-9a35-4891-bab2-6e5ae64e90b8" testId="acab0dc3-dead-d912-744f-8ea62773a806" testName="TryActivate_PreviousNonExpiredRecordFromDifferentServerAndSameSessionExists_ReturnsRefused_Fake" computerName="ICSWS068" duration="00:00:00.3403893" startTime="2016-08-04T10:01:35.2741054+02:00" endTime="2016-08-04T10:01:35.6156246+02:00" testType="13cdc9d9-ddb5-4fa4-a97d-d965ccfc6d4b" outcome="Passed" testListId="8c84fa94-04c1-424b-9868-57a2d4851a1d" relativeResultsDirectory="ac1af568-9a35-4891-bab2-6e5ae64e90b8" />
    <UnitTestResult executionId="281f5d70-ed0a-4bad-9663-24fbd7cb9d88" testId="b358493c-7f23-1ad8-c2eb-136e63b84b4f" testName="TryActivate_PreviousNonExpiredRecordFromDifferentServerAndDifferentSessionExists_ReturnsRefused_Real" computerName="ICSWS068" duration="00:00:00.3403439" startTime="2016-08-04T10:01:35.6186274+02:00" endTime="2016-08-04T10:01:35.9604636+02:00" testType="13cdc9d9-ddb5-4fa4-a97d-d965ccfc6d4b" outcome="Passed" testListId="8c84fa94-04c1-424b-9868-57a2d4851a1d" relativeResultsDirectory="281f5d70-ed0a-4bad-9663-24fbd7cb9d88" />
    <UnitTestResult executionId="aa5db25d-7b76-416b-87d6-786e00026e42" testId="a645b931-8bde-2810-56e6-674fd1fbaa6f" testName="TryActivate_PreviousNonExpiredRecordFromDifferentServerAndDifferentSessionExists_ReturnsRefused_Fake" computerName="ICSWS068" duration="00:00:00.3341804" startTime="2016-08-04T10:01:35.9634691+02:00" endTime="2016-08-04T10:01:36.2988704+02:00" testType="13cdc9d9-ddb5-4fa4-a97d-d965ccfc6d4b" outcome="Passed" testListId="8c84fa94-04c1-424b-9868-57a2d4851a1d" relativeResultsDirectory="aa5db25d-7b76-416b-87d6-786e00026e42" />
    <UnitTestResult executionId="74df14fd-fa1b-4d4f-965e-e8be6d01dc4a" testId="ed7f5959-c03a-ee03-c470-bcf816fff7d8" testName="TryActivate_ConcurrentUpdates_Succeeds_Real" computerName="ICSWS068" duration="00:00:06.5326391" startTime="2016-08-04T10:01:36.3018739+02:00" endTime="2016-08-04T10:01:42.8361223+02:00" testType="13cdc9d9-ddb5-4fa4-a97d-d965ccfc6d4b" outcome="Passed" testListId="8c84fa94-04c1-424b-9868-57a2d4851a1d" relativeResultsDirectory="74df14fd-fa1b-4d4f-965e-e8be6d01dc4a" />
    <UnitTestResult executionId="e4a039b4-22fd-428b-b0ff-651b12161380" testId="eb85d3b4-e549-d351-5d82-7e51a8c45675" testName="TryActivate_ConcurrentUpdates_Succeeds_Fake" computerName="ICSWS068" duration="00:00:00.3356067" startTime="2016-08-04T10:01:42.8391243+02:00" endTime="2016-08-04T10:01:43.1761769+02:00" testType="13cdc9d9-ddb5-4fa4-a97d-d965ccfc6d4b" outcome="Passed" testListId="8c84fa94-04c1-424b-9868-57a2d4851a1d" relativeResultsDirectory="e4a039b4-22fd-428b-b0ff-651b12161380" />
    <UnitTestResult executionId="373d1e3e-c328-4918-9405-895a3eafbcc2" testId="a88d9c16-d1cb-2ff2-9507-4c340254d218" testName="TryMaintainOwnership_NoPreviousRecordExists_Fails_Real" computerName="ICSWS068" duration="00:00:00.3411368" startTime="2016-08-04T10:01:43.1791622+02:00" endTime="2016-08-04T10:01:43.5217197+02:00" testType="13cdc9d9-ddb5-4fa4-a97d-d965ccfc6d4b" outcome="Passed" testListId="8c84fa94-04c1-424b-9868-57a2d4851a1d" relativeResultsDirectory="373d1e3e-c328-4918-9405-895a3eafbcc2" />
    <UnitTestResult executionId="0ea06454-ff8c-4d1e-b4d8-80932d2ee545" testId="bd87808d-4788-3a6f-03c1-c359814dcd26" testName="TryMaintainOwnership_NoPreviousRecordExists_Fails_Fake" computerName="ICSWS068" duration="00:00:00.3339062" startTime="2016-08-04T10:01:43.5247220+02:00" endTime="2016-08-04T10:01:43.8601793+02:00" testType="13cdc9d9-ddb5-4fa4-a97d-d965ccfc6d4b" outcome="Passed" testListId="8c84fa94-04c1-424b-9868-57a2d4851a1d" relativeResultsDirectory="0ea06454-ff8c-4d1e-b4d8-80932d2ee545" />
    <UnitTestResult executionId="412bf5ce-28f8-4c15-8f94-cd34168b7cb3" testId="5dff43b5-03ae-2a94-20c0-be19d07eee37" testName="TryMaintainOwnership_PreviousRecordFromSameSessionAndServerId_Succeeds_Real" computerName="ICSWS068" duration="00:00:00.3325297" startTime="2016-08-04T10:01:43.8631819+02:00" endTime="2016-08-04T10:01:44.1969355+02:00" testType="13cdc9d9-ddb5-4fa4-a97d-d965ccfc6d4b" outcome="Passed" testListId="8c84fa94-04c1-424b-9868-57a2d4851a1d" relativeResultsDirectory="412bf5ce-28f8-4c15-8f94-cd34168b7cb3" />
    <UnitTestResult executionId="8d1d92f2-0679-45c7-b720-92aef36dde08" testId="f4bfdd3c-7ab2-568c-a947-fedda86161af" testName="TryMaintainOwnership_PreviousRecordFromSameSessionAndServerId_Succeeds_Fake" computerName="ICSWS068" duration="00:00:00.3326018" startTime="2016-08-04T10:01:44.1999448+02:00" endTime="2016-08-04T10:01:44.5342594+02:00" testType="13cdc9d9-ddb5-4fa4-a97d-d965ccfc6d4b" outcome="Passed" testListId="8c84fa94-04c1-424b-9868-57a2d4851a1d" relativeResultsDirectory="8d1d92f2-0679-45c7-b720-92aef36dde08" />
    <UnitTestResult executionId="037e0236-7546-47bc-a0c7-0214a1107a0b" testId="c7165366-3044-eeb8-c145-f9a644684e36" testName="TryMaintainOwnership_PreviousRecordFromDifferentSessionAndSameServerId_Fails_Real" computerName="ICSWS068" duration="00:00:00.3380345" startTime="2016-08-04T10:01:44.5367611+02:00" endTime="2016-08-04T10:01:44.8761175+02:00" testType="13cdc9d9-ddb5-4fa4-a97d-d965ccfc6d4b" outcome="Passed" testListId="8c84fa94-04c1-424b-9868-57a2d4851a1d" relativeResultsDirectory="037e0236-7546-47bc-a0c7-0214a1107a0b" />
    <UnitTestResult executionId="c4a11510-d02b-4561-b8cc-bcf261112d43" testId="16090587-8b41-7669-260b-c157c518419b" testName="TryMaintainOwnership_PreviousRecordFromDifferentSessionAndSameServerId_Fails_Fake" computerName="ICSWS068" duration="00:00:00.3531870" startTime="2016-08-04T10:01:44.8786183+02:00" endTime="2016-08-04T10:01:45.2337126+02:00" testType="13cdc9d9-ddb5-4fa4-a97d-d965ccfc6d4b" outcome="Passed" testListId="8c84fa94-04c1-424b-9868-57a2d4851a1d" relativeResultsDirectory="c4a11510-d02b-4561-b8cc-bcf261112d43" />
    <UnitTestResult executionId="5e2bd591-f56b-491b-a677-e1fca6549649" testId="838a5e16-49dd-a940-b8af-7db81d7a0224" testName="TryMaintainOwnership_PreviousRecordFromSameSessionAndDifferentServerId_Fails_Real" computerName="ICSWS068" duration="00:00:00.3407292" startTime="2016-08-04T10:01:45.2372152+02:00" endTime="2016-08-04T10:01:45.5789809+02:00" testType="13cdc9d9-ddb5-4fa4-a97d-d965ccfc6d4b" outcome="Passed" testListId="8c84fa94-04c1-424b-9868-57a2d4851a1d" relativeResultsDirectory="5e2bd591-f56b-491b-a677-e1fca6549649" />
    <UnitTestResult executionId="65150dcc-655f-4523-97b8-60ce39e0bee4" testId="916c0698-3eb0-6f4c-2ecc-e69fb18b0524" testName="TryMaintainOwnership_PreviousRecordFromSameSessionAndDifferentServerId_Fails_Fake" computerName="ICSWS068" duration="00:00:00.3362161" startTime="2016-08-04T10:01:45.5819817+02:00" endTime="2016-08-04T10:01:45.9195053+02:00" testType="13cdc9d9-ddb5-4fa4-a97d-d965ccfc6d4b" outcome="Passed" testListId="8c84fa94-04c1-424b-9868-57a2d4851a1d" relativeResultsDirectory="65150dcc-655f-4523-97b8-60ce39e0bee4" />
    <UnitTestResult executionId="7489c820-f61e-4d89-8853-5f4da8c098e6" testId="9cc56f5b-4114-b216-bdd4-391551de7ea6" testName="TryMaintainOwnership_PreviousRecordFromDifferentJob_Fails_Real" computerName="ICSWS068" duration="00:00:00.3395899" startTime="2016-08-04T10:01:45.9224915+02:00" endTime="2016-08-04T10:01:46.2634745+02:00" testType="13cdc9d9-ddb5-4fa4-a97d-d965ccfc6d4b" outcome="Passed" testListId="8c84fa94-04c1-424b-9868-57a2d4851a1d" relativeResultsDirectory="7489c820-f61e-4d89-8853-5f4da8c098e6" />
    <UnitTestResult executionId="1500900c-37fe-484a-ae34-d49b084a8bd5" testId="00a98ca2-87d3-f4c3-63b7-9a81aee05e21" testName="TryMaintainOwnership_PreviousRecordFromDifferentJob_Fails_Fake" computerName="ICSWS068" duration="00:00:00.3822857" startTime="2016-08-04T10:01:46.2664801+02:00" endTime="2016-08-04T10:01:46.6500495+02:00" testType="13cdc9d9-ddb5-4fa4-a97d-d965ccfc6d4b" outcome="Passed" testListId="8c84fa94-04c1-424b-9868-57a2d4851a1d" relativeResultsDirectory="1500900c-37fe-484a-ae34-d49b084a8bd5" />
    <UnitTestResult executionId="39021163-48b2-4a87-bb08-d1cbd40f8931" testId="9f31543f-ffa9-0f88-16b5-7313266d486e" testName="GetCurrentOwnership_NoRecordExists_ReturnsNull_Real" computerName="ICSWS068" duration="00:00:00.3390199" startTime="2016-08-04T10:01:46.6530518+02:00" endTime="2016-08-04T10:01:46.9943941+02:00" testType="13cdc9d9-ddb5-4fa4-a97d-d965ccfc6d4b" outcome="Passed" testListId="8c84fa94-04c1-424b-9868-57a2d4851a1d" relativeResultsDirectory="39021163-48b2-4a87-bb08-d1cbd40f8931" />
    <UnitTestResult executionId="19ea9af6-f75d-4a18-9096-23f3c4315739" testId="0098bab9-a362-73d7-f99d-a51be7e55b54" testName="GetCurrentOwnership_NoRecordExists_ReturnsNull_Fake" computerName="ICSWS068" duration="00:00:00.3345305" startTime="2016-08-04T10:01:46.9973949+02:00" endTime="2016-08-04T10:01:47.3332426+02:00" testType="13cdc9d9-ddb5-4fa4-a97d-d965ccfc6d4b" outcome="Passed" testListId="8c84fa94-04c1-424b-9868-57a2d4851a1d" relativeResultsDirectory="19ea9af6-f75d-4a18-9096-23f3c4315739" />
    <UnitTestResult executionId="afb5b3c1-ecbb-4a17-b1a4-793d4c03c932" testId="2c919ba5-0229-3f38-56b0-08008ac8249e" testName="GetCurrentOwnership_NonExpiredRecordExists_ReturnsCorrectData_Real" computerName="ICSWS068" duration="00:00:00.3359026" startTime="2016-08-04T10:01:47.3362463+02:00" endTime="2016-08-04T10:01:47.6737755+02:00" testType="13cdc9d9-ddb5-4fa4-a97d-d965ccfc6d4b" outcome="Passed" testListId="8c84fa94-04c1-424b-9868-57a2d4851a1d" relativeResultsDirectory="afb5b3c1-ecbb-4a17-b1a4-793d4c03c932" />
    <UnitTestResult executionId="be3da140-7d88-4ebe-8dcb-9f802014db99" testId="924517b9-6322-c732-3a13-36025f265ec2" testName="GetCurrentOwnership_NonExpiredRecordExists_ReturnsCorrectData_Fake" computerName="ICSWS068" duration="00:00:00.3433722" startTime="2016-08-04T10:01:47.6762766+02:00" endTime="2016-08-04T10:01:48.0211790+02:00" testType="13cdc9d9-ddb5-4fa4-a97d-d965ccfc6d4b" outcome="Passed" testListId="8c84fa94-04c1-424b-9868-57a2d4851a1d" relativeResultsDirectory="be3da140-7d88-4ebe-8dcb-9f802014db99" />
    <UnitTestResult executionId="2e42e65b-f37a-4d4b-ac61-6c3611c70b52" testId="03bf88d1-adf8-ff3a-a310-03eb894961de" testName="GetCurrentOwnership_DatabaseExpiredRecordExists_ReturnsCorrectData_Real" computerName="ICSWS068" duration="00:00:10.3536852" startTime="2016-08-04T10:01:48.0231801+02:00" endTime="2016-08-04T10:01:58.3790075+02:00" testType="13cdc9d9-ddb5-4fa4-a97d-d965ccfc6d4b" outcome="Passed" testListId="8c84fa94-04c1-424b-9868-57a2d4851a1d" relativeResultsDirectory="2e42e65b-f37a-4d4b-ac61-6c3611c70b52" />
    <UnitTestResult executionId="2fe7c49c-b340-4da3-bc07-c77129b27c02" testId="11b4c71b-44be-91d0-574f-9bdc7c34c288" testName="GetCurrentOwnership_DatabaseExpiredRecordExists_ReturnsCorrectData_Fake" computerName="ICSWS068" duration="00:00:10.3746727" startTime="2016-08-04T10:01:58.3830097+02:00" endTime="2016-08-04T10:02:08.7589913+02:00" testType="13cdc9d9-ddb5-4fa4-a97d-d965ccfc6d4b" outcome="Passed" testListId="8c84fa94-04c1-424b-9868-57a2d4851a1d" relativeResultsDirectory="2fe7c49c-b340-4da3-bc07-c77129b27c02" />
    <UnitTestResult executionId="6f3cd0c7-a685-4242-82d5-91ed26eb4784" testId="ead43685-785c-9ed7-0fb4-346ade3b52be" testName="GetCurrentOwnership_LocallyExpiredRecordExists_ReturnsCorrectData_Real" computerName="ICSWS068" duration="00:00:00.3425925" startTime="2016-08-04T10:02:08.7619942+02:00" endTime="2016-08-04T10:02:09.1060740+02:00" testType="13cdc9d9-ddb5-4fa4-a97d-d965ccfc6d4b" outcome="Passed" testListId="8c84fa94-04c1-424b-9868-57a2d4851a1d" relativeResultsDirectory="6f3cd0c7-a685-4242-82d5-91ed26eb4784" />
    <UnitTestResult executionId="31a7e199-4d64-4c95-9afe-92d9315fe73f" testId="46837e38-34b7-b675-e4aa-b9024ef8683f" testName="GetCurrentOwnership_LocallyExpiredRecordExists_ReturnsCorrectData_Fake" computerName="ICSWS068" duration="00:00:00.3369451" startTime="2016-08-04T10:02:09.1085742+02:00" endTime="2016-08-04T10:02:09.4471916+02:00" testType="13cdc9d9-ddb5-4fa4-a97d-d965ccfc6d4b" outcome="Passed" testListId="8c84fa94-04c1-424b-9868-57a2d4851a1d" relativeResultsDirectory="31a7e199-4d64-4c95-9afe-92d9315fe73f" />
    <UnitTestResult executionId="6d9a82a4-c7ab-43f4-83ab-25fbb18fee33" testId="ff86169d-cd59-3f96-b649-d50fca207112" testName="WaitForUpdate_RecordExists_WaitsUntilRecordIsUpdated_Real" computerName="ICSWS068" duration="00:00:03.3568344" startTime="2016-08-04T10:02:09.4501925+02:00" endTime="2016-08-04T10:02:12.8080870+02:00" testType="13cdc9d9-ddb5-4fa4-a97d-d965ccfc6d4b" outcome="Passed" testListId="8c84fa94-04c1-424b-9868-57a2d4851a1d" relativeResultsDirectory="6d9a82a4-c7ab-43f4-83ab-25fbb18fee33" />
    <UnitTestResult executionId="2f41d761-4ff7-4396-8198-acdeae3c1a38" testId="cfece803-e68f-be33-bf62-8dda7c48f639" testName="WaitForUpdate_RecordExists_WaitsUntilRecordIsUpdated_Fake" computerName="ICSWS068" duration="00:00:03.3713519" startTime="2016-08-04T10:02:12.8110902+02:00" endTime="2016-08-04T10:02:16.1836706+02:00" testType="13cdc9d9-ddb5-4fa4-a97d-d965ccfc6d4b" outcome="Passed" testListId="8c84fa94-04c1-424b-9868-57a2d4851a1d" relativeResultsDirectory="2f41d761-4ff7-4396-8198-acdeae3c1a38" />
    <UnitTestResult executionId="fa3da9e5-8e21-4517-b526-25715bd5f752" testId="bf35e048-362b-e6d6-22cf-6f2203cc2f59" testName="WaitForUpdate_RecordDoesNotExist_WaitsUntilRecordIsUpdated_Real" computerName="ICSWS068" duration="00:00:03.3569077" startTime="2016-08-04T10:02:16.1871600+02:00" endTime="2016-08-04T10:02:19.5452008+02:00" testType="13cdc9d9-ddb5-4fa4-a97d-d965ccfc6d4b" outcome="Passed" testListId="8c84fa94-04c1-424b-9868-57a2d4851a1d" relativeResultsDirectory="fa3da9e5-8e21-4517-b526-25715bd5f752" />
    <UnitTestResult executionId="c869a7e1-9a67-40d0-b452-22f288c2f07b" testId="55af442d-ede6-24b2-2873-01be77e488ca" testName="WaitForUpdate_RecordDoesNotExist_WaitsUntilRecordIsUpdated_Fake" computerName="ICSWS068" duration="00:00:03.3535213" startTime="2016-08-04T10:02:19.5477005+02:00" endTime="2016-08-04T10:02:22.9025059+02:00" testType="13cdc9d9-ddb5-4fa4-a97d-d965ccfc6d4b" outcome="Passed" testListId="8c84fa94-04c1-424b-9868-57a2d4851a1d" relativeResultsDirectory="c869a7e1-9a67-40d0-b452-22f288c2f07b" />
    <UnitTestResult executionId="af3a5764-1658-44eb-8e3a-6b97e29caf80" testId="f702421a-f25f-8685-10e8-21f755d40113" testName="WaitForUpdateWithPredicate_RecordExists_WaitsUntilRecordIsUpdated_Real" computerName="ICSWS068" duration="00:00:03.3575021" startTime="2016-08-04T10:02:22.9053751+02:00" endTime="2016-08-04T10:02:26.2645338+02:00" testType="13cdc9d9-ddb5-4fa4-a97d-d965ccfc6d4b" outcome="Passed" testListId="8c84fa94-04c1-424b-9868-57a2d4851a1d" relativeResultsDirectory="af3a5764-1658-44eb-8e3a-6b97e29caf80" />
    <UnitTestResult executionId="571413e4-5434-47e6-b470-6648adeb2ac5" testId="a0cf6a28-ee60-d12a-45f9-b0af5de8e842" testName="WaitForUpdateWithPredicate_RecordExists_WaitsUntilRecordIsUpdated_Fake" computerName="ICSWS068" duration="00:00:02.3672969" startTime="2016-08-04T10:02:26.2680381+02:00" endTime="2016-08-04T10:02:28.6366594+02:00" testType="13cdc9d9-ddb5-4fa4-a97d-d965ccfc6d4b" outcome="Passed" testListId="8c84fa94-04c1-424b-9868-57a2d4851a1d" relativeResultsDirectory="571413e4-5434-47e6-b470-6648adeb2ac5" />
    <UnitTestResult executionId="9a88da51-e167-4918-b3c7-7f442d83acd7" testId="907464de-8fdc-a7f4-769a-4099e29464c4" testName="WaitForUpdateWithPredicate_RecordDoesNotExist_WaitsUntilRecordIsUpdated_Real" computerName="ICSWS068" duration="00:00:05.3580842" startTime="2016-08-04T10:02:28.6396611+02:00" endTime="2016-08-04T10:02:33.9992116+02:00" testType="13cdc9d9-ddb5-4fa4-a97d-d965ccfc6d4b" outcome="Passed" testListId="8c84fa94-04c1-424b-9868-57a2d4851a1d" relativeResultsDirectory="9a88da51-e167-4918-b3c7-7f442d83acd7" />
    <UnitTestResult executionId="c6834c34-e7c9-4a03-a8e0-8b493cb9fa23" testId="2ff92e7f-935f-2ae6-0315-4d1ded3f853d" testName="WaitForUpdateWithPredicate_RecordDoesNotExist_WaitsUntilRecordIsUpdated_Fake" computerName="ICSWS068" duration="00:00:05.3675473" startTime="2016-08-04T10:02:34.0022139+02:00" endTime="2016-08-04T10:02:39.3712894+02:00" testType="13cdc9d9-ddb5-4fa4-a97d-d965ccfc6d4b" outcome="Passed" testListId="8c84fa94-04c1-424b-9868-57a2d4851a1d" relativeResultsDirectory="c6834c34-e7c9-4a03-a8e0-8b493cb9fa23" />
    <UnitTestResult executionId="bd6cd5e2-7648-433f-83d2-3b384e97b1af" testId="70b8b605-4b63-53b5-862e-9af8c5da0db7" testName="WaitForUpdateOrExpiration_NonExpiredRecordExists_WaitsUntilRecordIsUpdated_Real" computerName="ICSWS068" duration="00:00:03.3602026" startTime="2016-08-04T10:02:39.3742908+02:00" endTime="2016-08-04T10:02:42.7359926+02:00" testType="13cdc9d9-ddb5-4fa4-a97d-d965ccfc6d4b" outcome="Passed" testListId="8c84fa94-04c1-424b-9868-57a2d4851a1d" relativeResultsDirectory="bd6cd5e2-7648-433f-83d2-3b384e97b1af" />
    <UnitTestResult executionId="890d1bb5-843a-4402-8a5e-e9aecfeaacbe" testId="4e39ff47-1a02-f0f3-6586-738c096fb995" testName="WaitForUpdateOrExpiration_NonExpiredRecordExists_WaitsUntilRecordIsUpdated_Fake" computerName="ICSWS068" duration="00:00:03.3380090" startTime="2016-08-04T10:02:42.7389940+02:00" endTime="2016-08-04T10:02:46.0781111+02:00" testType="13cdc9d9-ddb5-4fa4-a97d-d965ccfc6d4b" outcome="Passed" testListId="8c84fa94-04c1-424b-9868-57a2d4851a1d" relativeResultsDirectory="890d1bb5-843a-4402-8a5e-e9aecfeaacbe" />
    <UnitTestResult executionId="61a96bab-14e0-403f-b445-b9fd48275535" testId="9c49d9fa-ac4b-f64d-1e30-e535a4b48a93" testName="WaitForUpdateOrExpiration_RecordDoesNotExist_WaitsUntilRecordIsCreated_Real" computerName="ICSWS068" duration="00:00:03.3697681" startTime="2016-08-04T10:02:46.0811131+02:00" endTime="2016-08-04T10:02:49.4521130+02:00" testType="13cdc9d9-ddb5-4fa4-a97d-d965ccfc6d4b" outcome="Passed" testListId="8c84fa94-04c1-424b-9868-57a2d4851a1d" relativeResultsDirectory="61a96bab-14e0-403f-b445-b9fd48275535" />
  </Results>
  <TestDefinitions>
    <UnitTest name="GetCurrentSessionInfo_NoRecordExists_ReturnsNull" storage="f:\etwork\bin\tests\sysintgtests.eserver3.dll" id="a9d60a22-36b5-6452-4651-da96fa68e22c">
      <Execution id="af5e7a82-89e5-48e8-8ae0-a4f982ac9290" />
      <TestMethod codeBase="F:\ETWork\bin\Tests\SysIntgTests.EServer3.dll" adapterTypeName="Microsoft.VisualStudio.TestTools.TestTypes.Unit.UnitTestAdapter" className="SysIntgTests_EServer3.CurrentSystemSessionRepositoryTests" name="GetCurrentSessionInfo_NoRecordExists_ReturnsNull" />
    </UnitTest>
    <UnitTest name="SetCurrentSession_NoRecordExists_Succeeds" storage="f:\etwork\bin\tests\sysintgtests.eserver3.dll" id="179ad3b3-aa8a-561f-626b-df9ffa321260">
      <Execution id="6f324837-7e78-40cb-85e1-68849d6a6b4b" />
      <TestMethod codeBase="F:\ETWork\bin\Tests\SysIntgTests.EServer3.dll" adapterTypeName="Microsoft.VisualStudio.TestTools.TestTypes.Unit.UnitTestAdapter" className="SysIntgTests_EServer3.CurrentSystemSessionRepositoryTests" name="SetCurrentSession_NoRecordExists_Succeeds" />
    </UnitTest>
    <UnitTest name="SetCurrentSession_PreviousRecordExists_Succeeds" storage="f:\etwork\bin\tests\sysintgtests.eserver3.dll" id="d90791ca-56db-2e91-7f67-1f8ffb9e89ca">
      <Execution id="13060cff-d400-41b5-bc27-6ac8a1c6eb6c" />
      <TestMethod codeBase="F:\ETWork\bin\Tests\SysIntgTests.EServer3.dll" adapterTypeName="Microsoft.VisualStudio.TestTools.TestTypes.Unit.UnitTestAdapter" className="SysIntgTests_EServer3.CurrentSystemSessionRepositoryTests" name="SetCurrentSession_PreviousRecordExists_Succeeds" />
    </UnitTest>
    <UnitTest name="TrySetSystemStartedEventCreated_NoEntryExists_ReturnsFalse" storage="f:\etwork\bin\tests\sysintgtests.eserver3.dll" id="5b9bfc69-caf2-3667-f37c-ff42658ebd12">
      <Execution id="ec7dc726-904b-4b3d-bff8-adab643575f6" />
      <TestMethod codeBase="F:\ETWork\bin\Tests\SysIntgTests.EServer3.dll" adapterTypeName="Microsoft.VisualStudio.TestTools.TestTypes.Unit.UnitTestAdapter" className="SysIntgTests_EServer3.CurrentSystemSessionRepositoryTests" name="TrySetSystemStartedEventCreated_NoEntryExists_ReturnsFalse" />
    </UnitTest>
    <UnitTest name="TrySetSystemStartedEventCreated_PreviousEntryWithDifferentSessionIdExists_NoSystemStartedEventCreated_ReturnsFalse" storage="f:\etwork\bin\tests\sysintgtests.eserver3.dll" id="2b967a1f-daa3-a943-44a2-6d06a9f98e1a">
      <Execution id="43eea5c5-131d-49ed-b92d-97d92de4c65d" />
      <TestMethod codeBase="F:\ETWork\bin\Tests\SysIntgTests.EServer3.dll" adapterTypeName="Microsoft.VisualStudio.TestTools.TestTypes.Unit.UnitTestAdapter" className="SysIntgTests_EServer3.CurrentSystemSessionRepositoryTests" name="TrySetSystemStartedEventCreated_PreviousEntryWithDifferentSessionIdExists_NoSystemStartedEventCreated_ReturnsFalse" />
    </UnitTest>
    <UnitTest name="TrySetSystemStartedEventCreated_PreviousEntryWithSameSessionIdExistsAndNoSystemStartedEventCreated_ReturnsTrue" storage="f:\etwork\bin\tests\sysintgtests.eserver3.dll" id="be9a280a-c46d-fc3a-c429-b15a917ec8c7">
      <Execution id="8150b5e4-8e9c-4259-ba5e-b94a57ed7e72" />
      <TestMethod codeBase="F:\ETWork\bin\Tests\SysIntgTests.EServer3.dll" adapterTypeName="Microsoft.VisualStudio.TestTools.TestTypes.Unit.UnitTestAdapter" className="SysIntgTests_EServer3.CurrentSystemSessionRepositoryTests" name="TrySetSystemStartedEventCreated_PreviousEntryWithSameSessionIdExistsAndNoSystemStartedEventCreated_ReturnsTrue" />
    </UnitTest>
    <UnitTest name="TrySetSystemStartedEventCreated_PreviousEntryWithSameSessionIdExistsAndSystemStartedEventPreviouslyCreated_ReturnsTrue" storage="f:\etwork\bin\tests\sysintgtests.eserver3.dll" id="829ca298-0b6d-e2ca-4b10-59e63bcc2727">
      <Execution id="5fdd01c6-8707-43ad-aaf2-2b2d7fb233f8" />
      <TestMethod codeBase="F:\ETWork\bin\Tests\SysIntgTests.EServer3.dll" adapterTypeName="Microsoft.VisualStudio.TestTools.TestTypes.Unit.UnitTestAdapter" className="SysIntgTests_EServer3.CurrentSystemSessionRepositoryTests" name="TrySetSystemStartedEventCreated_PreviousEntryWithSameSessionIdExistsAndSystemStartedEventPreviouslyCreated_ReturnsTrue" />
    </UnitTest>
    <UnitTest name="GetOrCreateSessionEvent_MultipleRunConcurrentlyWithFirstOneMaintainingOwnershipForEventGenerator_OnlySingleSessionEventIsCreated" storage="f:\etwork\bin\tests\sysintgtests.eserver3.dll" id="cf1ab359-beb0-9d88-0015-4bbb6f846801">
      <Execution id="429a8436-919a-4c68-be0c-156210fb0e44" />
      <TestMethod codeBase="F:\ETWork\bin\Tests\SysIntgTests.EServer3.dll" adapterTypeName="Microsoft.VisualStudio.TestTools.TestTypes.Unit.UnitTestAdapter" className="SysIntgTests_EServer3.ServerMonitorSessionEventManagerTests" name="GetOrCreateSessionEvent_MultipleRunConcurrentlyWithFirstOneMaintainingOwnershipForEventGenerator_OnlySingleSessionEventIsCreated" />
    </UnitTest>
    <UnitTest name="WaitForUpdateOrExpiration_RecordDoesNotExist_WaitsUntilRecordIsCreated_Fake" storage="f:\etwork\bin\tests\sysintgtests.eserver3.dll" id="3d05b4c4-11c1-f62e-7c38-b85f2bdc5082">
      <Execution id="7ff21be2-60dd-47b6-980f-9aa0fcde96e9" />
      <TestMethod codeBase="F:\ETWork\bin\Tests\SysIntgTests.EServer3.dll" adapterTypeName="Microsoft.VisualStudio.TestTools.TestTypes.Unit.UnitTestAdapter" className="SysIntgTests_EServer3.ServerPartOwnershipManagerTests" name="WaitForUpdateOrExpiration_RecordDoesNotExist_WaitsUntilRecordIsCreated_Fake" />
    </UnitTest>
    <UnitTest name="WaitForUpdateOrExpiration_NonExpiredRecordExists_WaitsUntilRecordHasExpired_DatabaseTime_Real" storage="f:\etwork\bin\tests\sysintgtests.eserver3.dll" id="be2f3494-99c0-7c06-f75c-d8db8f825be6">
      <Execution id="687380bb-8e9a-4e9c-95f3-3cd3bd02823a" />
      <TestMethod codeBase="F:\ETWork\bin\Tests\SysIntgTests.EServer3.dll" adapterTypeName="Microsoft.VisualStudio.TestTools.TestTypes.Unit.UnitTestAdapter" className="SysIntgTests_EServer3.ServerPartOwnershipManagerTests" name="WaitForUpdateOrExpiration_NonExpiredRecordExists_WaitsUntilRecordHasExpired_DatabaseTime_Real" />
    </UnitTest>
    <UnitTest name="WaitForUpdateOrExpiration_NonExpiredRecordExists_WaitsUntilRecordHasExpired_DatabaseTime_Fake" storage="f:\etwork\bin\tests\sysintgtests.eserver3.dll" id="a2ad0936-3bd4-6578-01f5-93a1adb509e7">
      <Execution id="31492cf9-ac62-4e5f-a62d-69154c60794f" />
      <TestMethod codeBase="F:\ETWork\bin\Tests\SysIntgTests.EServer3.dll" adapterTypeName="Microsoft.VisualStudio.TestTools.TestTypes.Unit.UnitTestAdapter" className="SysIntgTests_EServer3.ServerPartOwnershipManagerTests" name="WaitForUpdateOrExpiration_NonExpiredRecordExists_WaitsUntilRecordHasExpired_DatabaseTime_Fake" />
    </UnitTest>
    <UnitTest name="WaitForUpdateOrExpiration_NonExpiredRecordExists_WaitsUntilRecordHasExpired_LocalTime_Real" storage="f:\etwork\bin\tests\sysintgtests.eserver3.dll" id="23de7d80-0caf-918b-1537-7aaa88f54abe">
      <Execution id="d116c385-8de5-4273-b00a-aaa1b7331c60" />
      <TestMethod codeBase="F:\ETWork\bin\Tests\SysIntgTests.EServer3.dll" adapterTypeName="Microsoft.VisualStudio.TestTools.TestTypes.Unit.UnitTestAdapter" className="SysIntgTests_EServer3.ServerPartOwnershipManagerTests" name="WaitForUpdateOrExpiration_NonExpiredRecordExists_WaitsUntilRecordHasExpired_LocalTime_Real" />
    </UnitTest>
    <UnitTest name="WaitForUpdateOrExpiration_NonExpiredRecordExists_WaitsUntilRecordHasExpired_LocalTime_Fake" storage="f:\etwork\bin\tests\sysintgtests.eserver3.dll" id="0ffaad9d-691c-7273-7ac3-f878ca3321f4">
      <Execution id="cc10030b-ab7a-4493-a389-f39f086e5507" />
      <TestMethod codeBase="F:\ETWork\bin\Tests\SysIntgTests.EServer3.dll" adapterTypeName="Microsoft.VisualStudio.TestTools.TestTypes.Unit.UnitTestAdapter" className="SysIntgTests_EServer3.ServerPartOwnershipManagerTests" name="WaitForUpdateOrExpiration_NonExpiredRecordExists_WaitsUntilRecordHasExpired_LocalTime_Fake" />
    </UnitTest>
    <UnitTest name="WaitForUpdateOrExpiration_NonExpiredRecordExists_WaitsUntilCanceled_Real" storage="f:\etwork\bin\tests\sysintgtests.eserver3.dll" id="3cf50c6f-04b7-0b20-0966-42b9260a43e9">
      <Execution id="8597f999-22d0-4a8d-b64e-f970a2ab43f0" />
      <TestMethod codeBase="F:\ETWork\bin\Tests\SysIntgTests.EServer3.dll" adapterTypeName="Microsoft.VisualStudio.TestTools.TestTypes.Unit.UnitTestAdapter" className="SysIntgTests_EServer3.ServerPartOwnershipManagerTests" name="WaitForUpdateOrExpiration_NonExpiredRecordExists_WaitsUntilCanceled_Real" />
    </UnitTest>
    <UnitTest name="WaitForUpdateOrExpiration_NonExpiredRecordExists_WaitsUntilCanceled_Fake" storage="f:\etwork\bin\tests\sysintgtests.eserver3.dll" id="883ae7ea-78c2-4c81-c4e2-28b2b7de3c46">
      <Execution id="451a9e00-a149-4b5d-93d2-f404652e96e4" />
      <TestMethod codeBase="F:\ETWork\bin\Tests\SysIntgTests.EServer3.dll" adapterTypeName="Microsoft.VisualStudio.TestTools.TestTypes.Unit.UnitTestAdapter" className="SysIntgTests_EServer3.ServerPartOwnershipManagerTests" name="WaitForUpdateOrExpiration_NonExpiredRecordExists_WaitsUntilCanceled_Fake" />
    </UnitTest>
    <UnitTest name="WaitForAnyUpdateOrAllExpiration_NonExpiredRecordExists_WaitsUntilRecordIsUpdated_Real" storage="f:\etwork\bin\tests\sysintgtests.eserver3.dll" id="fd93b12c-dfe0-1cd8-42ee-3df2ec20c945">
      <Execution id="0ec0628b-0260-4682-a06f-5722d9f6d1b8" />
      <TestMethod codeBase="F:\ETWork\bin\Tests\SysIntgTests.EServer3.dll" adapterTypeName="Microsoft.VisualStudio.TestTools.TestTypes.Unit.UnitTestAdapter" className="SysIntgTests_EServer3.ServerPartOwnershipManagerTests" name="WaitForAnyUpdateOrAllExpiration_NonExpiredRecordExists_WaitsUntilRecordIsUpdated_Real" />
    </UnitTest>
    <UnitTest name="WaitForAnyUpdateOrAllExpiration_NonExpiredRecordExists_WaitsUntilRecordIsUpdated_Fake" storage="f:\etwork\bin\tests\sysintgtests.eserver3.dll" id="64d597dc-bd59-2f20-c1a5-a155ce384d4d">
      <Execution id="2718a19d-4c32-40e4-9010-57e0cb4c9a03" />
      <TestMethod codeBase="F:\ETWork\bin\Tests\SysIntgTests.EServer3.dll" adapterTypeName="Microsoft.VisualStudio.TestTools.TestTypes.Unit.UnitTestAdapter" className="SysIntgTests_EServer3.ServerPartOwnershipManagerTests" name="WaitForAnyUpdateOrAllExpiration_NonExpiredRecordExists_WaitsUntilRecordIsUpdated_Fake" />
    </UnitTest>
    <UnitTest name="WaitForAnyUpdateOrAllExpiration_NoRecordUpdated_WaitsUntilAllExpired_Real" storage="f:\etwork\bin\tests\sysintgtests.eserver3.dll" id="64d2cd94-ec6e-1dc7-6f14-6b6d196cda36">
      <Execution id="bfcf3918-dcaf-40aa-a46a-fca8f543168b" />
      <TestMethod codeBase="F:\ETWork\bin\Tests\SysIntgTests.EServer3.dll" adapterTypeName="Microsoft.VisualStudio.TestTools.TestTypes.Unit.UnitTestAdapter" className="SysIntgTests_EServer3.ServerPartOwnershipManagerTests" name="WaitForAnyUpdateOrAllExpiration_NoRecordUpdated_WaitsUntilAllExpired_Real" />
    </UnitTest>
    <UnitTest name="WaitForAnyUpdateOrAllExpiration_NoRecordUpdated_WaitsUntilAllExpired_Fake" storage="f:\etwork\bin\tests\sysintgtests.eserver3.dll" id="17eed239-1047-27cc-7a31-10726dbd3ae2">
      <Execution id="212cb3d5-8e23-491e-ad64-aa82fc007fdb" />
      <TestMethod codeBase="F:\ETWork\bin\Tests\SysIntgTests.EServer3.dll" adapterTypeName="Microsoft.VisualStudio.TestTools.TestTypes.Unit.UnitTestAdapter" className="SysIntgTests_EServer3.ServerPartOwnershipManagerTests" name="WaitForAnyUpdateOrAllExpiration_NoRecordUpdated_WaitsUntilAllExpired_Fake" />
    </UnitTest>
    <UnitTest name="DeactivateAsync_RecordExistsAndBelongsToSameServer_RecordHasExpiredAfterDeactivation_Real" storage="f:\etwork\bin\tests\sysintgtests.eserver3.dll" id="7e4a0ebe-8d4a-0dfa-ddae-5389be4c1f3c">
      <Execution id="63826d26-9106-49e2-beb4-4a6b4f6e2191" />
      <TestMethod codeBase="F:\ETWork\bin\Tests\SysIntgTests.EServer3.dll" adapterTypeName="Microsoft.VisualStudio.TestTools.TestTypes.Unit.UnitTestAdapter" className="SysIntgTests_EServer3.ServerPartOwnershipManagerTests" name="DeactivateAsync_RecordExistsAndBelongsToSameServer_RecordHasExpiredAfterDeactivation_Real" />
    </UnitTest>
    <UnitTest name="DeactivateAsync_RecordExistsAndBelongsToSameServer_RecordHasExpiredAfterDeactivation_Fake" storage="f:\etwork\bin\tests\sysintgtests.eserver3.dll" id="faab2510-64f9-db1f-8ab9-ef9e63937655">
      <Execution id="4b77e2d2-8a7e-46fd-a192-7189190a1b26" />
      <TestMethod codeBase="F:\ETWork\bin\Tests\SysIntgTests.EServer3.dll" adapterTypeName="Microsoft.VisualStudio.TestTools.TestTypes.Unit.UnitTestAdapter" className="SysIntgTests_EServer3.ServerPartOwnershipManagerTests" name="DeactivateAsync_RecordExistsAndBelongsToSameServer_RecordHasExpiredAfterDeactivation_Fake" />
    </UnitTest>
    <UnitTest name="DeactivateAsync_RecordExistsAndBelongsToOtherServer_RecordIsUnaffectedByDeactivation_Real" storage="f:\etwork\bin\tests\sysintgtests.eserver3.dll" id="9dac8d57-5446-708a-9728-be6b481c194a">
      <Execution id="45ad367f-0423-450e-b8a6-6abaa237155e" />
      <TestMethod codeBase="F:\ETWork\bin\Tests\SysIntgTests.EServer3.dll" adapterTypeName="Microsoft.VisualStudio.TestTools.TestTypes.Unit.UnitTestAdapter" className="SysIntgTests_EServer3.ServerPartOwnershipManagerTests" name="DeactivateAsync_RecordExistsAndBelongsToOtherServer_RecordIsUnaffectedByDeactivation_Real" />
    </UnitTest>
    <UnitTest name="DeactivateAsync_RecordExistsAndBelongsToOtherServer_RecordIsUnaffectedByDeactivation_Fake" storage="f:\etwork\bin\tests\sysintgtests.eserver3.dll" id="fc2a5ee3-9206-06c6-95f4-05b91317cdab">
      <Execution id="c1b02dca-36b1-4b8f-be14-6edd2f3e9d5b" />
      <TestMethod codeBase="F:\ETWork\bin\Tests\SysIntgTests.EServer3.dll" adapterTypeName="Microsoft.VisualStudio.TestTools.TestTypes.Unit.UnitTestAdapter" className="SysIntgTests_EServer3.ServerPartOwnershipManagerTests" name="DeactivateAsync_RecordExistsAndBelongsToOtherServer_RecordIsUnaffectedByDeactivation_Fake" />
    </UnitTest>
    <UnitTest name="TryTakeOwnership_NoRecordExists_Succeeds_Real" storage="f:\etwork\bin\tests\sysintgtests.eserver3.dll" id="445d681c-fe72-f826-aaf5-2a22f70773f8">
      <Execution id="879404fc-4bb3-47ab-a5a1-b02e88637d4c" />
      <TestMethod codeBase="F:\ETWork\bin\Tests\SysIntgTests.EServer3.dll" adapterTypeName="Microsoft.VisualStudio.TestTools.TestTypes.Unit.UnitTestAdapter" className="SysIntgTests_EServer3.ServerPartOwnershipManagerTests" name="TryTakeOwnership_NoRecordExists_Succeeds_Real" />
    </UnitTest>
    <UnitTest name="TryTakeOwnership_NoRecordExists_Succeeds_Fake" storage="f:\etwork\bin\tests\sysintgtests.eserver3.dll" id="658e31f5-fcd1-91ab-bd2a-62e0e20ee535">
      <Execution id="fa9d75fd-7c82-44dc-bab2-8897aaabdfaa" />
      <TestMethod codeBase="F:\ETWork\bin\Tests\SysIntgTests.EServer3.dll" adapterTypeName="Microsoft.VisualStudio.TestTools.TestTypes.Unit.UnitTestAdapter" className="SysIntgTests_EServer3.ServerPartOwnershipManagerTests" name="TryTakeOwnership_NoRecordExists_Succeeds_Fake" />
    </UnitTest>
    <UnitTest name="TryTakeOwnership_RecordBelongingToLowerPriorityServer_OnlyFromLowerPrioServerIsTrue_Succeeds_Real" storage="f:\etwork\bin\tests\sysintgtests.eserver3.dll" id="ed8e542f-d78d-8a18-c654-9150193dcdbb">
      <Execution id="8ef14a4c-bc5f-4fa5-b355-7103fe2a976b" />
      <TestMethod codeBase="F:\ETWork\bin\Tests\SysIntgTests.EServer3.dll" adapterTypeName="Microsoft.VisualStudio.TestTools.TestTypes.Unit.UnitTestAdapter" className="SysIntgTests_EServer3.ServerPartOwnershipManagerTests" name="TryTakeOwnership_RecordBelongingToLowerPriorityServer_OnlyFromLowerPrioServerIsTrue_Succeeds_Real" />
    </UnitTest>
    <UnitTest name="TryTakeOwnership_RecordBelongingToLowerPriorityServer_OnlyFromLowerPrioServerIsTrue_Succeeds_Fake" storage="f:\etwork\bin\tests\sysintgtests.eserver3.dll" id="087a18c8-0b21-828f-eedd-4c2d4b91d600">
      <Execution id="38da6bfa-f805-4115-89ee-96f98588475b" />
      <TestMethod codeBase="F:\ETWork\bin\Tests\SysIntgTests.EServer3.dll" adapterTypeName="Microsoft.VisualStudio.TestTools.TestTypes.Unit.UnitTestAdapter" className="SysIntgTests_EServer3.ServerPartOwnershipManagerTests" name="TryTakeOwnership_RecordBelongingToLowerPriorityServer_OnlyFromLowerPrioServerIsTrue_Succeeds_Fake" />
    </UnitTest>
    <UnitTest name="TryTakeOwnership_RecordBelongingToHigherPriorityServer_OnlyFromLowerPrioServerIsTrue_Fails_Real" storage="f:\etwork\bin\tests\sysintgtests.eserver3.dll" id="922bbca2-ada3-1365-4df3-24c1b99d5b2a">
      <Execution id="30e6dcba-eb88-4942-bf79-6f6785fc3ce2" />
      <TestMethod codeBase="F:\ETWork\bin\Tests\SysIntgTests.EServer3.dll" adapterTypeName="Microsoft.VisualStudio.TestTools.TestTypes.Unit.UnitTestAdapter" className="SysIntgTests_EServer3.ServerPartOwnershipManagerTests" name="TryTakeOwnership_RecordBelongingToHigherPriorityServer_OnlyFromLowerPrioServerIsTrue_Fails_Real" />
    </UnitTest>
    <UnitTest name="TryTakeOwnership_RecordBelongingToHigherPriorityServer_OnlyFromLowerPrioServerIsTrue_Fails_Fake" storage="f:\etwork\bin\tests\sysintgtests.eserver3.dll" id="02bcb6b7-d801-b3ec-7da4-2bd9d87acd32">
      <Execution id="ec52ae4d-4273-4e93-9065-00e14c6e6fa6" />
      <TestMethod codeBase="F:\ETWork\bin\Tests\SysIntgTests.EServer3.dll" adapterTypeName="Microsoft.VisualStudio.TestTools.TestTypes.Unit.UnitTestAdapter" className="SysIntgTests_EServer3.ServerPartOwnershipManagerTests" name="TryTakeOwnership_RecordBelongingToHigherPriorityServer_OnlyFromLowerPrioServerIsTrue_Fails_Fake" />
    </UnitTest>
    <UnitTest name="TryTakeOwnership_RecordBelongingToHigherPriorityServer_OnlyFromLowerPrioServerIsFalse_Fails_Real" storage="f:\etwork\bin\tests\sysintgtests.eserver3.dll" id="9afb832d-154e-a64a-5763-7b7decfe9684">
      <Execution id="747f5b71-3411-4c29-9d34-cf616ee7057d" />
      <TestMethod codeBase="F:\ETWork\bin\Tests\SysIntgTests.EServer3.dll" adapterTypeName="Microsoft.VisualStudio.TestTools.TestTypes.Unit.UnitTestAdapter" className="SysIntgTests_EServer3.ServerPartOwnershipManagerTests" name="TryTakeOwnership_RecordBelongingToHigherPriorityServer_OnlyFromLowerPrioServerIsFalse_Fails_Real" />
    </UnitTest>
    <UnitTest name="TryTakeOwnership_RecordBelongingToHigherPriorityServer_OnlyFromLowerPrioServerIsFalse_Fails_Fake" storage="f:\etwork\bin\tests\sysintgtests.eserver3.dll" id="615a2d44-3c9d-fd66-e40b-2bfcac32baaf">
      <Execution id="3dec693c-de05-4e38-89bb-fc136243c769" />
      <TestMethod codeBase="F:\ETWork\bin\Tests\SysIntgTests.EServer3.dll" adapterTypeName="Microsoft.VisualStudio.TestTools.TestTypes.Unit.UnitTestAdapter" className="SysIntgTests_EServer3.ServerPartOwnershipManagerTests" name="TryTakeOwnership_RecordBelongingToHigherPriorityServer_OnlyFromLowerPrioServerIsFalse_Fails_Fake" />
    </UnitTest>
    <UnitTest name="CanActivate_NoPreviousRecord_ReturnsTrue_Real" storage="f:\etwork\bin\tests\sysintgtests.eserver3.dll" id="9c81c5df-06fa-5388-9a5d-671e38d0e925">
      <Execution id="75d1c595-d206-48ab-845d-14f68e9058fc" />
      <TestMethod codeBase="F:\ETWork\bin\Tests\SysIntgTests.EServer3.dll" adapterTypeName="Microsoft.VisualStudio.TestTools.TestTypes.Unit.UnitTestAdapter" className="SysIntgTests_EServer3.ServerPartOwnershipManagerTests" name="CanActivate_NoPreviousRecord_ReturnsTrue_Real" />
    </UnitTest>
    <UnitTest name="CanActivate_NoPreviousRecord_ReturnsTrue_Fake" storage="f:\etwork\bin\tests\sysintgtests.eserver3.dll" id="fe04c794-a6b7-a0b3-97bb-7ebef7a3bc08">
      <Execution id="5319f534-3f8b-4994-b03b-90f95af8e1da" />
      <TestMethod codeBase="F:\ETWork\bin\Tests\SysIntgTests.EServer3.dll" adapterTypeName="Microsoft.VisualStudio.TestTools.TestTypes.Unit.UnitTestAdapter" className="SysIntgTests_EServer3.ServerPartOwnershipManagerTests" name="CanActivate_NoPreviousRecord_ReturnsTrue_Fake" />
    </UnitTest>
    <UnitTest name="CanActivate_RecordFromOtherServerThatExpiredInDatabaseTimeExists_ReturnsTrue_Real" storage="f:\etwork\bin\tests\sysintgtests.eserver3.dll" id="a3c8e5f2-3940-527d-918d-f58228583a68">
      <Execution id="ab33ba52-465d-495c-a1aa-ae5f6a55e974" />
      <TestMethod codeBase="F:\ETWork\bin\Tests\SysIntgTests.EServer3.dll" adapterTypeName="Microsoft.VisualStudio.TestTools.TestTypes.Unit.UnitTestAdapter" className="SysIntgTests_EServer3.ServerPartOwnershipManagerTests" name="CanActivate_RecordFromOtherServerThatExpiredInDatabaseTimeExists_ReturnsTrue_Real" />
    </UnitTest>
    <UnitTest name="CanActivate_RecordFromOtherServerThatExpiredInDatabaseTimeExists_ReturnsTrue_Fake" storage="f:\etwork\bin\tests\sysintgtests.eserver3.dll" id="dcb52540-fc55-07df-1d07-b9b9671bdfad">
      <Execution id="7a1213f4-ef0f-4273-a207-5e160a80c237" />
      <TestMethod codeBase="F:\ETWork\bin\Tests\SysIntgTests.EServer3.dll" adapterTypeName="Microsoft.VisualStudio.TestTools.TestTypes.Unit.UnitTestAdapter" className="SysIntgTests_EServer3.ServerPartOwnershipManagerTests" name="CanActivate_RecordFromOtherServerThatExpiredInDatabaseTimeExists_ReturnsTrue_Fake" />
    </UnitTest>
    <UnitTest name="CanActivate_RecordFromOtherServerThatExpiredInLocalTimeExists_ReturnsTrue_Real" storage="f:\etwork\bin\tests\sysintgtests.eserver3.dll" id="47e487a3-f8d3-f014-fd1a-b91b518cb7d5">
      <Execution id="27846bf7-1237-4052-89e0-ae45ce4beac4" />
      <TestMethod codeBase="F:\ETWork\bin\Tests\SysIntgTests.EServer3.dll" adapterTypeName="Microsoft.VisualStudio.TestTools.TestTypes.Unit.UnitTestAdapter" className="SysIntgTests_EServer3.ServerPartOwnershipManagerTests" name="CanActivate_RecordFromOtherServerThatExpiredInLocalTimeExists_ReturnsTrue_Real" />
    </UnitTest>
    <UnitTest name="CanActivate_RecordFromOtherServerThatExpiredInLocalTimeExists_ReturnsTrue_Fake" storage="f:\etwork\bin\tests\sysintgtests.eserver3.dll" id="f24cf6fd-1c08-825f-66c8-e97c5d52e9ce">
      <Execution id="109d3725-aed9-479a-b3f8-9e7087f7d703" />
      <TestMethod codeBase="F:\ETWork\bin\Tests\SysIntgTests.EServer3.dll" adapterTypeName="Microsoft.VisualStudio.TestTools.TestTypes.Unit.UnitTestAdapter" className="SysIntgTests_EServer3.ServerPartOwnershipManagerTests" name="CanActivate_RecordFromOtherServerThatExpiredInLocalTimeExists_ReturnsTrue_Fake" />
    </UnitTest>
    <UnitTest name="CanActivate_CurrentRecordFromSameServerExists_ReturnsTrue_Real" storage="f:\etwork\bin\tests\sysintgtests.eserver3.dll" id="4eddb771-fdb4-94e9-11af-514eeca216dd">
      <Execution id="c9803503-4824-4ebd-acda-0f91cfe2faab" />
      <TestMethod codeBase="F:\ETWork\bin\Tests\SysIntgTests.EServer3.dll" adapterTypeName="Microsoft.VisualStudio.TestTools.TestTypes.Unit.UnitTestAdapter" className="SysIntgTests_EServer3.ServerPartOwnershipManagerTests" name="CanActivate_CurrentRecordFromSameServerExists_ReturnsTrue_Real" />
    </UnitTest>
    <UnitTest name="CanActivate_CurrentRecordFromSameServerExists_ReturnsTrue_Fake" storage="f:\etwork\bin\tests\sysintgtests.eserver3.dll" id="7e08c605-7da6-0416-c1d4-52fb2e7be6f0">
      <Execution id="f83102a3-5727-4895-a7c5-a6afff149df4" />
      <TestMethod codeBase="F:\ETWork\bin\Tests\SysIntgTests.EServer3.dll" adapterTypeName="Microsoft.VisualStudio.TestTools.TestTypes.Unit.UnitTestAdapter" className="SysIntgTests_EServer3.ServerPartOwnershipManagerTests" name="CanActivate_CurrentRecordFromSameServerExists_ReturnsTrue_Fake" />
    </UnitTest>
    <UnitTest name="CanActivate_CurrentRecordFromOtherServerExists_ReturnsFalse_Real" storage="f:\etwork\bin\tests\sysintgtests.eserver3.dll" id="bd7cc6b5-55ce-e33d-ce8d-7d5d70471c32">
      <Execution id="d8bde832-cd7d-4e84-9cdd-9dac0daae864" />
      <TestMethod codeBase="F:\ETWork\bin\Tests\SysIntgTests.EServer3.dll" adapterTypeName="Microsoft.VisualStudio.TestTools.TestTypes.Unit.UnitTestAdapter" className="SysIntgTests_EServer3.ServerPartOwnershipManagerTests" name="CanActivate_CurrentRecordFromOtherServerExists_ReturnsFalse_Real" />
    </UnitTest>
    <UnitTest name="CanActivate_CurrentRecordFromOtherServerExists_ReturnsFalse_Fake" storage="f:\etwork\bin\tests\sysintgtests.eserver3.dll" id="3b025646-7c26-a879-10c1-0f31a90e01f2">
      <Execution id="96e753a3-bdaa-499f-bccf-7c4f184c5c6c" />
      <TestMethod codeBase="F:\ETWork\bin\Tests\SysIntgTests.EServer3.dll" adapterTypeName="Microsoft.VisualStudio.TestTools.TestTypes.Unit.UnitTestAdapter" className="SysIntgTests_EServer3.ServerPartOwnershipManagerTests" name="CanActivate_CurrentRecordFromOtherServerExists_ReturnsFalse_Fake" />
    </UnitTest>
    <UnitTest name="TryActivate_NoPreviousRecordExists_ReturnsNewCreated_Real" storage="f:\etwork\bin\tests\sysintgtests.eserver3.dll" id="7b334820-470f-73ea-b013-d7f6fbbf720f">
      <Execution id="e1534e0e-8e19-4464-9957-5c52f54e78af" />
      <TestMethod codeBase="F:\ETWork\bin\Tests\SysIntgTests.EServer3.dll" adapterTypeName="Microsoft.VisualStudio.TestTools.TestTypes.Unit.UnitTestAdapter" className="SysIntgTests_EServer3.ServerPartOwnershipManagerTests" name="TryActivate_NoPreviousRecordExists_ReturnsNewCreated_Real" />
    </UnitTest>
    <UnitTest name="TryActivate_NoPreviousRecordExists_ReturnsNewCreated_Fake" storage="f:\etwork\bin\tests\sysintgtests.eserver3.dll" id="0c08b04c-2888-4ed5-942e-61a9f9beb0e8">
      <Execution id="93ce67cf-ca6b-4211-8a38-7ad1ad54a84c" />
      <TestMethod codeBase="F:\ETWork\bin\Tests\SysIntgTests.EServer3.dll" adapterTypeName="Microsoft.VisualStudio.TestTools.TestTypes.Unit.UnitTestAdapter" className="SysIntgTests_EServer3.ServerPartOwnershipManagerTests" name="TryActivate_NoPreviousRecordExists_ReturnsNewCreated_Fake" />
    </UnitTest>
    <UnitTest name="TryActivate_PreviousNonExpiredRecordFromSameServerAndSessionExists_ReturnsUpdated_Real" storage="f:\etwork\bin\tests\sysintgtests.eserver3.dll" id="9fb99cdd-68cd-6b82-bd45-880aa3219117">
      <Execution id="32f191e1-29fe-4f0d-a556-ddaee234660d" />
      <TestMethod codeBase="F:\ETWork\bin\Tests\SysIntgTests.EServer3.dll" adapterTypeName="Microsoft.VisualStudio.TestTools.TestTypes.Unit.UnitTestAdapter" className="SysIntgTests_EServer3.ServerPartOwnershipManagerTests" name="TryActivate_PreviousNonExpiredRecordFromSameServerAndSessionExists_ReturnsUpdated_Real" />
    </UnitTest>
    <UnitTest name="TryActivate_PreviousNonExpiredRecordFromSameServerAndSessionExists_ReturnsUpdated_Fake" storage="f:\etwork\bin\tests\sysintgtests.eserver3.dll" id="65b95302-7315-d7e3-4fe2-bfdd850ef95b">
      <Execution id="62e9033b-255f-417e-a33d-0d2a52d09758" />
      <TestMethod codeBase="F:\ETWork\bin\Tests\SysIntgTests.EServer3.dll" adapterTypeName="Microsoft.VisualStudio.TestTools.TestTypes.Unit.UnitTestAdapter" className="SysIntgTests_EServer3.ServerPartOwnershipManagerTests" name="TryActivate_PreviousNonExpiredRecordFromSameServerAndSessionExists_ReturnsUpdated_Fake" />
    </UnitTest>
    <UnitTest name="TryActivate_PreviousNonExpiredRecordFromSameServerAndDifferentSessionExists_ReturnsCreatedNew_Real" storage="f:\etwork\bin\tests\sysintgtests.eserver3.dll" id="07c4e909-324e-af09-4342-d8a740f69e63">
      <Execution id="677e8c52-ba4a-43ec-b6da-4e77d7465dcd" />
      <TestMethod codeBase="F:\ETWork\bin\Tests\SysIntgTests.EServer3.dll" adapterTypeName="Microsoft.VisualStudio.TestTools.TestTypes.Unit.UnitTestAdapter" className="SysIntgTests_EServer3.ServerPartOwnershipManagerTests" name="TryActivate_PreviousNonExpiredRecordFromSameServerAndDifferentSessionExists_ReturnsCreatedNew_Real" />
    </UnitTest>
    <UnitTest name="TryActivate_PreviousNonExpiredRecordFromSameServerAndDifferentSessionExists_ReturnsCreatedNew_Fake" storage="f:\etwork\bin\tests\sysintgtests.eserver3.dll" id="1fe06997-1f31-1b6a-70d3-62f49b037b5d">
      <Execution id="cb404cea-0afe-4229-a078-f14edf9a2d06" />
      <TestMethod codeBase="F:\ETWork\bin\Tests\SysIntgTests.EServer3.dll" adapterTypeName="Microsoft.VisualStudio.TestTools.TestTypes.Unit.UnitTestAdapter" className="SysIntgTests_EServer3.ServerPartOwnershipManagerTests" name="TryActivate_PreviousNonExpiredRecordFromSameServerAndDifferentSessionExists_ReturnsCreatedNew_Fake" />
    </UnitTest>
    <UnitTest name="TryActivate_PreviousDatabaseExpiredRecordFromDifferentServerAndSameSessionExists_ReturnsUpdated_Real" storage="f:\etwork\bin\tests\sysintgtests.eserver3.dll" id="925f3e1f-1da8-a857-094f-847750116f7a">
      <Execution id="1d5763c2-184c-4ec7-8da1-73a402e6d7ff" />
      <TestMethod codeBase="F:\ETWork\bin\Tests\SysIntgTests.EServer3.dll" adapterTypeName="Microsoft.VisualStudio.TestTools.TestTypes.Unit.UnitTestAdapter" className="SysIntgTests_EServer3.ServerPartOwnershipManagerTests" name="TryActivate_PreviousDatabaseExpiredRecordFromDifferentServerAndSameSessionExists_ReturnsUpdated_Real" />
    </UnitTest>
    <UnitTest name="TryActivate_PreviousDatabaseExpiredRecordFromDifferentServerAndSameSessionExists_ReturnsUpdated_Fake" storage="f:\etwork\bin\tests\sysintgtests.eserver3.dll" id="15be70d7-5a9c-f485-0e21-796067d39afb">
      <Execution id="955e9123-9289-46df-ac4d-0322125693a8" />
      <TestMethod codeBase="F:\ETWork\bin\Tests\SysIntgTests.EServer3.dll" adapterTypeName="Microsoft.VisualStudio.TestTools.TestTypes.Unit.UnitTestAdapter" className="SysIntgTests_EServer3.ServerPartOwnershipManagerTests" name="TryActivate_PreviousDatabaseExpiredRecordFromDifferentServerAndSameSessionExists_ReturnsUpdated_Fake" />
    </UnitTest>
    <UnitTest name="TryActivate_PreviousLocallyExpiredRecordFromDifferentServerAndSameSessionExists_ReturnsUpdated_Real" storage="f:\etwork\bin\tests\sysintgtests.eserver3.dll" id="cf96ec87-3c4b-e11d-ded9-f1807d4f3275">
      <Execution id="1d8e65ea-497b-46e7-a9ad-fab992189bd3" />
      <TestMethod codeBase="F:\ETWork\bin\Tests\SysIntgTests.EServer3.dll" adapterTypeName="Microsoft.VisualStudio.TestTools.TestTypes.Unit.UnitTestAdapter" className="SysIntgTests_EServer3.ServerPartOwnershipManagerTests" name="TryActivate_PreviousLocallyExpiredRecordFromDifferentServerAndSameSessionExists_ReturnsUpdated_Real" />
    </UnitTest>
    <UnitTest name="TryActivate_PreviousLocallyExpiredRecordFromDifferentServerAndSameSessionExists_ReturnsUpdated_Fake" storage="f:\etwork\bin\tests\sysintgtests.eserver3.dll" id="d561fae4-fdbd-565a-abbc-f33968285a1f">
      <Execution id="8acedf8e-dd1c-4826-b03f-5ff19868aa5a" />
      <TestMethod codeBase="F:\ETWork\bin\Tests\SysIntgTests.EServer3.dll" adapterTypeName="Microsoft.VisualStudio.TestTools.TestTypes.Unit.UnitTestAdapter" className="SysIntgTests_EServer3.ServerPartOwnershipManagerTests" name="TryActivate_PreviousLocallyExpiredRecordFromDifferentServerAndSameSessionExists_ReturnsUpdated_Fake" />
    </UnitTest>
    <UnitTest name="TryActivate_PreviousNonExpiredRecordFromDifferentServerAndSameSessionExists_ReturnsRefused_Real" storage="f:\etwork\bin\tests\sysintgtests.eserver3.dll" id="b649e524-28e6-2522-531c-83341a81e887">
      <Execution id="1f03df31-3bde-4884-9c37-e0b6b09b6c19" />
      <TestMethod codeBase="F:\ETWork\bin\Tests\SysIntgTests.EServer3.dll" adapterTypeName="Microsoft.VisualStudio.TestTools.TestTypes.Unit.UnitTestAdapter" className="SysIntgTests_EServer3.ServerPartOwnershipManagerTests" name="TryActivate_PreviousNonExpiredRecordFromDifferentServerAndSameSessionExists_ReturnsRefused_Real" />
    </UnitTest>
    <UnitTest name="TryActivate_PreviousNonExpiredRecordFromDifferentServerAndSameSessionExists_ReturnsRefused_Fake" storage="f:\etwork\bin\tests\sysintgtests.eserver3.dll" id="acab0dc3-dead-d912-744f-8ea62773a806">
      <Execution id="ac1af568-9a35-4891-bab2-6e5ae64e90b8" />
      <TestMethod codeBase="F:\ETWork\bin\Tests\SysIntgTests.EServer3.dll" adapterTypeName="Microsoft.VisualStudio.TestTools.TestTypes.Unit.UnitTestAdapter" className="SysIntgTests_EServer3.ServerPartOwnershipManagerTests" name="TryActivate_PreviousNonExpiredRecordFromDifferentServerAndSameSessionExists_ReturnsRefused_Fake" />
    </UnitTest>
    <UnitTest name="TryActivate_PreviousNonExpiredRecordFromDifferentServerAndDifferentSessionExists_ReturnsRefused_Real" storage="f:\etwork\bin\tests\sysintgtests.eserver3.dll" id="b358493c-7f23-1ad8-c2eb-136e63b84b4f">
      <Execution id="281f5d70-ed0a-4bad-9663-24fbd7cb9d88" />
      <TestMethod codeBase="F:\ETWork\bin\Tests\SysIntgTests.EServer3.dll" adapterTypeName="Microsoft.VisualStudio.TestTools.TestTypes.Unit.UnitTestAdapter" className="SysIntgTests_EServer3.ServerPartOwnershipManagerTests" name="TryActivate_PreviousNonExpiredRecordFromDifferentServerAndDifferentSessionExists_ReturnsRefused_Real" />
    </UnitTest>
    <UnitTest name="TryActivate_PreviousNonExpiredRecordFromDifferentServerAndDifferentSessionExists_ReturnsRefused_Fake" storage="f:\etwork\bin\tests\sysintgtests.eserver3.dll" id="a645b931-8bde-2810-56e6-674fd1fbaa6f">
      <Execution id="aa5db25d-7b76-416b-87d6-786e00026e42" />
      <TestMethod codeBase="F:\ETWork\bin\Tests\SysIntgTests.EServer3.dll" adapterTypeName="Microsoft.VisualStudio.TestTools.TestTypes.Unit.UnitTestAdapter" className="SysIntgTests_EServer3.ServerPartOwnershipManagerTests" name="TryActivate_PreviousNonExpiredRecordFromDifferentServerAndDifferentSessionExists_ReturnsRefused_Fake" />
    </UnitTest>
    <UnitTest name="TryActivate_ConcurrentUpdates_Succeeds_Real" storage="f:\etwork\bin\tests\sysintgtests.eserver3.dll" id="ed7f5959-c03a-ee03-c470-bcf816fff7d8">
      <Execution id="74df14fd-fa1b-4d4f-965e-e8be6d01dc4a" />
      <TestMethod codeBase="F:\ETWork\bin\Tests\SysIntgTests.EServer3.dll" adapterTypeName="Microsoft.VisualStudio.TestTools.TestTypes.Unit.UnitTestAdapter" className="SysIntgTests_EServer3.ServerPartOwnershipManagerTests" name="TryActivate_ConcurrentUpdates_Succeeds_Real" />
    </UnitTest>
    <UnitTest name="TryActivate_ConcurrentUpdates_Succeeds_Fake" storage="f:\etwork\bin\tests\sysintgtests.eserver3.dll" id="eb85d3b4-e549-d351-5d82-7e51a8c45675">
      <Execution id="e4a039b4-22fd-428b-b0ff-651b12161380" />
[...]
      <Execution id="c869a7e1-9a67-40d0-b452-22f288c2f07b" />
      <TestMethod codeBase="F:\ETWork\bin\Tests\SysIntgTests.EServer3.dll" adapterTypeName="Microsoft.VisualStudio.TestTools.TestTypes.Unit.UnitTestAdapter" className="SysIntgTests_EServer3.ServerPartOwnershipManagerTests" name="WaitForUpdate_RecordDoesNotExist_WaitsUntilRecordIsUpdated_Fake" />
    </UnitTest>
    <UnitTest name="WaitForUpdateWithPredicate_RecordExists_WaitsUntilRecordIsUpdated_Real" storage="f:\etwork\bin\tests\sysintgtests.eserver3.dll" id="f702421a-f25f-8685-10e8-21f755d40113">
      <Execution id="af3a5764-1658-44eb-8e3a-6b97e29caf80" />
      <TestMethod codeBase="F:\ETWork\bin\Tests\SysIntgTests.EServer3.dll" adapterTypeName="Microsoft.VisualStudio.TestTools.TestTypes.Unit.UnitTestAdapter" className="SysIntgTests_EServer3.ServerPartOwnershipManagerTests" name="WaitForUpdateWithPredicate_RecordExists_WaitsUntilRecordIsUpdated_Real" />
    </UnitTest>
    <UnitTest name="WaitForUpdateWithPredicate_RecordExists_WaitsUntilRecordIsUpdated_Fake" storage="f:\etwork\bin\tests\sysintgtests.eserver3.dll" id="a0cf6a28-ee60-d12a-45f9-b0af5de8e842">
      <Execution id="571413e4-5434-47e6-b470-6648adeb2ac5" />
      <TestMethod codeBase="F:\ETWork\bin\Tests\SysIntgTests.EServer3.dll" adapterTypeName="Microsoft.VisualStudio.TestTools.TestTypes.Unit.UnitTestAdapter" className="SysIntgTests_EServer3.ServerPartOwnershipManagerTests" name="WaitForUpdateWithPredicate_RecordExists_WaitsUntilRecordIsUpdated_Fake" />
    </UnitTest>
    <UnitTest name="WaitForUpdateWithPredicate_RecordDoesNotExist_WaitsUntilRecordIsUpdated_Real" storage="f:\etwork\bin\tests\sysintgtests.eserver3.dll" id="907464de-8fdc-a7f4-769a-4099e29464c4">
      <Execution id="9a88da51-e167-4918-b3c7-7f442d83acd7" />
      <TestMethod codeBase="F:\ETWork\bin\Tests\SysIntgTests.EServer3.dll" adapterTypeName="Microsoft.VisualStudio.TestTools.TestTypes.Unit.UnitTestAdapter" className="SysIntgTests_EServer3.ServerPartOwnershipManagerTests" name="WaitForUpdateWithPredicate_RecordDoesNotExist_WaitsUntilRecordIsUpdated_Real" />
    </UnitTest>
    <UnitTest name="WaitForUpdateWithPredicate_RecordDoesNotExist_WaitsUntilRecordIsUpdated_Fake" storage="f:\etwork\bin\tests\sysintgtests.eserver3.dll" id="2ff92e7f-935f-2ae6-0315-4d1ded3f853d">
      <Execution id="c6834c34-e7c9-4a03-a8e0-8b493cb9fa23" />
      <TestMethod codeBase="F:\ETWork\bin\Tests\SysIntgTests.EServer3.dll" adapterTypeName="Microsoft.VisualStudio.TestTools.TestTypes.Unit.UnitTestAdapter" className="SysIntgTests_EServer3.ServerPartOwnershipManagerTests" name="WaitForUpdateWithPredicate_RecordDoesNotExist_WaitsUntilRecordIsUpdated_Fake" />
    </UnitTest>
    <UnitTest name="WaitForUpdateOrExpiration_NonExpiredRecordExists_WaitsUntilRecordIsUpdated_Real" storage="f:\etwork\bin\tests\sysintgtests.eserver3.dll" id="70b8b605-4b63-53b5-862e-9af8c5da0db7">
      <Execution id="bd6cd5e2-7648-433f-83d2-3b384e97b1af" />
      <TestMethod codeBase="F:\ETWork\bin\Tests\SysIntgTests.EServer3.dll" adapterTypeName="Microsoft.VisualStudio.TestTools.TestTypes.Unit.UnitTestAdapter" className="SysIntgTests_EServer3.ServerPartOwnershipManagerTests" name="WaitForUpdateOrExpiration_NonExpiredRecordExists_WaitsUntilRecordIsUpdated_Real" />
    </UnitTest>
    <UnitTest name="WaitForUpdateOrExpiration_NonExpiredRecordExists_WaitsUntilRecordIsUpdated_Fake" storage="f:\etwork\bin\tests\sysintgtests.eserver3.dll" id="4e39ff47-1a02-f0f3-6586-738c096fb995">
      <Execution id="890d1bb5-843a-4402-8a5e-e9aecfeaacbe" />
      <TestMethod codeBase="F:\ETWork\bin\Tests\SysIntgTests.EServer3.dll" adapterTypeName="Microsoft.VisualStudio.TestTools.TestTypes.Unit.UnitTestAdapter" className="SysIntgTests_EServer3.ServerPartOwnershipManagerTests" name="WaitForUpdateOrExpiration_NonExpiredRecordExists_WaitsUntilRecordIsUpdated_Fake" />
    </UnitTest>
    <UnitTest name="WaitForUpdateOrExpiration_RecordDoesNotExist_WaitsUntilRecordIsCreated_Real" storage="f:\etwork\bin\tests\sysintgtests.eserver3.dll" id="9c49d9fa-ac4b-f64d-1e30-e535a4b48a93">
      <Execution id="61a96bab-14e0-403f-b445-b9fd48275535" />
      <TestMethod codeBase="F:\ETWork\bin\Tests\SysIntgTests.EServer3.dll" adapterTypeName="Microsoft.VisualStudio.TestTools.TestTypes.Unit.UnitTestAdapter" className="SysIntgTests_EServer3.ServerPartOwnershipManagerTests" name="WaitForUpdateOrExpiration_RecordDoesNotExist_WaitsUntilRecordIsCreated_Real" />
    </UnitTest>
  </TestDefinitions>
  <TestEntries>
    <TestEntry testId="a9d60a22-36b5-6452-4651-da96fa68e22c" executionId="af5e7a82-89e5-48e8-8ae0-a4f982ac9290" testListId="8c84fa94-04c1-424b-9868-57a2d4851a1d" />
    <TestEntry testId="179ad3b3-aa8a-561f-626b-df9ffa321260" executionId="6f324837-7e78-40cb-85e1-68849d6a6b4b" testListId="8c84fa94-04c1-424b-9868-57a2d4851a1d" />
    <TestEntry testId="d90791ca-56db-2e91-7f67-1f8ffb9e89ca" executionId="13060cff-d400-41b5-bc27-6ac8a1c6eb6c" testListId="8c84fa94-04c1-424b-9868-57a2d4851a1d" />
    <TestEntry testId="5b9bfc69-caf2-3667-f37c-ff42658ebd12" executionId="ec7dc726-904b-4b3d-bff8-adab643575f6" testListId="8c84fa94-04c1-424b-9868-57a2d4851a1d" />
    <TestEntry testId="2b967a1f-daa3-a943-44a2-6d06a9f98e1a" executionId="43eea5c5-131d-49ed-b92d-97d92de4c65d" testListId="8c84fa94-04c1-424b-9868-57a2d4851a1d" />
    <TestEntry testId="be9a280a-c46d-fc3a-c429-b15a917ec8c7" executionId="8150b5e4-8e9c-4259-ba5e-b94a57ed7e72" testListId="8c84fa94-04c1-424b-9868-57a2d4851a1d" />
    <TestEntry testId="829ca298-0b6d-e2ca-4b10-59e63bcc2727" executionId="5fdd01c6-8707-43ad-aaf2-2b2d7fb233f8" testListId="8c84fa94-04c1-424b-9868-57a2d4851a1d" />
    <TestEntry testId="cf1ab359-beb0-9d88-0015-4bbb6f846801" executionId="429a8436-919a-4c68-be0c-156210fb0e44" testListId="8c84fa94-04c1-424b-9868-57a2d4851a1d" />
    <TestEntry testId="3d05b4c4-11c1-f62e-7c38-b85f2bdc5082" executionId="7ff21be2-60dd-47b6-980f-9aa0fcde96e9" testListId="8c84fa94-04c1-424b-9868-57a2d4851a1d" />
    <TestEntry testId="be2f3494-99c0-7c06-f75c-d8db8f825be6" executionId="687380bb-8e9a-4e9c-95f3-3cd3bd02823a" testListId="8c84fa94-04c1-424b-9868-57a2d4851a1d" />
    <TestEntry testId="a2ad0936-3bd4-6578-01f5-93a1adb509e7" executionId="31492cf9-ac62-4e5f-a62d-69154c60794f" testListId="8c84fa94-04c1-424b-9868-57a2d4851a1d" />
    <TestEntry testId="23de7d80-0caf-918b-1537-7aaa88f54abe" executionId="d116c385-8de5-4273-b00a-aaa1b7331c60" testListId="8c84fa94-04c1-424b-9868-57a2d4851a1d" />
    <TestEntry testId="0ffaad9d-691c-7273-7ac3-f878ca3321f4" executionId="cc10030b-ab7a-4493-a389-f39f086e5507" testListId="8c84fa94-04c1-424b-9868-57a2d4851a1d" />
    <TestEntry testId="3cf50c6f-04b7-0b20-0966-42b9260a43e9" executionId="8597f999-22d0-4a8d-b64e-f970a2ab43f0" testListId="8c84fa94-04c1-424b-9868-57a2d4851a1d" />
    <TestEntry testId="883ae7ea-78c2-4c81-c4e2-28b2b7de3c46" executionId="451a9e00-a149-4b5d-93d2-f404652e96e4" testListId="8c84fa94-04c1-424b-9868-57a2d4851a1d" />
    <TestEntry testId="fd93b12c-dfe0-1cd8-42ee-3df2ec20c945" executionId="0ec0628b-0260-4682-a06f-5722d9f6d1b8" testListId="8c84fa94-04c1-424b-9868-57a2d4851a1d" />
    <TestEntry testId="64d597dc-bd59-2f20-c1a5-a155ce384d4d" executionId="2718a19d-4c32-40e4-9010-57e0cb4c9a03" testListId="8c84fa94-04c1-424b-9868-57a2d4851a1d" />
    <TestEntry testId="64d2cd94-ec6e-1dc7-6f14-6b6d196cda36" executionId="bfcf3918-dcaf-40aa-a46a-fca8f543168b" testListId="8c84fa94-04c1-424b-9868-57a2d4851a1d" />
    <TestEntry testId="17eed239-1047-27cc-7a31-10726dbd3ae2" executionId="212cb3d5-8e23-491e-ad64-aa82fc007fdb" testListId="8c84fa94-04c1-424b-9868-57a2d4851a1d" />
    <TestEntry testId="7e4a0ebe-8d4a-0dfa-ddae-5389be4c1f3c" executionId="63826d26-9106-49e2-beb4-4a6b4f6e2191" testListId="8c84fa94-04c1-424b-9868-57a2d4851a1d" />
    <TestEntry testId="faab2510-64f9-db1f-8ab9-ef9e63937655" executionId="4b77e2d2-8a7e-46fd-a192-7189190a1b26" testListId="8c84fa94-04c1-424b-9868-57a2d4851a1d" />
    <TestEntry testId="9dac8d57-5446-708a-9728-be6b481c194a" executionId="45ad367f-0423-450e-b8a6-6abaa237155e" testListId="8c84fa94-04c1-424b-9868-57a2d4851a1d" />
    <TestEntry testId="fc2a5ee3-9206-06c6-95f4-05b91317cdab" executionId="c1b02dca-36b1-4b8f-be14-6edd2f3e9d5b" testListId="8c84fa94-04c1-424b-9868-57a2d4851a1d" />
    <TestEntry testId="445d681c-fe72-f826-aaf5-2a22f70773f8" executionId="879404fc-4bb3-47ab-a5a1-b02e88637d4c" testListId="8c84fa94-04c1-424b-9868-57a2d4851a1d" />
    <TestEntry testId="658e31f5-fcd1-91ab-bd2a-62e0e20ee535" executionId="fa9d75fd-7c82-44dc-bab2-8897aaabdfaa" testListId="8c84fa94-04c1-424b-9868-57a2d4851a1d" />
    <TestEntry testId="ed8e542f-d78d-8a18-c654-9150193dcdbb" executionId="8ef14a4c-bc5f-4fa5-b355-7103fe2a976b" testListId="8c84fa94-04c1-424b-9868-57a2d4851a1d" />
    <TestEntry testId="087a18c8-0b21-828f-eedd-4c2d4b91d600" executionId="38da6bfa-f805-4115-89ee-96f98588475b" testListId="8c84fa94-04c1-424b-9868-57a2d4851a1d" />
    <TestEntry testId="922bbca2-ada3-1365-4df3-24c1b99d5b2a" executionId="30e6dcba-eb88-4942-bf79-6f6785fc3ce2" testListId="8c84fa94-04c1-424b-9868-57a2d4851a1d" />
    <TestEntry testId="02bcb6b7-d801-b3ec-7da4-2bd9d87acd32" executionId="ec52ae4d-4273-4e93-9065-00e14c6e6fa6" testListId="8c84fa94-04c1-424b-9868-57a2d4851a1d" />
    <TestEntry testId="9afb832d-154e-a64a-5763-7b7decfe9684" executionId="747f5b71-3411-4c29-9d34-cf616ee7057d" testListId="8c84fa94-04c1-424b-9868-57a2d4851a1d" />
    <TestEntry testId="615a2d44-3c9d-fd66-e40b-2bfcac32baaf" executionId="3dec693c-de05-4e38-89bb-fc136243c769" testListId="8c84fa94-04c1-424b-9868-57a2d4851a1d" />
    <TestEntry testId="9c81c5df-06fa-5388-9a5d-671e38d0e925" executionId="75d1c595-d206-48ab-845d-14f68e9058fc" testListId="8c84fa94-04c1-424b-9868-57a2d4851a1d" />
    <TestEntry testId="fe04c794-a6b7-a0b3-97bb-7ebef7a3bc08" executionId="5319f534-3f8b-4994-b03b-90f95af8e1da" testListId="8c84fa94-04c1-424b-9868-57a2d4851a1d" />
    <TestEntry testId="a3c8e5f2-3940-527d-918d-f58228583a68" executionId="ab33ba52-465d-495c-a1aa-ae5f6a55e974" testListId="8c84fa94-04c1-424b-9868-57a2d4851a1d" />
    <TestEntry testId="dcb52540-fc55-07df-1d07-b9b9671bdfad" executionId="7a1213f4-ef0f-4273-a207-5e160a80c237" testListId="8c84fa94-04c1-424b-9868-57a2d4851a1d" />
    <TestEntry testId="47e487a3-f8d3-f014-fd1a-b91b518cb7d5" executionId="27846bf7-1237-4052-89e0-ae45ce4beac4" testListId="8c84fa94-04c1-424b-9868-57a2d4851a1d" />
    <TestEntry testId="f24cf6fd-1c08-825f-66c8-e97c5d52e9ce" executionId="109d3725-aed9-479a-b3f8-9e7087f7d703" testListId="8c84fa94-04c1-424b-9868-57a2d4851a1d" />
    <TestEntry testId="4eddb771-fdb4-94e9-11af-514eeca216dd" executionId="c9803503-4824-4ebd-acda-0f91cfe2faab" testListId="8c84fa94-04c1-424b-9868-57a2d4851a1d" />
    <TestEntry testId="7e08c605-7da6-0416-c1d4-52fb2e7be6f0" executionId="f83102a3-5727-4895-a7c5-a6afff149df4" testListId="8c84fa94-04c1-424b-9868-57a2d4851a1d" />
    <TestEntry testId="bd7cc6b5-55ce-e33d-ce8d-7d5d70471c32" executionId="d8bde832-cd7d-4e84-9cdd-9dac0daae864" testListId="8c84fa94-04c1-424b-9868-57a2d4851a1d" />
    <TestEntry testId="3b025646-7c26-a879-10c1-0f31a90e01f2" executionId="96e753a3-bdaa-499f-bccf-7c4f184c5c6c" testListId="8c84fa94-04c1-424b-9868-57a2d4851a1d" />
    <TestEntry testId="7b334820-470f-73ea-b013-d7f6fbbf720f" executionId="e1534e0e-8e19-4464-9957-5c52f54e78af" testListId="8c84fa94-04c1-424b-9868-57a2d4851a1d" />
    <TestEntry testId="0c08b04c-2888-4ed5-942e-61a9f9beb0e8" executionId="93ce67cf-ca6b-4211-8a38-7ad1ad54a84c" testListId="8c84fa94-04c1-424b-9868-57a2d4851a1d" />
    <TestEntry testId="9fb99cdd-68cd-6b82-bd45-880aa3219117" executionId="32f191e1-29fe-4f0d-a556-ddaee234660d" testListId="8c84fa94-04c1-424b-9868-57a2d4851a1d" />
    <TestEntry testId="65b95302-7315-d7e3-4fe2-bfdd850ef95b" executionId="62e9033b-255f-417e-a33d-0d2a52d09758" testListId="8c84fa94-04c1-424b-9868-57a2d4851a1d" />
    <TestEntry testId="07c4e909-324e-af09-4342-d8a740f69e63" executionId="677e8c52-ba4a-43ec-b6da-4e77d7465dcd" testListId="8c84fa94-04c1-424b-9868-57a2d4851a1d" />
    <TestEntry testId="1fe06997-1f31-1b6a-70d3-62f49b037b5d" executionId="cb404cea-0afe-4229-a078-f14edf9a2d06" testListId="8c84fa94-04c1-424b-9868-57a2d4851a1d" />
    <TestEntry testId="925f3e1f-1da8-a857-094f-847750116f7a" executionId="1d5763c2-184c-4ec7-8da1-73a402e6d7ff" testListId="8c84fa94-04c1-424b-9868-57a2d4851a1d" />
    <TestEntry testId="15be70d7-5a9c-f485-0e21-796067d39afb" executionId="955e9123-9289-46df-ac4d-0322125693a8" testListId="8c84fa94-04c1-424b-9868-57a2d4851a1d" />
    <TestEntry testId="cf96ec87-3c4b-e11d-ded9-f1807d4f3275" executionId="1d8e65ea-497b-46e7-a9ad-fab992189bd3" testListId="8c84fa94-04c1-424b-9868-57a2d4851a1d" />
    <TestEntry testId="d561fae4-fdbd-565a-abbc-f33968285a1f" executionId="8acedf8e-dd1c-4826-b03f-5ff19868aa5a" testListId="8c84fa94-04c1-424b-9868-57a2d4851a1d" />
    <TestEntry testId="b649e524-28e6-2522-531c-83341a81e887" executionId="1f03df31-3bde-4884-9c37-e0b6b09b6c19" testListId="8c84fa94-04c1-424b-9868-57a2d4851a1d" />
    <TestEntry testId="acab0dc3-dead-d912-744f-8ea62773a806" executionId="ac1af568-9a35-4891-bab2-6e5ae64e90b8" testListId="8c84fa94-04c1-424b-9868-57a2d4851a1d" />
    <TestEntry testId="b358493c-7f23-1ad8-c2eb-136e63b84b4f" executionId="281f5d70-ed0a-4bad-9663-24fbd7cb9d88" testListId="8c84fa94-04c1-424b-9868-57a2d4851a1d" />
    <TestEntry testId="a645b931-8bde-2810-56e6-674fd1fbaa6f" executionId="aa5db25d-7b76-416b-87d6-786e00026e42" testListId="8c84fa94-04c1-424b-9868-57a2d4851a1d" />
    <TestEntry testId="ed7f5959-c03a-ee03-c470-bcf816fff7d8" executionId="74df14fd-fa1b-4d4f-965e-e8be6d01dc4a" testListId="8c84fa94-04c1-424b-9868-57a2d4851a1d" />
    <TestEntry testId="eb85d3b4-e549-d351-5d82-7e51a8c45675" executionId="e4a039b4-22fd-428b-b0ff-651b12161380" testListId="8c84fa94-04c1-424b-9868-57a2d4851a1d" />
    <TestEntry testId="a88d9c16-d1cb-2ff2-9507-4c340254d218" executionId="373d1e3e-c328-4918-9405-895a3eafbcc2" testListId="8c84fa94-04c1-424b-9868-57a2d4851a1d" />
    <TestEntry testId="bd87808d-4788-3a6f-03c1-c359814dcd26" executionId="0ea06454-ff8c-4d1e-b4d8-80932d2ee545" testListId="8c84fa94-04c1-424b-9868-57a2d4851a1d" />
    <TestEntry testId="5dff43b5-03ae-2a94-20c0-be19d07eee37" executionId="412bf5ce-28f8-4c15-8f94-cd34168b7cb3" testListId="8c84fa94-04c1-424b-9868-57a2d4851a1d" />
    <TestEntry testId="f4bfdd3c-7ab2-568c-a947-fedda86161af" executionId="8d1d92f2-0679-45c7-b720-92aef36dde08" testListId="8c84fa94-04c1-424b-9868-57a2d4851a1d" />
    <TestEntry testId="c7165366-3044-eeb8-c145-f9a644684e36" executionId="037e0236-7546-47bc-a0c7-0214a1107a0b" testListId="8c84fa94-04c1-424b-9868-57a2d4851a1d" />
    <TestEntry testId="16090587-8b41-7669-260b-c157c518419b" executionId="c4a11510-d02b-4561-b8cc-bcf261112d43" testListId="8c84fa94-04c1-424b-9868-57a2d4851a1d" />
    <TestEntry testId="838a5e16-49dd-a940-b8af-7db81d7a0224" executionId="5e2bd591-f56b-491b-a677-e1fca6549649" testListId="8c84fa94-04c1-424b-9868-57a2d4851a1d" />
    <TestEntry testId="916c0698-3eb0-6f4c-2ecc-e69fb18b0524" executionId="65150dcc-655f-4523-97b8-60ce39e0bee4" testListId="8c84fa94-04c1-424b-9868-57a2d4851a1d" />
    <TestEntry testId="9cc56f5b-4114-b216-bdd4-391551de7ea6" executionId="7489c820-f61e-4d89-8853-5f4da8c098e6" testListId="8c84fa94-04c1-424b-9868-57a2d4851a1d" />
    <TestEntry testId="00a98ca2-87d3-f4c3-63b7-9a81aee05e21" executionId="1500900c-37fe-484a-ae34-d49b084a8bd5" testListId="8c84fa94-04c1-424b-9868-57a2d4851a1d" />
    <TestEntry testId="9f31543f-ffa9-0f88-16b5-7313266d486e" executionId="39021163-48b2-4a87-bb08-d1cbd40f8931" testListId="8c84fa94-04c1-424b-9868-57a2d4851a1d" />
    <TestEntry testId="0098bab9-a362-73d7-f99d-a51be7e55b54" executionId="19ea9af6-f75d-4a18-9096-23f3c4315739" testListId="8c84fa94-04c1-424b-9868-57a2d4851a1d" />
    <TestEntry testId="2c919ba5-0229-3f38-56b0-08008ac8249e" executionId="afb5b3c1-ecbb-4a17-b1a4-793d4c03c932" testListId="8c84fa94-04c1-424b-9868-57a2d4851a1d" />
    <TestEntry testId="924517b9-6322-c732-3a13-36025f265ec2" executionId="be3da140-7d88-4ebe-8dcb-9f802014db99" testListId="8c84fa94-04c1-424b-9868-57a2d4851a1d" />
    <TestEntry testId="03bf88d1-adf8-ff3a-a310-03eb894961de" executionId="2e42e65b-f37a-4d4b-ac61-6c3611c70b52" testListId="8c84fa94-04c1-424b-9868-57a2d4851a1d" />
    <TestEntry testId="11b4c71b-44be-91d0-574f-9bdc7c34c288" executionId="2fe7c49c-b340-4da3-bc07-c77129b27c02" testListId="8c84fa94-04c1-424b-9868-57a2d4851a1d" />
    <TestEntry testId="ead43685-785c-9ed7-0fb4-346ade3b52be" executionId="6f3cd0c7-a685-4242-82d5-91ed26eb4784" testListId="8c84fa94-04c1-424b-9868-57a2d4851a1d" />
    <TestEntry testId="46837e38-34b7-b675-e4aa-b9024ef8683f" executionId="31a7e199-4d64-4c95-9afe-92d9315fe73f" testListId="8c84fa94-04c1-424b-9868-57a2d4851a1d" />
    <TestEntry testId="ff86169d-cd59-3f96-b649-d50fca207112" executionId="6d9a82a4-c7ab-43f4-83ab-25fbb18fee33" testListId="8c84fa94-04c1-424b-9868-57a2d4851a1d" />
    <TestEntry testId="cfece803-e68f-be33-bf62-8dda7c48f639" executionId="2f41d761-4ff7-4396-8198-acdeae3c1a38" testListId="8c84fa94-04c1-424b-9868-57a2d4851a1d" />
    <TestEntry testId="bf35e048-362b-e6d6-22cf-6f2203cc2f59" executionId="fa3da9e5-8e21-4517-b526-25715bd5f752" testListId="8c84fa94-04c1-424b-9868-57a2d4851a1d" />
    <TestEntry testId="55af442d-ede6-24b2-2873-01be77e488ca" executionId="c869a7e1-9a67-40d0-b452-22f288c2f07b" testListId="8c84fa94-04c1-424b-9868-57a2d4851a1d" />
    <TestEntry testId="f702421a-f25f-8685-10e8-21f755d40113" executionId="af3a5764-1658-44eb-8e3a-6b97e29caf80" testListId="8c84fa94-04c1-424b-9868-57a2d4851a1d" />
    <TestEntry testId="a0cf6a28-ee60-d12a-45f9-b0af5de8e842" executionId="571413e4-5434-47e6-b470-6648adeb2ac5" testListId="8c84fa94-04c1-424b-9868-57a2d4851a1d" />
    <TestEntry testId="907464de-8fdc-a7f4-769a-4099e29464c4" executionId="9a88da51-e167-4918-b3c7-7f442d83acd7" testListId="8c84fa94-04c1-424b-9868-57a2d4851a1d" />
    <TestEntry testId="2ff92e7f-935f-2ae6-0315-4d1ded3f853d" executionId="c6834c34-e7c9-4a03-a8e0-8b493cb9fa23" testListId="8c84fa94-04c1-424b-9868-57a2d4851a1d" />
    <TestEntry testId="70b8b605-4b63-53b5-862e-9af8c5da0db7" executionId="bd6cd5e2-7648-433f-83d2-3b384e97b1af" testListId="8c84fa94-04c1-424b-9868-57a2d4851a1d" />
    <TestEntry testId="4e39ff47-1a02-f0f3-6586-738c096fb995" executionId="890d1bb5-843a-4402-8a5e-e9aecfeaacbe" testListId="8c84fa94-04c1-424b-9868-57a2d4851a1d" />
    <TestEntry testId="9c49d9fa-ac4b-f64d-1e30-e535a4b48a93" executionId="61a96bab-14e0-403f-b445-b9fd48275535" testListId="8c84fa94-04c1-424b-9868-57a2d4851a1d" />
  </TestEntries>
  <TestLists>
    <TestList name="Results Not in a List" id="8c84fa94-04c1-424b-9868-57a2d4851a1d" />
    <TestList name="All Loaded Results" id="19431567-8539-422a-85d7-44ee4e166bda" />
  </TestLists>
  <ResultSummary outcome="Completed">
    <Counters total="86" executed="86" passed="86" failed="0" error="0" timeout="0" aborted="0" inconclusive="0" passedButRunAborted="0" notRunnable="0" notExecuted="0" disconnected="0" warning="0" completed="0" inProgress="0" pending="0" />
    <RunInfos>
      <RunInfo computerName="ICSWS068" outcome="Warning" timestamp="2016-08-04T10:02:51.1170556+02:00">
        <Text>Warning: Test Run deployment issue: The assembly or module 'Microsoft.IdentityModel.Clients.ActiveDirectory' directly or indirectly referenced by the test container 'f:\etwork\bin\tests\sysintgtests.eserver3.dll' was not found.</Text>
      </RunInfo>
      <RunInfo computerName="ICSWS068" outcome="Warning" timestamp="2016-08-04T10:02:51.1200588+02:00">
        <Text>Warning: Test Run deployment issue: The assembly or module 'Microsoft.ServiceBus' directly or indirectly referenced by the test container 'f:\etwork\bin\tests\sysintgtests.eserver3.dll' was not found.</Text>
      </RunInfo>
    </RunInfos>
  </ResultSummary>
</TestRun>